---------------------------------------------------------------
[ 2019-11-30T01:33:03+08:00 ] 5.196.65.85 GET /
[运行时间：0.024551s] [吞吐率：40.73req/s] [内存消耗：471.55kb] [文件加载：129]
[ info ] [ BEHAVIOR ] Run Closure @app_init [ RunTime:0.000058s ]
[ info ] [ CACHE ] INIT File
[ info ] [ BEHAVIOR ] Run \addons\cms\Cms @app_init [ RunTime:0.001036s ]
[ info ] [ BEHAVIOR ] Run Closure @app_init [ RunTime:0.001069s ]
[ info ] [ LANG ] C:\www\thinkphp\lang\zh-cn.php
[ info ] [ ROUTE ] array (
  'type' => 'module',
  'module' => 
  array (
    0 => '',
    1 => NULL,
    2 => NULL,
  ),
)
[ info ] [ HEADER ] array (
  'user-agent' => 'masscan/1.0 (https://github.com/robertdavidgraham/masscan)',
  'accept' => '*/*',
)
[ info ] [ PARAM ] array (
)
[ info ] [ LANG ] C:\www\public/../application/index\lang\zh-cn.php
[ info ] [ BEHAVIOR ] Run app\common\behavior\Common @module_init [ RunTime:0.000844s ]
[ info ] [ BEHAVIOR ] Run \addons\nkeditor\Nkeditor @config_init [ RunTime:0.000346s ]
[ info ] [ LANG ] C:\www\public/../application/index/lang/zh-cn/index.php
[ info ] [ RUN ] app\index\controller\Index->index[ C:\www\application\index\controller\Index.php ]
[ info ] [ VIEW ] C:\www\public/../application/index\view\index\index.html [ array (
  0 => 'user',
  1 => 'site',
  2 => 'config',
) ]
[ info ] [ BEHAVIOR ] Run \addons\cms\Cms @response_send [ RunTime:0.000220s ]
[ info ] [ LOG ] INIT File
---------------------------------------------------------------
[ 2019-11-30T01:54:24+08:00 ] 195.154.164.44 GET /
[运行时间：0.029110s] [吞吐率：34.35req/s] [内存消耗：471.55kb] [文件加载：129]
[ info ] [ BEHAVIOR ] Run Closure @app_init [ RunTime:0.000082s ]
[ info ] [ CACHE ] INIT File
[ info ] [ BEHAVIOR ] Run \addons\cms\Cms @app_init [ RunTime:0.001452s ]
[ info ] [ BEHAVIOR ] Run Closure @app_init [ RunTime:0.001499s ]
[ info ] [ LANG ] C:\www\thinkphp\lang\zh-cn.php
[ info ] [ ROUTE ] array (
  'type' => 'module',
  'module' => 
  array (
    0 => '',
    1 => NULL,
    2 => NULL,
  ),
)
[ info ] [ HEADER ] array (
  'user-agent' => 'masscan/1.0 (https://github.com/robertdavidgraham/masscan)',
  'accept' => '*/*',
)
[ info ] [ PARAM ] array (
)
[ info ] [ LANG ] C:\www\public/../application/index\lang\zh-cn.php
[ info ] [ BEHAVIOR ] Run app\common\behavior\Common @module_init [ RunTime:0.001203s ]
[ info ] [ BEHAVIOR ] Run \addons\nkeditor\Nkeditor @config_init [ RunTime:0.000333s ]
[ info ] [ LANG ] C:\www\public/../application/index/lang/zh-cn/index.php
[ info ] [ RUN ] app\index\controller\Index->index[ C:\www\application\index\controller\Index.php ]
[ info ] [ VIEW ] C:\www\public/../application/index\view\index\index.html [ array (
  0 => 'user',
  1 => 'site',
  2 => 'config',
) ]
[ info ] [ BEHAVIOR ] Run \addons\cms\Cms @response_send [ RunTime:0.000232s ]
[ info ] [ LOG ] INIT File
---------------------------------------------------------------
[ 2019-11-30T02:45:11+08:00 ] 179.99.15.152 GET 114.115.146.220:80/
[运行时间：0.033797s] [吞吐率：29.59req/s] [内存消耗：472.14kb] [文件加载：129]
[ info ] [ BEHAVIOR ] Run Closure @app_init [ RunTime:0.000087s ]
[ info ] [ CACHE ] INIT File
[ info ] [ BEHAVIOR ] Run \addons\cms\Cms @app_init [ RunTime:0.001529s ]
[ info ] [ BEHAVIOR ] Run Closure @app_init [ RunTime:0.001587s ]
[ info ] [ LANG ] C:\www\thinkphp\lang\zh-cn.php
[ info ] [ ROUTE ] array (
  'type' => 'module',
  'module' => 
  array (
    0 => '',
    1 => NULL,
    2 => NULL,
  ),
)
[ info ] [ HEADER ] array (
  'host' => '114.115.146.220:80',
  'user-agent' => 'Mozilla/5.0 (Macintosh; Intel Mac OS X 10_11_6) AppleWebKit/601.7.7 (KHTML, like Gecko) Version/9.1.2 Safari/601.7.7',
  'content-length' => '0',
)
[ info ] [ PARAM ] array (
)
[ info ] [ LANG ] C:\www\public/../application/index\lang\zh-cn.php
[ info ] [ BEHAVIOR ] Run app\common\behavior\Common @module_init [ RunTime:0.001266s ]
[ info ] [ BEHAVIOR ] Run \addons\nkeditor\Nkeditor @config_init [ RunTime:0.000341s ]
[ info ] [ LANG ] C:\www\public/../application/index/lang/zh-cn/index.php
[ info ] [ RUN ] app\index\controller\Index->index[ C:\www\application\index\controller\Index.php ]
[ info ] [ VIEW ] C:\www\public/../application/index\view\index\index.html [ array (
  0 => 'user',
  1 => 'site',
  2 => 'config',
) ]
[ info ] [ BEHAVIOR ] Run \addons\cms\Cms @response_send [ RunTime:0.000231s ]
[ info ] [ LOG ] INIT File
---------------------------------------------------------------
[ 2019-11-30T02:45:46+08:00 ] 74.101.57.63 GET /
[运行时间：0.018978s] [吞吐率：52.69req/s] [内存消耗：470.84kb] [文件加载：129]
[ info ] [ BEHAVIOR ] Run Closure @app_init [ RunTime:0.000058s ]
[ info ] [ CACHE ] INIT File
[ info ] [ BEHAVIOR ] Run \addons\cms\Cms @app_init [ RunTime:0.000801s ]
[ info ] [ BEHAVIOR ] Run Closure @app_init [ RunTime:0.000834s ]
[ info ] [ LANG ] C:\www\thinkphp\lang\zh-cn.php
[ info ] [ ROUTE ] array (
  'type' => 'module',
  'module' => 
  array (
    0 => '',
    1 => NULL,
    2 => NULL,
  ),
)
[ info ] [ HEADER ] array (
)
[ info ] [ PARAM ] array (
)
[ info ] [ LANG ] C:\www\public/../application/index\lang\zh-cn.php
[ info ] [ BEHAVIOR ] Run app\common\behavior\Common @module_init [ RunTime:0.000603s ]
[ info ] [ BEHAVIOR ] Run \addons\nkeditor\Nkeditor @config_init [ RunTime:0.000466s ]
[ info ] [ LANG ] C:\www\public/../application/index/lang/zh-cn/index.php
[ info ] [ RUN ] app\index\controller\Index->index[ C:\www\application\index\controller\Index.php ]
[ info ] [ VIEW ] C:\www\public/../application/index\view\index\index.html [ array (
  0 => 'user',
  1 => 'site',
  2 => 'config',
) ]
[ info ] [ BEHAVIOR ] Run \addons\cms\Cms @response_send [ RunTime:0.000345s ]
[ info ] [ LOG ] INIT File
---------------------------------------------------------------
[ 2019-11-30T02:59:48+08:00 ] 201.1.197.194 GET 114.115.146.220:80/
[运行时间：0.023874s] [吞吐率：41.89req/s] [内存消耗：472.14kb] [文件加载：129]
[ info ] [ BEHAVIOR ] Run Closure @app_init [ RunTime:0.000056s ]
[ info ] [ CACHE ] INIT File
[ info ] [ BEHAVIOR ] Run \addons\cms\Cms @app_init [ RunTime:0.001022s ]
[ info ] [ BEHAVIOR ] Run Closure @app_init [ RunTime:0.001056s ]
[ info ] [ LANG ] C:\www\thinkphp\lang\zh-cn.php
[ info ] [ ROUTE ] array (
  'type' => 'module',
  'module' => 
  array (
    0 => '',
    1 => NULL,
    2 => NULL,
  ),
)
[ info ] [ HEADER ] array (
  'host' => '114.115.146.220:80',
  'user-agent' => 'Mozilla/5.0 (Macintosh; Intel Mac OS X 10_11_6) AppleWebKit/601.7.7 (KHTML, like Gecko) Version/9.1.2 Safari/601.7.7',
  'content-length' => '0',
)
[ info ] [ PARAM ] array (
)
[ info ] [ LANG ] C:\www\public/../application/index\lang\zh-cn.php
[ info ] [ BEHAVIOR ] Run app\common\behavior\Common @module_init [ RunTime:0.000834s ]
[ info ] [ BEHAVIOR ] Run \addons\nkeditor\Nkeditor @config_init [ RunTime:0.000325s ]
[ info ] [ LANG ] C:\www\public/../application/index/lang/zh-cn/index.php
[ info ] [ RUN ] app\index\controller\Index->index[ C:\www\application\index\controller\Index.php ]
[ info ] [ VIEW ] C:\www\public/../application/index\view\index\index.html [ array (
  0 => 'user',
  1 => 'site',
  2 => 'config',
) ]
[ info ] [ BEHAVIOR ] Run \addons\cms\Cms @response_send [ RunTime:0.000218s ]
[ info ] [ LOG ] INIT File
---------------------------------------------------------------
[ 2019-11-30T03:11:34+08:00 ] 51.68.226.118 GET /
[运行时间：0.024335s] [吞吐率：41.09req/s] [内存消耗：471.55kb] [文件加载：129]
[ info ] [ BEHAVIOR ] Run Closure @app_init [ RunTime:0.000058s ]
[ info ] [ CACHE ] INIT File
[ info ] [ BEHAVIOR ] Run \addons\cms\Cms @app_init [ RunTime:0.001028s ]
[ info ] [ BEHAVIOR ] Run Closure @app_init [ RunTime:0.001062s ]
[ info ] [ LANG ] C:\www\thinkphp\lang\zh-cn.php
[ info ] [ ROUTE ] array (
  'type' => 'module',
  'module' => 
  array (
    0 => '',
    1 => NULL,
    2 => NULL,
  ),
)
[ info ] [ HEADER ] array (
  'user-agent' => 'masscan/1.0 (https://github.com/robertdavidgraham/masscan)',
  'accept' => '*/*',
)
[ info ] [ PARAM ] array (
)
[ info ] [ LANG ] C:\www\public/../application/index\lang\zh-cn.php
[ info ] [ BEHAVIOR ] Run app\common\behavior\Common @module_init [ RunTime:0.000860s ]
[ info ] [ BEHAVIOR ] Run \addons\nkeditor\Nkeditor @config_init [ RunTime:0.000340s ]
[ info ] [ LANG ] C:\www\public/../application/index/lang/zh-cn/index.php
[ info ] [ RUN ] app\index\controller\Index->index[ C:\www\application\index\controller\Index.php ]
[ info ] [ VIEW ] C:\www\public/../application/index\view\index\index.html [ array (
  0 => 'user',
  1 => 'site',
  2 => 'config',
) ]
[ info ] [ BEHAVIOR ] Run \addons\cms\Cms @response_send [ RunTime:0.000220s ]
[ info ] [ LOG ] INIT File
---------------------------------------------------------------
[ 2019-11-30T03:15:22+08:00 ] 180.246.212.84 GET /
[运行时间：0.024303s] [吞吐率：41.15req/s] [内存消耗：470.84kb] [文件加载：129]
[ info ] [ BEHAVIOR ] Run Closure @app_init [ RunTime:0.000058s ]
[ info ] [ CACHE ] INIT File
[ info ] [ BEHAVIOR ] Run \addons\cms\Cms @app_init [ RunTime:0.001043s ]
[ info ] [ BEHAVIOR ] Run Closure @app_init [ RunTime:0.001078s ]
[ info ] [ LANG ] C:\www\thinkphp\lang\zh-cn.php
[ info ] [ ROUTE ] array (
  'type' => 'module',
  'module' => 
  array (
    0 => '',
    1 => NULL,
    2 => NULL,
  ),
)
[ info ] [ HEADER ] array (
)
[ info ] [ PARAM ] array (
)
[ info ] [ LANG ] C:\www\public/../application/index\lang\zh-cn.php
[ info ] [ BEHAVIOR ] Run app\common\behavior\Common @module_init [ RunTime:0.000847s ]
[ info ] [ BEHAVIOR ] Run \addons\nkeditor\Nkeditor @config_init [ RunTime:0.000331s ]
[ info ] [ LANG ] C:\www\public/../application/index/lang/zh-cn/index.php
[ info ] [ RUN ] app\index\controller\Index->index[ C:\www\application\index\controller\Index.php ]
[ info ] [ VIEW ] C:\www\public/../application/index\view\index\index.html [ array (
  0 => 'user',
  1 => 'site',
  2 => 'config',
) ]
[ info ] [ BEHAVIOR ] Run \addons\cms\Cms @response_send [ RunTime:0.000223s ]
[ info ] [ LOG ] INIT File
---------------------------------------------------------------
[ 2019-11-30T03:23:39+08:00 ] 138.118.101.131 GET 114.115.146.220:80/
[运行时间：0.024064s] [吞吐率：41.56req/s] [内存消耗：472.14kb] [文件加载：129]
[ info ] [ BEHAVIOR ] Run Closure @app_init [ RunTime:0.000057s ]
[ info ] [ CACHE ] INIT File
[ info ] [ BEHAVIOR ] Run \addons\cms\Cms @app_init [ RunTime:0.001026s ]
[ info ] [ BEHAVIOR ] Run Closure @app_init [ RunTime:0.001062s ]
[ info ] [ LANG ] C:\www\thinkphp\lang\zh-cn.php
[ info ] [ ROUTE ] array (
  'type' => 'module',
  'module' => 
  array (
    0 => '',
    1 => NULL,
    2 => NULL,
  ),
)
[ info ] [ HEADER ] array (
  'host' => '114.115.146.220:80',
  'user-agent' => 'Mozilla/5.0 (Windows NT 10.0; WOW64) AppleWebKit/537.36 (KHTML, like Gecko) Chrome/51.0.2704.103 Safari/537.36',
  'content-length' => '0',
)
[ info ] [ PARAM ] array (
)
[ info ] [ LANG ] C:\www\public/../application/index\lang\zh-cn.php
[ info ] [ BEHAVIOR ] Run app\common\behavior\Common @module_init [ RunTime:0.000836s ]
[ info ] [ BEHAVIOR ] Run \addons\nkeditor\Nkeditor @config_init [ RunTime:0.000499s ]
[ info ] [ LANG ] C:\www\public/../application/index/lang/zh-cn/index.php
[ info ] [ RUN ] app\index\controller\Index->index[ C:\www\application\index\controller\Index.php ]
[ info ] [ VIEW ] C:\www\public/../application/index\view\index\index.html [ array (
  0 => 'user',
  1 => 'site',
  2 => 'config',
) ]
[ info ] [ BEHAVIOR ] Run \addons\cms\Cms @response_send [ RunTime:0.000219s ]
[ info ] [ LOG ] INIT File
---------------------------------------------------------------
[ 2019-11-30T04:12:13+08:00 ] 80.82.70.187 GET www.baidu.comhttp://www.baidu.com/cache/global/img/gs.gif
[运行时间：0.020916s] [吞吐率：47.81req/s] [内存消耗：332.79kb] [文件加载：117]
[ info ] [ BEHAVIOR ] Run Closure @app_init [ RunTime:0.000066s ]
[ info ] [ CACHE ] INIT File
[ info ] [ BEHAVIOR ] Run \addons\cms\Cms @app_init [ RunTime:0.001174s ]
[ info ] [ BEHAVIOR ] Run Closure @app_init [ RunTime:0.001209s ]
[ info ] [ LANG ] C:\www\thinkphp\lang\zh-cn.php
[ info ] [ ROUTE ] array (
  'type' => 'module',
  'module' => 
  array (
    0 => 'cache',
    1 => 'global',
    2 => 'img',
  ),
)
[ info ] [ HEADER ] array (
  'host' => 'www.baidu.com',
  'user-agent' => 'Mozilla',
  'if-modified-since' => 'Thu, 19 Apr 2012 09:51:20 GMT',
)
[ info ] [ PARAM ] array (
)
[ info ] [ BEHAVIOR ] Run \addons\cms\Cms @response_send [ RunTime:0.000214s ]
[ info ] [ LOG ] INIT File
---------------------------------------------------------------
[ 2019-11-30T04:35:55+08:00 ] 177.189.26.80 GET 114.115.146.220:80/
[运行时间：0.026126s] [吞吐率：38.28req/s] [内存消耗：472.14kb] [文件加载：129]
[ info ] [ BEHAVIOR ] Run Closure @app_init [ RunTime:0.000057s ]
[ info ] [ CACHE ] INIT File
[ info ] [ BEHAVIOR ] Run \addons\cms\Cms @app_init [ RunTime:0.001078s ]
[ info ] [ BEHAVIOR ] Run Closure @app_init [ RunTime:0.001113s ]
[ info ] [ LANG ] C:\www\thinkphp\lang\zh-cn.php
[ info ] [ ROUTE ] array (
  'type' => 'module',
  'module' => 
  array (
    0 => '',
    1 => NULL,
    2 => NULL,
  ),
)
[ info ] [ HEADER ] array (
  'host' => '114.115.146.220:80',
  'user-agent' => 'Mozilla/5.0 (Macintosh; Intel Mac OS X 10_11_6) AppleWebKit/601.7.7 (KHTML, like Gecko) Version/9.1.2 Safari/601.7.7',
  'content-length' => '0',
)
[ info ] [ PARAM ] array (
)
[ info ] [ LANG ] C:\www\public/../application/index\lang\zh-cn.php
[ info ] [ BEHAVIOR ] Run app\common\behavior\Common @module_init [ RunTime:0.000911s ]
[ info ] [ BEHAVIOR ] Run \addons\nkeditor\Nkeditor @config_init [ RunTime:0.000342s ]
[ info ] [ LANG ] C:\www\public/../application/index/lang/zh-cn/index.php
[ info ] [ RUN ] app\index\controller\Index->index[ C:\www\application\index\controller\Index.php ]
[ info ] [ VIEW ] C:\www\public/../application/index\view\index\index.html [ array (
  0 => 'user',
  1 => 'site',
  2 => 'config',
) ]
[ info ] [ BEHAVIOR ] Run \addons\cms\Cms @response_send [ RunTime:0.000230s ]
[ info ] [ LOG ] INIT File
---------------------------------------------------------------
[ 2019-11-30T05:04:37+08:00 ] 128.14.134.170 GET 114.115.146.220/
[运行时间：0.025658s] [吞吐率：38.97req/s] [内存消耗：472.32kb] [文件加载：129]
[ info ] [ BEHAVIOR ] Run Closure @app_init [ RunTime:0.000057s ]
[ info ] [ CACHE ] INIT File
[ info ] [ BEHAVIOR ] Run \addons\cms\Cms @app_init [ RunTime:0.001048s ]
[ info ] [ BEHAVIOR ] Run Closure @app_init [ RunTime:0.001081s ]
[ info ] [ LANG ] C:\www\thinkphp\lang\zh-cn.php
[ info ] [ ROUTE ] array (
  'type' => 'module',
  'module' => 
  array (
    0 => '',
    1 => NULL,
    2 => NULL,
  ),
)
[ info ] [ HEADER ] array (
  'host' => '114.115.146.220',
  'user-agent' => 'Mozilla/5.0 (Windows NT 10.0; Win64; x64) AppleWebKit/537.36 (KHTML, like Gecko) Chrome/60.0.3112.113 Safari/537.36',
  'accept' => '*/*',
  'accept-encoding' => 'gzip',
)
[ info ] [ PARAM ] array (
)
[ info ] [ LANG ] C:\www\public/../application/index\lang\zh-cn.php
[ info ] [ BEHAVIOR ] Run app\common\behavior\Common @module_init [ RunTime:0.000863s ]
[ info ] [ BEHAVIOR ] Run \addons\nkeditor\Nkeditor @config_init [ RunTime:0.000323s ]
[ info ] [ LANG ] C:\www\public/../application/index/lang/zh-cn/index.php
[ info ] [ RUN ] app\index\controller\Index->index[ C:\www\application\index\controller\Index.php ]
[ info ] [ VIEW ] C:\www\public/../application/index\view\index\index.html [ array (
  0 => 'user',
  1 => 'site',
  2 => 'config',
) ]
[ info ] [ BEHAVIOR ] Run \addons\cms\Cms @response_send [ RunTime:0.000227s ]
[ info ] [ LOG ] INIT File
---------------------------------------------------------------
[ 2019-11-30T05:14:46+08:00 ] 96.9.87.11 GET 114.115.146.220:80/
[运行时间：0.025177s] [吞吐率：39.72req/s] [内存消耗：472.14kb] [文件加载：129]
[ info ] [ BEHAVIOR ] Run Closure @app_init [ RunTime:0.000058s ]
[ info ] [ CACHE ] INIT File
[ info ] [ BEHAVIOR ] Run \addons\cms\Cms @app_init [ RunTime:0.001051s ]
[ info ] [ BEHAVIOR ] Run Closure @app_init [ RunTime:0.001085s ]
[ info ] [ LANG ] C:\www\thinkphp\lang\zh-cn.php
[ info ] [ ROUTE ] array (
  'type' => 'module',
  'module' => 
  array (
    0 => '',
    1 => NULL,
    2 => NULL,
  ),
)
[ info ] [ HEADER ] array (
  'host' => '114.115.146.220:80',
  'user-agent' => 'Mozilla/5.0 (Windows NT 10.0; WOW64) AppleWebKit/537.36 (KHTML, like Gecko) Chrome/52.0.2743.116 Safari/537.36',
  'content-length' => '0',
)
[ info ] [ PARAM ] array (
)
[ info ] [ LANG ] C:\www\public/../application/index\lang\zh-cn.php
[ info ] [ BEHAVIOR ] Run app\common\behavior\Common @module_init [ RunTime:0.000874s ]
[ info ] [ BEHAVIOR ] Run \addons\nkeditor\Nkeditor @config_init [ RunTime:0.000335s ]
[ info ] [ LANG ] C:\www\public/../application/index/lang/zh-cn/index.php
[ info ] [ RUN ] app\index\controller\Index->index[ C:\www\application\index\controller\Index.php ]
[ info ] [ VIEW ] C:\www\public/../application/index\view\index\index.html [ array (
  0 => 'user',
  1 => 'site',
  2 => 'config',
) ]
[ info ] [ BEHAVIOR ] Run \addons\cms\Cms @response_send [ RunTime:0.000221s ]
[ info ] [ LOG ] INIT File
---------------------------------------------------------------
[ 2019-11-30T05:57:45+08:00 ] 79.189.9.250 GET 114.115.146.220:80/
[运行时间：0.027413s] [吞吐率：36.48req/s] [内存消耗：472.14kb] [文件加载：129]
[ info ] [ BEHAVIOR ] Run Closure @app_init [ RunTime:0.000057s ]
[ info ] [ CACHE ] INIT File
[ info ] [ BEHAVIOR ] Run \addons\cms\Cms @app_init [ RunTime:0.001072s ]
[ info ] [ BEHAVIOR ] Run Closure @app_init [ RunTime:0.001107s ]
[ info ] [ LANG ] C:\www\thinkphp\lang\zh-cn.php
[ info ] [ ROUTE ] array (
  'type' => 'module',
  'module' => 
  array (
    0 => '',
    1 => NULL,
    2 => NULL,
  ),
)
[ info ] [ HEADER ] array (
  'host' => '114.115.146.220:80',
  'user-agent' => 'Mozilla/5.0 (Windows NT 6.1; WOW64) AppleWebKit/537.36 (KHTML, like Gecko) Chrome/52.0.2743.116 Safari/537.36',
  'content-length' => '0',
)
[ info ] [ PARAM ] array (
)
[ info ] [ LANG ] C:\www\public/../application/index\lang\zh-cn.php
[ info ] [ BEHAVIOR ] Run app\common\behavior\Common @module_init [ RunTime:0.000889s ]
[ info ] [ BEHAVIOR ] Run \addons\nkeditor\Nkeditor @config_init [ RunTime:0.000331s ]
[ info ] [ LANG ] C:\www\public/../application/index/lang/zh-cn/index.php
[ info ] [ RUN ] app\index\controller\Index->index[ C:\www\application\index\controller\Index.php ]
[ info ] [ VIEW ] C:\www\public/../application/index\view\index\index.html [ array (
  0 => 'user',
  1 => 'site',
  2 => 'config',
) ]
[ info ] [ BEHAVIOR ] Run \addons\cms\Cms @response_send [ RunTime:0.000221s ]
[ info ] [ LOG ] INIT File
---------------------------------------------------------------
[ 2019-11-30T06:56:45+08:00 ] 54.38.207.237 GET /
[运行时间：0.029360s] [吞吐率：34.06req/s] [内存消耗：471.55kb] [文件加载：129]
[ info ] [ BEHAVIOR ] Run Closure @app_init [ RunTime:0.000057s ]
[ info ] [ CACHE ] INIT File
[ info ] [ BEHAVIOR ] Run \addons\cms\Cms @app_init [ RunTime:0.001097s ]
[ info ] [ BEHAVIOR ] Run Closure @app_init [ RunTime:0.001130s ]
[ info ] [ LANG ] C:\www\thinkphp\lang\zh-cn.php
[ info ] [ ROUTE ] array (
  'type' => 'module',
  'module' => 
  array (
    0 => '',
    1 => NULL,
    2 => NULL,
  ),
)
[ info ] [ HEADER ] array (
  'user-agent' => 'masscan/1.0 (https://github.com/robertdavidgraham/masscan)',
  'accept' => '*/*',
)
[ info ] [ PARAM ] array (
)
[ info ] [ LANG ] C:\www\public/../application/index\lang\zh-cn.php
[ info ] [ BEHAVIOR ] Run app\common\behavior\Common @module_init [ RunTime:0.000892s ]
[ info ] [ BEHAVIOR ] Run \addons\nkeditor\Nkeditor @config_init [ RunTime:0.000549s ]
[ info ] [ LANG ] C:\www\public/../application/index/lang/zh-cn/index.php
[ info ] [ RUN ] app\index\controller\Index->index[ C:\www\application\index\controller\Index.php ]
[ info ] [ VIEW ] C:\www\public/../application/index\view\index\index.html [ array (
  0 => 'user',
  1 => 'site',
  2 => 'config',
) ]
[ info ] [ BEHAVIOR ] Run \addons\cms\Cms @response_send [ RunTime:0.000363s ]
[ info ] [ LOG ] INIT File
---------------------------------------------------------------
[ 2019-11-30T08:10:14+08:00 ] 186.183.184.186 GET 114.115.146.220:80/
[运行时间：0.025133s] [吞吐率：39.79req/s] [内存消耗：472.14kb] [文件加载：129]
[ info ] [ BEHAVIOR ] Run Closure @app_init [ RunTime:0.000056s ]
[ info ] [ CACHE ] INIT File
[ info ] [ BEHAVIOR ] Run \addons\cms\Cms @app_init [ RunTime:0.001083s ]
[ info ] [ BEHAVIOR ] Run Closure @app_init [ RunTime:0.001117s ]
[ info ] [ LANG ] C:\www\thinkphp\lang\zh-cn.php
[ info ] [ ROUTE ] array (
  'type' => 'module',
  'module' => 
  array (
    0 => '',
    1 => NULL,
    2 => NULL,
  ),
)
[ info ] [ HEADER ] array (
  'host' => '114.115.146.220:80',
  'user-agent' => 'Mozilla/5.0 (Windows NT 6.1; WOW64) AppleWebKit/537.36 (KHTML, like Gecko) Chrome/52.0.2743.116 Safari/537.36',
  'content-length' => '0',
)
[ info ] [ PARAM ] array (
)
[ info ] [ LANG ] C:\www\public/../application/index\lang\zh-cn.php
[ info ] [ BEHAVIOR ] Run app\common\behavior\Common @module_init [ RunTime:0.000868s ]
[ info ] [ BEHAVIOR ] Run \addons\nkeditor\Nkeditor @config_init [ RunTime:0.000335s ]
[ info ] [ LANG ] C:\www\public/../application/index/lang/zh-cn/index.php
[ info ] [ RUN ] app\index\controller\Index->index[ C:\www\application\index\controller\Index.php ]
[ info ] [ VIEW ] C:\www\public/../application/index\view\index\index.html [ array (
  0 => 'user',
  1 => 'site',
  2 => 'config',
) ]
[ info ] [ BEHAVIOR ] Run \addons\cms\Cms @response_send [ RunTime:0.000231s ]
[ info ] [ LOG ] INIT File
---------------------------------------------------------------
[ 2019-11-30T09:45:10+08:00 ] 185.172.110.221 GET www.kocuce.com/index.php
[运行时间：0.025545s] [吞吐率：39.15req/s] [内存消耗：471.34kb] [文件加载：129]
[ info ] [ BEHAVIOR ] Run Closure @app_init [ RunTime:0.000067s ]
[ info ] [ CACHE ] INIT File
[ info ] [ BEHAVIOR ] Run \addons\cms\Cms @app_init [ RunTime:0.001131s ]
[ info ] [ BEHAVIOR ] Run Closure @app_init [ RunTime:0.001165s ]
[ info ] [ LANG ] C:\www\thinkphp\lang\zh-cn.php
[ info ] [ ROUTE ] array (
  'type' => 'module',
  'module' => 
  array (
    0 => '',
    1 => NULL,
    2 => NULL,
  ),
)
[ info ] [ HEADER ] array (
  'host' => 'www.kocuce.com',
)
[ info ] [ PARAM ] array (
)
[ info ] [ LANG ] C:\www\public/../application/index\lang\zh-cn.php
[ info ] [ BEHAVIOR ] Run app\common\behavior\Common @module_init [ RunTime:0.000888s ]
[ info ] [ BEHAVIOR ] Run \addons\nkeditor\Nkeditor @config_init [ RunTime:0.000322s ]
[ info ] [ LANG ] C:\www\public/../application/index/lang/zh-cn/index.php
[ info ] [ RUN ] app\index\controller\Index->index[ C:\www\application\index\controller\Index.php ]
[ info ] [ VIEW ] C:\www\public/../application/index\view\index\index.html [ array (
  0 => 'user',
  1 => 'site',
  2 => 'config',
) ]
[ info ] [ BEHAVIOR ] Run \addons\cms\Cms @response_send [ RunTime:0.000294s ]
[ info ] [ LOG ] INIT File
---------------------------------------------------------------
[ 2019-11-30T09:45:26+08:00 ] 196.221.164.169 GET /
[运行时间：0.026929s] [吞吐率：37.13req/s] [内存消耗：470.84kb] [文件加载：129]
[ info ] [ BEHAVIOR ] Run Closure @app_init [ RunTime:0.000059s ]
[ info ] [ CACHE ] INIT File
[ info ] [ BEHAVIOR ] Run \addons\cms\Cms @app_init [ RunTime:0.001029s ]
[ info ] [ BEHAVIOR ] Run Closure @app_init [ RunTime:0.001063s ]
[ info ] [ LANG ] C:\www\thinkphp\lang\zh-cn.php
[ info ] [ ROUTE ] array (
  'type' => 'module',
  'module' => 
  array (
    0 => '',
    1 => NULL,
    2 => NULL,
  ),
)
[ info ] [ HEADER ] array (
)
[ info ] [ PARAM ] array (
)
[ info ] [ LANG ] C:\www\public/../application/index\lang\zh-cn.php
[ info ] [ BEHAVIOR ] Run app\common\behavior\Common @module_init [ RunTime:0.000846s ]
[ info ] [ BEHAVIOR ] Run \addons\nkeditor\Nkeditor @config_init [ RunTime:0.000330s ]
[ info ] [ LANG ] C:\www\public/../application/index/lang/zh-cn/index.php
[ info ] [ RUN ] app\index\controller\Index->index[ C:\www\application\index\controller\Index.php ]
[ info ] [ VIEW ] C:\www\public/../application/index\view\index\index.html [ array (
  0 => 'user',
  1 => 'site',
  2 => 'config',
) ]
[ info ] [ BEHAVIOR ] Run \addons\cms\Cms @response_send [ RunTime:0.000225s ]
[ info ] [ LOG ] INIT File
---------------------------------------------------------------
[ 2019-11-30T11:48:03+08:00 ] 183.129.159.244 GET /
[运行时间：0.025558s] [吞吐率：39.13req/s] [内存消耗：470.84kb] [文件加载：129]
[ info ] [ BEHAVIOR ] Run Closure @app_init [ RunTime:0.000058s ]
[ info ] [ CACHE ] INIT File
[ info ] [ BEHAVIOR ] Run \addons\cms\Cms @app_init [ RunTime:0.001051s ]
[ info ] [ BEHAVIOR ] Run Closure @app_init [ RunTime:0.001085s ]
[ info ] [ LANG ] C:\www\thinkphp\lang\zh-cn.php
[ info ] [ ROUTE ] array (
  'type' => 'module',
  'module' => 
  array (
    0 => '',
    1 => NULL,
    2 => NULL,
  ),
)
[ info ] [ HEADER ] array (
)
[ info ] [ PARAM ] array (
)
[ info ] [ LANG ] C:\www\public/../application/index\lang\zh-cn.php
[ info ] [ BEHAVIOR ] Run app\common\behavior\Common @module_init [ RunTime:0.000876s ]
[ info ] [ BEHAVIOR ] Run \addons\nkeditor\Nkeditor @config_init [ RunTime:0.000324s ]
[ info ] [ LANG ] C:\www\public/../application/index/lang/zh-cn/index.php
[ info ] [ RUN ] app\index\controller\Index->index[ C:\www\application\index\controller\Index.php ]
[ info ] [ VIEW ] C:\www\public/../application/index\view\index\index.html [ array (
  0 => 'user',
  1 => 'site',
  2 => 'config',
) ]
[ info ] [ BEHAVIOR ] Run \addons\cms\Cms @response_send [ RunTime:0.000219s ]
[ info ] [ LOG ] INIT File
---------------------------------------------------------------
[ 2019-11-30T11:48:12+08:00 ] 60.191.20.213 GET /
[运行时间：0.018297s] [吞吐率：54.65req/s] [内存消耗：470.84kb] [文件加载：129]
[ info ] [ BEHAVIOR ] Run Closure @app_init [ RunTime:0.000057s ]
[ info ] [ CACHE ] INIT File
[ info ] [ BEHAVIOR ] Run \addons\cms\Cms @app_init [ RunTime:0.000858s ]
[ info ] [ BEHAVIOR ] Run Closure @app_init [ RunTime:0.000892s ]
[ info ] [ LANG ] C:\www\thinkphp\lang\zh-cn.php
[ info ] [ ROUTE ] array (
  'type' => 'module',
  'module' => 
  array (
    0 => '',
    1 => NULL,
    2 => NULL,
  ),
)
[ info ] [ HEADER ] array (
)
[ info ] [ PARAM ] array (
)
[ info ] [ LANG ] C:\www\public/../application/index\lang\zh-cn.php
[ info ] [ BEHAVIOR ] Run app\common\behavior\Common @module_init [ RunTime:0.000628s ]
[ info ] [ BEHAVIOR ] Run \addons\nkeditor\Nkeditor @config_init [ RunTime:0.000317s ]
[ info ] [ LANG ] C:\www\public/../application/index/lang/zh-cn/index.php
[ info ] [ RUN ] app\index\controller\Index->index[ C:\www\application\index\controller\Index.php ]
[ info ] [ VIEW ] C:\www\public/../application/index\view\index\index.html [ array (
  0 => 'user',
  1 => 'site',
  2 => 'config',
) ]
[ info ] [ BEHAVIOR ] Run \addons\cms\Cms @response_send [ RunTime:0.000253s ]
[ info ] [ LOG ] INIT File
---------------------------------------------------------------
[ 2019-11-30T11:52:34+08:00 ] 122.224.129.237 GET /
[运行时间：0.032575s] [吞吐率：30.70req/s] [内存消耗：470.84kb] [文件加载：129]
[ info ] [ BEHAVIOR ] Run Closure @app_init [ RunTime:0.000076s ]
[ info ] [ CACHE ] INIT File
[ info ] [ BEHAVIOR ] Run \addons\cms\Cms @app_init [ RunTime:0.001428s ]
[ info ] [ BEHAVIOR ] Run Closure @app_init [ RunTime:0.001481s ]
[ info ] [ LANG ] C:\www\thinkphp\lang\zh-cn.php
[ info ] [ ROUTE ] array (
  'type' => 'module',
  'module' => 
  array (
    0 => '',
    1 => NULL,
    2 => NULL,
  ),
)
[ info ] [ HEADER ] array (
)
[ info ] [ PARAM ] array (
)
[ info ] [ LANG ] C:\www\public/../application/index\lang\zh-cn.php
[ info ] [ BEHAVIOR ] Run app\common\behavior\Common @module_init [ RunTime:0.001489s ]
[ info ] [ BEHAVIOR ] Run \addons\nkeditor\Nkeditor @config_init [ RunTime:0.000625s ]
[ info ] [ LANG ] C:\www\public/../application/index/lang/zh-cn/index.php
[ info ] [ RUN ] app\index\controller\Index->index[ C:\www\application\index\controller\Index.php ]
[ info ] [ VIEW ] C:\www\public/../application/index\view\index\index.html [ array (
  0 => 'user',
  1 => 'site',
  2 => 'config',
) ]
[ info ] [ BEHAVIOR ] Run \addons\cms\Cms @response_send [ RunTime:0.000227s ]
[ info ] [ LOG ] INIT File
---------------------------------------------------------------
[ 2019-11-30T11:58:43+08:00 ] 63.34.21.5 GET 114.115.146.220/
[运行时间：0.026105s] [吞吐率：38.31req/s] [内存消耗：472.08kb] [文件加载：129]
[ info ] [ BEHAVIOR ] Run Closure @app_init [ RunTime:0.000057s ]
[ info ] [ CACHE ] INIT File
[ info ] [ BEHAVIOR ] Run \addons\cms\Cms @app_init [ RunTime:0.001681s ]
[ info ] [ BEHAVIOR ] Run Closure @app_init [ RunTime:0.001718s ]
[ info ] [ LANG ] C:\www\thinkphp\lang\zh-cn.php
[ info ] [ ROUTE ] array (
  'type' => 'module',
  'module' => 
  array (
    0 => '',
    1 => NULL,
    2 => NULL,
  ),
)
[ info ] [ HEADER ] array (
  'host' => '114.115.146.220',
  'connection' => 'Keep-Alive',
  'user-agent' => 'Apache-HttpClient/4.5.1 (Java/1.8.0_192)',
  'accept-encoding' => 'gzip,deflate',
)
[ info ] [ PARAM ] array (
)
[ info ] [ LANG ] C:\www\public/../application/index\lang\zh-cn.php
[ info ] [ BEHAVIOR ] Run app\common\behavior\Common @module_init [ RunTime:0.000874s ]
[ info ] [ BEHAVIOR ] Run \addons\nkeditor\Nkeditor @config_init [ RunTime:0.000351s ]
[ info ] [ LANG ] C:\www\public/../application/index/lang/zh-cn/index.php
[ info ] [ RUN ] app\index\controller\Index->index[ C:\www\application\index\controller\Index.php ]
[ info ] [ VIEW ] C:\www\public/../application/index\view\index\index.html [ array (
  0 => 'user',
  1 => 'site',
  2 => 'config',
) ]
[ info ] [ BEHAVIOR ] Run \addons\cms\Cms @response_send [ RunTime:0.000221s ]
[ info ] [ LOG ] INIT File
---------------------------------------------------------------
[ 2019-11-30T11:58:45+08:00 ] 63.34.21.5 GET 114.115.146.220/
[运行时间：0.018154s] [吞吐率：55.08req/s] [内存消耗：472.07kb] [文件加载：129]
[ info ] [ BEHAVIOR ] Run Closure @app_init [ RunTime:0.000058s ]
[ info ] [ CACHE ] INIT File
[ info ] [ BEHAVIOR ] Run \addons\cms\Cms @app_init [ RunTime:0.000978s ]
[ info ] [ BEHAVIOR ] Run Closure @app_init [ RunTime:0.001013s ]
[ info ] [ LANG ] C:\www\thinkphp\lang\zh-cn.php
[ info ] [ ROUTE ] array (
  'type' => 'module',
  'module' => 
  array (
    0 => '',
    1 => NULL,
    2 => NULL,
  ),
)
[ info ] [ HEADER ] array (
  'user-agent' => 'Java/1.8.0_192',
  'host' => '114.115.146.220',
  'accept' => 'text/html, image/gif, image/jpeg, *; q=.2, */*; q=.2',
  'connection' => 'keep-alive',
)
[ info ] [ PARAM ] array (
)
[ info ] [ LANG ] C:\www\public/../application/index\lang\zh-cn.php
[ info ] [ BEHAVIOR ] Run app\common\behavior\Common @module_init [ RunTime:0.000795s ]
[ info ] [ BEHAVIOR ] Run \addons\nkeditor\Nkeditor @config_init [ RunTime:0.000333s ]
[ info ] [ LANG ] C:\www\public/../application/index/lang/zh-cn/index.php
[ info ] [ RUN ] app\index\controller\Index->index[ C:\www\application\index\controller\Index.php ]
[ info ] [ VIEW ] C:\www\public/../application/index\view\index\index.html [ array (
  0 => 'user',
  1 => 'site',
  2 => 'config',
) ]
[ info ] [ BEHAVIOR ] Run \addons\cms\Cms @response_send [ RunTime:0.000222s ]
[ info ] [ LOG ] INIT File
---------------------------------------------------------------
[ 2019-11-30T12:21:45+08:00 ] 51.38.57.199 GET /
[运行时间：0.025078s] [吞吐率：39.88req/s] [内存消耗：471.55kb] [文件加载：129]
[ info ] [ BEHAVIOR ] Run Closure @app_init [ RunTime:0.000055s ]
[ info ] [ CACHE ] INIT File
[ info ] [ BEHAVIOR ] Run \addons\cms\Cms @app_init [ RunTime:0.001078s ]
[ info ] [ BEHAVIOR ] Run Closure @app_init [ RunTime:0.001112s ]
[ info ] [ LANG ] C:\www\thinkphp\lang\zh-cn.php
[ info ] [ ROUTE ] array (
  'type' => 'module',
  'module' => 
  array (
    0 => '',
    1 => NULL,
    2 => NULL,
  ),
)
[ info ] [ HEADER ] array (
  'user-agent' => 'masscan/1.0 (https://github.com/robertdavidgraham/masscan)',
  'accept' => '*/*',
)
[ info ] [ PARAM ] array (
)
[ info ] [ LANG ] C:\www\public/../application/index\lang\zh-cn.php
[ info ] [ BEHAVIOR ] Run app\common\behavior\Common @module_init [ RunTime:0.000873s ]
[ info ] [ BEHAVIOR ] Run \addons\nkeditor\Nkeditor @config_init [ RunTime:0.000328s ]
[ info ] [ LANG ] C:\www\public/../application/index/lang/zh-cn/index.php
[ info ] [ RUN ] app\index\controller\Index->index[ C:\www\application\index\controller\Index.php ]
[ info ] [ VIEW ] C:\www\public/../application/index\view\index\index.html [ array (
  0 => 'user',
  1 => 'site',
  2 => 'config',
) ]
[ info ] [ BEHAVIOR ] Run \addons\cms\Cms @response_send [ RunTime:0.000221s ]
[ info ] [ LOG ] INIT File
---------------------------------------------------------------
[ 2019-11-30T13:58:50+08:00 ] 80.82.70.187 GET www.baidu.comhttp://www.baidu.com/cache/global/img/gs.gif
[运行时间：0.019588s] [吞吐率：51.05req/s] [内存消耗：332.79kb] [文件加载：117]
[ info ] [ BEHAVIOR ] Run Closure @app_init [ RunTime:0.000056s ]
[ info ] [ CACHE ] INIT File
[ info ] [ BEHAVIOR ] Run \addons\cms\Cms @app_init [ RunTime:0.001069s ]
[ info ] [ BEHAVIOR ] Run Closure @app_init [ RunTime:0.001103s ]
[ info ] [ LANG ] C:\www\thinkphp\lang\zh-cn.php
[ info ] [ ROUTE ] array (
  'type' => 'module',
  'module' => 
  array (
    0 => 'cache',
    1 => 'global',
    2 => 'img',
  ),
)
[ info ] [ HEADER ] array (
  'host' => 'www.baidu.com',
  'user-agent' => 'Mozilla',
  'if-modified-since' => 'Thu, 19 Apr 2012 09:51:20 GMT',
)
[ info ] [ PARAM ] array (
)
[ info ] [ BEHAVIOR ] Run \addons\cms\Cms @response_send [ RunTime:0.000212s ]
[ info ] [ LOG ] INIT File
---------------------------------------------------------------
[ 2019-11-30T14:34:55+08:00 ] 101.251.242.238 GET 114.115.146.220:80/
[运行时间：0.025913s] [吞吐率：38.59req/s] [内存消耗：472.73kb] [文件加载：129]
[ info ] [ BEHAVIOR ] Run Closure @app_init [ RunTime:0.000058s ]
[ info ] [ CACHE ] INIT File
[ info ] [ BEHAVIOR ] Run \addons\cms\Cms @app_init [ RunTime:0.001251s ]
[ info ] [ BEHAVIOR ] Run Closure @app_init [ RunTime:0.001285s ]
[ info ] [ LANG ] C:\www\thinkphp\lang\zh-cn.php
[ info ] [ ROUTE ] array (
  'type' => 'module',
  'module' => 
  array (
    0 => '',
    1 => NULL,
    2 => NULL,
  ),
)
[ info ] [ HEADER ] array (
  'host' => '114.115.146.220:80',
  'user-agent' => 'Mozilla/5.0 (Windows NT 6.1; WOW64; rv:52.0) Gecko/20100101 Firefox/52.0',
  'accept-encoding' => 'gzip, deflate, br',
  'accept-language' => 'zh-CN,zh;q=0.8,en-US;q=0.5,en;q=0.3',
  'accept-charset' => 'GBK,utf-8;q=0.7,*;q=0.3',
  'accept' => 'application/json, text/plain, */*',
)
[ info ] [ PARAM ] array (
)
[ info ] [ LANG ] C:\www\public/../application/index\lang\zh-cn.php
[ info ] [ BEHAVIOR ] Run app\common\behavior\Common @module_init [ RunTime:0.000893s ]
[ info ] [ BEHAVIOR ] Run \addons\nkeditor\Nkeditor @config_init [ RunTime:0.000341s ]
[ info ] [ LANG ] C:\www\public/../application/index/lang/zh-cn/index.php
[ info ] [ RUN ] app\index\controller\Index->index[ C:\www\application\index\controller\Index.php ]
[ info ] [ VIEW ] C:\www\public/../application/index\view\index\index.html [ array (
  0 => 'user',
  1 => 'site',
  2 => 'config',
) ]
[ info ] [ BEHAVIOR ] Run \addons\cms\Cms @response_send [ RunTime:0.000241s ]
[ info ] [ LOG ] INIT File
---------------------------------------------------------------
[ 2019-11-30T14:43:04+08:00 ] 177.67.94.76 GET 114.115.146.220:80/
[运行时间：0.024745s] [吞吐率：40.41req/s] [内存消耗：472.14kb] [文件加载：129]
[ info ] [ BEHAVIOR ] Run Closure @app_init [ RunTime:0.000057s ]
[ info ] [ CACHE ] INIT File
[ info ] [ BEHAVIOR ] Run \addons\cms\Cms @app_init [ RunTime:0.001064s ]
[ info ] [ BEHAVIOR ] Run Closure @app_init [ RunTime:0.001098s ]
[ info ] [ LANG ] C:\www\thinkphp\lang\zh-cn.php
[ info ] [ ROUTE ] array (
  'type' => 'module',
  'module' => 
  array (
    0 => '',
    1 => NULL,
    2 => NULL,
  ),
)
[ info ] [ HEADER ] array (
  'host' => '114.115.146.220:80',
  'user-agent' => 'Mozilla/5.0 (Macintosh; Intel Mac OS X 10_11_6) AppleWebKit/601.7.7 (KHTML, like Gecko) Version/9.1.2 Safari/601.7.7',
  'content-length' => '0',
)
[ info ] [ PARAM ] array (
)
[ info ] [ LANG ] C:\www\public/../application/index\lang\zh-cn.php
[ info ] [ BEHAVIOR ] Run app\common\behavior\Common @module_init [ RunTime:0.000875s ]
[ info ] [ BEHAVIOR ] Run \addons\nkeditor\Nkeditor @config_init [ RunTime:0.000328s ]
[ info ] [ LANG ] C:\www\public/../application/index/lang/zh-cn/index.php
[ info ] [ RUN ] app\index\controller\Index->index[ C:\www\application\index\controller\Index.php ]
[ info ] [ VIEW ] C:\www\public/../application/index\view\index\index.html [ array (
  0 => 'user',
  1 => 'site',
  2 => 'config',
) ]
[ info ] [ BEHAVIOR ] Run \addons\cms\Cms @response_send [ RunTime:0.000220s ]
[ info ] [ LOG ] INIT File
---------------------------------------------------------------
[ 2019-11-30T16:01:39+08:00 ] 119.85.108.105 GET 114.115.146.220/admin/index/login?url=%2Fadmin
[运行时间：0.030643s] [吞吐率：32.63req/s] [内存消耗：497.20kb] [文件加载：135]
[ info ] [ BEHAVIOR ] Run Closure @app_init [ RunTime:0.000077s ]
[ info ] [ CACHE ] INIT File
[ info ] [ BEHAVIOR ] Run \addons\cms\Cms @app_init [ RunTime:0.001295s ]
[ info ] [ BEHAVIOR ] Run Closure @app_init [ RunTime:0.001330s ]
[ info ] [ LANG ] C:\www\thinkphp\lang\zh-cn.php
[ info ] [ ROUTE ] array (
  'type' => 'module',
  'module' => 
  array (
    0 => 'admin',
    1 => 'index',
    2 => 'login',
  ),
)
[ info ] [ HEADER ] array (
  'host' => '114.115.146.220',
  'connection' => 'keep-alive',
  'upgrade-insecure-requests' => '1',
  'user-agent' => 'Mozilla/5.0 (Windows NT 10.0; Win64; x64) AppleWebKit/537.36 (KHTML, like Gecko) Chrome/78.0.3904.108 Safari/537.36',
  'accept' => 'text/html,application/xhtml+xml,application/xml;q=0.9,image/webp,image/apng,*/*;q=0.8,application/signed-exchange;v=b3',
  'accept-encoding' => 'gzip, deflate',
  'accept-language' => 'zh-CN,zh;q=0.9',
  'cookie' => 'Hm_lvt_f8d0a8c400404989e195270b0bbf060a=1568086374',
)
[ info ] [ PARAM ] array (
  'url' => '/admin',
)
[ info ] [ LANG ] C:\www\public/../application/admin\lang\zh-cn.php
[ info ] [ BEHAVIOR ] Run app\common\behavior\Common @module_init [ RunTime:0.001015s ]
[ info ] [ SESSION ] INIT array (
  'id' => '',
  'var_session_id' => '',
  'prefix' => 'think',
  'type' => '',
  'auto_start' => true,
)
[ info ] [ BEHAVIOR ] Run \addons\nkeditor\Nkeditor @config_init [ RunTime:0.000538s ]
[ info ] [ LANG ] C:\www\public/../application/admin/lang/zh-cn/index.php
[ info ] [ RUN ] app\admin\controller\Index->login[ C:\www\application\admin\controller\Index.php ]
[ info ] [ VIEW ] C:\www\public/../application/admin\view\index\login.html [ array (
  0 => 'breadcrumb',
  1 => 'site',
  2 => 'config',
  3 => 'auth',
  4 => 'admin',
  5 => 'background',
  6 => 'title',
) ]
[ info ] [ BEHAVIOR ] Run app\admin\behavior\AdminLog @app_end [ RunTime:0.000344s ]
[ info ] [ BEHAVIOR ] Run \addons\cms\Cms @response_send [ RunTime:0.000216s ]
[ info ] [ LOG ] INIT File
---------------------------------------------------------------
[ 2019-11-30T16:01:39+08:00 ] 119.85.108.105 GET 114.115.146.220/index.php?s=/captcha
[运行时间：0.015782s] [吞吐率：63.36req/s] [内存消耗：354.09kb] [文件加载：116]
[ info ] [ BEHAVIOR ] Run Closure @app_init [ RunTime:0.000057s ]
[ info ] [ CACHE ] INIT File
[ info ] [ BEHAVIOR ] Run \addons\cms\Cms @app_init [ RunTime:0.000966s ]
[ info ] [ BEHAVIOR ] Run Closure @app_init [ RunTime:0.001000s ]
[ info ] [ LANG ] C:\www\thinkphp\lang\zh-cn.php
[ info ] [ ROUTE ] array (
  'type' => 'method',
  'method' => 
  array (
    0 => '\\think\\captcha\\CaptchaController',
    1 => 'index',
  ),
  'var' => 
  array (
  ),
)
[ info ] [ HEADER ] array (
  'host' => '114.115.146.220',
  'connection' => 'keep-alive',
  'user-agent' => 'Mozilla/5.0 (Windows NT 10.0; Win64; x64) AppleWebKit/537.36 (KHTML, like Gecko) Chrome/78.0.3904.108 Safari/537.36',
  'accept' => 'image/webp,image/apng,image/*,*/*;q=0.8',
  'referer' => 'http://114.115.146.220/admin/index/login?url=%2Fadmin',
  'accept-encoding' => 'gzip, deflate',
  'accept-language' => 'zh-CN,zh;q=0.9',
  'cookie' => 'Hm_lvt_f8d0a8c400404989e195270b0bbf060a=1568086374; PHPSESSID=4vs46os1on057l50ag0nfcp2l0',
)
[ info ] [ PARAM ] array (
  'id' => NULL,
)
[ info ] [ RUN ] think\captcha\CaptchaController->index[ C:\www\vendor\topthink\think-captcha\src\CaptchaController.php ]
[ info ] [ SESSION ] INIT array (
  'id' => '',
  'var_session_id' => '',
  'prefix' => 'think',
  'type' => '',
  'auto_start' => true,
)
[ info ] [ BEHAVIOR ] Run \addons\cms\Cms @response_send [ RunTime:0.000221s ]
[ info ] [ LOG ] INIT File
---------------------------------------------------------------
[ 2019-11-30T16:10:39+08:00 ] 104.248.63.201 GET /
[运行时间：0.025305s] [吞吐率：39.52req/s] [内存消耗：471.55kb] [文件加载：129]
[ info ] [ BEHAVIOR ] Run Closure @app_init [ RunTime:0.000059s ]
[ info ] [ CACHE ] INIT File
[ info ] [ BEHAVIOR ] Run \addons\cms\Cms @app_init [ RunTime:0.001152s ]
[ info ] [ BEHAVIOR ] Run Closure @app_init [ RunTime:0.001187s ]
[ info ] [ LANG ] C:\www\thinkphp\lang\zh-cn.php
[ info ] [ ROUTE ] array (
  'type' => 'module',
  'module' => 
  array (
    0 => '',
    1 => NULL,
    2 => NULL,
  ),
)
[ info ] [ HEADER ] array (
  'user-agent' => 'masscan/1.0 (https://github.com/robertdavidgraham/masscan)',
  'accept' => '*/*',
)
[ info ] [ PARAM ] array (
)
[ info ] [ LANG ] C:\www\public/../application/index\lang\zh-cn.php
[ info ] [ BEHAVIOR ] Run app\common\behavior\Common @module_init [ RunTime:0.000930s ]
[ info ] [ BEHAVIOR ] Run \addons\nkeditor\Nkeditor @config_init [ RunTime:0.000325s ]
[ info ] [ LANG ] C:\www\public/../application/index/lang/zh-cn/index.php
[ info ] [ RUN ] app\index\controller\Index->index[ C:\www\application\index\controller\Index.php ]
[ info ] [ VIEW ] C:\www\public/../application/index\view\index\index.html [ array (
  0 => 'user',
  1 => 'site',
  2 => 'config',
) ]
[ info ] [ BEHAVIOR ] Run \addons\cms\Cms @response_send [ RunTime:0.000232s ]
[ info ] [ LOG ] INIT File
---------------------------------------------------------------
[ 2019-11-30T18:43:18+08:00 ] 171.118.226.172 HEAD 123.125.114.144http://123.125.114.144/
[运行时间：0.026666s] [吞吐率：37.50req/s] [内存消耗：474.04kb] [文件加载：129]
[ info ] [ BEHAVIOR ] Run Closure @app_init [ RunTime:0.000060s ]
[ info ] [ CACHE ] INIT File
[ info ] [ BEHAVIOR ] Run \addons\cms\Cms @app_init [ RunTime:0.001016s ]
[ info ] [ BEHAVIOR ] Run Closure @app_init [ RunTime:0.001050s ]
[ info ] [ LANG ] C:\www\thinkphp\lang\zh-cn.php
[ info ] [ ROUTE ] array (
  'type' => 'module',
  'module' => 
  array (
    0 => '',
    1 => NULL,
    2 => NULL,
  ),
)
[ info ] [ HEADER ] array (
  'host' => '123.125.114.144',
  'proxy-authorization' => 'Basic Og==',
  'proxy-connection' => 'Keep-Alive',
  'cache-control' => 'max-age=0',
  'accept' => 'text/html,application/xhtml+xml,application/xml;q=0.9,image/webp,*/*;q=0.8',
  'accept-encoding' => 'gzip, deflate, sdch',
  'user-agent' => 'Mozilla/5.01688858 Mozilla/5.0 (Windows NT 6.1; Win64; x64) AppleWebKit/537.36 (KHTML, like Gecko) Chrome/62.0.3202.75 Safari/537.36',
  'accept-language' => 'zh-CN,zh;q=0.8',
  'connection' => 'keep-alive',
)
[ info ] [ PARAM ] array (
)
[ info ] [ LANG ] C:\www\public/../application/index\lang\zh-cn.php
[ info ] [ BEHAVIOR ] Run app\common\behavior\Common @module_init [ RunTime:0.000886s ]
[ info ] [ BEHAVIOR ] Run \addons\nkeditor\Nkeditor @config_init [ RunTime:0.000522s ]
[ info ] [ LANG ] C:\www\public/../application/index/lang/zh-cn/index.php
[ info ] [ RUN ] app\index\controller\Index->index[ C:\www\application\index\controller\Index.php ]
[ info ] [ VIEW ] C:\www\public/../application/index\view\index\index.html [ array (
  0 => 'user',
  1 => 'site',
  2 => 'config',
) ]
[ info ] [ BEHAVIOR ] Run \addons\cms\Cms @response_send [ RunTime:0.000229s ]
[ info ] [ LOG ] INIT File
---------------------------------------------------------------
[ 2019-11-30T18:43:34+08:00 ] 58.48.129.173 CONNECT www.baidu.com:443www.baidu.com:443
[运行时间：0.017258s] [吞吐率：57.94req/s] [内存消耗：471.58kb] [文件加载：129]
[ info ] [ BEHAVIOR ] Run Closure @app_init [ RunTime:0.000066s ]
[ info ] [ CACHE ] INIT File
[ info ] [ BEHAVIOR ] Run \addons\cms\Cms @app_init [ RunTime:0.000776s ]
[ info ] [ BEHAVIOR ] Run Closure @app_init [ RunTime:0.000825s ]
[ info ] [ LANG ] C:\www\thinkphp\lang\zh-cn.php
[ info ] [ ROUTE ] array (
  'type' => 'module',
  'module' => 
  array (
    0 => '',
    1 => NULL,
    2 => NULL,
  ),
)
[ info ] [ HEADER ] array (
  'host' => 'www.baidu.com:443',
  'proxy-authorization' => 'Basic Og==',
  'user-agent' => 'PycURL/7.43.0 libcurl/7.47.0 GnuTLS/3.4.10 zlib/1.2.8 libidn/1.32 librtmp/2.3',
  'proxy-connection' => 'Keep-Alive',
)
[ info ] [ PARAM ] array (
)
[ info ] [ LANG ] C:\www\public/../application/index\lang\zh-cn.php
[ info ] [ BEHAVIOR ] Run app\common\behavior\Common @module_init [ RunTime:0.000604s ]
[ info ] [ BEHAVIOR ] Run \addons\nkeditor\Nkeditor @config_init [ RunTime:0.000345s ]
[ info ] [ LANG ] C:\www\public/../application/index/lang/zh-cn/index.php
[ info ] [ RUN ] app\index\controller\Index->index[ C:\www\application\index\controller\Index.php ]
[ info ] [ VIEW ] C:\www\public/../application/index\view\index\index.html [ array (
  0 => 'user',
  1 => 'site',
  2 => 'config',
) ]
[ info ] [ BEHAVIOR ] Run \addons\cms\Cms @response_send [ RunTime:0.000221s ]
[ info ] [ LOG ] INIT File
---------------------------------------------------------------
[ 2019-11-30T18:43:36+08:00 ] 182.138.163.151 CONNECT cn.bing.com:443cn.bing.com:443
[运行时间：0.019840s] [吞吐率：50.40req/s] [内存消耗：471.57kb] [文件加载：129]
[ info ] [ BEHAVIOR ] Run Closure @app_init [ RunTime:0.000082s ]
[ info ] [ CACHE ] INIT File
[ info ] [ BEHAVIOR ] Run \addons\cms\Cms @app_init [ RunTime:0.000966s ]
[ info ] [ BEHAVIOR ] Run Closure @app_init [ RunTime:0.001023s ]
[ info ] [ LANG ] C:\www\thinkphp\lang\zh-cn.php
[ info ] [ ROUTE ] array (
  'type' => 'module',
  'module' => 
  array (
    0 => '',
    1 => NULL,
    2 => NULL,
  ),
)
[ info ] [ HEADER ] array (
  'host' => 'cn.bing.com:443',
  'proxy-authorization' => 'Basic Og==',
  'user-agent' => 'PycURL/7.43.0 libcurl/7.47.0 GnuTLS/3.4.10 zlib/1.2.8 libidn/1.32 librtmp/2.3',
  'proxy-connection' => 'Keep-Alive',
)
[ info ] [ PARAM ] array (
)
[ info ] [ LANG ] C:\www\public/../application/index\lang\zh-cn.php
[ info ] [ BEHAVIOR ] Run app\common\behavior\Common @module_init [ RunTime:0.000822s ]
[ info ] [ BEHAVIOR ] Run \addons\nkeditor\Nkeditor @config_init [ RunTime:0.000389s ]
[ info ] [ LANG ] C:\www\public/../application/index/lang/zh-cn/index.php
[ info ] [ RUN ] app\index\controller\Index->index[ C:\www\application\index\controller\Index.php ]
[ info ] [ VIEW ] C:\www\public/../application/index\view\index\index.html [ array (
  0 => 'user',
  1 => 'site',
  2 => 'config',
) ]
[ info ] [ BEHAVIOR ] Run \addons\cms\Cms @response_send [ RunTime:0.000336s ]
[ info ] [ LOG ] INIT File
---------------------------------------------------------------
[ 2019-11-30T20:26:02+08:00 ] 51.254.59.113 GET 114.115.146.220/
[运行时间：0.024616s] [吞吐率：40.62req/s] [内存消耗：472.10kb] [文件加载：129]
[ info ] [ BEHAVIOR ] Run Closure @app_init [ RunTime:0.000061s ]
[ info ] [ CACHE ] INIT File
[ info ] [ BEHAVIOR ] Run \addons\cms\Cms @app_init [ RunTime:0.001042s ]
[ info ] [ BEHAVIOR ] Run Closure @app_init [ RunTime:0.001076s ]
[ info ] [ LANG ] C:\www\thinkphp\lang\zh-cn.php
[ info ] [ ROUTE ] array (
  'type' => 'module',
  'module' => 
  array (
    0 => '',
    1 => NULL,
    2 => NULL,
  ),
)
[ info ] [ HEADER ] array (
  'connection' => 'close',
  'host' => '114.115.146.220',
  'user-agent' => 'Mozilla/5.0 (Windows NT 6.1) AppleWebKit/537.36 (KHTML, like Gecko) Chrome/41.0.2228.0 Safari/537.36',
)
[ info ] [ PARAM ] array (
)
[ info ] [ LANG ] C:\www\public/../application/index\lang\zh-cn.php
[ info ] [ BEHAVIOR ] Run app\common\behavior\Common @module_init [ RunTime:0.000864s ]
[ info ] [ BEHAVIOR ] Run \addons\nkeditor\Nkeditor @config_init [ RunTime:0.000327s ]
[ info ] [ LANG ] C:\www\public/../application/index/lang/zh-cn/index.php
[ info ] [ RUN ] app\index\controller\Index->index[ C:\www\application\index\controller\Index.php ]
[ info ] [ VIEW ] C:\www\public/../application/index\view\index\index.html [ array (
  0 => 'user',
  1 => 'site',
  2 => 'config',
) ]
[ info ] [ BEHAVIOR ] Run \addons\cms\Cms @response_send [ RunTime:0.000225s ]
[ info ] [ LOG ] INIT File
---------------------------------------------------------------
[ 2019-11-30T21:01:40+08:00 ] 139.162.106.181 GET 114.115.146.220/
[运行时间：0.024623s] [吞吐率：40.61req/s] [内存消耗：471.93kb] [文件加载：129]
[ info ] [ BEHAVIOR ] Run Closure @app_init [ RunTime:0.000058s ]
[ info ] [ CACHE ] INIT File
[ info ] [ BEHAVIOR ] Run \addons\cms\Cms @app_init [ RunTime:0.001013s ]
[ info ] [ BEHAVIOR ] Run Closure @app_init [ RunTime:0.001047s ]
[ info ] [ LANG ] C:\www\thinkphp\lang\zh-cn.php
[ info ] [ ROUTE ] array (
  'type' => 'module',
  'module' => 
  array (
    0 => '',
    1 => NULL,
    2 => NULL,
  ),
)
[ info ] [ HEADER ] array (
  'host' => '114.115.146.220',
  'user-agent' => 'HTTP Banner Detection (https://security.ipip.net)',
  'connection' => 'close',
)
[ info ] [ PARAM ] array (
)
[ info ] [ LANG ] C:\www\public/../application/index\lang\zh-cn.php
[ info ] [ BEHAVIOR ] Run app\common\behavior\Common @module_init [ RunTime:0.000880s ]
[ info ] [ BEHAVIOR ] Run \addons\nkeditor\Nkeditor @config_init [ RunTime:0.000328s ]
[ info ] [ LANG ] C:\www\public/../application/index/lang/zh-cn/index.php
[ info ] [ RUN ] app\index\controller\Index->index[ C:\www\application\index\controller\Index.php ]
[ info ] [ VIEW ] C:\www\public/../application/index\view\index\index.html [ array (
  0 => 'user',
  1 => 'site',
  2 => 'config',
) ]
[ info ] [ BEHAVIOR ] Run \addons\cms\Cms @response_send [ RunTime:0.000228s ]
[ info ] [ LOG ] INIT File
---------------------------------------------------------------
[ 2019-11-30T21:43:16+08:00 ] 36.85.188.12 GET 114.115.146.220:80/
[运行时间：0.031841s] [吞吐率：31.41req/s] [内存消耗：472.14kb] [文件加载：129]
[ info ] [ BEHAVIOR ] Run Closure @app_init [ RunTime:0.000058s ]
[ info ] [ CACHE ] INIT File
[ info ] [ BEHAVIOR ] Run \addons\cms\Cms @app_init [ RunTime:0.001029s ]
[ info ] [ BEHAVIOR ] Run Closure @app_init [ RunTime:0.001064s ]
[ info ] [ LANG ] C:\www\thinkphp\lang\zh-cn.php
[ info ] [ ROUTE ] array (
  'type' => 'module',
  'module' => 
  array (
    0 => '',
    1 => NULL,
    2 => NULL,
  ),
)
[ info ] [ HEADER ] array (
  'host' => '114.115.146.220:80',
  'user-agent' => 'Mozilla/5.0 (Windows NT 6.1; WOW64) AppleWebKit/537.36 (KHTML, like Gecko) Chrome/51.0.2704.103 Safari/537.36',
  'content-length' => '0',
)
[ info ] [ PARAM ] array (
)
[ info ] [ LANG ] C:\www\public/../application/index\lang\zh-cn.php
[ info ] [ BEHAVIOR ] Run app\common\behavior\Common @module_init [ RunTime:0.000834s ]
[ info ] [ BEHAVIOR ] Run \addons\nkeditor\Nkeditor @config_init [ RunTime:0.000566s ]
[ info ] [ LANG ] C:\www\public/../application/index/lang/zh-cn/index.php
[ info ] [ RUN ] app\index\controller\Index->index[ C:\www\application\index\controller\Index.php ]
[ info ] [ VIEW ] C:\www\public/../application/index\view\index\index.html [ array (
  0 => 'user',
  1 => 'site',
  2 => 'config',
) ]
[ info ] [ BEHAVIOR ] Run \addons\cms\Cms @response_send [ RunTime:0.000371s ]
[ info ] [ LOG ] INIT File
---------------------------------------------------------------
[ 2019-11-30T22:24:09+08:00 ] 128.14.134.170 GET 114.115.146.220/
[运行时间：0.032749s] [吞吐率：30.54req/s] [内存消耗：472.32kb] [文件加载：129]
[ info ] [ BEHAVIOR ] Run Closure @app_init [ RunTime:0.000065s ]
[ info ] [ CACHE ] INIT File
[ info ] [ BEHAVIOR ] Run \addons\cms\Cms @app_init [ RunTime:0.001745s ]
[ info ] [ BEHAVIOR ] Run Closure @app_init [ RunTime:0.001801s ]
[ info ] [ LANG ] C:\www\thinkphp\lang\zh-cn.php
[ info ] [ ROUTE ] array (
  'type' => 'module',
  'module' => 
  array (
    0 => '',
    1 => NULL,
    2 => NULL,
  ),
)
[ info ] [ HEADER ] array (
  'host' => '114.115.146.220',
  'user-agent' => 'Mozilla/5.0 (Windows NT 10.0; Win64; x64) AppleWebKit/537.36 (KHTML, like Gecko) Chrome/60.0.3112.113 Safari/537.36',
  'accept' => '*/*',
  'accept-encoding' => 'gzip',
)
[ info ] [ PARAM ] array (
)
[ info ] [ LANG ] C:\www\public/../application/index\lang\zh-cn.php
[ info ] [ BEHAVIOR ] Run app\common\behavior\Common @module_init [ RunTime:0.001467s ]
[ info ] [ BEHAVIOR ] Run \addons\nkeditor\Nkeditor @config_init [ RunTime:0.000541s ]
[ info ] [ LANG ] C:\www\public/../application/index/lang/zh-cn/index.php
[ info ] [ RUN ] app\index\controller\Index->index[ C:\www\application\index\controller\Index.php ]
[ info ] [ VIEW ] C:\www\public/../application/index\view\index\index.html [ array (
  0 => 'user',
  1 => 'site',
  2 => 'config',
) ]
[ info ] [ BEHAVIOR ] Run \addons\cms\Cms @response_send [ RunTime:0.000332s ]
[ info ] [ LOG ] INIT File
---------------------------------------------------------------
[ 2019-11-30T22:43:33+08:00 ] 85.12.201.205 GET 114.115.146.220:80/
[运行时间：0.027494s] [吞吐率：36.37req/s] [内存消耗：472.14kb] [文件加载：129]
[ info ] [ BEHAVIOR ] Run Closure @app_init [ RunTime:0.000061s ]
[ info ] [ CACHE ] INIT File
[ info ] [ BEHAVIOR ] Run \addons\cms\Cms @app_init [ RunTime:0.001016s ]
[ info ] [ BEHAVIOR ] Run Closure @app_init [ RunTime:0.001050s ]
[ info ] [ LANG ] C:\www\thinkphp\lang\zh-cn.php
[ info ] [ ROUTE ] array (
  'type' => 'module',
  'module' => 
  array (
    0 => '',
    1 => NULL,
    2 => NULL,
  ),
)
[ info ] [ HEADER ] array (
  'host' => '114.115.146.220:80',
  'user-agent' => 'Mozilla/5.0 (Windows NT 6.1; WOW64) AppleWebKit/537.36 (KHTML, like Gecko) Chrome/52.0.2743.116 Safari/537.36',
  'content-length' => '0',
)
[ info ] [ PARAM ] array (
)
[ info ] [ LANG ] C:\www\public/../application/index\lang\zh-cn.php
[ info ] [ BEHAVIOR ] Run app\common\behavior\Common @module_init [ RunTime:0.000834s ]
[ info ] [ BEHAVIOR ] Run \addons\nkeditor\Nkeditor @config_init [ RunTime:0.000319s ]
[ info ] [ LANG ] C:\www\public/../application/index/lang/zh-cn/index.php
[ info ] [ RUN ] app\index\controller\Index->index[ C:\www\application\index\controller\Index.php ]
[ info ] [ VIEW ] C:\www\public/../application/index\view\index\index.html [ array (
  0 => 'user',
  1 => 'site',
  2 => 'config',
) ]
[ info ] [ BEHAVIOR ] Run \addons\cms\Cms @response_send [ RunTime:0.000221s ]
[ info ] [ LOG ] INIT File
