---------------------------------------------------------------
[ 2019-08-12T23:54:39+08:00 ] 0.0.0.0 GET localhost/addons/voicenotice/notice/voice
[运行时间：0.030935s] [吞吐率：32.33req/s] [内存消耗：562.77kb] [文件加载：134]
[ info ] [ BEHAVIOR ] Run Closure @app_init [ RunTime:0.000064s ]
[ info ] [ CACHE ] INIT File
[ info ] [ BEHAVIOR ] Run \addons\cms\Cms @app_init [ RunTime:0.000833s ]
[ info ] [ BEHAVIOR ] Run Closure @app_init [ RunTime:0.000871s ]
[ info ] [ LANG ] C:\www\thinkphp\lang\zh-cn.php
[ info ] [ ROUTE ] array (
  'type' => 'method',
  'method' => 
  array (
    0 => '\\think\\addons\\Route',
    1 => 'execute',
  ),
  'var' => 
  array (
  ),
)
[ info ] [ HEADER ] array (
  'host' => 'localhost',
  'connection' => 'keep-alive',
  'user-agent' => 'Mozilla/5.0 (Windows NT 6.3; Win64; x64) AppleWebKit/537.36 (KHTML, like Gecko) Chrome/75.0.3770.142 Safari/537.36',
  'accept' => '*/*',
  'referer' => 'http://localhost/admin/dashboard?ref=addtabs',
  'accept-encoding' => 'gzip, deflate, br',
  'accept-language' => 'zh-CN,zh;q=0.9',
  'cookie' => 'PHPSESSID=2aou0fj1ctjj9d4c7oesi8v1tp; Hm_lvt_f8d0a8c400404989e195270b0bbf060a=1564587436,1565252993; Hm_lpvt_f8d0a8c400404989e195270b0bbf060a=1565365810',
)
[ info ] [ PARAM ] array (
  'addon' => 'voicenotice',
  'controller' => 'notice',
  'action' => 'voice',
)
[ info ] [ RUN ] think\addons\Route->execute[ C:\www\vendor\karsonzhang\fastadmin-addons\src\addons\Route.php ]
[ info ] [ LANG ] C:\www\public/../application/common\lang\zh-cn\addon.php
[ info ] [ BEHAVIOR ] Run app\common\behavior\Common @addon_begin [ RunTime:0.000856s ]
[ info ] [ SESSION ] INIT array (
  'id' => '',
  'var_session_id' => '',
  'prefix' => 'think',
  'type' => '',
  'auto_start' => true,
)
[ info ] [ DB ] INIT mysql
[ info ] [ BEHAVIOR ] Run \addons\cms\Cms @response_send [ RunTime:0.000255s ]
[ info ] [ LOG ] INIT File
[ sql ] [ DB ] CONNECT:[ UseTime:0.010399s ] mysql:host=127.0.0.1;port=3308;dbname=fastadmin;charset=utf8
[ sql ] [ SQL ] SHOW COLUMNS FROM `fa_voicenotice_que` [ RunTime:0.000871s ]
[ sql ] [ SQL ] SELECT `id`,`text`,`loop`,`url_type`,`url` FROM `fa_voicenotice_que` WHERE  `aid` = 1 LIMIT 1 [ RunTime:0.000410s ]
---------------------------------------------------------------
[ 2019-08-12T23:54:49+08:00 ] 0.0.0.0 GET localhost/addons/voicenotice/notice/voice
[运行时间：0.038033s] [吞吐率：26.29req/s] [内存消耗：562.81kb] [文件加载：134]
[ info ] [ BEHAVIOR ] Run Closure @app_init [ RunTime:0.000064s ]
[ info ] [ CACHE ] INIT File
[ info ] [ BEHAVIOR ] Run \addons\cms\Cms @app_init [ RunTime:0.001064s ]
[ info ] [ BEHAVIOR ] Run Closure @app_init [ RunTime:0.001102s ]
[ info ] [ LANG ] C:\www\thinkphp\lang\zh-cn.php
[ info ] [ ROUTE ] array (
  'type' => 'method',
  'method' => 
  array (
    0 => '\\think\\addons\\Route',
    1 => 'execute',
  ),
  'var' => 
  array (
  ),
)
[ info ] [ HEADER ] array (
  'host' => 'localhost',
  'connection' => 'keep-alive',
  'user-agent' => 'Mozilla/5.0 (Windows NT 6.3; Win64; x64) AppleWebKit/537.36 (KHTML, like Gecko) Chrome/75.0.3770.142 Safari/537.36',
  'accept' => '*/*',
  'referer' => 'http://localhost/admin/dashboard?ref=addtabs',
  'accept-encoding' => 'gzip, deflate, br',
  'accept-language' => 'zh-CN,zh;q=0.9',
  'cookie' => 'PHPSESSID=2aou0fj1ctjj9d4c7oesi8v1tp; Hm_lvt_f8d0a8c400404989e195270b0bbf060a=1564587436,1565252993; Hm_lpvt_f8d0a8c400404989e195270b0bbf060a=1565365810',
)
[ info ] [ PARAM ] array (
  'addon' => 'voicenotice',
  'controller' => 'notice',
  'action' => 'voice',
)
[ info ] [ RUN ] think\addons\Route->execute[ C:\www\vendor\karsonzhang\fastadmin-addons\src\addons\Route.php ]
[ info ] [ LANG ] C:\www\public/../application/common\lang\zh-cn\addon.php
[ info ] [ BEHAVIOR ] Run app\common\behavior\Common @addon_begin [ RunTime:0.001178s ]
[ info ] [ SESSION ] INIT array (
  'id' => '',
  'var_session_id' => '',
  'prefix' => 'think',
  'type' => '',
  'auto_start' => true,
)
[ info ] [ DB ] INIT mysql
[ info ] [ BEHAVIOR ] Run \addons\cms\Cms @response_send [ RunTime:0.000256s ]
[ info ] [ LOG ] INIT File
[ sql ] [ DB ] CONNECT:[ UseTime:0.010265s ] mysql:host=127.0.0.1;port=3308;dbname=fastadmin;charset=utf8
[ sql ] [ SQL ] SHOW COLUMNS FROM `fa_voicenotice_que` [ RunTime:0.000894s ]
[ sql ] [ SQL ] SELECT `id`,`text`,`loop`,`url_type`,`url` FROM `fa_voicenotice_que` WHERE  `aid` = 1 LIMIT 1 [ RunTime:0.000444s ]
---------------------------------------------------------------
[ 2019-08-12T23:54:59+08:00 ] 0.0.0.0 GET localhost/addons/voicenotice/notice/voice
[运行时间：0.021971s] [吞吐率：45.51req/s] [内存消耗：562.81kb] [文件加载：134]
[ info ] [ BEHAVIOR ] Run Closure @app_init [ RunTime:0.000064s ]
[ info ] [ CACHE ] INIT File
[ info ] [ BEHAVIOR ] Run \addons\cms\Cms @app_init [ RunTime:0.000868s ]
[ info ] [ BEHAVIOR ] Run Closure @app_init [ RunTime:0.000906s ]
[ info ] [ LANG ] C:\www\thinkphp\lang\zh-cn.php
[ info ] [ ROUTE ] array (
  'type' => 'method',
  'method' => 
  array (
    0 => '\\think\\addons\\Route',
    1 => 'execute',
  ),
  'var' => 
  array (
  ),
)
[ info ] [ HEADER ] array (
  'host' => 'localhost',
  'connection' => 'keep-alive',
  'user-agent' => 'Mozilla/5.0 (Windows NT 6.3; Win64; x64) AppleWebKit/537.36 (KHTML, like Gecko) Chrome/75.0.3770.142 Safari/537.36',
  'accept' => '*/*',
  'referer' => 'http://localhost/admin/dashboard?ref=addtabs',
  'accept-encoding' => 'gzip, deflate, br',
  'accept-language' => 'zh-CN,zh;q=0.9',
  'cookie' => 'PHPSESSID=2aou0fj1ctjj9d4c7oesi8v1tp; Hm_lvt_f8d0a8c400404989e195270b0bbf060a=1564587436,1565252993; Hm_lpvt_f8d0a8c400404989e195270b0bbf060a=1565365810',
)
[ info ] [ PARAM ] array (
  'addon' => 'voicenotice',
  'controller' => 'notice',
  'action' => 'voice',
)
[ info ] [ RUN ] think\addons\Route->execute[ C:\www\vendor\karsonzhang\fastadmin-addons\src\addons\Route.php ]
[ info ] [ LANG ] C:\www\public/../application/common\lang\zh-cn\addon.php
[ info ] [ BEHAVIOR ] Run app\common\behavior\Common @addon_begin [ RunTime:0.000875s ]
[ info ] [ SESSION ] INIT array (
  'id' => '',
  'var_session_id' => '',
  'prefix' => 'think',
  'type' => '',
  'auto_start' => true,
)
[ info ] [ DB ] INIT mysql
[ info ] [ BEHAVIOR ] Run \addons\cms\Cms @response_send [ RunTime:0.000250s ]
[ info ] [ LOG ] INIT File
[ sql ] [ DB ] CONNECT:[ UseTime:0.000683s ] mysql:host=127.0.0.1;port=3308;dbname=fastadmin;charset=utf8
[ sql ] [ SQL ] SHOW COLUMNS FROM `fa_voicenotice_que` [ RunTime:0.000857s ]
[ sql ] [ SQL ] SELECT `id`,`text`,`loop`,`url_type`,`url` FROM `fa_voicenotice_que` WHERE  `aid` = 1 LIMIT 1 [ RunTime:0.000483s ]
---------------------------------------------------------------
[ 2019-08-12T23:55:09+08:00 ] 0.0.0.0 GET localhost/addons/voicenotice/notice/voice
[运行时间：0.021816s] [吞吐率：45.84req/s] [内存消耗：562.81kb] [文件加载：134]
[ info ] [ BEHAVIOR ] Run Closure @app_init [ RunTime:0.000065s ]
[ info ] [ CACHE ] INIT File
[ info ] [ BEHAVIOR ] Run \addons\cms\Cms @app_init [ RunTime:0.000830s ]
[ info ] [ BEHAVIOR ] Run Closure @app_init [ RunTime:0.000870s ]
[ info ] [ LANG ] C:\www\thinkphp\lang\zh-cn.php
[ info ] [ ROUTE ] array (
  'type' => 'method',
  'method' => 
  array (
    0 => '\\think\\addons\\Route',
    1 => 'execute',
  ),
  'var' => 
  array (
  ),
)
[ info ] [ HEADER ] array (
  'host' => 'localhost',
  'connection' => 'keep-alive',
  'user-agent' => 'Mozilla/5.0 (Windows NT 6.3; Win64; x64) AppleWebKit/537.36 (KHTML, like Gecko) Chrome/75.0.3770.142 Safari/537.36',
  'accept' => '*/*',
  'referer' => 'http://localhost/admin/dashboard?ref=addtabs',
  'accept-encoding' => 'gzip, deflate, br',
  'accept-language' => 'zh-CN,zh;q=0.9',
  'cookie' => 'PHPSESSID=2aou0fj1ctjj9d4c7oesi8v1tp; Hm_lvt_f8d0a8c400404989e195270b0bbf060a=1564587436,1565252993; Hm_lpvt_f8d0a8c400404989e195270b0bbf060a=1565365810',
)
[ info ] [ PARAM ] array (
  'addon' => 'voicenotice',
  'controller' => 'notice',
  'action' => 'voice',
)
[ info ] [ RUN ] think\addons\Route->execute[ C:\www\vendor\karsonzhang\fastadmin-addons\src\addons\Route.php ]
[ info ] [ LANG ] C:\www\public/../application/common\lang\zh-cn\addon.php
[ info ] [ BEHAVIOR ] Run app\common\behavior\Common @addon_begin [ RunTime:0.000826s ]
[ info ] [ SESSION ] INIT array (
  'id' => '',
  'var_session_id' => '',
  'prefix' => 'think',
  'type' => '',
  'auto_start' => true,
)
[ info ] [ DB ] INIT mysql
[ info ] [ BEHAVIOR ] Run \addons\cms\Cms @response_send [ RunTime:0.000263s ]
[ info ] [ LOG ] INIT File
[ sql ] [ DB ] CONNECT:[ UseTime:0.000770s ] mysql:host=127.0.0.1;port=3308;dbname=fastadmin;charset=utf8
[ sql ] [ SQL ] SHOW COLUMNS FROM `fa_voicenotice_que` [ RunTime:0.000836s ]
[ sql ] [ SQL ] SELECT `id`,`text`,`loop`,`url_type`,`url` FROM `fa_voicenotice_que` WHERE  `aid` = 1 LIMIT 1 [ RunTime:0.000422s ]
---------------------------------------------------------------
[ 2019-08-12T23:55:19+08:00 ] 0.0.0.0 GET localhost/addons/voicenotice/notice/voice
[运行时间：0.022587s] [吞吐率：44.27req/s] [内存消耗：562.81kb] [文件加载：134]
[ info ] [ BEHAVIOR ] Run Closure @app_init [ RunTime:0.000063s ]
[ info ] [ CACHE ] INIT File
[ info ] [ BEHAVIOR ] Run \addons\cms\Cms @app_init [ RunTime:0.000853s ]
[ info ] [ BEHAVIOR ] Run Closure @app_init [ RunTime:0.000895s ]
[ info ] [ LANG ] C:\www\thinkphp\lang\zh-cn.php
[ info ] [ ROUTE ] array (
  'type' => 'method',
  'method' => 
  array (
    0 => '\\think\\addons\\Route',
    1 => 'execute',
  ),
  'var' => 
  array (
  ),
)
[ info ] [ HEADER ] array (
  'host' => 'localhost',
  'connection' => 'keep-alive',
  'user-agent' => 'Mozilla/5.0 (Windows NT 6.3; Win64; x64) AppleWebKit/537.36 (KHTML, like Gecko) Chrome/75.0.3770.142 Safari/537.36',
  'accept' => '*/*',
  'referer' => 'http://localhost/admin/dashboard?ref=addtabs',
  'accept-encoding' => 'gzip, deflate, br',
  'accept-language' => 'zh-CN,zh;q=0.9',
  'cookie' => 'PHPSESSID=2aou0fj1ctjj9d4c7oesi8v1tp; Hm_lvt_f8d0a8c400404989e195270b0bbf060a=1564587436,1565252993; Hm_lpvt_f8d0a8c400404989e195270b0bbf060a=1565365810',
)
[ info ] [ PARAM ] array (
  'addon' => 'voicenotice',
  'controller' => 'notice',
  'action' => 'voice',
)
[ info ] [ RUN ] think\addons\Route->execute[ C:\www\vendor\karsonzhang\fastadmin-addons\src\addons\Route.php ]
[ info ] [ LANG ] C:\www\public/../application/common\lang\zh-cn\addon.php
[ info ] [ BEHAVIOR ] Run app\common\behavior\Common @addon_begin [ RunTime:0.000871s ]
[ info ] [ SESSION ] INIT array (
  'id' => '',
  'var_session_id' => '',
  'prefix' => 'think',
  'type' => '',
  'auto_start' => true,
)
[ info ] [ DB ] INIT mysql
[ info ] [ BEHAVIOR ] Run \addons\cms\Cms @response_send [ RunTime:0.000303s ]
[ info ] [ LOG ] INIT File
[ sql ] [ DB ] CONNECT:[ UseTime:0.000723s ] mysql:host=127.0.0.1;port=3308;dbname=fastadmin;charset=utf8
[ sql ] [ SQL ] SHOW COLUMNS FROM `fa_voicenotice_que` [ RunTime:0.000843s ]
[ sql ] [ SQL ] SELECT `id`,`text`,`loop`,`url_type`,`url` FROM `fa_voicenotice_que` WHERE  `aid` = 1 LIMIT 1 [ RunTime:0.000419s ]
---------------------------------------------------------------
[ 2019-08-12T23:55:29+08:00 ] 0.0.0.0 GET localhost/addons/voicenotice/notice/voice
[运行时间：0.030588s] [吞吐率：32.69req/s] [内存消耗：562.81kb] [文件加载：134]
[ info ] [ BEHAVIOR ] Run Closure @app_init [ RunTime:0.000064s ]
[ info ] [ CACHE ] INIT File
[ info ] [ BEHAVIOR ] Run \addons\cms\Cms @app_init [ RunTime:0.000972s ]
[ info ] [ BEHAVIOR ] Run Closure @app_init [ RunTime:0.001009s ]
[ info ] [ LANG ] C:\www\thinkphp\lang\zh-cn.php
[ info ] [ ROUTE ] array (
  'type' => 'method',
  'method' => 
  array (
    0 => '\\think\\addons\\Route',
    1 => 'execute',
  ),
  'var' => 
  array (
  ),
)
[ info ] [ HEADER ] array (
  'host' => 'localhost',
  'connection' => 'keep-alive',
  'user-agent' => 'Mozilla/5.0 (Windows NT 6.3; Win64; x64) AppleWebKit/537.36 (KHTML, like Gecko) Chrome/75.0.3770.142 Safari/537.36',
  'accept' => '*/*',
  'referer' => 'http://localhost/admin/dashboard?ref=addtabs',
  'accept-encoding' => 'gzip, deflate, br',
  'accept-language' => 'zh-CN,zh;q=0.9',
  'cookie' => 'PHPSESSID=2aou0fj1ctjj9d4c7oesi8v1tp; Hm_lvt_f8d0a8c400404989e195270b0bbf060a=1564587436,1565252993; Hm_lpvt_f8d0a8c400404989e195270b0bbf060a=1565365810',
)
[ info ] [ PARAM ] array (
  'addon' => 'voicenotice',
  'controller' => 'notice',
  'action' => 'voice',
)
[ info ] [ RUN ] think\addons\Route->execute[ C:\www\vendor\karsonzhang\fastadmin-addons\src\addons\Route.php ]
[ info ] [ LANG ] C:\www\public/../application/common\lang\zh-cn\addon.php
[ info ] [ BEHAVIOR ] Run app\common\behavior\Common @addon_begin [ RunTime:0.000822s ]
[ info ] [ SESSION ] INIT array (
  'id' => '',
  'var_session_id' => '',
  'prefix' => 'think',
  'type' => '',
  'auto_start' => true,
)
[ info ] [ DB ] INIT mysql
[ info ] [ BEHAVIOR ] Run \addons\cms\Cms @response_send [ RunTime:0.000254s ]
[ info ] [ LOG ] INIT File
[ sql ] [ DB ] CONNECT:[ UseTime:0.010220s ] mysql:host=127.0.0.1;port=3308;dbname=fastadmin;charset=utf8
[ sql ] [ SQL ] SHOW COLUMNS FROM `fa_voicenotice_que` [ RunTime:0.000881s ]
[ sql ] [ SQL ] SELECT `id`,`text`,`loop`,`url_type`,`url` FROM `fa_voicenotice_que` WHERE  `aid` = 1 LIMIT 1 [ RunTime:0.000405s ]
---------------------------------------------------------------
[ 2019-08-12T23:55:39+08:00 ] 0.0.0.0 GET localhost/addons/voicenotice/notice/voice
[运行时间：0.022466s] [吞吐率：44.51req/s] [内存消耗：562.81kb] [文件加载：134]
[ info ] [ BEHAVIOR ] Run Closure @app_init [ RunTime:0.000064s ]
[ info ] [ CACHE ] INIT File
[ info ] [ BEHAVIOR ] Run \addons\cms\Cms @app_init [ RunTime:0.000857s ]
[ info ] [ BEHAVIOR ] Run Closure @app_init [ RunTime:0.000897s ]
[ info ] [ LANG ] C:\www\thinkphp\lang\zh-cn.php
[ info ] [ ROUTE ] array (
  'type' => 'method',
  'method' => 
  array (
    0 => '\\think\\addons\\Route',
    1 => 'execute',
  ),
  'var' => 
  array (
  ),
)
[ info ] [ HEADER ] array (
  'host' => 'localhost',
  'connection' => 'keep-alive',
  'user-agent' => 'Mozilla/5.0 (Windows NT 6.3; Win64; x64) AppleWebKit/537.36 (KHTML, like Gecko) Chrome/75.0.3770.142 Safari/537.36',
  'accept' => '*/*',
  'referer' => 'http://localhost/admin/dashboard?ref=addtabs',
  'accept-encoding' => 'gzip, deflate, br',
  'accept-language' => 'zh-CN,zh;q=0.9',
  'cookie' => 'PHPSESSID=2aou0fj1ctjj9d4c7oesi8v1tp; Hm_lvt_f8d0a8c400404989e195270b0bbf060a=1564587436,1565252993; Hm_lpvt_f8d0a8c400404989e195270b0bbf060a=1565365810',
)
[ info ] [ PARAM ] array (
  'addon' => 'voicenotice',
  'controller' => 'notice',
  'action' => 'voice',
)
[ info ] [ RUN ] think\addons\Route->execute[ C:\www\vendor\karsonzhang\fastadmin-addons\src\addons\Route.php ]
[ info ] [ LANG ] C:\www\public/../application/common\lang\zh-cn\addon.php
[ info ] [ BEHAVIOR ] Run app\common\behavior\Common @addon_begin [ RunTime:0.000820s ]
[ info ] [ SESSION ] INIT array (
  'id' => '',
  'var_session_id' => '',
  'prefix' => 'think',
  'type' => '',
  'auto_start' => true,
)
[ info ] [ DB ] INIT mysql
[ info ] [ BEHAVIOR ] Run \addons\cms\Cms @response_send [ RunTime:0.000342s ]
[ info ] [ LOG ] INIT File
[ sql ] [ DB ] CONNECT:[ UseTime:0.000745s ] mysql:host=127.0.0.1;port=3308;dbname=fastadmin;charset=utf8
[ sql ] [ SQL ] SHOW COLUMNS FROM `fa_voicenotice_que` [ RunTime:0.000858s ]
[ sql ] [ SQL ] SELECT `id`,`text`,`loop`,`url_type`,`url` FROM `fa_voicenotice_que` WHERE  `aid` = 1 LIMIT 1 [ RunTime:0.000422s ]
---------------------------------------------------------------
[ 2019-08-12T23:55:49+08:00 ] 0.0.0.0 GET localhost/addons/voicenotice/notice/voice
[运行时间：0.021879s] [吞吐率：45.71req/s] [内存消耗：562.81kb] [文件加载：134]
[ info ] [ BEHAVIOR ] Run Closure @app_init [ RunTime:0.000064s ]
[ info ] [ CACHE ] INIT File
[ info ] [ BEHAVIOR ] Run \addons\cms\Cms @app_init [ RunTime:0.000891s ]
[ info ] [ BEHAVIOR ] Run Closure @app_init [ RunTime:0.000928s ]
[ info ] [ LANG ] C:\www\thinkphp\lang\zh-cn.php
[ info ] [ ROUTE ] array (
  'type' => 'method',
  'method' => 
  array (
    0 => '\\think\\addons\\Route',
    1 => 'execute',
  ),
  'var' => 
  array (
  ),
)
[ info ] [ HEADER ] array (
  'host' => 'localhost',
  'connection' => 'keep-alive',
  'user-agent' => 'Mozilla/5.0 (Windows NT 6.3; Win64; x64) AppleWebKit/537.36 (KHTML, like Gecko) Chrome/75.0.3770.142 Safari/537.36',
  'accept' => '*/*',
  'referer' => 'http://localhost/admin/dashboard?ref=addtabs',
  'accept-encoding' => 'gzip, deflate, br',
  'accept-language' => 'zh-CN,zh;q=0.9',
  'cookie' => 'PHPSESSID=2aou0fj1ctjj9d4c7oesi8v1tp; Hm_lvt_f8d0a8c400404989e195270b0bbf060a=1564587436,1565252993; Hm_lpvt_f8d0a8c400404989e195270b0bbf060a=1565365810',
)
[ info ] [ PARAM ] array (
  'addon' => 'voicenotice',
  'controller' => 'notice',
  'action' => 'voice',
)
[ info ] [ RUN ] think\addons\Route->execute[ C:\www\vendor\karsonzhang\fastadmin-addons\src\addons\Route.php ]
[ info ] [ LANG ] C:\www\public/../application/common\lang\zh-cn\addon.php
[ info ] [ BEHAVIOR ] Run app\common\behavior\Common @addon_begin [ RunTime:0.000890s ]
[ info ] [ SESSION ] INIT array (
  'id' => '',
  'var_session_id' => '',
  'prefix' => 'think',
  'type' => '',
  'auto_start' => true,
)
[ info ] [ DB ] INIT mysql
[ info ] [ BEHAVIOR ] Run \addons\cms\Cms @response_send [ RunTime:0.000258s ]
[ info ] [ LOG ] INIT File
[ sql ] [ DB ] CONNECT:[ UseTime:0.000716s ] mysql:host=127.0.0.1;port=3308;dbname=fastadmin;charset=utf8
[ sql ] [ SQL ] SHOW COLUMNS FROM `fa_voicenotice_que` [ RunTime:0.000907s ]
[ sql ] [ SQL ] SELECT `id`,`text`,`loop`,`url_type`,`url` FROM `fa_voicenotice_que` WHERE  `aid` = 1 LIMIT 1 [ RunTime:0.000400s ]
---------------------------------------------------------------
[ 2019-08-12T23:55:59+08:00 ] 0.0.0.0 GET localhost/addons/voicenotice/notice/voice
[运行时间：0.032063s] [吞吐率：31.19req/s] [内存消耗：562.81kb] [文件加载：134]
[ info ] [ BEHAVIOR ] Run Closure @app_init [ RunTime:0.000064s ]
[ info ] [ CACHE ] INIT File
[ info ] [ BEHAVIOR ] Run \addons\cms\Cms @app_init [ RunTime:0.000823s ]
[ info ] [ BEHAVIOR ] Run Closure @app_init [ RunTime:0.000860s ]
[ info ] [ LANG ] C:\www\thinkphp\lang\zh-cn.php
[ info ] [ ROUTE ] array (
  'type' => 'method',
  'method' => 
  array (
    0 => '\\think\\addons\\Route',
    1 => 'execute',
  ),
  'var' => 
  array (
  ),
)
[ info ] [ HEADER ] array (
  'host' => 'localhost',
  'connection' => 'keep-alive',
  'user-agent' => 'Mozilla/5.0 (Windows NT 6.3; Win64; x64) AppleWebKit/537.36 (KHTML, like Gecko) Chrome/75.0.3770.142 Safari/537.36',
  'accept' => '*/*',
  'referer' => 'http://localhost/admin/dashboard?ref=addtabs',
  'accept-encoding' => 'gzip, deflate, br',
  'accept-language' => 'zh-CN,zh;q=0.9',
  'cookie' => 'PHPSESSID=2aou0fj1ctjj9d4c7oesi8v1tp; Hm_lvt_f8d0a8c400404989e195270b0bbf060a=1564587436,1565252993; Hm_lpvt_f8d0a8c400404989e195270b0bbf060a=1565365810',
)
[ info ] [ PARAM ] array (
  'addon' => 'voicenotice',
  'controller' => 'notice',
  'action' => 'voice',
)
[ info ] [ RUN ] think\addons\Route->execute[ C:\www\vendor\karsonzhang\fastadmin-addons\src\addons\Route.php ]
[ info ] [ LANG ] C:\www\public/../application/common\lang\zh-cn\addon.php
[ info ] [ BEHAVIOR ] Run app\common\behavior\Common @addon_begin [ RunTime:0.000926s ]
[ info ] [ SESSION ] INIT array (
  'id' => '',
  'var_session_id' => '',
  'prefix' => 'think',
  'type' => '',
  'auto_start' => true,
)
[ info ] [ DB ] INIT mysql
[ info ] [ BEHAVIOR ] Run \addons\cms\Cms @response_send [ RunTime:0.000264s ]
[ info ] [ LOG ] INIT File
[ sql ] [ DB ] CONNECT:[ UseTime:0.010485s ] mysql:host=127.0.0.1;port=3308;dbname=fastadmin;charset=utf8
[ sql ] [ SQL ] SHOW COLUMNS FROM `fa_voicenotice_que` [ RunTime:0.000914s ]
[ sql ] [ SQL ] SELECT `id`,`text`,`loop`,`url_type`,`url` FROM `fa_voicenotice_que` WHERE  `aid` = 1 LIMIT 1 [ RunTime:0.000408s ]
---------------------------------------------------------------
[ 2019-08-12T23:56:09+08:00 ] 0.0.0.0 GET localhost/addons/voicenotice/notice/voice
[运行时间：0.030847s] [吞吐率：32.42req/s] [内存消耗：562.81kb] [文件加载：134]
[ info ] [ BEHAVIOR ] Run Closure @app_init [ RunTime:0.000064s ]
[ info ] [ CACHE ] INIT File
[ info ] [ BEHAVIOR ] Run \addons\cms\Cms @app_init [ RunTime:0.000834s ]
[ info ] [ BEHAVIOR ] Run Closure @app_init [ RunTime:0.000872s ]
[ info ] [ LANG ] C:\www\thinkphp\lang\zh-cn.php
[ info ] [ ROUTE ] array (
  'type' => 'method',
  'method' => 
  array (
    0 => '\\think\\addons\\Route',
    1 => 'execute',
  ),
  'var' => 
  array (
  ),
)
[ info ] [ HEADER ] array (
  'host' => 'localhost',
  'connection' => 'keep-alive',
  'user-agent' => 'Mozilla/5.0 (Windows NT 6.3; Win64; x64) AppleWebKit/537.36 (KHTML, like Gecko) Chrome/75.0.3770.142 Safari/537.36',
  'accept' => '*/*',
  'referer' => 'http://localhost/admin/dashboard?ref=addtabs',
  'accept-encoding' => 'gzip, deflate, br',
  'accept-language' => 'zh-CN,zh;q=0.9',
  'cookie' => 'PHPSESSID=2aou0fj1ctjj9d4c7oesi8v1tp; Hm_lvt_f8d0a8c400404989e195270b0bbf060a=1564587436,1565252993; Hm_lpvt_f8d0a8c400404989e195270b0bbf060a=1565365810',
)
[ info ] [ PARAM ] array (
  'addon' => 'voicenotice',
  'controller' => 'notice',
  'action' => 'voice',
)
[ info ] [ RUN ] think\addons\Route->execute[ C:\www\vendor\karsonzhang\fastadmin-addons\src\addons\Route.php ]
[ info ] [ LANG ] C:\www\public/../application/common\lang\zh-cn\addon.php
[ info ] [ BEHAVIOR ] Run app\common\behavior\Common @addon_begin [ RunTime:0.000826s ]
[ info ] [ SESSION ] INIT array (
  'id' => '',
  'var_session_id' => '',
  'prefix' => 'think',
  'type' => '',
  'auto_start' => true,
)
[ info ] [ DB ] INIT mysql
[ info ] [ BEHAVIOR ] Run \addons\cms\Cms @response_send [ RunTime:0.000255s ]
[ info ] [ LOG ] INIT File
[ sql ] [ DB ] CONNECT:[ UseTime:0.010228s ] mysql:host=127.0.0.1;port=3308;dbname=fastadmin;charset=utf8
[ sql ] [ SQL ] SHOW COLUMNS FROM `fa_voicenotice_que` [ RunTime:0.000865s ]
[ sql ] [ SQL ] SELECT `id`,`text`,`loop`,`url_type`,`url` FROM `fa_voicenotice_que` WHERE  `aid` = 1 LIMIT 1 [ RunTime:0.000414s ]
---------------------------------------------------------------
[ 2019-08-12T23:56:19+08:00 ] 0.0.0.0 GET localhost/addons/voicenotice/notice/voice
[运行时间：0.032040s] [吞吐率：31.21req/s] [内存消耗：562.81kb] [文件加载：134]
[ info ] [ BEHAVIOR ] Run Closure @app_init [ RunTime:0.000066s ]
[ info ] [ CACHE ] INIT File
[ info ] [ BEHAVIOR ] Run \addons\cms\Cms @app_init [ RunTime:0.000831s ]
[ info ] [ BEHAVIOR ] Run Closure @app_init [ RunTime:0.000868s ]
[ info ] [ LANG ] C:\www\thinkphp\lang\zh-cn.php
[ info ] [ ROUTE ] array (
  'type' => 'method',
  'method' => 
  array (
    0 => '\\think\\addons\\Route',
    1 => 'execute',
  ),
  'var' => 
  array (
  ),
)
[ info ] [ HEADER ] array (
  'host' => 'localhost',
  'connection' => 'keep-alive',
  'user-agent' => 'Mozilla/5.0 (Windows NT 6.3; Win64; x64) AppleWebKit/537.36 (KHTML, like Gecko) Chrome/75.0.3770.142 Safari/537.36',
  'accept' => '*/*',
  'referer' => 'http://localhost/admin/dashboard?ref=addtabs',
  'accept-encoding' => 'gzip, deflate, br',
  'accept-language' => 'zh-CN,zh;q=0.9',
  'cookie' => 'PHPSESSID=2aou0fj1ctjj9d4c7oesi8v1tp; Hm_lvt_f8d0a8c400404989e195270b0bbf060a=1564587436,1565252993; Hm_lpvt_f8d0a8c400404989e195270b0bbf060a=1565365810',
)
[ info ] [ PARAM ] array (
  'addon' => 'voicenotice',
  'controller' => 'notice',
  'action' => 'voice',
)
[ info ] [ RUN ] think\addons\Route->execute[ C:\www\vendor\karsonzhang\fastadmin-addons\src\addons\Route.php ]
[ info ] [ LANG ] C:\www\public/../application/common\lang\zh-cn\addon.php
[ info ] [ BEHAVIOR ] Run app\common\behavior\Common @addon_begin [ RunTime:0.000827s ]
[ info ] [ SESSION ] INIT array (
  'id' => '',
  'var_session_id' => '',
  'prefix' => 'think',
  'type' => '',
  'auto_start' => true,
)
[ info ] [ DB ] INIT mysql
[ info ] [ BEHAVIOR ] Run \addons\cms\Cms @response_send [ RunTime:0.000288s ]
[ info ] [ LOG ] INIT File
[ sql ] [ DB ] CONNECT:[ UseTime:0.011097s ] mysql:host=127.0.0.1;port=3308;dbname=fastadmin;charset=utf8
[ sql ] [ SQL ] SHOW COLUMNS FROM `fa_voicenotice_que` [ RunTime:0.000923s ]
[ sql ] [ SQL ] SELECT `id`,`text`,`loop`,`url_type`,`url` FROM `fa_voicenotice_que` WHERE  `aid` = 1 LIMIT 1 [ RunTime:0.000441s ]
---------------------------------------------------------------
[ 2019-08-12T23:56:29+08:00 ] 0.0.0.0 GET localhost/addons/voicenotice/notice/voice
[运行时间：0.022235s] [吞吐率：44.97req/s] [内存消耗：562.81kb] [文件加载：134]
[ info ] [ BEHAVIOR ] Run Closure @app_init [ RunTime:0.000064s ]
[ info ] [ CACHE ] INIT File
[ info ] [ BEHAVIOR ] Run \addons\cms\Cms @app_init [ RunTime:0.000910s ]
[ info ] [ BEHAVIOR ] Run Closure @app_init [ RunTime:0.000949s ]
[ info ] [ LANG ] C:\www\thinkphp\lang\zh-cn.php
[ info ] [ ROUTE ] array (
  'type' => 'method',
  'method' => 
  array (
    0 => '\\think\\addons\\Route',
    1 => 'execute',
  ),
  'var' => 
  array (
  ),
)
[ info ] [ HEADER ] array (
  'host' => 'localhost',
  'connection' => 'keep-alive',
  'user-agent' => 'Mozilla/5.0 (Windows NT 6.3; Win64; x64) AppleWebKit/537.36 (KHTML, like Gecko) Chrome/75.0.3770.142 Safari/537.36',
  'accept' => '*/*',
  'referer' => 'http://localhost/admin/dashboard?ref=addtabs',
  'accept-encoding' => 'gzip, deflate, br',
  'accept-language' => 'zh-CN,zh;q=0.9',
  'cookie' => 'PHPSESSID=2aou0fj1ctjj9d4c7oesi8v1tp; Hm_lvt_f8d0a8c400404989e195270b0bbf060a=1564587436,1565252993; Hm_lpvt_f8d0a8c400404989e195270b0bbf060a=1565365810',
)
[ info ] [ PARAM ] array (
  'addon' => 'voicenotice',
  'controller' => 'notice',
  'action' => 'voice',
)
[ info ] [ RUN ] think\addons\Route->execute[ C:\www\vendor\karsonzhang\fastadmin-addons\src\addons\Route.php ]
[ info ] [ LANG ] C:\www\public/../application/common\lang\zh-cn\addon.php
[ info ] [ BEHAVIOR ] Run app\common\behavior\Common @addon_begin [ RunTime:0.000865s ]
[ info ] [ SESSION ] INIT array (
  'id' => '',
  'var_session_id' => '',
  'prefix' => 'think',
  'type' => '',
  'auto_start' => true,
)
[ info ] [ DB ] INIT mysql
[ info ] [ BEHAVIOR ] Run \addons\cms\Cms @response_send [ RunTime:0.000261s ]
[ info ] [ LOG ] INIT File
[ sql ] [ DB ] CONNECT:[ UseTime:0.000761s ] mysql:host=127.0.0.1;port=3308;dbname=fastadmin;charset=utf8
[ sql ] [ SQL ] SHOW COLUMNS FROM `fa_voicenotice_que` [ RunTime:0.000865s ]
[ sql ] [ SQL ] SELECT `id`,`text`,`loop`,`url_type`,`url` FROM `fa_voicenotice_que` WHERE  `aid` = 1 LIMIT 1 [ RunTime:0.000457s ]
---------------------------------------------------------------
[ 2019-08-12T23:56:39+08:00 ] 0.0.0.0 GET localhost/addons/voicenotice/notice/voice
[运行时间：0.022180s] [吞吐率：45.09req/s] [内存消耗：562.81kb] [文件加载：134]
[ info ] [ BEHAVIOR ] Run Closure @app_init [ RunTime:0.000064s ]
[ info ] [ CACHE ] INIT File
[ info ] [ BEHAVIOR ] Run \addons\cms\Cms @app_init [ RunTime:0.000877s ]
[ info ] [ BEHAVIOR ] Run Closure @app_init [ RunTime:0.000915s ]
[ info ] [ LANG ] C:\www\thinkphp\lang\zh-cn.php
[ info ] [ ROUTE ] array (
  'type' => 'method',
  'method' => 
  array (
    0 => '\\think\\addons\\Route',
    1 => 'execute',
  ),
  'var' => 
  array (
  ),
)
[ info ] [ HEADER ] array (
  'host' => 'localhost',
  'connection' => 'keep-alive',
  'user-agent' => 'Mozilla/5.0 (Windows NT 6.3; Win64; x64) AppleWebKit/537.36 (KHTML, like Gecko) Chrome/75.0.3770.142 Safari/537.36',
  'accept' => '*/*',
  'referer' => 'http://localhost/admin/dashboard?ref=addtabs',
  'accept-encoding' => 'gzip, deflate, br',
  'accept-language' => 'zh-CN,zh;q=0.9',
  'cookie' => 'PHPSESSID=2aou0fj1ctjj9d4c7oesi8v1tp; Hm_lvt_f8d0a8c400404989e195270b0bbf060a=1564587436,1565252993; Hm_lpvt_f8d0a8c400404989e195270b0bbf060a=1565365810',
)
[ info ] [ PARAM ] array (
  'addon' => 'voicenotice',
  'controller' => 'notice',
  'action' => 'voice',
)
[ info ] [ RUN ] think\addons\Route->execute[ C:\www\vendor\karsonzhang\fastadmin-addons\src\addons\Route.php ]
[ info ] [ LANG ] C:\www\public/../application/common\lang\zh-cn\addon.php
[ info ] [ BEHAVIOR ] Run app\common\behavior\Common @addon_begin [ RunTime:0.000904s ]
[ info ] [ SESSION ] INIT array (
  'id' => '',
  'var_session_id' => '',
  'prefix' => 'think',
  'type' => '',
  'auto_start' => true,
)
[ info ] [ DB ] INIT mysql
[ info ] [ BEHAVIOR ] Run \addons\cms\Cms @response_send [ RunTime:0.000251s ]
[ info ] [ LOG ] INIT File
[ sql ] [ DB ] CONNECT:[ UseTime:0.000683s ] mysql:host=127.0.0.1;port=3308;dbname=fastadmin;charset=utf8
[ sql ] [ SQL ] SHOW COLUMNS FROM `fa_voicenotice_que` [ RunTime:0.000829s ]
[ sql ] [ SQL ] SELECT `id`,`text`,`loop`,`url_type`,`url` FROM `fa_voicenotice_que` WHERE  `aid` = 1 LIMIT 1 [ RunTime:0.000416s ]
---------------------------------------------------------------
[ 2019-08-12T23:56:49+08:00 ] 0.0.0.0 GET localhost/addons/voicenotice/notice/voice
[运行时间：0.030914s] [吞吐率：32.35req/s] [内存消耗：562.81kb] [文件加载：134]
[ info ] [ BEHAVIOR ] Run Closure @app_init [ RunTime:0.000064s ]
[ info ] [ CACHE ] INIT File
[ info ] [ BEHAVIOR ] Run \addons\cms\Cms @app_init [ RunTime:0.000831s ]
[ info ] [ BEHAVIOR ] Run Closure @app_init [ RunTime:0.000869s ]
[ info ] [ LANG ] C:\www\thinkphp\lang\zh-cn.php
[ info ] [ ROUTE ] array (
  'type' => 'method',
  'method' => 
  array (
    0 => '\\think\\addons\\Route',
    1 => 'execute',
  ),
  'var' => 
  array (
  ),
)
[ info ] [ HEADER ] array (
  'host' => 'localhost',
  'connection' => 'keep-alive',
  'user-agent' => 'Mozilla/5.0 (Windows NT 6.3; Win64; x64) AppleWebKit/537.36 (KHTML, like Gecko) Chrome/75.0.3770.142 Safari/537.36',
  'accept' => '*/*',
  'referer' => 'http://localhost/admin/dashboard?ref=addtabs',
  'accept-encoding' => 'gzip, deflate, br',
  'accept-language' => 'zh-CN,zh;q=0.9',
  'cookie' => 'PHPSESSID=2aou0fj1ctjj9d4c7oesi8v1tp; Hm_lvt_f8d0a8c400404989e195270b0bbf060a=1564587436,1565252993; Hm_lpvt_f8d0a8c400404989e195270b0bbf060a=1565365810',
)
[ info ] [ PARAM ] array (
  'addon' => 'voicenotice',
  'controller' => 'notice',
  'action' => 'voice',
)
[ info ] [ RUN ] think\addons\Route->execute[ C:\www\vendor\karsonzhang\fastadmin-addons\src\addons\Route.php ]
[ info ] [ LANG ] C:\www\public/../application/common\lang\zh-cn\addon.php
[ info ] [ BEHAVIOR ] Run app\common\behavior\Common @addon_begin [ RunTime:0.000862s ]
[ info ] [ SESSION ] INIT array (
  'id' => '',
  'var_session_id' => '',
  'prefix' => 'think',
  'type' => '',
  'auto_start' => true,
)
[ info ] [ DB ] INIT mysql
[ info ] [ BEHAVIOR ] Run \addons\cms\Cms @response_send [ RunTime:0.000264s ]
[ info ] [ LOG ] INIT File
[ sql ] [ DB ] CONNECT:[ UseTime:0.010427s ] mysql:host=127.0.0.1;port=3308;dbname=fastadmin;charset=utf8
[ sql ] [ SQL ] SHOW COLUMNS FROM `fa_voicenotice_que` [ RunTime:0.000908s ]
[ sql ] [ SQL ] SELECT `id`,`text`,`loop`,`url_type`,`url` FROM `fa_voicenotice_que` WHERE  `aid` = 1 LIMIT 1 [ RunTime:0.000408s ]
---------------------------------------------------------------
[ 2019-08-12T23:56:59+08:00 ] 0.0.0.0 GET localhost/addons/voicenotice/notice/voice
[运行时间：0.028752s] [吞吐率：34.78req/s] [内存消耗：562.81kb] [文件加载：134]
[ info ] [ BEHAVIOR ] Run Closure @app_init [ RunTime:0.000064s ]
[ info ] [ CACHE ] INIT File
[ info ] [ BEHAVIOR ] Run \addons\cms\Cms @app_init [ RunTime:0.001097s ]
[ info ] [ BEHAVIOR ] Run Closure @app_init [ RunTime:0.001136s ]
[ info ] [ LANG ] C:\www\thinkphp\lang\zh-cn.php
[ info ] [ ROUTE ] array (
  'type' => 'method',
  'method' => 
  array (
    0 => '\\think\\addons\\Route',
    1 => 'execute',
  ),
  'var' => 
  array (
  ),
)
[ info ] [ HEADER ] array (
  'host' => 'localhost',
  'connection' => 'keep-alive',
  'user-agent' => 'Mozilla/5.0 (Windows NT 6.3; Win64; x64) AppleWebKit/537.36 (KHTML, like Gecko) Chrome/75.0.3770.142 Safari/537.36',
  'accept' => '*/*',
  'referer' => 'http://localhost/admin/dashboard?ref=addtabs',
  'accept-encoding' => 'gzip, deflate, br',
  'accept-language' => 'zh-CN,zh;q=0.9',
  'cookie' => 'PHPSESSID=2aou0fj1ctjj9d4c7oesi8v1tp; Hm_lvt_f8d0a8c400404989e195270b0bbf060a=1564587436,1565252993; Hm_lpvt_f8d0a8c400404989e195270b0bbf060a=1565365810',
)
[ info ] [ PARAM ] array (
  'addon' => 'voicenotice',
  'controller' => 'notice',
  'action' => 'voice',
)
[ info ] [ RUN ] think\addons\Route->execute[ C:\www\vendor\karsonzhang\fastadmin-addons\src\addons\Route.php ]
[ info ] [ LANG ] C:\www\public/../application/common\lang\zh-cn\addon.php
[ info ] [ BEHAVIOR ] Run app\common\behavior\Common @addon_begin [ RunTime:0.001187s ]
[ info ] [ SESSION ] INIT array (
  'id' => '',
  'var_session_id' => '',
  'prefix' => 'think',
  'type' => '',
  'auto_start' => true,
)
[ info ] [ DB ] INIT mysql
[ info ] [ BEHAVIOR ] Run \addons\cms\Cms @response_send [ RunTime:0.000254s ]
[ info ] [ LOG ] INIT File
[ sql ] [ DB ] CONNECT:[ UseTime:0.000689s ] mysql:host=127.0.0.1;port=3308;dbname=fastadmin;charset=utf8
[ sql ] [ SQL ] SHOW COLUMNS FROM `fa_voicenotice_que` [ RunTime:0.000832s ]
[ sql ] [ SQL ] SELECT `id`,`text`,`loop`,`url_type`,`url` FROM `fa_voicenotice_que` WHERE  `aid` = 1 LIMIT 1 [ RunTime:0.000410s ]
---------------------------------------------------------------
[ 2019-08-12T23:57:09+08:00 ] 0.0.0.0 GET localhost/addons/voicenotice/notice/voice
[运行时间：0.022906s] [吞吐率：43.66req/s] [内存消耗：562.81kb] [文件加载：134]
[ info ] [ BEHAVIOR ] Run Closure @app_init [ RunTime:0.000067s ]
[ info ] [ CACHE ] INIT File
[ info ] [ BEHAVIOR ] Run \addons\cms\Cms @app_init [ RunTime:0.000878s ]
[ info ] [ BEHAVIOR ] Run Closure @app_init [ RunTime:0.000916s ]
[ info ] [ LANG ] C:\www\thinkphp\lang\zh-cn.php
[ info ] [ ROUTE ] array (
  'type' => 'method',
  'method' => 
  array (
    0 => '\\think\\addons\\Route',
    1 => 'execute',
  ),
  'var' => 
  array (
  ),
)
[ info ] [ HEADER ] array (
  'host' => 'localhost',
  'connection' => 'keep-alive',
  'user-agent' => 'Mozilla/5.0 (Windows NT 6.3; Win64; x64) AppleWebKit/537.36 (KHTML, like Gecko) Chrome/75.0.3770.142 Safari/537.36',
  'accept' => '*/*',
  'referer' => 'http://localhost/admin/dashboard?ref=addtabs',
  'accept-encoding' => 'gzip, deflate, br',
  'accept-language' => 'zh-CN,zh;q=0.9',
  'cookie' => 'PHPSESSID=2aou0fj1ctjj9d4c7oesi8v1tp; Hm_lvt_f8d0a8c400404989e195270b0bbf060a=1564587436,1565252993; Hm_lpvt_f8d0a8c400404989e195270b0bbf060a=1565365810',
)
[ info ] [ PARAM ] array (
  'addon' => 'voicenotice',
  'controller' => 'notice',
  'action' => 'voice',
)
[ info ] [ RUN ] think\addons\Route->execute[ C:\www\vendor\karsonzhang\fastadmin-addons\src\addons\Route.php ]
[ info ] [ LANG ] C:\www\public/../application/common\lang\zh-cn\addon.php
[ info ] [ BEHAVIOR ] Run app\common\behavior\Common @addon_begin [ RunTime:0.001405s ]
[ info ] [ SESSION ] INIT array (
  'id' => '',
  'var_session_id' => '',
  'prefix' => 'think',
  'type' => '',
  'auto_start' => true,
)
[ info ] [ DB ] INIT mysql
[ info ] [ BEHAVIOR ] Run \addons\cms\Cms @response_send [ RunTime:0.000252s ]
[ info ] [ LOG ] INIT File
[ sql ] [ DB ] CONNECT:[ UseTime:0.000695s ] mysql:host=127.0.0.1;port=3308;dbname=fastadmin;charset=utf8
[ sql ] [ SQL ] SHOW COLUMNS FROM `fa_voicenotice_que` [ RunTime:0.000863s ]
[ sql ] [ SQL ] SELECT `id`,`text`,`loop`,`url_type`,`url` FROM `fa_voicenotice_que` WHERE  `aid` = 1 LIMIT 1 [ RunTime:0.000423s ]
---------------------------------------------------------------
[ 2019-08-12T23:57:19+08:00 ] 0.0.0.0 GET localhost/addons/voicenotice/notice/voice
[运行时间：0.022184s] [吞吐率：45.08req/s] [内存消耗：562.81kb] [文件加载：134]
[ info ] [ BEHAVIOR ] Run Closure @app_init [ RunTime:0.000065s ]
[ info ] [ CACHE ] INIT File
[ info ] [ BEHAVIOR ] Run \addons\cms\Cms @app_init [ RunTime:0.000926s ]
[ info ] [ BEHAVIOR ] Run Closure @app_init [ RunTime:0.000963s ]
[ info ] [ LANG ] C:\www\thinkphp\lang\zh-cn.php
[ info ] [ ROUTE ] array (
  'type' => 'method',
  'method' => 
  array (
    0 => '\\think\\addons\\Route',
    1 => 'execute',
  ),
  'var' => 
  array (
  ),
)
[ info ] [ HEADER ] array (
  'host' => 'localhost',
  'connection' => 'keep-alive',
  'user-agent' => 'Mozilla/5.0 (Windows NT 6.3; Win64; x64) AppleWebKit/537.36 (KHTML, like Gecko) Chrome/75.0.3770.142 Safari/537.36',
  'accept' => '*/*',
  'referer' => 'http://localhost/admin/dashboard?ref=addtabs',
  'accept-encoding' => 'gzip, deflate, br',
  'accept-language' => 'zh-CN,zh;q=0.9',
  'cookie' => 'PHPSESSID=2aou0fj1ctjj9d4c7oesi8v1tp; Hm_lvt_f8d0a8c400404989e195270b0bbf060a=1564587436,1565252993; Hm_lpvt_f8d0a8c400404989e195270b0bbf060a=1565365810',
)
[ info ] [ PARAM ] array (
  'addon' => 'voicenotice',
  'controller' => 'notice',
  'action' => 'voice',
)
[ info ] [ RUN ] think\addons\Route->execute[ C:\www\vendor\karsonzhang\fastadmin-addons\src\addons\Route.php ]
[ info ] [ LANG ] C:\www\public/../application/common\lang\zh-cn\addon.php
[ info ] [ BEHAVIOR ] Run app\common\behavior\Common @addon_begin [ RunTime:0.000913s ]
[ info ] [ SESSION ] INIT array (
  'id' => '',
  'var_session_id' => '',
  'prefix' => 'think',
  'type' => '',
  'auto_start' => true,
)
[ info ] [ DB ] INIT mysql
[ info ] [ BEHAVIOR ] Run \addons\cms\Cms @response_send [ RunTime:0.000296s ]
[ info ] [ LOG ] INIT File
[ sql ] [ DB ] CONNECT:[ UseTime:0.000693s ] mysql:host=127.0.0.1;port=3308;dbname=fastadmin;charset=utf8
[ sql ] [ SQL ] SHOW COLUMNS FROM `fa_voicenotice_que` [ RunTime:0.000880s ]
[ sql ] [ SQL ] SELECT `id`,`text`,`loop`,`url_type`,`url` FROM `fa_voicenotice_que` WHERE  `aid` = 1 LIMIT 1 [ RunTime:0.000471s ]
---------------------------------------------------------------
[ 2019-08-12T23:57:29+08:00 ] 0.0.0.0 GET localhost/addons/voicenotice/notice/voice
[运行时间：0.021389s] [吞吐率：46.75req/s] [内存消耗：562.81kb] [文件加载：134]
[ info ] [ BEHAVIOR ] Run Closure @app_init [ RunTime:0.000063s ]
[ info ] [ CACHE ] INIT File
[ info ] [ BEHAVIOR ] Run \addons\cms\Cms @app_init [ RunTime:0.000829s ]
[ info ] [ BEHAVIOR ] Run Closure @app_init [ RunTime:0.000894s ]
[ info ] [ LANG ] C:\www\thinkphp\lang\zh-cn.php
[ info ] [ ROUTE ] array (
  'type' => 'method',
  'method' => 
  array (
    0 => '\\think\\addons\\Route',
    1 => 'execute',
  ),
  'var' => 
  array (
  ),
)
[ info ] [ HEADER ] array (
  'host' => 'localhost',
  'connection' => 'keep-alive',
  'user-agent' => 'Mozilla/5.0 (Windows NT 6.3; Win64; x64) AppleWebKit/537.36 (KHTML, like Gecko) Chrome/75.0.3770.142 Safari/537.36',
  'accept' => '*/*',
  'referer' => 'http://localhost/admin/dashboard?ref=addtabs',
  'accept-encoding' => 'gzip, deflate, br',
  'accept-language' => 'zh-CN,zh;q=0.9',
  'cookie' => 'PHPSESSID=2aou0fj1ctjj9d4c7oesi8v1tp; Hm_lvt_f8d0a8c400404989e195270b0bbf060a=1564587436,1565252993; Hm_lpvt_f8d0a8c400404989e195270b0bbf060a=1565365810',
)
[ info ] [ PARAM ] array (
  'addon' => 'voicenotice',
  'controller' => 'notice',
  'action' => 'voice',
)
[ info ] [ RUN ] think\addons\Route->execute[ C:\www\vendor\karsonzhang\fastadmin-addons\src\addons\Route.php ]
[ info ] [ LANG ] C:\www\public/../application/common\lang\zh-cn\addon.php
[ info ] [ BEHAVIOR ] Run app\common\behavior\Common @addon_begin [ RunTime:0.000823s ]
[ info ] [ SESSION ] INIT array (
  'id' => '',
  'var_session_id' => '',
  'prefix' => 'think',
  'type' => '',
  'auto_start' => true,
)
[ info ] [ DB ] INIT mysql
[ info ] [ BEHAVIOR ] Run \addons\cms\Cms @response_send [ RunTime:0.000312s ]
[ info ] [ LOG ] INIT File
[ sql ] [ DB ] CONNECT:[ UseTime:0.000671s ] mysql:host=127.0.0.1;port=3308;dbname=fastadmin;charset=utf8
[ sql ] [ SQL ] SHOW COLUMNS FROM `fa_voicenotice_que` [ RunTime:0.000818s ]
[ sql ] [ SQL ] SELECT `id`,`text`,`loop`,`url_type`,`url` FROM `fa_voicenotice_que` WHERE  `aid` = 1 LIMIT 1 [ RunTime:0.000434s ]
---------------------------------------------------------------
[ 2019-08-12T23:57:39+08:00 ] 0.0.0.0 GET localhost/addons/voicenotice/notice/voice
[运行时间：0.021630s] [吞吐率：46.23req/s] [内存消耗：562.81kb] [文件加载：134]
[ info ] [ BEHAVIOR ] Run Closure @app_init [ RunTime:0.000063s ]
[ info ] [ CACHE ] INIT File
[ info ] [ BEHAVIOR ] Run \addons\cms\Cms @app_init [ RunTime:0.000846s ]
[ info ] [ BEHAVIOR ] Run Closure @app_init [ RunTime:0.000892s ]
[ info ] [ LANG ] C:\www\thinkphp\lang\zh-cn.php
[ info ] [ ROUTE ] array (
  'type' => 'method',
  'method' => 
  array (
    0 => '\\think\\addons\\Route',
    1 => 'execute',
  ),
  'var' => 
  array (
  ),
)
[ info ] [ HEADER ] array (
  'host' => 'localhost',
  'connection' => 'keep-alive',
  'user-agent' => 'Mozilla/5.0 (Windows NT 6.3; Win64; x64) AppleWebKit/537.36 (KHTML, like Gecko) Chrome/75.0.3770.142 Safari/537.36',
  'accept' => '*/*',
  'referer' => 'http://localhost/admin/dashboard?ref=addtabs',
  'accept-encoding' => 'gzip, deflate, br',
  'accept-language' => 'zh-CN,zh;q=0.9',
  'cookie' => 'PHPSESSID=2aou0fj1ctjj9d4c7oesi8v1tp; Hm_lvt_f8d0a8c400404989e195270b0bbf060a=1564587436,1565252993; Hm_lpvt_f8d0a8c400404989e195270b0bbf060a=1565365810',
)
[ info ] [ PARAM ] array (
  'addon' => 'voicenotice',
  'controller' => 'notice',
  'action' => 'voice',
)
[ info ] [ RUN ] think\addons\Route->execute[ C:\www\vendor\karsonzhang\fastadmin-addons\src\addons\Route.php ]
[ info ] [ LANG ] C:\www\public/../application/common\lang\zh-cn\addon.php
[ info ] [ BEHAVIOR ] Run app\common\behavior\Common @addon_begin [ RunTime:0.000864s ]
[ info ] [ SESSION ] INIT array (
  'id' => '',
  'var_session_id' => '',
  'prefix' => 'think',
  'type' => '',
  'auto_start' => true,
)
[ info ] [ DB ] INIT mysql
[ info ] [ BEHAVIOR ] Run \addons\cms\Cms @response_send [ RunTime:0.000296s ]
[ info ] [ LOG ] INIT File
[ sql ] [ DB ] CONNECT:[ UseTime:0.000677s ] mysql:host=127.0.0.1;port=3308;dbname=fastadmin;charset=utf8
[ sql ] [ SQL ] SHOW COLUMNS FROM `fa_voicenotice_que` [ RunTime:0.000820s ]
[ sql ] [ SQL ] SELECT `id`,`text`,`loop`,`url_type`,`url` FROM `fa_voicenotice_que` WHERE  `aid` = 1 LIMIT 1 [ RunTime:0.000491s ]
---------------------------------------------------------------
[ 2019-08-12T23:57:49+08:00 ] 0.0.0.0 GET localhost/addons/voicenotice/notice/voice
[运行时间：0.024031s] [吞吐率：41.61req/s] [内存消耗：562.81kb] [文件加载：134]
[ info ] [ BEHAVIOR ] Run Closure @app_init [ RunTime:0.000064s ]
[ info ] [ CACHE ] INIT File
[ info ] [ BEHAVIOR ] Run \addons\cms\Cms @app_init [ RunTime:0.000922s ]
[ info ] [ BEHAVIOR ] Run Closure @app_init [ RunTime:0.000966s ]
[ info ] [ LANG ] C:\www\thinkphp\lang\zh-cn.php
[ info ] [ ROUTE ] array (
  'type' => 'method',
  'method' => 
  array (
    0 => '\\think\\addons\\Route',
    1 => 'execute',
  ),
  'var' => 
  array (
  ),
)
[ info ] [ HEADER ] array (
  'host' => 'localhost',
  'connection' => 'keep-alive',
  'user-agent' => 'Mozilla/5.0 (Windows NT 6.3; Win64; x64) AppleWebKit/537.36 (KHTML, like Gecko) Chrome/75.0.3770.142 Safari/537.36',
  'accept' => '*/*',
  'referer' => 'http://localhost/admin/dashboard?ref=addtabs',
  'accept-encoding' => 'gzip, deflate, br',
  'accept-language' => 'zh-CN,zh;q=0.9',
  'cookie' => 'PHPSESSID=2aou0fj1ctjj9d4c7oesi8v1tp; Hm_lvt_f8d0a8c400404989e195270b0bbf060a=1564587436,1565252993; Hm_lpvt_f8d0a8c400404989e195270b0bbf060a=1565365810',
)
[ info ] [ PARAM ] array (
  'addon' => 'voicenotice',
  'controller' => 'notice',
  'action' => 'voice',
)
[ info ] [ RUN ] think\addons\Route->execute[ C:\www\vendor\karsonzhang\fastadmin-addons\src\addons\Route.php ]
[ info ] [ LANG ] C:\www\public/../application/common\lang\zh-cn\addon.php
[ info ] [ BEHAVIOR ] Run app\common\behavior\Common @addon_begin [ RunTime:0.000951s ]
[ info ] [ SESSION ] INIT array (
  'id' => '',
  'var_session_id' => '',
  'prefix' => 'think',
  'type' => '',
  'auto_start' => true,
)
[ info ] [ DB ] INIT mysql
[ info ] [ BEHAVIOR ] Run \addons\cms\Cms @response_send [ RunTime:0.000273s ]
[ info ] [ LOG ] INIT File
[ sql ] [ DB ] CONNECT:[ UseTime:0.000742s ] mysql:host=127.0.0.1;port=3308;dbname=fastadmin;charset=utf8
[ sql ] [ SQL ] SHOW COLUMNS FROM `fa_voicenotice_que` [ RunTime:0.001371s ]
[ sql ] [ SQL ] SELECT `id`,`text`,`loop`,`url_type`,`url` FROM `fa_voicenotice_que` WHERE  `aid` = 1 LIMIT 1 [ RunTime:0.000705s ]
---------------------------------------------------------------
[ 2019-08-12T23:57:59+08:00 ] 0.0.0.0 GET localhost/addons/voicenotice/notice/voice
[运行时间：0.022210s] [吞吐率：45.02req/s] [内存消耗：562.81kb] [文件加载：134]
[ info ] [ BEHAVIOR ] Run Closure @app_init [ RunTime:0.000066s ]
[ info ] [ CACHE ] INIT File
[ info ] [ BEHAVIOR ] Run \addons\cms\Cms @app_init [ RunTime:0.000909s ]
[ info ] [ BEHAVIOR ] Run Closure @app_init [ RunTime:0.000946s ]
[ info ] [ LANG ] C:\www\thinkphp\lang\zh-cn.php
[ info ] [ ROUTE ] array (
  'type' => 'method',
  'method' => 
  array (
    0 => '\\think\\addons\\Route',
    1 => 'execute',
  ),
  'var' => 
  array (
  ),
)
[ info ] [ HEADER ] array (
  'host' => 'localhost',
  'connection' => 'keep-alive',
  'user-agent' => 'Mozilla/5.0 (Windows NT 6.3; Win64; x64) AppleWebKit/537.36 (KHTML, like Gecko) Chrome/75.0.3770.142 Safari/537.36',
  'accept' => '*/*',
  'referer' => 'http://localhost/admin/dashboard?ref=addtabs',
  'accept-encoding' => 'gzip, deflate, br',
  'accept-language' => 'zh-CN,zh;q=0.9',
  'cookie' => 'PHPSESSID=2aou0fj1ctjj9d4c7oesi8v1tp; Hm_lvt_f8d0a8c400404989e195270b0bbf060a=1564587436,1565252993; Hm_lpvt_f8d0a8c400404989e195270b0bbf060a=1565365810',
)
[ info ] [ PARAM ] array (
  'addon' => 'voicenotice',
  'controller' => 'notice',
  'action' => 'voice',
)
[ info ] [ RUN ] think\addons\Route->execute[ C:\www\vendor\karsonzhang\fastadmin-addons\src\addons\Route.php ]
[ info ] [ LANG ] C:\www\public/../application/common\lang\zh-cn\addon.php
[ info ] [ BEHAVIOR ] Run app\common\behavior\Common @addon_begin [ RunTime:0.000883s ]
[ info ] [ SESSION ] INIT array (
  'id' => '',
  'var_session_id' => '',
  'prefix' => 'think',
  'type' => '',
  'auto_start' => true,
)
[ info ] [ DB ] INIT mysql
[ info ] [ BEHAVIOR ] Run \addons\cms\Cms @response_send [ RunTime:0.000259s ]
[ info ] [ LOG ] INIT File
[ sql ] [ DB ] CONNECT:[ UseTime:0.000757s ] mysql:host=127.0.0.1;port=3308;dbname=fastadmin;charset=utf8
[ sql ] [ SQL ] SHOW COLUMNS FROM `fa_voicenotice_que` [ RunTime:0.000895s ]
[ sql ] [ SQL ] SELECT `id`,`text`,`loop`,`url_type`,`url` FROM `fa_voicenotice_que` WHERE  `aid` = 1 LIMIT 1 [ RunTime:0.000449s ]
---------------------------------------------------------------
[ 2019-08-12T23:58:09+08:00 ] 0.0.0.0 GET localhost/addons/voicenotice/notice/voice
[运行时间：0.022226s] [吞吐率：44.99req/s] [内存消耗：562.81kb] [文件加载：134]
[ info ] [ BEHAVIOR ] Run Closure @app_init [ RunTime:0.000099s ]
[ info ] [ CACHE ] INIT File
[ info ] [ BEHAVIOR ] Run \addons\cms\Cms @app_init [ RunTime:0.000861s ]
[ info ] [ BEHAVIOR ] Run Closure @app_init [ RunTime:0.000898s ]
[ info ] [ LANG ] C:\www\thinkphp\lang\zh-cn.php
[ info ] [ ROUTE ] array (
  'type' => 'method',
  'method' => 
  array (
    0 => '\\think\\addons\\Route',
    1 => 'execute',
  ),
  'var' => 
  array (
  ),
)
[ info ] [ HEADER ] array (
  'host' => 'localhost',
  'connection' => 'keep-alive',
  'user-agent' => 'Mozilla/5.0 (Windows NT 6.3; Win64; x64) AppleWebKit/537.36 (KHTML, like Gecko) Chrome/75.0.3770.142 Safari/537.36',
  'accept' => '*/*',
  'referer' => 'http://localhost/admin/dashboard?ref=addtabs',
  'accept-encoding' => 'gzip, deflate, br',
  'accept-language' => 'zh-CN,zh;q=0.9',
  'cookie' => 'PHPSESSID=2aou0fj1ctjj9d4c7oesi8v1tp; Hm_lvt_f8d0a8c400404989e195270b0bbf060a=1564587436,1565252993; Hm_lpvt_f8d0a8c400404989e195270b0bbf060a=1565365810',
)
[ info ] [ PARAM ] array (
  'addon' => 'voicenotice',
  'controller' => 'notice',
  'action' => 'voice',
)
[ info ] [ RUN ] think\addons\Route->execute[ C:\www\vendor\karsonzhang\fastadmin-addons\src\addons\Route.php ]
[ info ] [ LANG ] C:\www\public/../application/common\lang\zh-cn\addon.php
[ info ] [ BEHAVIOR ] Run app\common\behavior\Common @addon_begin [ RunTime:0.000877s ]
[ info ] [ SESSION ] INIT array (
  'id' => '',
  'var_session_id' => '',
  'prefix' => 'think',
  'type' => '',
  'auto_start' => true,
)
[ info ] [ DB ] INIT mysql
[ info ] [ BEHAVIOR ] Run \addons\cms\Cms @response_send [ RunTime:0.000301s ]
[ info ] [ LOG ] INIT File
[ sql ] [ DB ] CONNECT:[ UseTime:0.000698s ] mysql:host=127.0.0.1;port=3308;dbname=fastadmin;charset=utf8
[ sql ] [ SQL ] SHOW COLUMNS FROM `fa_voicenotice_que` [ RunTime:0.000863s ]
[ sql ] [ SQL ] SELECT `id`,`text`,`loop`,`url_type`,`url` FROM `fa_voicenotice_que` WHERE  `aid` = 1 LIMIT 1 [ RunTime:0.000453s ]
---------------------------------------------------------------
[ 2019-08-12T23:58:19+08:00 ] 0.0.0.0 GET localhost/addons/voicenotice/notice/voice
[运行时间：0.021978s] [吞吐率：45.50req/s] [内存消耗：562.81kb] [文件加载：134]
[ info ] [ BEHAVIOR ] Run Closure @app_init [ RunTime:0.000064s ]
[ info ] [ CACHE ] INIT File
[ info ] [ BEHAVIOR ] Run \addons\cms\Cms @app_init [ RunTime:0.000929s ]
[ info ] [ BEHAVIOR ] Run Closure @app_init [ RunTime:0.000966s ]
[ info ] [ LANG ] C:\www\thinkphp\lang\zh-cn.php
[ info ] [ ROUTE ] array (
  'type' => 'method',
  'method' => 
  array (
    0 => '\\think\\addons\\Route',
    1 => 'execute',
  ),
  'var' => 
  array (
  ),
)
[ info ] [ HEADER ] array (
  'host' => 'localhost',
  'connection' => 'keep-alive',
  'user-agent' => 'Mozilla/5.0 (Windows NT 6.3; Win64; x64) AppleWebKit/537.36 (KHTML, like Gecko) Chrome/75.0.3770.142 Safari/537.36',
  'accept' => '*/*',
  'referer' => 'http://localhost/admin/dashboard?ref=addtabs',
  'accept-encoding' => 'gzip, deflate, br',
  'accept-language' => 'zh-CN,zh;q=0.9',
  'cookie' => 'PHPSESSID=2aou0fj1ctjj9d4c7oesi8v1tp; Hm_lvt_f8d0a8c400404989e195270b0bbf060a=1564587436,1565252993; Hm_lpvt_f8d0a8c400404989e195270b0bbf060a=1565365810',
)
[ info ] [ PARAM ] array (
  'addon' => 'voicenotice',
  'controller' => 'notice',
  'action' => 'voice',
)
[ info ] [ RUN ] think\addons\Route->execute[ C:\www\vendor\karsonzhang\fastadmin-addons\src\addons\Route.php ]
[ info ] [ LANG ] C:\www\public/../application/common\lang\zh-cn\addon.php
[ info ] [ BEHAVIOR ] Run app\common\behavior\Common @addon_begin [ RunTime:0.000873s ]
[ info ] [ SESSION ] INIT array (
  'id' => '',
  'var_session_id' => '',
  'prefix' => 'think',
  'type' => '',
  'auto_start' => true,
)
[ info ] [ DB ] INIT mysql
[ info ] [ BEHAVIOR ] Run \addons\cms\Cms @response_send [ RunTime:0.000265s ]
[ info ] [ LOG ] INIT File
[ sql ] [ DB ] CONNECT:[ UseTime:0.000713s ] mysql:host=127.0.0.1;port=3308;dbname=fastadmin;charset=utf8
[ sql ] [ SQL ] SHOW COLUMNS FROM `fa_voicenotice_que` [ RunTime:0.000841s ]
[ sql ] [ SQL ] SELECT `id`,`text`,`loop`,`url_type`,`url` FROM `fa_voicenotice_que` WHERE  `aid` = 1 LIMIT 1 [ RunTime:0.000424s ]
---------------------------------------------------------------
[ 2019-08-12T23:58:29+08:00 ] 0.0.0.0 GET localhost/addons/voicenotice/notice/voice
[运行时间：0.021782s] [吞吐率：45.91req/s] [内存消耗：562.81kb] [文件加载：134]
[ info ] [ BEHAVIOR ] Run Closure @app_init [ RunTime:0.000064s ]
[ info ] [ CACHE ] INIT File
[ info ] [ BEHAVIOR ] Run \addons\cms\Cms @app_init [ RunTime:0.000853s ]
[ info ] [ BEHAVIOR ] Run Closure @app_init [ RunTime:0.000890s ]
[ info ] [ LANG ] C:\www\thinkphp\lang\zh-cn.php
[ info ] [ ROUTE ] array (
  'type' => 'method',
  'method' => 
  array (
    0 => '\\think\\addons\\Route',
    1 => 'execute',
  ),
  'var' => 
  array (
  ),
)
[ info ] [ HEADER ] array (
  'host' => 'localhost',
  'connection' => 'keep-alive',
  'user-agent' => 'Mozilla/5.0 (Windows NT 6.3; Win64; x64) AppleWebKit/537.36 (KHTML, like Gecko) Chrome/75.0.3770.142 Safari/537.36',
  'accept' => '*/*',
  'referer' => 'http://localhost/admin/dashboard?ref=addtabs',
  'accept-encoding' => 'gzip, deflate, br',
  'accept-language' => 'zh-CN,zh;q=0.9',
  'cookie' => 'PHPSESSID=2aou0fj1ctjj9d4c7oesi8v1tp; Hm_lvt_f8d0a8c400404989e195270b0bbf060a=1564587436,1565252993; Hm_lpvt_f8d0a8c400404989e195270b0bbf060a=1565365810',
)
[ info ] [ PARAM ] array (
  'addon' => 'voicenotice',
  'controller' => 'notice',
  'action' => 'voice',
)
[ info ] [ RUN ] think\addons\Route->execute[ C:\www\vendor\karsonzhang\fastadmin-addons\src\addons\Route.php ]
[ info ] [ LANG ] C:\www\public/../application/common\lang\zh-cn\addon.php
[ info ] [ BEHAVIOR ] Run app\common\behavior\Common @addon_begin [ RunTime:0.000814s ]
[ info ] [ SESSION ] INIT array (
  'id' => '',
  'var_session_id' => '',
  'prefix' => 'think',
  'type' => '',
  'auto_start' => true,
)
[ info ] [ DB ] INIT mysql
[ info ] [ BEHAVIOR ] Run \addons\cms\Cms @response_send [ RunTime:0.000262s ]
[ info ] [ LOG ] INIT File
[ sql ] [ DB ] CONNECT:[ UseTime:0.000681s ] mysql:host=127.0.0.1;port=3308;dbname=fastadmin;charset=utf8
[ sql ] [ SQL ] SHOW COLUMNS FROM `fa_voicenotice_que` [ RunTime:0.000827s ]
[ sql ] [ SQL ] SELECT `id`,`text`,`loop`,`url_type`,`url` FROM `fa_voicenotice_que` WHERE  `aid` = 1 LIMIT 1 [ RunTime:0.000413s ]
---------------------------------------------------------------
[ 2019-08-12T23:58:39+08:00 ] 0.0.0.0 GET localhost/addons/voicenotice/notice/voice
[运行时间：0.031809s] [吞吐率：31.44req/s] [内存消耗：562.81kb] [文件加载：134]
[ info ] [ BEHAVIOR ] Run Closure @app_init [ RunTime:0.000064s ]
[ info ] [ CACHE ] INIT File
[ info ] [ BEHAVIOR ] Run \addons\cms\Cms @app_init [ RunTime:0.000869s ]
[ info ] [ BEHAVIOR ] Run Closure @app_init [ RunTime:0.000911s ]
[ info ] [ LANG ] C:\www\thinkphp\lang\zh-cn.php
[ info ] [ ROUTE ] array (
  'type' => 'method',
  'method' => 
  array (
    0 => '\\think\\addons\\Route',
    1 => 'execute',
  ),
  'var' => 
  array (
  ),
)
[ info ] [ HEADER ] array (
  'host' => 'localhost',
  'connection' => 'keep-alive',
  'user-agent' => 'Mozilla/5.0 (Windows NT 6.3; Win64; x64) AppleWebKit/537.36 (KHTML, like Gecko) Chrome/75.0.3770.142 Safari/537.36',
  'accept' => '*/*',
  'referer' => 'http://localhost/admin/dashboard?ref=addtabs',
  'accept-encoding' => 'gzip, deflate, br',
  'accept-language' => 'zh-CN,zh;q=0.9',
  'cookie' => 'PHPSESSID=2aou0fj1ctjj9d4c7oesi8v1tp; Hm_lvt_f8d0a8c400404989e195270b0bbf060a=1564587436,1565252993; Hm_lpvt_f8d0a8c400404989e195270b0bbf060a=1565365810',
)
[ info ] [ PARAM ] array (
  'addon' => 'voicenotice',
  'controller' => 'notice',
  'action' => 'voice',
)
[ info ] [ RUN ] think\addons\Route->execute[ C:\www\vendor\karsonzhang\fastadmin-addons\src\addons\Route.php ]
[ info ] [ LANG ] C:\www\public/../application/common\lang\zh-cn\addon.php
[ info ] [ BEHAVIOR ] Run app\common\behavior\Common @addon_begin [ RunTime:0.000835s ]
[ info ] [ SESSION ] INIT array (
  'id' => '',
  'var_session_id' => '',
  'prefix' => 'think',
  'type' => '',
  'auto_start' => true,
)
[ info ] [ DB ] INIT mysql
[ info ] [ BEHAVIOR ] Run \addons\cms\Cms @response_send [ RunTime:0.000260s ]
[ info ] [ LOG ] INIT File
[ sql ] [ DB ] CONNECT:[ UseTime:0.010339s ] mysql:host=127.0.0.1;port=3308;dbname=fastadmin;charset=utf8
[ sql ] [ SQL ] SHOW COLUMNS FROM `fa_voicenotice_que` [ RunTime:0.000882s ]
[ sql ] [ SQL ] SELECT `id`,`text`,`loop`,`url_type`,`url` FROM `fa_voicenotice_que` WHERE  `aid` = 1 LIMIT 1 [ RunTime:0.000409s ]
---------------------------------------------------------------
[ 2019-08-12T23:58:49+08:00 ] 0.0.0.0 GET localhost/addons/voicenotice/notice/voice
[运行时间：0.021944s] [吞吐率：45.57req/s] [内存消耗：562.81kb] [文件加载：134]
[ info ] [ BEHAVIOR ] Run Closure @app_init [ RunTime:0.000063s ]
[ info ] [ CACHE ] INIT File
[ info ] [ BEHAVIOR ] Run \addons\cms\Cms @app_init [ RunTime:0.000883s ]
[ info ] [ BEHAVIOR ] Run Closure @app_init [ RunTime:0.000920s ]
[ info ] [ LANG ] C:\www\thinkphp\lang\zh-cn.php
[ info ] [ ROUTE ] array (
  'type' => 'method',
  'method' => 
  array (
    0 => '\\think\\addons\\Route',
    1 => 'execute',
  ),
  'var' => 
  array (
  ),
)
[ info ] [ HEADER ] array (
  'host' => 'localhost',
  'connection' => 'keep-alive',
  'user-agent' => 'Mozilla/5.0 (Windows NT 6.3; Win64; x64) AppleWebKit/537.36 (KHTML, like Gecko) Chrome/75.0.3770.142 Safari/537.36',
  'accept' => '*/*',
  'referer' => 'http://localhost/admin/dashboard?ref=addtabs',
  'accept-encoding' => 'gzip, deflate, br',
  'accept-language' => 'zh-CN,zh;q=0.9',
  'cookie' => 'PHPSESSID=2aou0fj1ctjj9d4c7oesi8v1tp; Hm_lvt_f8d0a8c400404989e195270b0bbf060a=1564587436,1565252993; Hm_lpvt_f8d0a8c400404989e195270b0bbf060a=1565365810',
)
[ info ] [ PARAM ] array (
  'addon' => 'voicenotice',
  'controller' => 'notice',
  'action' => 'voice',
)
[ info ] [ RUN ] think\addons\Route->execute[ C:\www\vendor\karsonzhang\fastadmin-addons\src\addons\Route.php ]
[ info ] [ LANG ] C:\www\public/../application/common\lang\zh-cn\addon.php
[ info ] [ BEHAVIOR ] Run app\common\behavior\Common @addon_begin [ RunTime:0.000910s ]
[ info ] [ SESSION ] INIT array (
  'id' => '',
  'var_session_id' => '',
  'prefix' => 'think',
  'type' => '',
  'auto_start' => true,
)
[ info ] [ DB ] INIT mysql
[ info ] [ BEHAVIOR ] Run \addons\cms\Cms @response_send [ RunTime:0.000261s ]
[ info ] [ LOG ] INIT File
[ sql ] [ DB ] CONNECT:[ UseTime:0.000721s ] mysql:host=127.0.0.1;port=3308;dbname=fastadmin;charset=utf8
[ sql ] [ SQL ] SHOW COLUMNS FROM `fa_voicenotice_que` [ RunTime:0.000813s ]
[ sql ] [ SQL ] SELECT `id`,`text`,`loop`,`url_type`,`url` FROM `fa_voicenotice_que` WHERE  `aid` = 1 LIMIT 1 [ RunTime:0.000398s ]
---------------------------------------------------------------
[ 2019-08-12T23:58:59+08:00 ] 0.0.0.0 GET localhost/addons/voicenotice/notice/voice
[运行时间：0.022505s] [吞吐率：44.43req/s] [内存消耗：562.81kb] [文件加载：134]
[ info ] [ BEHAVIOR ] Run Closure @app_init [ RunTime:0.000063s ]
[ info ] [ CACHE ] INIT File
[ info ] [ BEHAVIOR ] Run \addons\cms\Cms @app_init [ RunTime:0.000869s ]
[ info ] [ BEHAVIOR ] Run Closure @app_init [ RunTime:0.000907s ]
[ info ] [ LANG ] C:\www\thinkphp\lang\zh-cn.php
[ info ] [ ROUTE ] array (
  'type' => 'method',
  'method' => 
  array (
    0 => '\\think\\addons\\Route',
    1 => 'execute',
  ),
  'var' => 
  array (
  ),
)
[ info ] [ HEADER ] array (
  'host' => 'localhost',
  'connection' => 'keep-alive',
  'user-agent' => 'Mozilla/5.0 (Windows NT 6.3; Win64; x64) AppleWebKit/537.36 (KHTML, like Gecko) Chrome/75.0.3770.142 Safari/537.36',
  'accept' => '*/*',
  'referer' => 'http://localhost/admin/dashboard?ref=addtabs',
  'accept-encoding' => 'gzip, deflate, br',
  'accept-language' => 'zh-CN,zh;q=0.9',
  'cookie' => 'PHPSESSID=2aou0fj1ctjj9d4c7oesi8v1tp; Hm_lvt_f8d0a8c400404989e195270b0bbf060a=1564587436,1565252993; Hm_lpvt_f8d0a8c400404989e195270b0bbf060a=1565365810',
)
[ info ] [ PARAM ] array (
  'addon' => 'voicenotice',
  'controller' => 'notice',
  'action' => 'voice',
)
[ info ] [ RUN ] think\addons\Route->execute[ C:\www\vendor\karsonzhang\fastadmin-addons\src\addons\Route.php ]
[ info ] [ LANG ] C:\www\public/../application/common\lang\zh-cn\addon.php
[ info ] [ BEHAVIOR ] Run app\common\behavior\Common @addon_begin [ RunTime:0.000884s ]
[ info ] [ SESSION ] INIT array (
  'id' => '',
  'var_session_id' => '',
  'prefix' => 'think',
  'type' => '',
  'auto_start' => true,
)
[ info ] [ DB ] INIT mysql
[ info ] [ BEHAVIOR ] Run \addons\cms\Cms @response_send [ RunTime:0.000261s ]
[ info ] [ LOG ] INIT File
[ sql ] [ DB ] CONNECT:[ UseTime:0.000746s ] mysql:host=127.0.0.1;port=3308;dbname=fastadmin;charset=utf8
[ sql ] [ SQL ] SHOW COLUMNS FROM `fa_voicenotice_que` [ RunTime:0.000875s ]
[ sql ] [ SQL ] SELECT `id`,`text`,`loop`,`url_type`,`url` FROM `fa_voicenotice_que` WHERE  `aid` = 1 LIMIT 1 [ RunTime:0.000438s ]
---------------------------------------------------------------
[ 2019-08-12T23:59:09+08:00 ] 0.0.0.0 GET localhost/addons/voicenotice/notice/voice
[运行时间：0.037263s] [吞吐率：26.84req/s] [内存消耗：562.81kb] [文件加载：134]
[ info ] [ BEHAVIOR ] Run Closure @app_init [ RunTime:0.000065s ]
[ info ] [ CACHE ] INIT File
[ info ] [ BEHAVIOR ] Run \addons\cms\Cms @app_init [ RunTime:0.001307s ]
[ info ] [ BEHAVIOR ] Run Closure @app_init [ RunTime:0.001345s ]
[ info ] [ LANG ] C:\www\thinkphp\lang\zh-cn.php
[ info ] [ ROUTE ] array (
  'type' => 'method',
  'method' => 
  array (
    0 => '\\think\\addons\\Route',
    1 => 'execute',
  ),
  'var' => 
  array (
  ),
)
[ info ] [ HEADER ] array (
  'host' => 'localhost',
  'connection' => 'keep-alive',
  'user-agent' => 'Mozilla/5.0 (Windows NT 6.3; Win64; x64) AppleWebKit/537.36 (KHTML, like Gecko) Chrome/75.0.3770.142 Safari/537.36',
  'accept' => '*/*',
  'referer' => 'http://localhost/admin/dashboard?ref=addtabs',
  'accept-encoding' => 'gzip, deflate, br',
  'accept-language' => 'zh-CN,zh;q=0.9',
  'cookie' => 'PHPSESSID=2aou0fj1ctjj9d4c7oesi8v1tp; Hm_lvt_f8d0a8c400404989e195270b0bbf060a=1564587436,1565252993; Hm_lpvt_f8d0a8c400404989e195270b0bbf060a=1565365810',
)
[ info ] [ PARAM ] array (
  'addon' => 'voicenotice',
  'controller' => 'notice',
  'action' => 'voice',
)
[ info ] [ RUN ] think\addons\Route->execute[ C:\www\vendor\karsonzhang\fastadmin-addons\src\addons\Route.php ]
[ info ] [ LANG ] C:\www\public/../application/common\lang\zh-cn\addon.php
[ info ] [ BEHAVIOR ] Run app\common\behavior\Common @addon_begin [ RunTime:0.001113s ]
[ info ] [ SESSION ] INIT array (
  'id' => '',
  'var_session_id' => '',
  'prefix' => 'think',
  'type' => '',
  'auto_start' => true,
)
[ info ] [ DB ] INIT mysql
[ info ] [ BEHAVIOR ] Run \addons\cms\Cms @response_send [ RunTime:0.000253s ]
[ info ] [ LOG ] INIT File
[ sql ] [ DB ] CONNECT:[ UseTime:0.010829s ] mysql:host=127.0.0.1;port=3308;dbname=fastadmin;charset=utf8
[ sql ] [ SQL ] SHOW COLUMNS FROM `fa_voicenotice_que` [ RunTime:0.000916s ]
[ sql ] [ SQL ] SELECT `id`,`text`,`loop`,`url_type`,`url` FROM `fa_voicenotice_que` WHERE  `aid` = 1 LIMIT 1 [ RunTime:0.000416s ]
---------------------------------------------------------------
[ 2019-08-12T23:59:19+08:00 ] 0.0.0.0 GET localhost/addons/voicenotice/notice/voice
[运行时间：0.022628s] [吞吐率：44.19req/s] [内存消耗：562.81kb] [文件加载：134]
[ info ] [ BEHAVIOR ] Run Closure @app_init [ RunTime:0.000095s ]
[ info ] [ CACHE ] INIT File
[ info ] [ BEHAVIOR ] Run \addons\cms\Cms @app_init [ RunTime:0.000859s ]
[ info ] [ BEHAVIOR ] Run Closure @app_init [ RunTime:0.000896s ]
[ info ] [ LANG ] C:\www\thinkphp\lang\zh-cn.php
[ info ] [ ROUTE ] array (
  'type' => 'method',
  'method' => 
  array (
    0 => '\\think\\addons\\Route',
    1 => 'execute',
  ),
  'var' => 
  array (
  ),
)
[ info ] [ HEADER ] array (
  'host' => 'localhost',
  'connection' => 'keep-alive',
  'user-agent' => 'Mozilla/5.0 (Windows NT 6.3; Win64; x64) AppleWebKit/537.36 (KHTML, like Gecko) Chrome/75.0.3770.142 Safari/537.36',
  'accept' => '*/*',
  'referer' => 'http://localhost/admin/dashboard?ref=addtabs',
  'accept-encoding' => 'gzip, deflate, br',
  'accept-language' => 'zh-CN,zh;q=0.9',
  'cookie' => 'PHPSESSID=2aou0fj1ctjj9d4c7oesi8v1tp; Hm_lvt_f8d0a8c400404989e195270b0bbf060a=1564587436,1565252993; Hm_lpvt_f8d0a8c400404989e195270b0bbf060a=1565365810',
)
[ info ] [ PARAM ] array (
  'addon' => 'voicenotice',
  'controller' => 'notice',
  'action' => 'voice',
)
[ info ] [ RUN ] think\addons\Route->execute[ C:\www\vendor\karsonzhang\fastadmin-addons\src\addons\Route.php ]
[ info ] [ LANG ] C:\www\public/../application/common\lang\zh-cn\addon.php
[ info ] [ BEHAVIOR ] Run app\common\behavior\Common @addon_begin [ RunTime:0.000854s ]
[ info ] [ SESSION ] INIT array (
  'id' => '',
  'var_session_id' => '',
  'prefix' => 'think',
  'type' => '',
  'auto_start' => true,
)
[ info ] [ DB ] INIT mysql
[ info ] [ BEHAVIOR ] Run \addons\cms\Cms @response_send [ RunTime:0.000271s ]
[ info ] [ LOG ] INIT File
[ sql ] [ DB ] CONNECT:[ UseTime:0.000712s ] mysql:host=127.0.0.1;port=3308;dbname=fastadmin;charset=utf8
[ sql ] [ SQL ] SHOW COLUMNS FROM `fa_voicenotice_que` [ RunTime:0.000883s ]
[ sql ] [ SQL ] SELECT `id`,`text`,`loop`,`url_type`,`url` FROM `fa_voicenotice_que` WHERE  `aid` = 1 LIMIT 1 [ RunTime:0.000416s ]
---------------------------------------------------------------
[ 2019-08-12T23:59:29+08:00 ] 0.0.0.0 GET localhost/addons/voicenotice/notice/voice
[运行时间：0.021678s] [吞吐率：46.13req/s] [内存消耗：562.81kb] [文件加载：134]
[ info ] [ BEHAVIOR ] Run Closure @app_init [ RunTime:0.000072s ]
[ info ] [ CACHE ] INIT File
[ info ] [ BEHAVIOR ] Run \addons\cms\Cms @app_init [ RunTime:0.000856s ]
[ info ] [ BEHAVIOR ] Run Closure @app_init [ RunTime:0.000893s ]
[ info ] [ LANG ] C:\www\thinkphp\lang\zh-cn.php
[ info ] [ ROUTE ] array (
  'type' => 'method',
  'method' => 
  array (
    0 => '\\think\\addons\\Route',
    1 => 'execute',
  ),
  'var' => 
  array (
  ),
)
[ info ] [ HEADER ] array (
  'host' => 'localhost',
  'connection' => 'keep-alive',
  'user-agent' => 'Mozilla/5.0 (Windows NT 6.3; Win64; x64) AppleWebKit/537.36 (KHTML, like Gecko) Chrome/75.0.3770.142 Safari/537.36',
  'accept' => '*/*',
  'referer' => 'http://localhost/admin/dashboard?ref=addtabs',
  'accept-encoding' => 'gzip, deflate, br',
  'accept-language' => 'zh-CN,zh;q=0.9',
  'cookie' => 'PHPSESSID=2aou0fj1ctjj9d4c7oesi8v1tp; Hm_lvt_f8d0a8c400404989e195270b0bbf060a=1564587436,1565252993; Hm_lpvt_f8d0a8c400404989e195270b0bbf060a=1565365810',
)
[ info ] [ PARAM ] array (
  'addon' => 'voicenotice',
  'controller' => 'notice',
  'action' => 'voice',
)
[ info ] [ RUN ] think\addons\Route->execute[ C:\www\vendor\karsonzhang\fastadmin-addons\src\addons\Route.php ]
[ info ] [ LANG ] C:\www\public/../application/common\lang\zh-cn\addon.php
[ info ] [ BEHAVIOR ] Run app\common\behavior\Common @addon_begin [ RunTime:0.000898s ]
[ info ] [ SESSION ] INIT array (
  'id' => '',
  'var_session_id' => '',
  'prefix' => 'think',
  'type' => '',
  'auto_start' => true,
)
[ info ] [ DB ] INIT mysql
[ info ] [ BEHAVIOR ] Run \addons\cms\Cms @response_send [ RunTime:0.000251s ]
[ info ] [ LOG ] INIT File
[ sql ] [ DB ] CONNECT:[ UseTime:0.000687s ] mysql:host=127.0.0.1;port=3308;dbname=fastadmin;charset=utf8
[ sql ] [ SQL ] SHOW COLUMNS FROM `fa_voicenotice_que` [ RunTime:0.000821s ]
[ sql ] [ SQL ] SELECT `id`,`text`,`loop`,`url_type`,`url` FROM `fa_voicenotice_que` WHERE  `aid` = 1 LIMIT 1 [ RunTime:0.000413s ]
---------------------------------------------------------------
[ 2019-08-12T23:59:39+08:00 ] 0.0.0.0 GET localhost/addons/voicenotice/notice/voice
[运行时间：0.021989s] [吞吐率：45.48req/s] [内存消耗：562.81kb] [文件加载：134]
[ info ] [ BEHAVIOR ] Run Closure @app_init [ RunTime:0.000065s ]
[ info ] [ CACHE ] INIT File
[ info ] [ BEHAVIOR ] Run \addons\cms\Cms @app_init [ RunTime:0.000897s ]
[ info ] [ BEHAVIOR ] Run Closure @app_init [ RunTime:0.000934s ]
[ info ] [ LANG ] C:\www\thinkphp\lang\zh-cn.php
[ info ] [ ROUTE ] array (
  'type' => 'method',
  'method' => 
  array (
    0 => '\\think\\addons\\Route',
    1 => 'execute',
  ),
  'var' => 
  array (
  ),
)
[ info ] [ HEADER ] array (
  'host' => 'localhost',
  'connection' => 'keep-alive',
  'user-agent' => 'Mozilla/5.0 (Windows NT 6.3; Win64; x64) AppleWebKit/537.36 (KHTML, like Gecko) Chrome/75.0.3770.142 Safari/537.36',
  'accept' => '*/*',
  'referer' => 'http://localhost/admin/dashboard?ref=addtabs',
  'accept-encoding' => 'gzip, deflate, br',
  'accept-language' => 'zh-CN,zh;q=0.9',
  'cookie' => 'PHPSESSID=2aou0fj1ctjj9d4c7oesi8v1tp; Hm_lvt_f8d0a8c400404989e195270b0bbf060a=1564587436,1565252993; Hm_lpvt_f8d0a8c400404989e195270b0bbf060a=1565365810',
)
[ info ] [ PARAM ] array (
  'addon' => 'voicenotice',
  'controller' => 'notice',
  'action' => 'voice',
)
[ info ] [ RUN ] think\addons\Route->execute[ C:\www\vendor\karsonzhang\fastadmin-addons\src\addons\Route.php ]
[ info ] [ LANG ] C:\www\public/../application/common\lang\zh-cn\addon.php
[ info ] [ BEHAVIOR ] Run app\common\behavior\Common @addon_begin [ RunTime:0.000999s ]
[ info ] [ SESSION ] INIT array (
  'id' => '',
  'var_session_id' => '',
  'prefix' => 'think',
  'type' => '',
  'auto_start' => true,
)
[ info ] [ DB ] INIT mysql
[ info ] [ BEHAVIOR ] Run \addons\cms\Cms @response_send [ RunTime:0.000302s ]
[ info ] [ LOG ] INIT File
[ sql ] [ DB ] CONNECT:[ UseTime:0.000689s ] mysql:host=127.0.0.1;port=3308;dbname=fastadmin;charset=utf8
[ sql ] [ SQL ] SHOW COLUMNS FROM `fa_voicenotice_que` [ RunTime:0.000848s ]
[ sql ] [ SQL ] SELECT `id`,`text`,`loop`,`url_type`,`url` FROM `fa_voicenotice_que` WHERE  `aid` = 1 LIMIT 1 [ RunTime:0.000448s ]
---------------------------------------------------------------
[ 2019-08-12T23:59:49+08:00 ] 0.0.0.0 GET localhost/addons/voicenotice/notice/voice
[运行时间：0.031319s] [吞吐率：31.93req/s] [内存消耗：562.81kb] [文件加载：134]
[ info ] [ BEHAVIOR ] Run Closure @app_init [ RunTime:0.000064s ]
[ info ] [ CACHE ] INIT File
[ info ] [ BEHAVIOR ] Run \addons\cms\Cms @app_init [ RunTime:0.000881s ]
[ info ] [ BEHAVIOR ] Run Closure @app_init [ RunTime:0.000918s ]
[ info ] [ LANG ] C:\www\thinkphp\lang\zh-cn.php
[ info ] [ ROUTE ] array (
  'type' => 'method',
  'method' => 
  array (
    0 => '\\think\\addons\\Route',
    1 => 'execute',
  ),
  'var' => 
  array (
  ),
)
[ info ] [ HEADER ] array (
  'host' => 'localhost',
  'connection' => 'keep-alive',
  'user-agent' => 'Mozilla/5.0 (Windows NT 6.3; Win64; x64) AppleWebKit/537.36 (KHTML, like Gecko) Chrome/75.0.3770.142 Safari/537.36',
  'accept' => '*/*',
  'referer' => 'http://localhost/admin/dashboard?ref=addtabs',
  'accept-encoding' => 'gzip, deflate, br',
  'accept-language' => 'zh-CN,zh;q=0.9',
  'cookie' => 'PHPSESSID=2aou0fj1ctjj9d4c7oesi8v1tp; Hm_lvt_f8d0a8c400404989e195270b0bbf060a=1564587436,1565252993; Hm_lpvt_f8d0a8c400404989e195270b0bbf060a=1565365810',
)
[ info ] [ PARAM ] array (
  'addon' => 'voicenotice',
  'controller' => 'notice',
  'action' => 'voice',
)
[ info ] [ RUN ] think\addons\Route->execute[ C:\www\vendor\karsonzhang\fastadmin-addons\src\addons\Route.php ]
[ info ] [ LANG ] C:\www\public/../application/common\lang\zh-cn\addon.php
[ info ] [ BEHAVIOR ] Run app\common\behavior\Common @addon_begin [ RunTime:0.000819s ]
[ info ] [ SESSION ] INIT array (
  'id' => '',
  'var_session_id' => '',
  'prefix' => 'think',
  'type' => '',
  'auto_start' => true,
)
[ info ] [ DB ] INIT mysql
[ info ] [ BEHAVIOR ] Run \addons\cms\Cms @response_send [ RunTime:0.000260s ]
[ info ] [ LOG ] INIT File
[ sql ] [ DB ] CONNECT:[ UseTime:0.010402s ] mysql:host=127.0.0.1;port=3308;dbname=fastadmin;charset=utf8
[ sql ] [ SQL ] SHOW COLUMNS FROM `fa_voicenotice_que` [ RunTime:0.000872s ]
[ sql ] [ SQL ] SELECT `id`,`text`,`loop`,`url_type`,`url` FROM `fa_voicenotice_que` WHERE  `aid` = 1 LIMIT 1 [ RunTime:0.000405s ]
---------------------------------------------------------------
[ 2019-08-12T23:59:59+08:00 ] 0.0.0.0 GET localhost/addons/voicenotice/notice/voice
[运行时间：0.022659s] [吞吐率：44.13req/s] [内存消耗：562.81kb] [文件加载：134]
[ info ] [ BEHAVIOR ] Run Closure @app_init [ RunTime:0.000065s ]
[ info ] [ CACHE ] INIT File
[ info ] [ BEHAVIOR ] Run \addons\cms\Cms @app_init [ RunTime:0.000889s ]
[ info ] [ BEHAVIOR ] Run Closure @app_init [ RunTime:0.000928s ]
[ info ] [ LANG ] C:\www\thinkphp\lang\zh-cn.php
[ info ] [ ROUTE ] array (
  'type' => 'method',
  'method' => 
  array (
    0 => '\\think\\addons\\Route',
    1 => 'execute',
  ),
  'var' => 
  array (
  ),
)
[ info ] [ HEADER ] array (
  'host' => 'localhost',
  'connection' => 'keep-alive',
  'user-agent' => 'Mozilla/5.0 (Windows NT 6.3; Win64; x64) AppleWebKit/537.36 (KHTML, like Gecko) Chrome/75.0.3770.142 Safari/537.36',
  'accept' => '*/*',
  'referer' => 'http://localhost/admin/dashboard?ref=addtabs',
  'accept-encoding' => 'gzip, deflate, br',
  'accept-language' => 'zh-CN,zh;q=0.9',
  'cookie' => 'PHPSESSID=2aou0fj1ctjj9d4c7oesi8v1tp; Hm_lvt_f8d0a8c400404989e195270b0bbf060a=1564587436,1565252993; Hm_lpvt_f8d0a8c400404989e195270b0bbf060a=1565365810',
)
[ info ] [ PARAM ] array (
  'addon' => 'voicenotice',
  'controller' => 'notice',
  'action' => 'voice',
)
[ info ] [ RUN ] think\addons\Route->execute[ C:\www\vendor\karsonzhang\fastadmin-addons\src\addons\Route.php ]
[ info ] [ LANG ] C:\www\public/../application/common\lang\zh-cn\addon.php
[ info ] [ BEHAVIOR ] Run app\common\behavior\Common @addon_begin [ RunTime:0.000946s ]
[ info ] [ SESSION ] INIT array (
  'id' => '',
  'var_session_id' => '',
  'prefix' => 'think',
  'type' => '',
  'auto_start' => true,
)
[ info ] [ DB ] INIT mysql
[ info ] [ BEHAVIOR ] Run \addons\cms\Cms @response_send [ RunTime:0.000294s ]
[ info ] [ LOG ] INIT File
[ sql ] [ DB ] CONNECT:[ UseTime:0.000793s ] mysql:host=127.0.0.1;port=3308;dbname=fastadmin;charset=utf8
[ sql ] [ SQL ] SHOW COLUMNS FROM `fa_voicenotice_que` [ RunTime:0.000852s ]
[ sql ] [ SQL ] SELECT `id`,`text`,`loop`,`url_type`,`url` FROM `fa_voicenotice_que` WHERE  `aid` = 1 LIMIT 1 [ RunTime:0.000431s ]
